{"/Users/mac/.codex/worktrees/pool053-054/仟流智算/packages/provider-adapters/src/model-image-capability.ts": {"path":"/Users/mac/.codex/worktrees/pool053-054/仟流智算/packages/provider-adapters/src/model-image-capability.ts","all":false,"statementMap":{"5":{"start":{"line":6,"column":0},"end":{"line":6,"column":89}},"7":{"start":{"line":8,"column":0},"end":{"line":8,"column":96}},"8":{"start":{"line":9,"column":0},"end":{"line":9,"column":89}},"9":{"start":{"line":10,"column":0},"end":{"line":10,"column":1}},"11":{"start":{"line":12,"column":0},"end":{"line":12,"column":65}},"12":{"start":{"line":13,"column":0},"end":{"line":13,"column":65}},"15":{"start":{"line":16,"column":0},"end":{"line":16,"column":82}},"16":{"start":{"line":17,"column":0},"end":{"line":17,"column":40}},"17":{"start":{"line":18,"column":0},"end":{"line":18,"column":34}},"18":{"start":{"line":19,"column":0},"end":{"line":19,"column":24}},"19":{"start":{"line":20,"column":0},"end":{"line":20,"column":30}},"20":{"start":{"line":21,"column":0},"end":{"line":21,"column":89}},"21":{"start":{"line":22,"column":0},"end":{"line":22,"column":62}},"22":{"start":{"line":23,"column":0},"end":{"line":23,"column":51}},"24":{"start":{"line":25,"column":0},"end":{"line":25,"column":78}},"25":{"start":{"line":26,"column":0},"end":{"line":26,"column":59}},"26":{"start":{"line":27,"column":0},"end":{"line":27,"column":78}},"27":{"start":{"line":28,"column":0},"end":{"line":28,"column":37}},"28":{"start":{"line":29,"column":0},"end":{"line":29,"column":46}},"29":{"start":{"line":30,"column":0},"end":{"line":30,"column":63}},"30":{"start":{"line":31,"column":0},"end":{"line":31,"column":46}},"31":{"start":{"line":32,"column":0},"end":{"line":32,"column":78}},"32":{"start":{"line":33,"column":0},"end":{"line":33,"column":78}},"33":{"start":{"line":34,"column":0},"end":{"line":34,"column":40}},"34":{"start":{"line":35,"column":0},"end":{"line":35,"column":42}},"35":{"start":{"line":36,"column":0},"end":{"line":36,"column":116}},"36":{"start":{"line":37,"column":0},"end":{"line":37,"column":63}},"37":{"start":{"line":38,"column":0},"end":{"line":38,"column":87}},"38":{"start":{"line":39,"column":0},"end":{"line":39,"column":106}},"39":{"start":{"line":40,"column":0},"end":{"line":40,"column":89}},"40":{"start":{"line":41,"column":0},"end":{"line":41,"column":41}},"41":{"start":{"line":42,"column":0},"end":{"line":42,"column":5}},"42":{"start":{"line":43,"column":0},"end":{"line":43,"column":97}},"43":{"start":{"line":44,"column":0},"end":{"line":44,"column":88}},"44":{"start":{"line":45,"column":0},"end":{"line":45,"column":5}},"45":{"start":{"line":46,"column":0},"end":{"line":46,"column":3}},"46":{"start":{"line":47,"column":0},"end":{"line":47,"column":14}},"47":{"start":{"line":48,"column":0},"end":{"line":48,"column":1}},"49":{"start":{"line":50,"column":0},"end":{"line":50,"column":98}},"52":{"start":{"line":53,"column":0},"end":{"line":53,"column":86}},"53":{"start":{"line":54,"column":0},"end":{"line":54,"column":53}},"54":{"start":{"line":55,"column":0},"end":{"line":55,"column":104}},"55":{"start":{"line":56,"column":0},"end":{"line":56,"column":48}},"56":{"start":{"line":57,"column":0},"end":{"line":57,"column":42}},"57":{"start":{"line":58,"column":0},"end":{"line":58,"column":50}},"58":{"start":{"line":59,"column":0},"end":{"line":59,"column":34}},"59":{"start":{"line":60,"column":0},"end":{"line":60,"column":3}},"60":{"start":{"line":61,"column":0},"end":{"line":61,"column":14}},"61":{"start":{"line":62,"column":0},"end":{"line":62,"column":1}}},"s":{"5":1,"7":1,"8":27,"9":27,"11":1,"12":1,"15":175,"16":175,"17":175,"18":175,"19":1203,"20":1203,"21":1203,"22":857,"24":1203,"25":762,"26":18,"27":1203,"28":10,"29":10,"30":1203,"31":6,"32":6,"33":752,"34":8,"35":8,"36":3,"37":5,"38":8,"39":746,"40":1,"41":1,"42":1203,"43":4572,"44":4572,"45":762,"46":175,"47":175,"49":1,"52":1,"53":56,"54":56,"55":56,"56":7,"57":7,"58":6,"59":6,"60":55,"61":55},"branchMap":{"0":{"type":"branch","line":8,"loc":{"start":{"line":8,"column":7},"end":{"line":10,"column":1}},"locations":[{"start":{"line":8,"column":7},"end":{"line":10,"column":1}}]},"1":{"type":"branch","line":9,"loc":{"start":{"line":9,"column":26},"end":{"line":9,"column":76}},"locations":[{"start":{"line":9,"column":26},"end":{"line":9,"column":76}}]},"2":{"type":"branch","line":9,"loc":{"start":{"line":9,"column":72},"end":{"line":9,"column":84}},"locations":[{"start":{"line":9,"column":72},"end":{"line":9,"column":84}}]},"3":{"type":"branch","line":9,"loc":{"start":{"line":9,"column":76},"end":{"line":9,"column":89}},"locations":[{"start":{"line":9,"column":76},"end":{"line":9,"column":89}}]},"4":{"type":"branch","line":16,"loc":{"start":{"line":16,"column":0},"end":{"line":48,"column":1}},"locations":[{"start":{"line":16,"column":0},"end":{"line":48,"column":1}}]},"5":{"type":"branch","line":19,"loc":{"start":{"line":19,"column":23},"end":{"line":46,"column":3}},"locations":[{"start":{"line":19,"column":23},"end":{"line":46,"column":3}}]},"6":{"type":"branch","line":21,"loc":{"start":{"line":21,"column":30},"end":{"line":21,"column":89}},"locations":[{"start":{"line":21,"column":30},"end":{"line":21,"column":89}}]},"7":{"type":"branch","line":21,"loc":{"start":{"line":21,"column":59},"end":{"line":21,"column":78}},"locations":[{"start":{"line":21,"column":59},"end":{"line":21,"column":78}}]},"8":{"type":"branch","line":21,"loc":{"start":{"line":21,"column":88},"end":{"line":22,"column":53}},"locations":[{"start":{"line":21,"column":88},"end":{"line":22,"column":53}}]},"9":{"type":"branch","line":22,"loc":{"start":{"line":22,"column":53},"end":{"line":22,"column":62}},"locations":[{"start":{"line":22,"column":53},"end":{"line":22,"column":62}}]},"10":{"type":"branch","line":22,"loc":{"start":{"line":22,"column":53},"end":{"line":25,"column":69}},"locations":[{"start":{"line":22,"column":53},"end":{"line":25,"column":69}}]},"11":{"type":"branch","line":22,"loc":{"start":{"line":22,"column":53},"end":{"line":25,"column":37}},"locations":[{"start":{"line":22,"column":53},"end":{"line":25,"column":37}}]},"12":{"type":"branch","line":25,"loc":{"start":{"line":25,"column":23},"end":{"line":25,"column":69}},"locations":[{"start":{"line":25,"column":23},"end":{"line":25,"column":69}}]},"13":{"type":"branch","line":25,"loc":{"start":{"line":25,"column":69},"end":{"line":25,"column":78}},"locations":[{"start":{"line":25,"column":69},"end":{"line":25,"column":78}}]},"14":{"type":"branch","line":25,"loc":{"start":{"line":25,"column":69},"end":{"line":28,"column":36}},"locations":[{"start":{"line":25,"column":69},"end":{"line":28,"column":36}}]},"15":{"type":"branch","line":28,"loc":{"start":{"line":28,"column":36},"end":{"line":31,"column":15}},"locations":[{"start":{"line":28,"column":36},"end":{"line":31,"column":15}}]},"16":{"type":"branch","line":30,"loc":{"start":{"line":30,"column":52},"end":{"line":30,"column":61}},"locations":[{"start":{"line":30,"column":52},"end":{"line":30,"column":61}}]},"17":{"type":"branch","line":31,"loc":{"start":{"line":31,"column":4},"end":{"line":42,"column":5}},"locations":[{"start":{"line":31,"column":4},"end":{"line":42,"column":5}}]},"18":{"type":"branch","line":31,"loc":{"start":{"line":31,"column":45},"end":{"line":34,"column":15}},"locations":[{"start":{"line":31,"column":45},"end":{"line":34,"column":15}}]},"19":{"type":"branch","line":32,"loc":{"start":{"line":32,"column":43},"end":{"line":32,"column":78}},"locations":[{"start":{"line":32,"column":43},"end":{"line":32,"column":78}}]},"20":{"type":"branch","line":32,"loc":{"start":{"line":32,"column":76},"end":{"line":33,"column":76}},"locations":[{"start":{"line":32,"column":76},"end":{"line":33,"column":76}}]},"21":{"type":"branch","line":33,"loc":{"start":{"line":33,"column":67},"end":{"line":33,"column":76}},"locations":[{"start":{"line":33,"column":67},"end":{"line":33,"column":76}}]},"22":{"type":"branch","line":34,"loc":{"start":{"line":34,"column":4},"end":{"line":42,"column":5}},"locations":[{"start":{"line":34,"column":4},"end":{"line":42,"column":5}}]},"23":{"type":"branch","line":34,"loc":{"start":{"line":34,"column":39},"end":{"line":40,"column":15}},"locations":[{"start":{"line":34,"column":39},"end":{"line":40,"column":15}}]},"24":{"type":"branch","line":36,"loc":{"start":{"line":36,"column":32},"end":{"line":36,"column":85}},"locations":[{"start":{"line":36,"column":32},"end":{"line":36,"column":85}}]},"25":{"type":"branch","line":36,"loc":{"start":{"line":36,"column":73},"end":{"line":36,"column":116}},"locations":[{"start":{"line":36,"column":73},"end":{"line":36,"column":116}}]},"26":{"type":"branch","line":36,"loc":{"start":{"line":36,"column":108},"end":{"line":37,"column":63}},"locations":[{"start":{"line":36,"column":108},"end":{"line":37,"column":63}}]},"27":{"type":"branch","line":37,"loc":{"start":{"line":37,"column":61},"end":{"line":39,"column":104}},"locations":[{"start":{"line":37,"column":61},"end":{"line":39,"column":104}}]},"28":{"type":"branch","line":38,"loc":{"start":{"line":38,"column":85},"end":{"line":39,"column":104}},"locations":[{"start":{"line":38,"column":85},"end":{"line":39,"column":104}}]},"29":{"type":"branch","line":40,"loc":{"start":{"line":40,"column":4},"end":{"line":42,"column":5}},"locations":[{"start":{"line":40,"column":4},"end":{"line":42,"column":5}}]},"30":{"type":"branch","line":40,"loc":{"start":{"line":40,"column":15},"end":{"line":40,"column":53}},"locations":[{"start":{"line":40,"column":15},"end":{"line":40,"column":53}}]},"31":{"type":"branch","line":40,"loc":{"start":{"line":40,"column":43},"end":{"line":40,"column":88}},"locations":[{"start":{"line":40,"column":43},"end":{"line":40,"column":88}}]},"32":{"type":"branch","line":40,"loc":{"start":{"line":40,"column":88},"end":{"line":42,"column":5}},"locations":[{"start":{"line":40,"column":88},"end":{"line":42,"column":5}}]},"33":{"type":"branch","line":42,"loc":{"start":{"line":42,"column":4},"end":{"line":43,"column":96}},"locations":[{"start":{"line":42,"column":4},"end":{"line":43,"column":96}}]},"34":{"type":"branch","line":43,"loc":{"start":{"line":43,"column":96},"end":{"line":45,"column":5}},"locations":[{"start":{"line":43,"column":96},"end":{"line":45,"column":5}}]},"35":{"type":"branch","line":44,"loc":{"start":{"line":44,"column":32},"end":{"line":44,"column":65}},"locations":[{"start":{"line":44,"column":32},"end":{"line":44,"column":65}}]},"36":{"type":"branch","line":44,"loc":{"start":{"line":44,"column":65},"end":{"line":44,"column":88}},"locations":[{"start":{"line":44,"column":65},"end":{"line":44,"column":88}}]},"37":{"type":"branch","line":45,"loc":{"start":{"line":45,"column":4},"end":{"line":46,"column":3}},"locations":[{"start":{"line":45,"column":4},"end":{"line":46,"column":3}}]},"38":{"type":"branch","line":26,"loc":{"start":{"line":26,"column":19},"end":{"line":27,"column":78}},"locations":[{"start":{"line":26,"column":19},"end":{"line":27,"column":78}}]},"39":{"type":"branch","line":27,"loc":{"start":{"line":27,"column":44},"end":{"line":27,"column":78}},"locations":[{"start":{"line":27,"column":44},"end":{"line":27,"column":78}}]},"40":{"type":"branch","line":50,"loc":{"start":{"line":50,"column":7},"end":{"line":50,"column":98}},"locations":[{"start":{"line":50,"column":7},"end":{"line":50,"column":98}}]},"41":{"type":"branch","line":53,"loc":{"start":{"line":53,"column":7},"end":{"line":62,"column":1}},"locations":[{"start":{"line":53,"column":7},"end":{"line":62,"column":1}}]},"42":{"type":"branch","line":55,"loc":{"start":{"line":55,"column":54},"end":{"line":55,"column":104}},"locations":[{"start":{"line":55,"column":54},"end":{"line":55,"column":104}}]},"43":{"type":"branch","line":56,"loc":{"start":{"line":56,"column":47},"end":{"line":60,"column":3}},"locations":[{"start":{"line":56,"column":47},"end":{"line":60,"column":3}}]},"44":{"type":"branch","line":57,"loc":{"start":{"line":57,"column":35},"end":{"line":57,"column":42}},"locations":[{"start":{"line":57,"column":35},"end":{"line":57,"column":42}}]},"45":{"type":"branch","line":58,"loc":{"start":{"line":58,"column":37},"end":{"line":58,"column":50}},"locations":[{"start":{"line":58,"column":37},"end":{"line":58,"column":50}}]},"46":{"type":"branch","line":58,"loc":{"start":{"line":58,"column":44},"end":{"line":60,"column":3}},"locations":[{"start":{"line":58,"column":44},"end":{"line":60,"column":3}}]},"47":{"type":"branch","line":60,"loc":{"start":{"line":60,"column":2},"end":{"line":62,"column":1}},"locations":[{"start":{"line":60,"column":2},"end":{"line":62,"column":1}}]}},"b":{"0":[27],"1":[21],"2":[10],"3":[17],"4":[175],"5":[1203],"6":[346],"7":[682],"8":[857],"9":[0],"10":[907],"11":[857],"12":[856],"13":[95],"14":[762],"15":[10],"16":[0],"17":[752],"18":[6],"19":[3],"20":[3],"21":[0],"22":[746],"23":[8],"24":[3],"25":[3],"26":[3],"27":[5],"28":[0],"29":[738],"30":[304],"31":[1],"32":[1],"33":[762],"34":[4572],"35":[395],"36":[346],"37":[762],"38":[18],"39":[0],"40":[63],"41":[56],"42":[6],"43":[7],"44":[1],"45":[1],"46":[6],"47":[55]},"fnMap":{"0":{"name":"modelSupportsImages","decl":{"start":{"line":8,"column":7},"end":{"line":10,"column":1}},"loc":{"start":{"line":8,"column":7},"end":{"line":10,"column":1}},"line":8},"1":{"name":"imageReferences","decl":{"start":{"line":16,"column":0},"end":{"line":48,"column":1}},"loc":{"start":{"line":16,"column":0},"end":{"line":48,"column":1}},"line":16},"2":{"name":"object","decl":{"start":{"line":26,"column":19},"end":{"line":27,"column":78}},"loc":{"start":{"line":26,"column":19},"end":{"line":27,"column":78}},"line":26},"3":{"name":"hasImageInput","decl":{"start":{"line":50,"column":7},"end":{"line":50,"column":98}},"loc":{"start":{"line":50,"column":7},"end":{"line":50,"column":98}},"line":50},"4":{"name":"preservesImageInputs","decl":{"start":{"line":53,"column":7},"end":{"line":62,"column":1}},"loc":{"start":{"line":53,"column":7},"end":{"line":62,"column":1}},"line":53}},"f":{"0":27,"1":175,"2":18,"3":63,"4":56}}
,"/Users/mac/.codex/worktrees/pool053-054/仟流智算/packages/provider-adapters/src/openai-compatible-caller.ts": {"path":"/Users/mac/.codex/worktrees/pool053-054/仟流智算/packages/provider-adapters/src/openai-compatible-caller.ts","all":false,"statementMap":{"0":{"start":{"line":1,"column":0},"end":{"line":1,"column":153}},"9":{"start":{"line":10,"column":0},"end":{"line":10,"column":74}},"10":{"start":{"line":11,"column":0},"end":{"line":11,"column":48}},"11":{"start":{"line":12,"column":0},"end":{"line":12,"column":8}},"16":{"start":{"line":17,"column":0},"end":{"line":17,"column":101}},"17":{"start":{"line":18,"column":0},"end":{"line":18,"column":72}},"18":{"start":{"line":19,"column":0},"end":{"line":19,"column":56}},"19":{"start":{"line":20,"column":0},"end":{"line":20,"column":74}},"20":{"start":{"line":21,"column":0},"end":{"line":21,"column":107}},"21":{"start":{"line":22,"column":0},"end":{"line":22,"column":104}},"23":{"start":{"line":24,"column":0},"end":{"line":24,"column":74}},"24":{"start":{"line":25,"column":0},"end":{"line":25,"column":83}},"25":{"start":{"line":26,"column":0},"end":{"line":26,"column":76}},"31":{"start":{"line":32,"column":0},"end":{"line":32,"column":52}},"32":{"start":{"line":33,"column":0},"end":{"line":33,"column":32}},"33":{"start":{"line":34,"column":0},"end":{"line":34,"column":33}},"34":{"start":{"line":35,"column":0},"end":{"line":35,"column":31}},"35":{"start":{"line":36,"column":0},"end":{"line":36,"column":2}},"37":{"start":{"line":38,"column":0},"end":{"line":38,"column":50}},"38":{"start":{"line":39,"column":0},"end":{"line":39,"column":31}},"39":{"start":{"line":40,"column":0},"end":{"line":40,"column":30}},"40":{"start":{"line":41,"column":0},"end":{"line":41,"column":28}},"41":{"start":{"line":42,"column":0},"end":{"line":42,"column":2}},"43":{"start":{"line":44,"column":0},"end":{"line":44,"column":56}},"44":{"start":{"line":45,"column":0},"end":{"line":45,"column":39}},"45":{"start":{"line":46,"column":0},"end":{"line":46,"column":55}},"46":{"start":{"line":47,"column":0},"end":{"line":47,"column":41}},"47":{"start":{"line":48,"column":0},"end":{"line":48,"column":2}},"52":{"start":{"line":53,"column":0},"end":{"line":53,"column":45}},"53":{"start":{"line":54,"column":0},"end":{"line":54,"column":46}},"54":{"start":{"line":55,"column":0},"end":{"line":55,"column":19}},"55":{"start":{"line":56,"column":0},"end":{"line":56,"column":73}},"56":{"start":{"line":57,"column":0},"end":{"line":57,"column":67}},"57":{"start":{"line":58,"column":0},"end":{"line":58,"column":66}},"58":{"start":{"line":59,"column":0},"end":{"line":59,"column":68}},"60":{"start":{"line":61,"column":0},"end":{"line":61,"column":39}},"61":{"start":{"line":62,"column":0},"end":{"line":62,"column":42}},"62":{"start":{"line":63,"column":0},"end":{"line":63,"column":63}},"63":{"start":{"line":64,"column":0},"end":{"line":64,"column":5}},"65":{"start":{"line":66,"column":0},"end":{"line":66,"column":60}},"66":{"start":{"line":67,"column":0},"end":{"line":67,"column":49}},"67":{"start":{"line":68,"column":0},"end":{"line":68,"column":19}},"68":{"start":{"line":69,"column":0},"end":{"line":69,"column":61}},"69":{"start":{"line":70,"column":0},"end":{"line":70,"column":5}},"71":{"start":{"line":72,"column":0},"end":{"line":72,"column":118}},"72":{"start":{"line":73,"column":0},"end":{"line":73,"column":57}},"73":{"start":{"line":74,"column":0},"end":{"line":74,"column":5}},"74":{"start":{"line":75,"column":0},"end":{"line":75,"column":65}},"75":{"start":{"line":76,"column":0},"end":{"line":76,"column":106}},"76":{"start":{"line":77,"column":0},"end":{"line":77,"column":42}},"77":{"start":{"line":78,"column":0},"end":{"line":78,"column":34}},"78":{"start":{"line":79,"column":0},"end":{"line":79,"column":23}},"79":{"start":{"line":80,"column":0},"end":{"line":80,"column":121}},"80":{"start":{"line":81,"column":0},"end":{"line":81,"column":125}},"81":{"start":{"line":82,"column":0},"end":{"line":82,"column":7}},"83":{"start":{"line":84,"column":0},"end":{"line":84,"column":35}},"84":{"start":{"line":85,"column":0},"end":{"line":85,"column":9}},"85":{"start":{"line":86,"column":0},"end":{"line":86,"column":63}},"86":{"start":{"line":87,"column":0},"end":{"line":87,"column":23}},"87":{"start":{"line":88,"column":0},"end":{"line":88,"column":18}},"88":{"start":{"line":89,"column":0},"end":{"line":89,"column":62}},"89":{"start":{"line":90,"column":0},"end":{"line":90,"column":45}},"90":{"start":{"line":91,"column":0},"end":{"line":91,"column":76}},"91":{"start":{"line":92,"column":0},"end":{"line":92,"column":44}},"92":{"start":{"line":93,"column":0},"end":{"line":93,"column":10}},"93":{"start":{"line":94,"column":0},"end":{"line":94,"column":39}},"94":{"start":{"line":95,"column":0},"end":{"line":95,"column":31}},"95":{"start":{"line":96,"column":0},"end":{"line":96,"column":9}},"96":{"start":{"line":97,"column":0},"end":{"line":97,"column":13}},"97":{"start":{"line":98,"column":0},"end":{"line":98,"column":56}},"98":{"start":{"line":99,"column":0},"end":{"line":99,"column":49}},"99":{"start":{"line":100,"column":0},"end":{"line":100,"column":24}},"100":{"start":{"line":101,"column":0},"end":{"line":101,"column":14}},"101":{"start":{"line":102,"column":0},"end":{"line":102,"column":55}},"102":{"start":{"line":103,"column":0},"end":{"line":103,"column":36}},"103":{"start":{"line":104,"column":0},"end":{"line":104,"column":18}},"104":{"start":{"line":105,"column":0},"end":{"line":105,"column":8}},"105":{"start":{"line":106,"column":0},"end":{"line":106,"column":5}},"107":{"start":{"line":108,"column":0},"end":{"line":108,"column":23}},"108":{"start":{"line":109,"column":0},"end":{"line":109,"column":30}},"109":{"start":{"line":110,"column":0},"end":{"line":110,"column":57}},"110":{"start":{"line":111,"column":0},"end":{"line":111,"column":44}},"111":{"start":{"line":112,"column":0},"end":{"line":112,"column":15}},"112":{"start":{"line":113,"column":0},"end":{"line":113,"column":44}},"113":{"start":{"line":114,"column":0},"end":{"line":114,"column":17}},"114":{"start":{"line":115,"column":0},"end":{"line":115,"column":30}},"115":{"start":{"line":116,"column":0},"end":{"line":116,"column":28}},"116":{"start":{"line":117,"column":0},"end":{"line":117,"column":8}},"117":{"start":{"line":118,"column":0},"end":{"line":118,"column":24}},"118":{"start":{"line":119,"column":0},"end":{"line":119,"column":14}},"119":{"start":{"line":120,"column":0},"end":{"line":120,"column":56}},"120":{"start":{"line":121,"column":0},"end":{"line":121,"column":40}},"121":{"start":{"line":122,"column":0},"end":{"line":122,"column":35}},"122":{"start":{"line":123,"column":0},"end":{"line":123,"column":55}},"123":{"start":{"line":124,"column":0},"end":{"line":124,"column":50}},"124":{"start":{"line":125,"column":0},"end":{"line":125,"column":30}},"125":{"start":{"line":126,"column":0},"end":{"line":126,"column":16}},"126":{"start":{"line":127,"column":0},"end":{"line":127,"column":50}},"127":{"start":{"line":128,"column":0},"end":{"line":128,"column":41}},"128":{"start":{"line":129,"column":0},"end":{"line":129,"column":38}},"129":{"start":{"line":130,"column":0},"end":{"line":130,"column":85}},"130":{"start":{"line":131,"column":0},"end":{"line":131,"column":46}},"131":{"start":{"line":132,"column":0},"end":{"line":132,"column":14}},"132":{"start":{"line":133,"column":0},"end":{"line":133,"column":52}},"133":{"start":{"line":134,"column":0},"end":{"line":134,"column":8}},"134":{"start":{"line":135,"column":0},"end":{"line":135,"column":5}},"136":{"start":{"line":137,"column":0},"end":{"line":137,"column":25}},"137":{"start":{"line":138,"column":0},"end":{"line":138,"column":64}},"138":{"start":{"line":139,"column":0},"end":{"line":139,"column":5}},"139":{"start":{"line":140,"column":0},"end":{"line":140,"column":28}},"140":{"start":{"line":141,"column":0},"end":{"line":141,"column":72}},"141":{"start":{"line":142,"column":0},"end":{"line":142,"column":22}},"142":{"start":{"line":143,"column":0},"end":{"line":143,"column":19}},"143":{"start":{"line":144,"column":0},"end":{"line":144,"column":4}},"144":{"start":{"line":145,"column":0},"end":{"line":145,"column":1}},"150":{"start":{"line":151,"column":0},"end":{"line":151,"column":46}},"155":{"start":{"line":156,"column":0},"end":{"line":156,"column":17}},"156":{"start":{"line":157,"column":0},"end":{"line":157,"column":35}},"157":{"start":{"line":158,"column":0},"end":{"line":158,"column":9}},"159":{"start":{"line":160,"column":0},"end":{"line":160,"column":67}},"160":{"start":{"line":161,"column":0},"end":{"line":161,"column":80}},"161":{"start":{"line":162,"column":0},"end":{"line":162,"column":37}},"162":{"start":{"line":163,"column":0},"end":{"line":163,"column":10}},"163":{"start":{"line":164,"column":0},"end":{"line":164,"column":45}},"164":{"start":{"line":165,"column":0},"end":{"line":165,"column":43}},"165":{"start":{"line":166,"column":0},"end":{"line":166,"column":41}},"166":{"start":{"line":167,"column":0},"end":{"line":167,"column":9}},"167":{"start":{"line":168,"column":0},"end":{"line":168,"column":35}},"168":{"start":{"line":169,"column":0},"end":{"line":169,"column":7}},"169":{"start":{"line":170,"column":0},"end":{"line":170,"column":100}},"170":{"start":{"line":171,"column":0},"end":{"line":171,"column":13}},"171":{"start":{"line":172,"column":0},"end":{"line":172,"column":33}},"172":{"start":{"line":173,"column":0},"end":{"line":173,"column":5}},"173":{"start":{"line":174,"column":0},"end":{"line":174,"column":3}},"175":{"start":{"line":176,"column":0},"end":{"line":176,"column":39}},"176":{"start":{"line":177,"column":0},"end":{"line":177,"column":68}},"177":{"start":{"line":178,"column":0},"end":{"line":178,"column":1}}},"s":{"0":1,"9":1,"10":1,"11":1,"16":1,"17":1,"18":1,"19":1,"20":1,"21":1,"23":1,"24":1,"25":1,"31":1,"32":1,"33":1,"34":1,"35":1,"37":1,"38":1,"39":1,"40":1,"41":1,"43":1,"44":1,"45":1,"46":1,"47":1,"52":1,"53":61,"54":61,"55":61,"56":61,"57":61,"58":61,"60":61,"61":62,"62":1,"63":1,"65":61,"66":19,"67":62,"68":0,"69":0,"71":62,"72":5,"73":5,"74":56,"75":62,"76":55,"77":55,"78":55,"79":55,"80":55,"81":55,"83":55,"84":55,"85":55,"86":55,"87":55,"88":55,"89":55,"90":62,"91":62,"92":62,"93":62,"94":62,"95":62,"96":62,"97":2,"98":2,"99":2,"100":2,"101":2,"102":2,"103":2,"104":2,"105":2,"107":56,"108":24,"109":24,"110":8,"111":16,"112":24,"113":24,"114":24,"115":24,"116":24,"117":24,"118":24,"119":24,"120":24,"121":24,"122":24,"123":8,"124":8,"125":24,"126":24,"127":24,"128":24,"129":24,"130":24,"131":19,"132":5,"133":24,"134":24,"136":51,"137":17,"138":17,"139":12,"140":12,"141":12,"142":12,"143":62,"144":61,"150":1,"155":4,"156":4,"157":3,"159":3,"160":2,"161":1,"162":3,"163":3,"164":3,"165":2,"166":3,"167":1,"168":1,"169":2,"170":3,"171":0,"172":0,"173":3,"175":4,"176":4,"177":4},"branchMap":{"0":{"type":"branch","line":53,"loc":{"start":{"line":53,"column":7},"end":{"line":145,"column":1}},"locations":[{"start":{"line":53,"column":7},"end":{"line":145,"column":1}}]},"1":{"type":"branch","line":57,"loc":{"start":{"line":57,"column":35},"end":{"line":57,"column":67}},"locations":[{"start":{"line":57,"column":35},"end":{"line":57,"column":67}}]},"2":{"type":"branch","line":58,"loc":{"start":{"line":58,"column":37},"end":{"line":58,"column":66}},"locations":[{"start":{"line":58,"column":37},"end":{"line":58,"column":66}}]},"3":{"type":"branch","line":59,"loc":{"start":{"line":59,"column":38},"end":{"line":59,"column":68}},"locations":[{"start":{"line":59,"column":38},"end":{"line":59,"column":68}}]},"4":{"type":"branch","line":61,"loc":{"start":{"line":61,"column":9},"end":{"line":144,"column":4}},"locations":[{"start":{"line":61,"column":9},"end":{"line":144,"column":4}}]},"5":{"type":"branch","line":62,"loc":{"start":{"line":62,"column":41},"end":{"line":64,"column":5}},"locations":[{"start":{"line":62,"column":41},"end":{"line":64,"column":5}}]},"6":{"type":"branch","line":64,"loc":{"start":{"line":64,"column":4},"end":{"line":66,"column":60}},"locations":[{"start":{"line":64,"column":4},"end":{"line":66,"column":60}}]},"7":{"type":"branch","line":66,"loc":{"start":{"line":66,"column":59},"end":{"line":67,"column":49}},"locations":[{"start":{"line":66,"column":59},"end":{"line":67,"column":49}}]},"8":{"type":"branch","line":68,"loc":{"start":{"line":68,"column":18},"end":{"line":70,"column":5}},"locations":[{"start":{"line":68,"column":18},"end":{"line":70,"column":5}}]},"9":{"type":"branch","line":70,"loc":{"start":{"line":70,"column":4},"end":{"line":72,"column":39}},"locations":[{"start":{"line":70,"column":4},"end":{"line":72,"column":39}}]},"10":{"type":"branch","line":72,"loc":{"start":{"line":72,"column":34},"end":{"line":72,"column":117}},"locations":[{"start":{"line":72,"column":34},"end":{"line":72,"column":117}}]},"11":{"type":"branch","line":72,"loc":{"start":{"line":72,"column":117},"end":{"line":74,"column":5}},"locations":[{"start":{"line":72,"column":117},"end":{"line":74,"column":5}}]},"12":{"type":"branch","line":74,"loc":{"start":{"line":74,"column":4},"end":{"line":76,"column":62}},"locations":[{"start":{"line":74,"column":4},"end":{"line":76,"column":62}}]},"13":{"type":"branch","line":76,"loc":{"start":{"line":76,"column":55},"end":{"line":76,"column":106}},"locations":[{"start":{"line":76,"column":55},"end":{"line":76,"column":106}}]},"14":{"type":"branch","line":76,"loc":{"start":{"line":76,"column":104},"end":{"line":91,"column":35}},"locations":[{"start":{"line":76,"column":104},"end":{"line":91,"column":35}}]},"15":{"type":"branch","line":91,"loc":{"start":{"line":91,"column":26},"end":{"line":91,"column":57}},"locations":[{"start":{"line":91,"column":26},"end":{"line":91,"column":57}}]},"16":{"type":"branch","line":91,"loc":{"start":{"line":91,"column":35},"end":{"line":91,"column":76}},"locations":[{"start":{"line":91,"column":35},"end":{"line":91,"column":76}}]},"17":{"type":"branch","line":96,"loc":{"start":{"line":96,"column":7},"end":{"line":97,"column":12}},"locations":[{"start":{"line":96,"column":7},"end":{"line":97,"column":12}}]},"18":{"type":"branch","line":97,"loc":{"start":{"line":97,"column":4},"end":{"line":106,"column":5}},"locations":[{"start":{"line":97,"column":4},"end":{"line":106,"column":5}}]},"19":{"type":"branch","line":98,"loc":{"start":{"line":98,"column":32},"end":{"line":98,"column":51}},"locations":[{"start":{"line":98,"column":32},"end":{"line":98,"column":51}}]},"20":{"type":"branch","line":106,"loc":{"start":{"line":106,"column":4},"end":{"line":135,"column":5}},"locations":[{"start":{"line":106,"column":4},"end":{"line":135,"column":5}}]},"21":{"type":"branch","line":106,"loc":{"start":{"line":106,"column":4},"end":{"line":108,"column":22}},"locations":[{"start":{"line":106,"column":4},"end":{"line":108,"column":22}}]},"22":{"type":"branch","line":108,"loc":{"start":{"line":108,"column":22},"end":{"line":135,"column":5}},"locations":[{"start":{"line":108,"column":22},"end":{"line":135,"column":5}}]},"23":{"type":"branch","line":110,"loc":{"start":{"line":110,"column":54},"end":{"line":111,"column":44}},"locations":[{"start":{"line":110,"column":54},"end":{"line":111,"column":44}}]},"24":{"type":"branch","line":111,"loc":{"start":{"line":111,"column":43},"end":{"line":112,"column":15}},"locations":[{"start":{"line":111,"column":43},"end":{"line":112,"column":15}}]},"25":{"type":"branch","line":123,"loc":{"start":{"line":123,"column":20},"end":{"line":123,"column":54}},"locations":[{"start":{"line":123,"column":20},"end":{"line":123,"column":54}}]},"26":{"type":"branch","line":123,"loc":{"start":{"line":123,"column":32},"end":{"line":126,"column":12}},"locations":[{"start":{"line":123,"column":32},"end":{"line":126,"column":12}}]},"27":{"type":"branch","line":126,"loc":{"start":{"line":126,"column":8},"end":{"line":126,"column":16}},"locations":[{"start":{"line":126,"column":8},"end":{"line":126,"column":16}}]},"28":{"type":"branch","line":130,"loc":{"start":{"line":130,"column":34},"end":{"line":130,"column":51}},"locations":[{"start":{"line":130,"column":34},"end":{"line":130,"column":51}}]},"29":{"type":"branch","line":130,"loc":{"start":{"line":130,"column":47},"end":{"line":130,"column":85}},"locations":[{"start":{"line":130,"column":47},"end":{"line":130,"column":85}}]},"30":{"type":"branch","line":131,"loc":{"start":{"line":131,"column":37},"end":{"line":132,"column":14}},"locations":[{"start":{"line":131,"column":37},"end":{"line":132,"column":14}}]},"31":{"type":"branch","line":132,"loc":{"start":{"line":132,"column":13},"end":{"line":133,"column":52}},"locations":[{"start":{"line":132,"column":13},"end":{"line":133,"column":52}}]},"32":{"type":"branch","line":135,"loc":{"start":{"line":135,"column":4},"end":{"line":143,"column":19}},"locations":[{"start":{"line":135,"column":4},"end":{"line":143,"column":19}}]},"33":{"type":"branch","line":135,"loc":{"start":{"line":135,"column":4},"end":{"line":137,"column":24}},"locations":[{"start":{"line":135,"column":4},"end":{"line":137,"column":24}}]},"34":{"type":"branch","line":137,"loc":{"start":{"line":137,"column":24},"end":{"line":139,"column":5}},"locations":[{"start":{"line":137,"column":24},"end":{"line":139,"column":5}}]},"35":{"type":"branch","line":139,"loc":{"start":{"line":139,"column":4},"end":{"line":143,"column":19}},"locations":[{"start":{"line":139,"column":4},"end":{"line":143,"column":19}}]},"36":{"type":"branch","line":151,"loc":{"start":{"line":151,"column":7},"end":{"line":178,"column":1}},"locations":[{"start":{"line":151,"column":7},"end":{"line":178,"column":1}}]},"37":{"type":"branch","line":157,"loc":{"start":{"line":157,"column":34},"end":{"line":174,"column":3}},"locations":[{"start":{"line":157,"column":34},"end":{"line":174,"column":3}}]},"38":{"type":"branch","line":160,"loc":{"start":{"line":160,"column":59},"end":{"line":161,"column":80}},"locations":[{"start":{"line":160,"column":59},"end":{"line":161,"column":80}}]},"39":{"type":"branch","line":161,"loc":{"start":{"line":161,"column":47},"end":{"line":162,"column":37}},"locations":[{"start":{"line":161,"column":47},"end":{"line":162,"column":37}}]},"40":{"type":"branch","line":165,"loc":{"start":{"line":165,"column":35},"end":{"line":166,"column":41}},"locations":[{"start":{"line":165,"column":35},"end":{"line":166,"column":41}}]},"41":{"type":"branch","line":167,"loc":{"start":{"line":167,"column":8},"end":{"line":169,"column":7}},"locations":[{"start":{"line":167,"column":8},"end":{"line":169,"column":7}}]},"42":{"type":"branch","line":169,"loc":{"start":{"line":169,"column":6},"end":{"line":171,"column":12}},"locations":[{"start":{"line":169,"column":6},"end":{"line":171,"column":12}}]},"43":{"type":"branch","line":171,"loc":{"start":{"line":171,"column":4},"end":{"line":173,"column":5}},"locations":[{"start":{"line":171,"column":4},"end":{"line":173,"column":5}}]},"44":{"type":"branch","line":174,"loc":{"start":{"line":174,"column":2},"end":{"line":176,"column":27}},"locations":[{"start":{"line":174,"column":2},"end":{"line":176,"column":27}}]},"45":{"type":"branch","line":176,"loc":{"start":{"line":176,"column":20},"end":{"line":176,"column":39}},"locations":[{"start":{"line":176,"column":20},"end":{"line":176,"column":39}}]},"46":{"type":"branch","line":177,"loc":{"start":{"line":177,"column":59},"end":{"line":177,"column":66}},"locations":[{"start":{"line":177,"column":59},"end":{"line":177,"column":66}}]}},"b":{"0":[61],"1":[50],"2":[51],"3":[59],"4":[62],"5":[1],"6":[61],"7":[19],"8":[0],"9":[61],"10":[12],"11":[5],"12":[56],"13":[1],"14":[55],"15":[21],"16":[34],"17":[53],"18":[2],"19":[0],"20":[56],"21":[53],"22":[24],"23":[8],"24":[16],"25":[8],"26":[8],"27":[16],"28":[11],"29":[13],"30":[19],"31":[5],"32":[51],"33":[29],"34":[17],"35":[12],"36":[4],"37":[3],"38":[2],"39":[1],"40":[2],"41":[1],"42":[2],"43":[0],"44":[1],"45":[0],"46":[0]},"fnMap":{"0":{"name":"createOpenAiCompatibleCaller","decl":{"start":{"line":53,"column":7},"end":{"line":145,"column":1}},"loc":{"start":{"line":53,"column":7},"end":{"line":145,"column":1}},"line":53},"1":{"name":"resolveProviderSecret","decl":{"start":{"line":151,"column":7},"end":{"line":178,"column":1}},"loc":{"start":{"line":151,"column":7},"end":{"line":178,"column":1}},"line":151}},"f":{"0":61,"1":4}}
,"/Users/mac/.codex/worktrees/pool053-054/仟流智算/packages/provider-adapters/src/upstream-error-evidence.ts": {"path":"/Users/mac/.codex/worktrees/pool053-054/仟流智算/packages/provider-adapters/src/upstream-error-evidence.ts","all":false,"statementMap":{"0":{"start":{"line":1,"column":0},"end":{"line":1,"column":41}},"7":{"start":{"line":8,"column":0},"end":{"line":8,"column":8}},"15":{"start":{"line":16,"column":0},"end":{"line":16,"column":26}},"16":{"start":{"line":17,"column":0},"end":{"line":17,"column":89}},"17":{"start":{"line":18,"column":0},"end":{"line":18,"column":70}},"18":{"start":{"line":19,"column":0},"end":{"line":19,"column":11}},"19":{"start":{"line":20,"column":0},"end":{"line":20,"column":37}},"20":{"start":{"line":21,"column":0},"end":{"line":21,"column":89}},"21":{"start":{"line":22,"column":0},"end":{"line":22,"column":3}},"22":{"start":{"line":23,"column":0},"end":{"line":23,"column":36}},"23":{"start":{"line":24,"column":0},"end":{"line":24,"column":33}},"24":{"start":{"line":25,"column":0},"end":{"line":25,"column":80}},"25":{"start":{"line":26,"column":0},"end":{"line":26,"column":78}},"26":{"start":{"line":27,"column":0},"end":{"line":27,"column":68}},"27":{"start":{"line":28,"column":0},"end":{"line":28,"column":3}},"29":{"start":{"line":30,"column":0},"end":{"line":30,"column":69}},"30":{"start":{"line":31,"column":0},"end":{"line":31,"column":78}},"31":{"start":{"line":32,"column":0},"end":{"line":32,"column":1}},"33":{"start":{"line":34,"column":0},"end":{"line":34,"column":46}},"34":{"start":{"line":35,"column":0},"end":{"line":35,"column":48}},"35":{"start":{"line":36,"column":0},"end":{"line":36,"column":1}},"37":{"start":{"line":38,"column":0},"end":{"line":38,"column":48}},"38":{"start":{"line":39,"column":0},"end":{"line":39,"column":77}},"39":{"start":{"line":40,"column":0},"end":{"line":40,"column":24}},"40":{"start":{"line":41,"column":0},"end":{"line":41,"column":122}},"41":{"start":{"line":42,"column":0},"end":{"line":42,"column":3}},"42":{"start":{"line":43,"column":0},"end":{"line":43,"column":62}},"43":{"start":{"line":44,"column":0},"end":{"line":44,"column":1}},"45":{"start":{"line":46,"column":0},"end":{"line":46,"column":116}},"46":{"start":{"line":47,"column":0},"end":{"line":47,"column":43}},"47":{"start":{"line":48,"column":0},"end":{"line":48,"column":70}},"48":{"start":{"line":49,"column":0},"end":{"line":49,"column":102}},"49":{"start":{"line":50,"column":0},"end":{"line":50,"column":212}},"50":{"start":{"line":51,"column":0},"end":{"line":51,"column":120}},"51":{"start":{"line":52,"column":0},"end":{"line":52,"column":37}},"52":{"start":{"line":53,"column":0},"end":{"line":53,"column":3}},"53":{"start":{"line":54,"column":0},"end":{"line":54,"column":33}},"54":{"start":{"line":55,"column":0},"end":{"line":55,"column":97}},"55":{"start":{"line":56,"column":0},"end":{"line":56,"column":97}},"56":{"start":{"line":57,"column":0},"end":{"line":57,"column":103}},"58":{"start":{"line":59,"column":0},"end":{"line":59,"column":109}},"59":{"start":{"line":60,"column":0},"end":{"line":60,"column":92}},"60":{"start":{"line":61,"column":0},"end":{"line":61,"column":3}},"61":{"start":{"line":62,"column":0},"end":{"line":62,"column":83}},"62":{"start":{"line":63,"column":0},"end":{"line":63,"column":37}},"63":{"start":{"line":64,"column":0},"end":{"line":64,"column":3}},"64":{"start":{"line":65,"column":0},"end":{"line":65,"column":101}},"65":{"start":{"line":66,"column":0},"end":{"line":66,"column":33}},"66":{"start":{"line":67,"column":0},"end":{"line":67,"column":3}},"67":{"start":{"line":68,"column":0},"end":{"line":68,"column":103}},"68":{"start":{"line":69,"column":0},"end":{"line":69,"column":37}},"69":{"start":{"line":70,"column":0},"end":{"line":70,"column":3}},"70":{"start":{"line":71,"column":0},"end":{"line":71,"column":84}},"71":{"start":{"line":72,"column":0},"end":{"line":72,"column":35}},"72":{"start":{"line":73,"column":0},"end":{"line":73,"column":3}},"73":{"start":{"line":74,"column":0},"end":{"line":74,"column":80}},"74":{"start":{"line":75,"column":0},"end":{"line":75,"column":31}},"75":{"start":{"line":76,"column":0},"end":{"line":76,"column":3}},"76":{"start":{"line":77,"column":0},"end":{"line":77,"column":87}},"77":{"start":{"line":78,"column":0},"end":{"line":78,"column":31}},"78":{"start":{"line":79,"column":0},"end":{"line":79,"column":3}},"79":{"start":{"line":80,"column":0},"end":{"line":80,"column":24}},"80":{"start":{"line":81,"column":0},"end":{"line":81,"column":1}},"86":{"start":{"line":87,"column":0},"end":{"line":87,"column":43}},"87":{"start":{"line":88,"column":0},"end":{"line":88,"column":19}},"88":{"start":{"line":89,"column":0},"end":{"line":89,"column":21}},"89":{"start":{"line":90,"column":0},"end":{"line":90,"column":23}},"90":{"start":{"line":91,"column":0},"end":{"line":91,"column":43}},"91":{"start":{"line":92,"column":0},"end":{"line":92,"column":26}},"92":{"start":{"line":93,"column":0},"end":{"line":93,"column":48}},"93":{"start":{"line":94,"column":0},"end":{"line":94,"column":55}},"94":{"start":{"line":95,"column":0},"end":{"line":95,"column":79}},"95":{"start":{"line":96,"column":0},"end":{"line":96,"column":21}},"96":{"start":{"line":97,"column":0},"end":{"line":97,"column":15}},"97":{"start":{"line":98,"column":0},"end":{"line":98,"column":48}},"98":{"start":{"line":99,"column":0},"end":{"line":99,"column":48}},"99":{"start":{"line":100,"column":0},"end":{"line":100,"column":65}},"100":{"start":{"line":101,"column":0},"end":{"line":101,"column":99}},"101":{"start":{"line":102,"column":0},"end":{"line":102,"column":4}},"102":{"start":{"line":103,"column":0},"end":{"line":103,"column":10}},"103":{"start":{"line":104,"column":0},"end":{"line":104,"column":17}},"104":{"start":{"line":105,"column":0},"end":{"line":105,"column":63}},"105":{"start":{"line":106,"column":0},"end":{"line":106,"column":76}},"106":{"start":{"line":107,"column":0},"end":{"line":107,"column":22}},"107":{"start":{"line":108,"column":0},"end":{"line":108,"column":20}},"108":{"start":{"line":109,"column":0},"end":{"line":109,"column":19}},"109":{"start":{"line":110,"column":0},"end":{"line":110,"column":26}},"110":{"start":{"line":111,"column":0},"end":{"line":111,"column":22}},"111":{"start":{"line":112,"column":0},"end":{"line":112,"column":4}},"112":{"start":{"line":113,"column":0},"end":{"line":113,"column":1}},"114":{"start":{"line":115,"column":0},"end":{"line":115,"column":46}},"115":{"start":{"line":116,"column":0},"end":{"line":116,"column":36}},"116":{"start":{"line":117,"column":0},"end":{"line":117,"column":43}},"117":{"start":{"line":118,"column":0},"end":{"line":118,"column":49}},"118":{"start":{"line":119,"column":0},"end":{"line":119,"column":39}},"119":{"start":{"line":120,"column":0},"end":{"line":120,"column":51}},"120":{"start":{"line":121,"column":0},"end":{"line":121,"column":49}},"121":{"start":{"line":122,"column":0},"end":{"line":122,"column":17}},"122":{"start":{"line":123,"column":0},"end":{"line":123,"column":1}},"124":{"start":{"line":125,"column":0},"end":{"line":125,"column":28}},"125":{"start":{"line":126,"column":0},"end":{"line":126,"column":17}},"126":{"start":{"line":127,"column":0},"end":{"line":127,"column":24}},"127":{"start":{"line":128,"column":0},"end":{"line":128,"column":16}},"128":{"start":{"line":129,"column":0},"end":{"line":129,"column":68}},"129":{"start":{"line":130,"column":0},"end":{"line":130,"column":33}},"130":{"start":{"line":131,"column":0},"end":{"line":131,"column":9}},"131":{"start":{"line":132,"column":0},"end":{"line":132,"column":60}},"132":{"start":{"line":133,"column":0},"end":{"line":133,"column":28}},"133":{"start":{"line":134,"column":0},"end":{"line":134,"column":11}},"134":{"start":{"line":135,"column":0},"end":{"line":135,"column":3}},"135":{"start":{"line":136,"column":0},"end":{"line":136,"column":21}},"136":{"start":{"line":137,"column":0},"end":{"line":137,"column":51}},"137":{"start":{"line":138,"column":0},"end":{"line":138,"column":29}},"138":{"start":{"line":139,"column":0},"end":{"line":139,"column":91}},"139":{"start":{"line":140,"column":0},"end":{"line":140,"column":11}},"140":{"start":{"line":141,"column":0},"end":{"line":141,"column":3}},"141":{"start":{"line":142,"column":0},"end":{"line":142,"column":31}},"142":{"start":{"line":143,"column":0},"end":{"line":143,"column":53}},"143":{"start":{"line":144,"column":0},"end":{"line":144,"column":52}},"144":{"start":{"line":145,"column":0},"end":{"line":145,"column":50}},"145":{"start":{"line":146,"column":0},"end":{"line":146,"column":65}},"146":{"start":{"line":147,"column":0},"end":{"line":147,"column":63}},"147":{"start":{"line":148,"column":0},"end":{"line":148,"column":63}},"148":{"start":{"line":149,"column":0},"end":{"line":149,"column":5}},"149":{"start":{"line":150,"column":0},"end":{"line":150,"column":66}},"150":{"start":{"line":151,"column":0},"end":{"line":151,"column":3}},"151":{"start":{"line":152,"column":0},"end":{"line":152,"column":1}},"176":{"start":{"line":177,"column":0},"end":{"line":177,"column":40}},"177":{"start":{"line":178,"column":0},"end":{"line":178,"column":47}},"178":{"start":{"line":179,"column":0},"end":{"line":179,"column":1}},"180":{"start":{"line":181,"column":0},"end":{"line":181,"column":33}},"181":{"start":{"line":182,"column":0},"end":{"line":182,"column":23}},"182":{"start":{"line":183,"column":0},"end":{"line":183,"column":28}},"183":{"start":{"line":184,"column":0},"end":{"line":184,"column":33}},"184":{"start":{"line":185,"column":0},"end":{"line":185,"column":9}},"185":{"start":{"line":186,"column":0},"end":{"line":186,"column":49}},"186":{"start":{"line":187,"column":0},"end":{"line":187,"column":46}},"187":{"start":{"line":188,"column":0},"end":{"line":188,"column":40}},"188":{"start":{"line":189,"column":0},"end":{"line":189,"column":105}},"189":{"start":{"line":190,"column":0},"end":{"line":190,"column":18}},"190":{"start":{"line":191,"column":0},"end":{"line":191,"column":16}},"191":{"start":{"line":192,"column":0},"end":{"line":192,"column":32}},"192":{"start":{"line":193,"column":0},"end":{"line":193,"column":3}},"193":{"start":{"line":194,"column":0},"end":{"line":194,"column":1}},"195":{"start":{"line":196,"column":0},"end":{"line":196,"column":67}},"196":{"start":{"line":197,"column":0},"end":{"line":197,"column":50}},"197":{"start":{"line":198,"column":0},"end":{"line":198,"column":41}},"198":{"start":{"line":199,"column":0},"end":{"line":199,"column":46}},"199":{"start":{"line":200,"column":0},"end":{"line":200,"column":41}},"200":{"start":{"line":201,"column":0},"end":{"line":201,"column":38}},"201":{"start":{"line":202,"column":0},"end":{"line":202,"column":33}},"202":{"start":{"line":203,"column":0},"end":{"line":203,"column":26}},"203":{"start":{"line":204,"column":0},"end":{"line":204,"column":63}},"204":{"start":{"line":205,"column":0},"end":{"line":205,"column":35}},"205":{"start":{"line":206,"column":0},"end":{"line":206,"column":109}},"206":{"start":{"line":207,"column":0},"end":{"line":207,"column":52}},"207":{"start":{"line":208,"column":0},"end":{"line":208,"column":57}},"208":{"start":{"line":209,"column":0},"end":{"line":209,"column":43}},"209":{"start":{"line":210,"column":0},"end":{"line":210,"column":70}},"210":{"start":{"line":211,"column":0},"end":{"line":211,"column":78}},"211":{"start":{"line":212,"column":0},"end":{"line":212,"column":43}},"212":{"start":{"line":213,"column":0},"end":{"line":213,"column":70}},"213":{"start":{"line":214,"column":0},"end":{"line":214,"column":89}},"214":{"start":{"line":215,"column":0},"end":{"line":215,"column":42}},"215":{"start":{"line":216,"column":0},"end":{"line":216,"column":25}},"216":{"start":{"line":217,"column":0},"end":{"line":217,"column":63}},"217":{"start":{"line":218,"column":0},"end":{"line":218,"column":86}},"218":{"start":{"line":219,"column":0},"end":{"line":219,"column":3}},"219":{"start":{"line":220,"column":0},"end":{"line":220,"column":89}},"220":{"start":{"line":221,"column":0},"end":{"line":221,"column":87}},"221":{"start":{"line":222,"column":0},"end":{"line":222,"column":107}},"222":{"start":{"line":223,"column":0},"end":{"line":223,"column":10}},"223":{"start":{"line":224,"column":0},"end":{"line":224,"column":59}},"224":{"start":{"line":225,"column":0},"end":{"line":225,"column":53}},"225":{"start":{"line":226,"column":0},"end":{"line":226,"column":43}},"226":{"start":{"line":227,"column":0},"end":{"line":227,"column":20}},"227":{"start":{"line":228,"column":0},"end":{"line":228,"column":17}},"228":{"start":{"line":229,"column":0},"end":{"line":229,"column":45}},"229":{"start":{"line":230,"column":0},"end":{"line":230,"column":64}},"230":{"start":{"line":231,"column":0},"end":{"line":231,"column":55}},"231":{"start":{"line":232,"column":0},"end":{"line":232,"column":4}},"232":{"start":{"line":233,"column":0},"end":{"line":233,"column":1}},"234":{"start":{"line":235,"column":0},"end":{"line":235,"column":80}},"235":{"start":{"line":236,"column":0},"end":{"line":236,"column":43}},"236":{"start":{"line":237,"column":0},"end":{"line":237,"column":39}},"237":{"start":{"line":238,"column":0},"end":{"line":238,"column":81}},"238":{"start":{"line":239,"column":0},"end":{"line":239,"column":69}},"239":{"start":{"line":240,"column":0},"end":{"line":240,"column":43}},"240":{"start":{"line":241,"column":0},"end":{"line":241,"column":97}},"241":{"start":{"line":242,"column":0},"end":{"line":242,"column":70}},"242":{"start":{"line":243,"column":0},"end":{"line":243,"column":61}},"243":{"start":{"line":244,"column":0},"end":{"line":244,"column":1}},"245":{"start":{"line":246,"column":0},"end":{"line":246,"column":38}},"250":{"start":{"line":251,"column":0},"end":{"line":251,"column":3}},"251":{"start":{"line":252,"column":0},"end":{"line":252,"column":24}},"252":{"start":{"line":253,"column":0},"end":{"line":253,"column":91}},"253":{"start":{"line":254,"column":0},"end":{"line":254,"column":3}},"254":{"start":{"line":255,"column":0},"end":{"line":255,"column":48}},"255":{"start":{"line":256,"column":0},"end":{"line":256,"column":60}},"256":{"start":{"line":257,"column":0},"end":{"line":257,"column":30}},"257":{"start":{"line":258,"column":0},"end":{"line":258,"column":54}},"258":{"start":{"line":259,"column":0},"end":{"line":259,"column":48}},"259":{"start":{"line":260,"column":0},"end":{"line":260,"column":86}},"260":{"start":{"line":261,"column":0},"end":{"line":261,"column":41}},"261":{"start":{"line":262,"column":0},"end":{"line":262,"column":3}},"262":{"start":{"line":263,"column":0},"end":{"line":263,"column":75}},"263":{"start":{"line":264,"column":0},"end":{"line":264,"column":85}},"264":{"start":{"line":265,"column":0},"end":{"line":265,"column":45}},"265":{"start":{"line":266,"column":0},"end":{"line":266,"column":3}},"266":{"start":{"line":267,"column":0},"end":{"line":267,"column":81}},"267":{"start":{"line":268,"column":0},"end":{"line":268,"column":1}},"269":{"start":{"line":270,"column":0},"end":{"line":270,"column":54}},"270":{"start":{"line":271,"column":0},"end":{"line":271,"column":38}},"271":{"start":{"line":272,"column":0},"end":{"line":272,"column":43}},"272":{"start":{"line":273,"column":0},"end":{"line":273,"column":69}},"273":{"start":{"line":274,"column":0},"end":{"line":274,"column":41}},"274":{"start":{"line":275,"column":0},"end":{"line":275,"column":49}},"275":{"start":{"line":276,"column":0},"end":{"line":276,"column":28}},"276":{"start":{"line":277,"column":0},"end":{"line":277,"column":27}},"277":{"start":{"line":278,"column":0},"end":{"line":278,"column":60}},"278":{"start":{"line":279,"column":0},"end":{"line":279,"column":29}},"279":{"start":{"line":280,"column":0},"end":{"line":280,"column":40}},"280":{"start":{"line":281,"column":0},"end":{"line":281,"column":34}},"281":{"start":{"line":282,"column":0},"end":{"line":282,"column":56}},"282":{"start":{"line":283,"column":0},"end":{"line":283,"column":60}},"283":{"start":{"line":284,"column":0},"end":{"line":284,"column":64}},"284":{"start":{"line":285,"column":0},"end":{"line":285,"column":49}},"285":{"start":{"line":286,"column":0},"end":{"line":286,"column":43}},"286":{"start":{"line":287,"column":0},"end":{"line":287,"column":49}},"287":{"start":{"line":288,"column":0},"end":{"line":288,"column":54}},"288":{"start":{"line":289,"column":0},"end":{"line":289,"column":40}},"289":{"start":{"line":290,"column":0},"end":{"line":290,"column":5}},"290":{"start":{"line":291,"column":0},"end":{"line":291,"column":23}},"291":{"start":{"line":292,"column":0},"end":{"line":292,"column":96}},"292":{"start":{"line":293,"column":0},"end":{"line":293,"column":5}},"293":{"start":{"line":294,"column":0},"end":{"line":294,"column":3}},"294":{"start":{"line":295,"column":0},"end":{"line":295,"column":10}},"295":{"start":{"line":296,"column":0},"end":{"line":296,"column":63}},"296":{"start":{"line":297,"column":0},"end":{"line":297,"column":49}},"297":{"start":{"line":298,"column":0},"end":{"line":298,"column":47}},"298":{"start":{"line":299,"column":0},"end":{"line":299,"column":47}},"299":{"start":{"line":300,"column":0},"end":{"line":300,"column":41}},"300":{"start":{"line":301,"column":0},"end":{"line":301,"column":41}},"301":{"start":{"line":302,"column":0},"end":{"line":302,"column":49}},"302":{"start":{"line":303,"column":0},"end":{"line":303,"column":39}},"303":{"start":{"line":304,"column":0},"end":{"line":304,"column":37}},"304":{"start":{"line":305,"column":0},"end":{"line":305,"column":4}},"305":{"start":{"line":306,"column":0},"end":{"line":306,"column":1}},"307":{"start":{"line":308,"column":0},"end":{"line":308,"column":61}},"308":{"start":{"line":309,"column":0},"end":{"line":309,"column":34}},"309":{"start":{"line":310,"column":0},"end":{"line":310,"column":78}},"310":{"start":{"line":311,"column":0},"end":{"line":311,"column":3}},"311":{"start":{"line":312,"column":0},"end":{"line":312,"column":80}},"312":{"start":{"line":313,"column":0},"end":{"line":313,"column":46}},"313":{"start":{"line":314,"column":0},"end":{"line":314,"column":1}},"316":{"start":{"line":317,"column":0},"end":{"line":317,"column":89}},"317":{"start":{"line":318,"column":0},"end":{"line":318,"column":52}},"318":{"start":{"line":319,"column":0},"end":{"line":319,"column":49}},"319":{"start":{"line":320,"column":0},"end":{"line":320,"column":10}},"320":{"start":{"line":321,"column":0},"end":{"line":321,"column":102}},"321":{"start":{"line":322,"column":0},"end":{"line":322,"column":47}},"322":{"start":{"line":323,"column":0},"end":{"line":323,"column":40}},"323":{"start":{"line":324,"column":0},"end":{"line":324,"column":40}},"324":{"start":{"line":325,"column":0},"end":{"line":325,"column":50}},"325":{"start":{"line":326,"column":0},"end":{"line":326,"column":60}},"326":{"start":{"line":327,"column":0},"end":{"line":327,"column":46}},"327":{"start":{"line":328,"column":0},"end":{"line":328,"column":78}},"328":{"start":{"line":329,"column":0},"end":{"line":329,"column":64}},"329":{"start":{"line":330,"column":0},"end":{"line":330,"column":47}},"330":{"start":{"line":331,"column":0},"end":{"line":331,"column":47}},"331":{"start":{"line":332,"column":0},"end":{"line":332,"column":45}},"332":{"start":{"line":333,"column":0},"end":{"line":333,"column":55}},"333":{"start":{"line":334,"column":0},"end":{"line":334,"column":31}},"334":{"start":{"line":335,"column":0},"end":{"line":335,"column":41}},"335":{"start":{"line":336,"column":0},"end":{"line":336,"column":41}},"336":{"start":{"line":337,"column":0},"end":{"line":337,"column":43}},"337":{"start":{"line":338,"column":0},"end":{"line":338,"column":51}},"338":{"start":{"line":339,"column":0},"end":{"line":339,"column":58}},"339":{"start":{"line":340,"column":0},"end":{"line":340,"column":24}},"340":{"start":{"line":341,"column":0},"end":{"line":341,"column":61}},"341":{"start":{"line":342,"column":0},"end":{"line":342,"column":71}},"342":{"start":{"line":343,"column":0},"end":{"line":343,"column":4}},"343":{"start":{"line":344,"column":0},"end":{"line":344,"column":1}}},"s":{"0":1,"7":1,"15":1,"16":1,"17":1,"18":1,"19":1,"20":1,"21":1,"22":1,"23":1,"24":1,"25":1,"26":1,"27":1,"29":1615,"30":1615,"31":1615,"33":86,"34":86,"35":86,"37":1541,"38":1541,"39":1541,"40":172,"41":172,"42":1541,"43":1541,"45":43,"46":43,"47":43,"48":43,"49":42,"50":43,"51":12,"52":12,"53":30,"54":15,"55":15,"56":15,"58":15,"59":15,"60":15,"61":43,"62":0,"63":0,"64":43,"65":2,"66":2,"67":43,"68":0,"69":0,"70":43,"71":0,"72":0,"73":43,"74":9,"75":9,"76":43,"77":0,"78":0,"79":10,"80":10,"86":1,"87":43,"88":43,"89":43,"90":43,"91":43,"92":43,"93":43,"94":43,"95":43,"96":43,"97":43,"98":43,"99":43,"100":43,"101":43,"102":43,"103":43,"104":43,"105":43,"106":41,"107":2,"108":43,"109":43,"110":43,"111":43,"112":43,"114":10039,"115":10039,"116":10039,"117":10032,"118":10027,"119":10027,"120":10027,"121":1,"122":1,"124":91,"125":91,"126":91,"127":91,"128":91,"129":91,"130":91,"131":91,"132":1,"133":1,"134":1,"135":90,"136":90,"137":91,"138":7,"139":7,"140":7,"141":83,"142":91,"143":70,"144":70,"145":7,"146":7,"147":7,"148":7,"149":70,"150":70,"151":55,"176":10301,"177":10301,"178":10301,"180":10039,"181":10039,"182":10039,"183":10039,"184":10039,"185":10039,"186":10039,"187":7,"188":7,"189":5,"190":2,"191":7,"192":7,"193":7,"195":31,"196":31,"197":31,"198":31,"199":31,"200":31,"201":31,"202":31,"203":31,"204":31,"205":10039,"206":10039,"207":10039,"208":10039,"209":10039,"210":10039,"211":10039,"212":10039,"213":10039,"214":10039,"215":2,"216":2,"217":2,"218":10039,"219":31,"220":31,"221":31,"222":31,"223":31,"224":31,"225":31,"226":31,"227":31,"228":31,"229":31,"230":31,"231":31,"232":31,"234":13,"235":13,"236":13,"237":13,"238":13,"239":13,"240":13,"241":4,"242":4,"243":13,"245":17,"250":17,"251":17,"252":1,"253":1,"254":16,"255":17,"256":17,"257":17,"258":15,"259":17,"260":3,"261":3,"262":17,"263":15,"264":7,"265":7,"266":17,"267":17,"269":31,"270":31,"271":31,"272":31,"273":31,"274":31,"275":31,"276":31,"277":31,"278":31,"279":17,"280":17,"281":17,"282":17,"283":17,"284":17,"285":17,"286":14,"287":14,"288":14,"289":14,"290":17,"291":14,"292":14,"293":17,"294":31,"295":31,"296":31,"297":31,"298":31,"299":31,"300":31,"301":31,"302":31,"303":31,"304":31,"305":31,"307":31,"308":31,"309":2,"310":2,"311":31,"312":31,"313":31,"316":1,"317":31,"318":31,"319":31,"320":31,"321":31,"322":31,"323":31,"324":31,"325":31,"326":31,"327":31,"328":31,"329":31,"330":31,"331":31,"332":31,"333":31,"334":31,"335":31,"336":31,"337":31,"338":31,"339":31,"340":31,"341":31,"342":31,"343":31},"branchMap":{"0":{"type":"branch","line":30,"loc":{"start":{"line":30,"column":0},"end":{"line":32,"column":1}},"locations":[{"start":{"line":30,"column":0},"end":{"line":32,"column":1}}]},"1":{"type":"branch","line":31,"loc":{"start":{"line":31,"column":26},"end":{"line":31,"column":56}},"locations":[{"start":{"line":31,"column":26},"end":{"line":31,"column":56}}]},"2":{"type":"branch","line":31,"loc":{"start":{"line":31,"column":48},"end":{"line":31,"column":78}},"locations":[{"start":{"line":31,"column":48},"end":{"line":31,"column":78}}]},"3":{"type":"branch","line":34,"loc":{"start":{"line":34,"column":0},"end":{"line":36,"column":1}},"locations":[{"start":{"line":34,"column":0},"end":{"line":36,"column":1}}]},"4":{"type":"branch","line":35,"loc":{"start":{"line":35,"column":26},"end":{"line":35,"column":45}},"locations":[{"start":{"line":35,"column":26},"end":{"line":35,"column":45}}]},"5":{"type":"branch","line":35,"loc":{"start":{"line":35,"column":37},"end":{"line":35,"column":48}},"locations":[{"start":{"line":35,"column":37},"end":{"line":35,"column":48}}]},"6":{"type":"branch","line":38,"loc":{"start":{"line":38,"column":0},"end":{"line":44,"column":1}},"locations":[{"start":{"line":38,"column":0},"end":{"line":44,"column":1}}]},"7":{"type":"branch","line":39,"loc":{"start":{"line":39,"column":28},"end":{"line":39,"column":77}},"locations":[{"start":{"line":39,"column":28},"end":{"line":39,"column":77}}]},"8":{"type":"branch","line":39,"loc":{"start":{"line":39,"column":73},"end":{"line":40,"column":23}},"locations":[{"start":{"line":39,"column":73},"end":{"line":40,"column":23}}]},"9":{"type":"branch","line":40,"loc":{"start":{"line":40,"column":23},"end":{"line":42,"column":3}},"locations":[{"start":{"line":40,"column":23},"end":{"line":42,"column":3}}]},"10":{"type":"branch","line":42,"loc":{"start":{"line":42,"column":2},"end":{"line":43,"column":31}},"locations":[{"start":{"line":42,"column":2},"end":{"line":43,"column":31}}]},"11":{"type":"branch","line":43,"loc":{"start":{"line":43,"column":19},"end":{"line":43,"column":40}},"locations":[{"start":{"line":43,"column":19},"end":{"line":43,"column":40}}]},"12":{"type":"branch","line":43,"loc":{"start":{"line":43,"column":31},"end":{"line":43,"column":62}},"locations":[{"start":{"line":43,"column":31},"end":{"line":43,"column":62}}]},"13":{"type":"branch","line":41,"loc":{"start":{"line":41,"column":45},"end":{"line":41,"column":107}},"locations":[{"start":{"line":41,"column":45},"end":{"line":41,"column":107}}]},"14":{"type":"branch","line":46,"loc":{"start":{"line":46,"column":0},"end":{"line":81,"column":1}},"locations":[{"start":{"line":46,"column":0},"end":{"line":81,"column":1}}]},"15":{"type":"branch","line":48,"loc":{"start":{"line":48,"column":69},"end":{"line":49,"column":69}},"locations":[{"start":{"line":48,"column":69},"end":{"line":49,"column":69}}]},"16":{"type":"branch","line":49,"loc":{"start":{"line":49,"column":69},"end":{"line":49,"column":102}},"locations":[{"start":{"line":49,"column":69},"end":{"line":49,"column":102}}]},"17":{"type":"branch","line":49,"loc":{"start":{"line":49,"column":76},"end":{"line":51,"column":119}},"locations":[{"start":{"line":49,"column":76},"end":{"line":51,"column":119}}]},"18":{"type":"branch","line":51,"loc":{"start":{"line":51,"column":119},"end":{"line":53,"column":3}},"locations":[{"start":{"line":51,"column":119},"end":{"line":53,"column":3}}]},"19":{"type":"branch","line":53,"loc":{"start":{"line":53,"column":2},"end":{"line":61,"column":3}},"locations":[{"start":{"line":53,"column":2},"end":{"line":61,"column":3}}]},"20":{"type":"branch","line":54,"loc":{"start":{"line":54,"column":32},"end":{"line":61,"column":3}},"locations":[{"start":{"line":54,"column":32},"end":{"line":61,"column":3}}]},"21":{"type":"branch","line":55,"loc":{"start":{"line":55,"column":48},"end":{"line":55,"column":70}},"locations":[{"start":{"line":55,"column":48},"end":{"line":55,"column":70}}]},"22":{"type":"branch","line":55,"loc":{"start":{"line":55,"column":70},"end":{"line":55,"column":97}},"locations":[{"start":{"line":55,"column":70},"end":{"line":55,"column":97}}]},"23":{"type":"branch","line":55,"loc":{"start":{"line":55,"column":77},"end":{"line":56,"column":71}},"locations":[{"start":{"line":55,"column":77},"end":{"line":56,"column":71}}]},"24":{"type":"branch","line":56,"loc":{"start":{"line":56,"column":64},"end":{"line":56,"column":97}},"locations":[{"start":{"line":56,"column":64},"end":{"line":56,"column":97}}]},"25":{"type":"branch","line":56,"loc":{"start":{"line":56,"column":71},"end":{"line":57,"column":77}},"locations":[{"start":{"line":56,"column":71},"end":{"line":57,"column":77}}]},"26":{"type":"branch","line":57,"loc":{"start":{"line":57,"column":70},"end":{"line":57,"column":103}},"locations":[{"start":{"line":57,"column":70},"end":{"line":57,"column":103}}]},"27":{"type":"branch","line":57,"loc":{"start":{"line":57,"column":77},"end":{"line":59,"column":25}},"locations":[{"start":{"line":57,"column":77},"end":{"line":59,"column":25}}]},"28":{"type":"branch","line":59,"loc":{"start":{"line":59,"column":17},"end":{"line":59,"column":82}},"locations":[{"start":{"line":59,"column":17},"end":{"line":59,"column":82}}]},"29":{"type":"branch","line":59,"loc":{"start":{"line":59,"column":82},"end":{"line":59,"column":109}},"locations":[{"start":{"line":59,"column":82},"end":{"line":59,"column":109}}]},"30":{"type":"branch","line":59,"loc":{"start":{"line":59,"column":89},"end":{"line":60,"column":72}},"locations":[{"start":{"line":59,"column":89},"end":{"line":60,"column":72}}]},"31":{"type":"branch","line":60,"loc":{"start":{"line":60,"column":65},"end":{"line":60,"column":92}},"locations":[{"start":{"line":60,"column":65},"end":{"line":60,"column":92}}]},"32":{"type":"branch","line":61,"loc":{"start":{"line":61,"column":2},"end":{"line":62,"column":82}},"locations":[{"start":{"line":61,"column":2},"end":{"line":62,"column":82}}]},"33":{"type":"branch","line":62,"loc":{"start":{"line":62,"column":82},"end":{"line":64,"column":3}},"locations":[{"start":{"line":62,"column":82},"end":{"line":64,"column":3}}]},"34":{"type":"branch","line":64,"loc":{"start":{"line":64,"column":2},"end":{"line":65,"column":100}},"locations":[{"start":{"line":64,"column":2},"end":{"line":65,"column":100}}]},"35":{"type":"branch","line":65,"loc":{"start":{"line":65,"column":100},"end":{"line":67,"column":3}},"locations":[{"start":{"line":65,"column":100},"end":{"line":67,"column":3}}]},"36":{"type":"branch","line":67,"loc":{"start":{"line":67,"column":2},"end":{"line":68,"column":102}},"locations":[{"start":{"line":67,"column":2},"end":{"line":68,"column":102}}]},"37":{"type":"branch","line":68,"loc":{"start":{"line":68,"column":102},"end":{"line":70,"column":3}},"locations":[{"start":{"line":68,"column":102},"end":{"line":70,"column":3}}]},"38":{"type":"branch","line":70,"loc":{"start":{"line":70,"column":2},"end":{"line":71,"column":83}},"locations":[{"start":{"line":70,"column":2},"end":{"line":71,"column":83}}]},"39":{"type":"branch","line":71,"loc":{"start":{"line":71,"column":83},"end":{"line":73,"column":3}},"locations":[{"start":{"line":71,"column":83},"end":{"line":73,"column":3}}]},"40":{"type":"branch","line":73,"loc":{"start":{"line":73,"column":2},"end":{"line":74,"column":79}},"locations":[{"start":{"line":73,"column":2},"end":{"line":74,"column":79}}]},"41":{"type":"branch","line":74,"loc":{"start":{"line":74,"column":79},"end":{"line":76,"column":3}},"locations":[{"start":{"line":74,"column":79},"end":{"line":76,"column":3}}]},"42":{"type":"branch","line":76,"loc":{"start":{"line":76,"column":2},"end":{"line":77,"column":86}},"locations":[{"start":{"line":76,"column":2},"end":{"line":77,"column":86}}]},"43":{"type":"branch","line":77,"loc":{"start":{"line":77,"column":86},"end":{"line":79,"column":3}},"locations":[{"start":{"line":77,"column":86},"end":{"line":79,"column":3}}]},"44":{"type":"branch","line":79,"loc":{"start":{"line":79,"column":2},"end":{"line":81,"column":1}},"locations":[{"start":{"line":79,"column":2},"end":{"line":81,"column":1}}]},"45":{"type":"branch","line":87,"loc":{"start":{"line":87,"column":7},"end":{"line":113,"column":1}},"locations":[{"start":{"line":87,"column":7},"end":{"line":113,"column":1}}]},"46":{"type":"branch","line":93,"loc":{"start":{"line":93,"column":31},"end":{"line":93,"column":45}},"locations":[{"start":{"line":93,"column":31},"end":{"line":93,"column":45}}]},"47":{"type":"branch","line":93,"loc":{"start":{"line":93,"column":35},"end":{"line":93,"column":48}},"locations":[{"start":{"line":93,"column":35},"end":{"line":93,"column":48}}]},"48":{"type":"branch","line":94,"loc":{"start":{"line":94,"column":35},"end":{"line":94,"column":52}},"locations":[{"start":{"line":94,"column":35},"end":{"line":94,"column":52}}]},"49":{"type":"branch","line":94,"loc":{"start":{"line":94,"column":44},"end":{"line":94,"column":55}},"locations":[{"start":{"line":94,"column":44},"end":{"line":94,"column":55}}]},"50":{"type":"branch","line":100,"loc":{"start":{"line":100,"column":44},"end":{"line":100,"column":63}},"locations":[{"start":{"line":100,"column":44},"end":{"line":100,"column":63}}]},"51":{"type":"branch","line":106,"loc":{"start":{"line":106,"column":75},"end":{"line":107,"column":22}},"locations":[{"start":{"line":106,"column":75},"end":{"line":107,"column":22}}]},"52":{"type":"branch","line":107,"loc":{"start":{"line":107,"column":10},"end":{"line":108,"column":20}},"locations":[{"start":{"line":107,"column":10},"end":{"line":108,"column":20}}]},"53":{"type":"branch","line":115,"loc":{"start":{"line":115,"column":0},"end":{"line":123,"column":1}},"locations":[{"start":{"line":115,"column":0},"end":{"line":123,"column":1}}]},"54":{"type":"branch","line":116,"loc":{"start":{"line":116,"column":22},"end":{"line":116,"column":36}},"locations":[{"start":{"line":116,"column":22},"end":{"line":116,"column":36}}]},"55":{"type":"branch","line":116,"loc":{"start":{"line":116,"column":29},"end":{"line":117,"column":35}},"locations":[{"start":{"line":116,"column":29},"end":{"line":117,"column":35}}]},"56":{"type":"branch","line":117,"loc":{"start":{"line":117,"column":28},"end":{"line":117,"column":43}},"locations":[{"start":{"line":117,"column":28},"end":{"line":117,"column":43}}]},"57":{"type":"branch","line":117,"loc":{"start":{"line":117,"column":35},"end":{"line":123,"column":1}},"locations":[{"start":{"line":117,"column":35},"end":{"line":123,"column":1}}]},"58":{"type":"branch","line":117,"loc":{"start":{"line":117,"column":35},"end":{"line":118,"column":49}},"locations":[{"start":{"line":117,"column":35},"end":{"line":118,"column":49}}]},"59":{"type":"branch","line":117,"loc":{"start":{"line":117,"column":35},"end":{"line":118,"column":40}},"locations":[{"start":{"line":117,"column":35},"end":{"line":118,"column":40}}]},"60":{"type":"branch","line":118,"loc":{"start":{"line":118,"column":33},"end":{"line":118,"column":49}},"locations":[{"start":{"line":118,"column":33},"end":{"line":118,"column":49}}]},"61":{"type":"branch","line":118,"loc":{"start":{"line":118,"column":40},"end":{"line":123,"column":1}},"locations":[{"start":{"line":118,"column":40},"end":{"line":123,"column":1}}]},"62":{"type":"branch","line":118,"loc":{"start":{"line":118,"column":40},"end":{"line":119,"column":30}},"locations":[{"start":{"line":118,"column":40},"end":{"line":119,"column":30}}]},"63":{"type":"branch","line":119,"loc":{"start":{"line":119,"column":23},"end":{"line":119,"column":39}},"locations":[{"start":{"line":119,"column":23},"end":{"line":119,"column":39}}]},"64":{"type":"branch","line":119,"loc":{"start":{"line":119,"column":30},"end":{"line":120,"column":41}},"locations":[{"start":{"line":119,"column":30},"end":{"line":120,"column":41}}]},"65":{"type":"branch","line":120,"loc":{"start":{"line":120,"column":34},"end":{"line":120,"column":51}},"locations":[{"start":{"line":120,"column":34},"end":{"line":120,"column":51}}]},"66":{"type":"branch","line":120,"loc":{"start":{"line":120,"column":41},"end":{"line":121,"column":40}},"locations":[{"start":{"line":120,"column":41},"end":{"line":121,"column":40}}]},"67":{"type":"branch","line":121,"loc":{"start":{"line":121,"column":33},"end":{"line":123,"column":1}},"locations":[{"start":{"line":121,"column":33},"end":{"line":123,"column":1}}]},"68":{"type":"branch","line":125,"loc":{"start":{"line":125,"column":0},"end":{"line":152,"column":1}},"locations":[{"start":{"line":125,"column":0},"end":{"line":152,"column":1}}]},"69":{"type":"branch","line":132,"loc":{"start":{"line":132,"column":59},"end":{"line":135,"column":3}},"locations":[{"start":{"line":132,"column":59},"end":{"line":135,"column":3}}]},"70":{"type":"branch","line":135,"loc":{"start":{"line":135,"column":2},"end":{"line":138,"column":28}},"locations":[{"start":{"line":135,"column":2},"end":{"line":138,"column":28}}]},"71":{"type":"branch","line":138,"loc":{"start":{"line":138,"column":28},"end":{"line":141,"column":3}},"locations":[{"start":{"line":138,"column":28},"end":{"line":141,"column":3}}]},"72":{"type":"branch","line":141,"loc":{"start":{"line":141,"column":2},"end":{"line":142,"column":31}},"locations":[{"start":{"line":141,"column":2},"end":{"line":142,"column":31}}]},"73":{"type":"branch","line":142,"loc":{"start":{"line":142,"column":24},"end":{"line":143,"column":52}},"locations":[{"start":{"line":142,"column":24},"end":{"line":143,"column":52}}]},"74":{"type":"branch","line":142,"loc":{"start":{"line":142,"column":24},"end":{"line":142,"column":31}},"locations":[{"start":{"line":142,"column":24},"end":{"line":142,"column":31}}]},"75":{"type":"branch","line":142,"loc":{"start":{"line":142,"column":24},"end":{"line":143,"column":52}},"locations":[{"start":{"line":142,"column":24},"end":{"line":143,"column":52}}]},"76":{"type":"branch","line":143,"loc":{"start":{"line":143,"column":52},"end":{"line":151,"column":3}},"locations":[{"start":{"line":143,"column":52},"end":{"line":151,"column":3}}]},"77":{"type":"branch","line":144,"loc":{"start":{"line":144,"column":34},"end":{"line":144,"column":52}},"locations":[{"start":{"line":144,"column":34},"end":{"line":144,"column":52}}]},"78":{"type":"branch","line":145,"loc":{"start":{"line":145,"column":16},"end":{"line":145,"column":49}},"locations":[{"start":{"line":145,"column":16},"end":{"line":145,"column":49}}]},"79":{"type":"branch","line":145,"loc":{"start":{"line":145,"column":49},"end":{"line":149,"column":5}},"locations":[{"start":{"line":145,"column":49},"end":{"line":149,"column":5}}]},"80":{"type":"branch","line":147,"loc":{"start":{"line":147,"column":39},"end":{"line":147,"column":63}},"locations":[{"start":{"line":147,"column":39},"end":{"line":147,"column":63}}]},"81":{"type":"branch","line":151,"loc":{"start":{"line":151,"column":2},"end":{"line":152,"column":1}},"locations":[{"start":{"line":151,"column":2},"end":{"line":152,"column":1}}]},"82":{"type":"branch","line":177,"loc":{"start":{"line":177,"column":0},"end":{"line":179,"column":1}},"locations":[{"start":{"line":177,"column":0},"end":{"line":179,"column":1}}]},"83":{"type":"branch","line":181,"loc":{"start":{"line":181,"column":0},"end":{"line":194,"column":1}},"locations":[{"start":{"line":181,"column":0},"end":{"line":194,"column":1}}]},"84":{"type":"branch","line":187,"loc":{"start":{"line":187,"column":39},"end":{"line":187,"column":46}},"locations":[{"start":{"line":187,"column":39},"end":{"line":187,"column":46}}]},"85":{"type":"branch","line":187,"loc":{"start":{"line":187,"column":39},"end":{"line":194,"column":1}},"locations":[{"start":{"line":187,"column":39},"end":{"line":194,"column":1}}]},"86":{"type":"branch","line":189,"loc":{"start":{"line":189,"column":104},"end":{"line":190,"column":18}},"locations":[{"start":{"line":189,"column":104},"end":{"line":190,"column":18}}]},"87":{"type":"branch","line":190,"loc":{"start":{"line":190,"column":14},"end":{"line":191,"column":16}},"locations":[{"start":{"line":190,"column":14},"end":{"line":191,"column":16}}]},"88":{"type":"branch","line":196,"loc":{"start":{"line":196,"column":0},"end":{"line":233,"column":1}},"locations":[{"start":{"line":196,"column":0},"end":{"line":233,"column":1}}]},"89":{"type":"branch","line":205,"loc":{"start":{"line":205,"column":34},"end":{"line":219,"column":3}},"locations":[{"start":{"line":205,"column":34},"end":{"line":219,"column":3}}]},"90":{"type":"branch","line":206,"loc":{"start":{"line":206,"column":82},"end":{"line":206,"column":101}},"locations":[{"start":{"line":206,"column":82},"end":{"line":206,"column":101}}]},"91":{"type":"branch","line":206,"loc":{"start":{"line":206,"column":94},"end":{"line":206,"column":109}},"locations":[{"start":{"line":206,"column":94},"end":{"line":206,"column":109}}]},"92":{"type":"branch","line":207,"loc":{"start":{"line":207,"column":40},"end":{"line":207,"column":50}},"locations":[{"start":{"line":207,"column":40},"end":{"line":207,"column":50}}]},"93":{"type":"branch","line":211,"loc":{"start":{"line":211,"column":50},"end":{"line":211,"column":75}},"locations":[{"start":{"line":211,"column":50},"end":{"line":211,"column":75}}]},"94":{"type":"branch","line":211,"loc":{"start":{"line":211,"column":62},"end":{"line":211,"column":78}},"locations":[{"start":{"line":211,"column":62},"end":{"line":211,"column":78}}]},"95":{"type":"branch","line":214,"loc":{"start":{"line":214,"column":30},"end":{"line":214,"column":89}},"locations":[{"start":{"line":214,"column":30},"end":{"line":214,"column":89}}]},"96":{"type":"branch","line":215,"loc":{"start":{"line":215,"column":33},"end":{"line":215,"column":42}},"locations":[{"start":{"line":215,"column":33},"end":{"line":215,"column":42}}]},"97":{"type":"branch","line":215,"loc":{"start":{"line":215,"column":33},"end":{"line":218,"column":86}},"locations":[{"start":{"line":215,"column":33},"end":{"line":218,"column":86}}]},"98":{"type":"branch","line":222,"loc":{"start":{"line":222,"column":43},"end":{"line":222,"column":107}},"locations":[{"start":{"line":222,"column":43},"end":{"line":222,"column":107}}]},"99":{"type":"branch","line":220,"loc":{"start":{"line":220,"column":54},"end":{"line":220,"column":80}},"locations":[{"start":{"line":220,"column":54},"end":{"line":220,"column":80}}]},"100":{"type":"branch","line":221,"loc":{"start":{"line":221,"column":49},"end":{"line":221,"column":78}},"locations":[{"start":{"line":221,"column":49},"end":{"line":221,"column":78}}]},"101":{"type":"branch","line":235,"loc":{"start":{"line":235,"column":0},"end":{"line":244,"column":1}},"locations":[{"start":{"line":235,"column":0},"end":{"line":244,"column":1}}]},"102":{"type":"branch","line":238,"loc":{"start":{"line":238,"column":26},"end":{"line":238,"column":69}},"locations":[{"start":{"line":238,"column":26},"end":{"line":238,"column":69}}]},"103":{"type":"branch","line":238,"loc":{"start":{"line":238,"column":69},"end":{"line":239,"column":57}},"locations":[{"start":{"line":238,"column":69},"end":{"line":239,"column":57}}]},"104":{"type":"branch","line":238,"loc":{"start":{"line":238,"column":69},"end":{"line":238,"column":81}},"locations":[{"start":{"line":238,"column":69},"end":{"line":238,"column":81}}]},"105":{"type":"branch","line":238,"loc":{"start":{"line":238,"column":76},"end":{"line":239,"column":34}},"locations":[{"start":{"line":238,"column":76},"end":{"line":239,"column":34}}]},"106":{"type":"branch","line":239,"loc":{"start":{"line":239,"column":21},"end":{"line":239,"column":57}},"locations":[{"start":{"line":239,"column":21},"end":{"line":239,"column":57}}]},"107":{"type":"branch","line":239,"loc":{"start":{"line":239,"column":57},"end":{"line":239,"column":69}},"locations":[{"start":{"line":239,"column":57},"end":{"line":239,"column":69}}]},"108":{"type":"branch","line":239,"loc":{"start":{"line":239,"column":64},"end":{"line":240,"column":37}},"locations":[{"start":{"line":239,"column":64},"end":{"line":240,"column":37}}]},"109":{"type":"branch","line":240,"loc":{"start":{"line":240,"column":30},"end":{"line":240,"column":43}},"locations":[{"start":{"line":240,"column":30},"end":{"line":240,"column":43}}]},"110":{"type":"branch","line":240,"loc":{"start":{"line":240,"column":37},"end":{"line":241,"column":85}},"locations":[{"start":{"line":240,"column":37},"end":{"line":241,"column":85}}]},"111":{"type":"branch","line":240,"loc":{"start":{"line":240,"column":37},"end":{"line":241,"column":34}},"locations":[{"start":{"line":240,"column":37},"end":{"line":241,"column":34}}]},"112":{"type":"branch","line":241,"loc":{"start":{"line":241,"column":29},"end":{"line":241,"column":85}},"locations":[{"start":{"line":241,"column":29},"end":{"line":241,"column":85}}]},"113":{"type":"branch","line":241,"loc":{"start":{"line":241,"column":85},"end":{"line":241,"column":97}},"locations":[{"start":{"line":241,"column":85},"end":{"line":241,"column":97}}]},"114":{"type":"branch","line":241,"loc":{"start":{"line":241,"column":92},"end":{"line":243,"column":61}},"locations":[{"start":{"line":241,"column":92},"end":{"line":243,"column":61}}]},"115":{"type":"branch","line":241,"loc":{"start":{"line":241,"column":48},"end":{"line":241,"column":82}},"locations":[{"start":{"line":241,"column":48},"end":{"line":241,"column":82}}]},"116":{"type":"branch","line":242,"loc":{"start":{"line":242,"column":61},"end":{"line":243,"column":59}},"locations":[{"start":{"line":242,"column":61},"end":{"line":243,"column":59}}]},"117":{"type":"branch","line":246,"loc":{"start":{"line":246,"column":0},"end":{"line":268,"column":1}},"locations":[{"start":{"line":246,"column":0},"end":{"line":268,"column":1}}]},"118":{"type":"branch","line":252,"loc":{"start":{"line":252,"column":23},"end":{"line":254,"column":3}},"locations":[{"start":{"line":252,"column":23},"end":{"line":254,"column":3}}]},"119":{"type":"branch","line":254,"loc":{"start":{"line":254,"column":2},"end":{"line":256,"column":39}},"locations":[{"start":{"line":254,"column":2},"end":{"line":256,"column":39}}]},"120":{"type":"branch","line":256,"loc":{"start":{"line":256,"column":35},"end":{"line":256,"column":55}},"locations":[{"start":{"line":256,"column":35},"end":{"line":256,"column":55}}]},"121":{"type":"branch","line":256,"loc":{"start":{"line":256,"column":44},"end":{"line":256,"column":60}},"locations":[{"start":{"line":256,"column":44},"end":{"line":256,"column":60}}]},"122":{"type":"branch","line":258,"loc":{"start":{"line":258,"column":21},"end":{"line":258,"column":54}},"locations":[{"start":{"line":258,"column":21},"end":{"line":258,"column":54}}]},"123":{"type":"branch","line":258,"loc":{"start":{"line":258,"column":52},"end":{"line":259,"column":48}},"locations":[{"start":{"line":258,"column":52},"end":{"line":259,"column":48}}]},"124":{"type":"branch","line":259,"loc":{"start":{"line":259,"column":16},"end":{"line":259,"column":48}},"locations":[{"start":{"line":259,"column":16},"end":{"line":259,"column":48}}]},"125":{"type":"branch","line":259,"loc":{"start":{"line":259,"column":46},"end":{"line":260,"column":13}},"locations":[{"start":{"line":259,"column":46}
[...]
nd":{"line":58,"column":56}},"locations":[{"start":{"line":58,"column":23},"end":{"line":58,"column":56}}]},"19":{"type":"branch","line":58,"loc":{"start":{"line":58,"column":42},"end":{"line":58,"column":77}},"locations":[{"start":{"line":58,"column":42},"end":{"line":58,"column":77}}]},"20":{"type":"branch","line":58,"loc":{"start":{"line":58,"column":62},"end":{"line":59,"column":27}},"locations":[{"start":{"line":58,"column":62},"end":{"line":59,"column":27}}]},"21":{"type":"branch","line":59,"loc":{"start":{"line":59,"column":14},"end":{"line":59,"column":46}},"locations":[{"start":{"line":59,"column":14},"end":{"line":59,"column":46}}]},"22":{"type":"branch","line":59,"loc":{"start":{"line":59,"column":32},"end":{"line":59,"column":67}},"locations":[{"start":{"line":59,"column":32},"end":{"line":59,"column":67}}]},"23":{"type":"branch","line":60,"loc":{"start":{"line":60,"column":2},"end":{"line":62,"column":3}},"locations":[{"start":{"line":60,"column":2},"end":{"line":62,"column":3}}]},"24":{"type":"branch","line":65,"loc":{"start":{"line":65,"column":35},"end":{"line":65,"column":69}},"locations":[{"start":{"line":65,"column":35},"end":{"line":65,"column":69}}]},"25":{"type":"branch","line":65,"loc":{"start":{"line":65,"column":62},"end":{"line":65,"column":92}},"locations":[{"start":{"line":65,"column":62},"end":{"line":65,"column":92}}]},"26":{"type":"branch","line":65,"loc":{"start":{"line":65,"column":89},"end":{"line":66,"column":32}},"locations":[{"start":{"line":65,"column":89},"end":{"line":66,"column":32}}]},"27":{"type":"branch","line":66,"loc":{"start":{"line":66,"column":31},"end":{"line":67,"column":16}},"locations":[{"start":{"line":66,"column":31},"end":{"line":67,"column":16}}]},"28":{"type":"branch","line":68,"loc":{"start":{"line":68,"column":41},"end":{"line":68,"column":54}},"locations":[{"start":{"line":68,"column":41},"end":{"line":68,"column":54}}]},"29":{"type":"branch","line":68,"loc":{"start":{"line":68,"column":67},"end":{"line":68,"column":76}},"locations":[{"start":{"line":68,"column":67},"end":{"line":68,"column":76}}]},"30":{"type":"branch","line":69,"loc":{"start":{"line":69,"column":45},"end":{"line":70,"column":109}},"locations":[{"start":{"line":69,"column":45},"end":{"line":70,"column":109}}]},"31":{"type":"branch","line":70,"loc":{"start":{"line":70,"column":28},"end":{"line":70,"column":52}},"locations":[{"start":{"line":70,"column":28},"end":{"line":70,"column":52}}]},"32":{"type":"branch","line":70,"loc":{"start":{"line":70,"column":40},"end":{"line":70,"column":109}},"locations":[{"start":{"line":70,"column":40},"end":{"line":70,"column":109}}]},"33":{"type":"branch","line":81,"loc":{"start":{"line":81,"column":8},"end":{"line":81,"column":34}},"locations":[{"start":{"line":81,"column":8},"end":{"line":81,"column":34}}]},"34":{"type":"branch","line":81,"loc":{"start":{"line":81,"column":30},"end":{"line":81,"column":38}},"locations":[{"start":{"line":81,"column":30},"end":{"line":81,"column":38}}]},"35":{"type":"branch","line":83,"loc":{"start":{"line":83,"column":22},"end":{"line":83,"column":39}},"locations":[{"start":{"line":83,"column":22},"end":{"line":83,"column":39}}]},"36":{"type":"branch","line":83,"loc":{"start":{"line":83,"column":35},"end":{"line":83,"column":54}},"locations":[{"start":{"line":83,"column":35},"end":{"line":83,"column":54}}]},"37":{"type":"branch","line":87,"loc":{"start":{"line":87,"column":0},"end":{"line":115,"column":1}},"locations":[{"start":{"line":87,"column":0},"end":{"line":115,"column":1}}]},"38":{"type":"branch","line":94,"loc":{"start":{"line":94,"column":32},"end":{"line":100,"column":3}},"locations":[{"start":{"line":94,"column":32},"end":{"line":100,"column":3}}]},"39":{"type":"branch","line":95,"loc":{"start":{"line":95,"column":25},"end":{"line":95,"column":54}},"locations":[{"start":{"line":95,"column":25},"end":{"line":95,"column":54}}]},"40":{"type":"branch","line":95,"loc":{"start":{"line":95,"column":32},"end":{"line":96,"column":27}},"locations":[{"start":{"line":95,"column":32},"end":{"line":96,"column":27}}]},"41":{"type":"branch","line":96,"loc":{"start":{"line":96,"column":17},"end":{"line":96,"column":44}},"locations":[{"start":{"line":96,"column":17},"end":{"line":96,"column":44}}]},"42":{"type":"branch","line":96,"loc":{"start":{"line":96,"column":44},"end":{"line":96,"column":69}},"locations":[{"start":{"line":96,"column":44},"end":{"line":96,"column":69}}]},"43":{"type":"branch","line":96,"loc":{"start":{"line":96,"column":51},"end":{"line":97,"column":32}},"locations":[{"start":{"line":96,"column":51},"end":{"line":97,"column":32}}]},"44":{"type":"branch","line":97,"loc":{"start":{"line":97,"column":25},"end":{"line":97,"column":47}},"locations":[{"start":{"line":97,"column":25},"end":{"line":97,"column":47}}]},"45":{"type":"branch","line":97,"loc":{"start":{"line":97,"column":32},"end":{"line":98,"column":32}},"locations":[{"start":{"line":97,"column":32},"end":{"line":98,"column":32}}]},"46":{"type":"branch","line":98,"loc":{"start":{"line":98,"column":25},"end":{"line":99,"column":44}},"locations":[{"start":{"line":98,"column":25},"end":{"line":99,"column":44}}]},"47":{"type":"branch","line":98,"loc":{"start":{"line":98,"column":25},"end":{"line":98,"column":53}},"locations":[{"start":{"line":98,"column":25},"end":{"line":98,"column":53}}]},"48":{"type":"branch","line":99,"loc":{"start":{"line":99,"column":44},"end":{"line":99,"column":71}},"locations":[{"start":{"line":99,"column":44},"end":{"line":99,"column":71}}]},"49":{"type":"branch","line":100,"loc":{"start":{"line":100,"column":2},"end":{"line":101,"column":37}},"locations":[{"start":{"line":100,"column":2},"end":{"line":101,"column":37}}]},"50":{"type":"branch","line":101,"loc":{"start":{"line":101,"column":15},"end":{"line":101,"column":72}},"locations":[{"start":{"line":101,"column":15},"end":{"line":101,"column":72}}]},"51":{"type":"branch","line":101,"loc":{"start":{"line":101,"column":72},"end":{"line":103,"column":3}},"locations":[{"start":{"line":101,"column":72},"end":{"line":103,"column":3}}]},"52":{"type":"branch","line":103,"loc":{"start":{"line":103,"column":2},"end":{"line":104,"column":42}},"locations":[{"start":{"line":103,"column":2},"end":{"line":104,"column":42}}]},"53":{"type":"branch","line":104,"loc":{"start":{"line":104,"column":35},"end":{"line":104,"column":67}},"locations":[{"start":{"line":104,"column":35},"end":{"line":104,"column":67}}]},"54":{"type":"branch","line":104,"loc":{"start":{"line":104,"column":42},"end":{"line":105,"column":22}},"locations":[{"start":{"line":104,"column":42},"end":{"line":105,"column":22}}]},"55":{"type":"branch","line":105,"loc":{"start":{"line":105,"column":22},"end":{"line":111,"column":3}},"locations":[{"start":{"line":105,"column":22},"end":{"line":111,"column":3}}]},"56":{"type":"branch","line":106,"loc":{"start":{"line":106,"column":17},"end":{"line":106,"column":49}},"locations":[{"start":{"line":106,"column":17},"end":{"line":106,"column":49}}]},"57":{"type":"branch","line":106,"loc":{"start":{"line":106,"column":49},"end":{"line":108,"column":5}},"locations":[{"start":{"line":106,"column":49},"end":{"line":108,"column":5}}]},"58":{"type":"branch","line":108,"loc":{"start":{"line":108,"column":4},"end":{"line":109,"column":40}},"locations":[{"start":{"line":108,"column":4},"end":{"line":109,"column":40}}]},"59":{"type":"branch","line":109,"loc":{"start":{"line":109,"column":17},"end":{"line":109,"column":72}},"locations":[{"start":{"line":109,"column":17},"end":{"line":109,"column":72}}]},"60":{"type":"branch","line":109,"loc":{"start":{"line":109,"column":72},"end":{"line":109,"column":99}},"locations":[{"start":{"line":109,"column":72},"end":{"line":109,"column":99}}]},"61":{"type":"branch","line":109,"loc":{"start":{"line":109,"column":79},"end":{"line":110,"column":50}},"locations":[{"start":{"line":109,"column":79},"end":{"line":110,"column":50}}]},"62":{"type":"branch","line":110,"loc":{"start":{"line":110,"column":23},"end":{"line":110,"column":70}},"locations":[{"start":{"line":110,"column":23},"end":{"line":110,"column":70}}]},"63":{"type":"branch","line":111,"loc":{"start":{"line":111,"column":2},"end":{"line":112,"column":23}},"locations":[{"start":{"line":111,"column":2},"end":{"line":112,"column":23}}]},"64":{"type":"branch","line":112,"loc":{"start":{"line":112,"column":16},"end":{"line":112,"column":37}},"locations":[{"start":{"line":112,"column":16},"end":{"line":112,"column":37}}]},"65":{"type":"branch","line":112,"loc":{"start":{"line":112,"column":37},"end":{"line":112,"column":64}},"locations":[{"start":{"line":112,"column":37},"end":{"line":112,"column":64}}]},"66":{"type":"branch","line":112,"loc":{"start":{"line":112,"column":44},"end":{"line":113,"column":37}},"locations":[{"start":{"line":112,"column":44},"end":{"line":113,"column":37}}]},"67":{"type":"branch","line":113,"loc":{"start":{"line":113,"column":37},"end":{"line":113,"column":66}},"locations":[{"start":{"line":113,"column":37},"end":{"line":113,"column":66}}]},"68":{"type":"branch","line":113,"loc":{"start":{"line":113,"column":44},"end":{"line":115,"column":1}},"locations":[{"start":{"line":113,"column":44},"end":{"line":115,"column":1}}]},"69":{"type":"branch","line":117,"loc":{"start":{"line":117,"column":0},"end":{"line":128,"column":1}},"locations":[{"start":{"line":117,"column":0},"end":{"line":128,"column":1}}]},"70":{"type":"branch","line":118,"loc":{"start":{"line":118,"column":23},"end":{"line":118,"column":59}},"locations":[{"start":{"line":118,"column":23},"end":{"line":118,"column":59}}]},"71":{"type":"branch","line":118,"loc":{"start":{"line":118,"column":59},"end":{"line":122,"column":3}},"locations":[{"start":{"line":118,"column":59},"end":{"line":122,"column":3}}]},"72":{"type":"branch","line":119,"loc":{"start":{"line":119,"column":27},"end":{"line":119,"column":60}},"locations":[{"start":{"line":119,"column":27},"end":{"line":119,"column":60}}]},"73":{"type":"branch","line":121,"loc":{"start":{"line":121,"column":44},"end":{"line":121,"column":77}},"locations":[{"start":{"line":121,"column":44},"end":{"line":121,"column":77}}]},"74":{"type":"branch","line":122,"loc":{"start":{"line":122,"column":2},"end":{"line":123,"column":35}},"locations":[{"start":{"line":122,"column":2},"end":{"line":123,"column":35}}]},"75":{"type":"branch","line":123,"loc":{"start":{"line":123,"column":23},"end":{"line":123,"column":55}},"locations":[{"start":{"line":123,"column":23},"end":{"line":123,"column":55}}]},"76":{"type":"branch","line":123,"loc":{"start":{"line":123,"column":55},"end":{"line":123,"column":72}},"locations":[{"start":{"line":123,"column":55},"end":{"line":123,"column":72}}]},"77":{"type":"branch","line":123,"loc":{"start":{"line":123,"column":62},"end":{"line":125,"column":55}},"locations":[{"start":{"line":123,"column":62},"end":{"line":125,"column":55}}]},"78":{"type":"branch","line":123,"loc":{"start":{"line":123,"column":62},"end":{"line":125,"column":34}},"locations":[{"start":{"line":123,"column":62},"end":{"line":125,"column":34}}]},"79":{"type":"branch","line":125,"loc":{"start":{"line":125,"column":29},"end":{"line":125,"column":55}},"locations":[{"start":{"line":125,"column":29},"end":{"line":125,"column":55}}]},"80":{"type":"branch","line":125,"loc":{"start":{"line":125,"column":55},"end":{"line":127,"column":44}},"locations":[{"start":{"line":125,"column":55},"end":{"line":127,"column":44}}]},"81":{"type":"branch","line":125,"loc":{"start":{"line":125,"column":55},"end":{"line":125,"column":86}},"locations":[{"start":{"line":125,"column":55},"end":{"line":125,"column":86}}]},"82":{"type":"branch","line":125,"loc":{"start":{"line":125,"column":84},"end":{"line":127,"column":32}},"locations":[{"start":{"line":125,"column":84},"end":{"line":127,"column":32}}]},"83":{"type":"branch","line":127,"loc":{"start":{"line":127,"column":28},"end":{"line":127,"column":44}},"locations":[{"start":{"line":127,"column":28},"end":{"line":127,"column":44}}]},"84":{"type":"branch","line":127,"loc":{"start":{"line":127,"column":32},"end":{"line":127,"column":75}},"locations":[{"start":{"line":127,"column":32},"end":{"line":127,"column":75}}]},"85":{"type":"branch","line":130,"loc":{"start":{"line":130,"column":0},"end":{"line":155,"column":1}},"locations":[{"start":{"line":130,"column":0},"end":{"line":155,"column":1}}]},"86":{"type":"branch","line":133,"loc":{"start":{"line":133,"column":46},"end":{"line":134,"column":47}},"locations":[{"start":{"line":133,"column":46},"end":{"line":134,"column":47}}]},"87":{"type":"branch","line":134,"loc":{"start":{"line":134,"column":46},"end":{"line":135,"column":47}},"locations":[{"start":{"line":134,"column":46},"end":{"line":135,"column":47}}]},"88":{"type":"branch","line":136,"loc":{"start":{"line":136,"column":4},"end":{"line":136,"column":31}},"locations":[{"start":{"line":136,"column":4},"end":{"line":136,"column":31}}]},"89":{"type":"branch","line":136,"loc":{"start":{"line":136,"column":11},"end":{"line":138,"column":37}},"locations":[{"start":{"line":136,"column":11},"end":{"line":138,"column":37}}]},"90":{"type":"branch","line":138,"loc":{"start":{"line":138,"column":36},"end":{"line":139,"column":47}},"locations":[{"start":{"line":138,"column":36},"end":{"line":139,"column":47}}]},"91":{"type":"branch","line":139,"loc":{"start":{"line":139,"column":46},"end":{"line":140,"column":45}},"locations":[{"start":{"line":139,"column":46},"end":{"line":140,"column":45}}]},"92":{"type":"branch","line":141,"loc":{"start":{"line":141,"column":4},"end":{"line":141,"column":33}},"locations":[{"start":{"line":141,"column":4},"end":{"line":141,"column":33}}]},"93":{"type":"branch","line":141,"loc":{"start":{"line":141,"column":11},"end":{"line":143,"column":33}},"locations":[{"start":{"line":141,"column":11},"end":{"line":143,"column":33}}]},"94":{"type":"branch","line":143,"loc":{"start":{"line":143,"column":32},"end":{"line":144,"column":36}},"locations":[{"start":{"line":143,"column":32},"end":{"line":144,"column":36}}]},"95":{"type":"branch","line":144,"loc":{"start":{"line":144,"column":35},"end":{"line":145,"column":39}},"locations":[{"start":{"line":144,"column":35},"end":{"line":145,"column":39}}]},"96":{"type":"branch","line":145,"loc":{"start":{"line":145,"column":38},"end":{"line":146,"column":44}},"locations":[{"start":{"line":145,"column":38},"end":{"line":146,"column":44}}]},"97":{"type":"branch","line":147,"loc":{"start":{"line":147,"column":4},"end":{"line":147,"column":30}},"locations":[{"start":{"line":147,"column":4},"end":{"line":147,"column":30}}]},"98":{"type":"branch","line":147,"loc":{"start":{"line":147,"column":11},"end":{"line":149,"column":40}},"locations":[{"start":{"line":147,"column":11},"end":{"line":149,"column":40}}]},"99":{"type":"branch","line":149,"loc":{"start":{"line":149,"column":39},"end":{"line":150,"column":45}},"locations":[{"start":{"line":149,"column":39},"end":{"line":150,"column":45}}]},"100":{"type":"branch","line":150,"loc":{"start":{"line":150,"column":44},"end":{"line":151,"column":41}},"locations":[{"start":{"line":150,"column":44},"end":{"line":151,"column":41}}]},"101":{"type":"branch","line":151,"loc":{"start":{"line":151,"column":40},"end":{"line":152,"column":73}},"locations":[{"start":{"line":151,"column":40},"end":{"line":152,"column":73}}]},"102":{"type":"branch","line":152,"loc":{"start":{"line":152,"column":35},"end":{"line":152,"column":73}},"locations":[{"start":{"line":152,"column":35},"end":{"line":152,"column":73}}]},"103":{"type":"branch","line":153,"loc":{"start":{"line":153,"column":4},"end":{"line":153,"column":29}},"locations":[{"start":{"line":153,"column":4},"end":{"line":153,"column":29}}]},"104":{"type":"branch","line":153,"loc":{"start":{"line":153,"column":11},"end":{"line":155,"column":1}},"locations":[{"start":{"line":153,"column":11},"end":{"line":155,"column":1}}]},"105":{"type":"branch","line":157,"loc":{"start":{"line":157,"column":0},"end":{"line":166,"column":1}},"locations":[{"start":{"line":157,"column":0},"end":{"line":166,"column":1}}]},"106":{"type":"branch","line":158,"loc":{"start":{"line":158,"column":14},"end":{"line":158,"column":24}},"locations":[{"start":{"line":158,"column":14},"end":{"line":158,"column":24}}]},"107":{"type":"branch","line":158,"loc":{"start":{"line":158,"column":22},"end":{"line":160,"column":48}},"locations":[{"start":{"line":158,"column":22},"end":{"line":160,"column":48}}]},"108":{"type":"branch","line":158,"loc":{"start":{"line":158,"column":22},"end":{"line":160,"column":34}},"locations":[{"start":{"line":158,"column":22},"end":{"line":160,"column":34}}]},"109":{"type":"branch","line":160,"loc":{"start":{"line":160,"column":29},"end":{"line":160,"column":48}},"locations":[{"start":{"line":160,"column":29},"end":{"line":160,"column":48}}]},"110":{"type":"branch","line":160,"loc":{"start":{"line":160,"column":48},"end":{"line":166,"column":1}},"locations":[{"start":{"line":160,"column":48},"end":{"line":166,"column":1}}]},"111":{"type":"branch","line":160,"loc":{"start":{"line":160,"column":48},"end":{"line":162,"column":3}},"locations":[{"start":{"line":160,"column":48},"end":{"line":162,"column":3}}]},"112":{"type":"branch","line":162,"loc":{"start":{"line":162,"column":2},"end":{"line":164,"column":37}},"locations":[{"start":{"line":162,"column":2},"end":{"line":164,"column":37}}]},"113":{"type":"branch","line":164,"loc":{"start":{"line":164,"column":30},"end":{"line":166,"column":1}},"locations":[{"start":{"line":164,"column":30},"end":{"line":166,"column":1}}]}},"b":{"0":[46],"1":[96],"2":[49],"3":[47],"4":[24],"5":[8],"6":[16],"7":[23],"8":[7],"9":[23],"10":[0],"11":[23],"12":[0],"13":[2],"14":[2],"15":[0],"16":[2],"17":[0],"18":[15],"19":[15],"20":[14],"21":[14],"22":[14],"23":[1],"24":[11],"25":[11],"26":[15],"27":[9],"28":[19],"29":[18],"30":[16],"31":[11],"32":[5],"33":[8],"34":[16],"35":[11],"36":[13],"37":[24],"38":[11],"39":[1],"40":[10],"41":[9],"42":[2],"43":[8],"44":[1],"45":[7],"46":[6],"47":[1],"48":[1],"49":[18],"50":[3],"51":[1],"52":[17],"53":[2],"54":[15],"55":[6],"56":[2],"57":[2],"58":[4],"59":[3],"60":[4],"61":[0],"62":[0],"63":[9],"64":[8],"65":[1],"66":[8],"67":[8],"68":[0],"69":[24],"70":[1],"71":[1],"72":[0],"73":[0],"74":[23],"75":[8],"76":[15],"77":[19],"78":[8],"79":[0],"80":[19],"81":[0],"82":[8],"83":[0],"84":[8],"85":[15],"86":[14],"87":[14],"88":[1],"89":[14],"90":[13],"91":[11],"92":[3],"93":[11],"94":[9],"95":[9],"96":[9],"97":[2],"98":[9],"99":[7],"100":[7],"101":[7],"102":[1],"103":[3],"104":[6],"105":[24],"106":[18],"107":[19],"108":[6],"109":[4],"110":[19],"111":[4],"112":[2],"113":[1]},"fnMap":{"0":{"name":"isRecord","decl":{"start":{"line":9,"column":0},"end":{"line":11,"column":1}},"loc":{"start":{"line":9,"column":0},"end":{"line":11,"column":1}},"line":9},"1":{"name":"stringValue","decl":{"start":{"line":13,"column":0},"end":{"line":15,"column":1}},"loc":{"start":{"line":13,"column":0},"end":{"line":15,"column":1}},"line":13},"2":{"name":"upstreamFailure","decl":{"start":{"line":17,"column":0},"end":{"line":85,"column":1}},"loc":{"start":{"line":17,"column":0},"end":{"line":85,"column":1}},"line":17},"3":{"name":"classifyAvailabilitySignal","decl":{"start":{"line":87,"column":0},"end":{"line":115,"column":1}},"loc":{"start":{"line":87,"column":0},"end":{"line":115,"column":1}},"line":87},"4":{"name":"parseRecoverAt","decl":{"start":{"line":117,"column":0},"end":{"line":128,"column":1}},"loc":{"start":{"line":117,"column":0},"end":{"line":128,"column":1}},"line":117},"5":{"name":"classifyRateLimit","decl":{"start":{"line":130,"column":0},"end":{"line":155,"column":1}},"loc":{"start":{"line":130,"column":0},"end":{"line":155,"column":1}},"line":130},"6":{"name":"parseRetryAfter","decl":{"start":{"line":157,"column":0},"end":{"line":166,"column":1}},"loc":{"start":{"line":157,"column":0},"end":{"line":166,"column":1}},"line":157}},"f":{"0":46,"1":96,"2":24,"3":24,"4":24,"5":15,"6":24}}
}
