{"total": {"lines":{"total":613,"covered":598,"skipped":0,"pct":97.55},"statements":{"total":613,"covered":598,"skipped":0,"pct":97.55},"functions":{"total":29,"covered":29,"skipped":0,"pct":100},"branches":{"total":367,"covered":335,"skipped":0,"pct":91.28},"branchesTrue":{"total":0,"covered":0,"skipped":0,"pct":"Unknown"}}
,"/Users/mac/.codex/worktrees/pool053-054/仟流智算/packages/provider-adapters/src/model-image-capability.ts": {"lines":{"total":49,"covered":49,"skipped":0,"pct":100},"functions":{"total":5,"covered":5,"skipped":0,"pct":100},"statements":{"total":49,"covered":49,"skipped":0,"pct":100},"branches":{"total":48,"covered":43,"skipped":0,"pct":89.58}}
,"/Users/mac/.codex/worktrees/pool053-054/仟流智算/packages/provider-adapters/src/openai-compatible-caller.ts": {"lines":{"total":137,"covered":133,"skipped":0,"pct":97.08},"functions":{"total":2,"covered":2,"skipped":0,"pct":100},"statements":{"total":137,"covered":133,"skipped":0,"pct":97.08},"branches":{"total":47,"covered":42,"skipped":0,"pct":89.36}}
,"/Users/mac/.codex/worktrees/pool053-054/仟流智算/packages/provider-adapters/src/upstream-error-evidence.ts": {"lines":{"total":283,"covered":275,"skipped":0,"pct":97.17},"functions":{"total":15,"covered":15,"skipped":0,"pct":100},"statements":{"total":283,"covered":275,"skipped":0,"pct":97.17},"branches":{"total":158,"covered":148,"skipped":0,"pct":93.67}}
,"/Users/mac/.codex/worktrees/pool053-054/仟流智算/packages/provider-adapters/src/upstream-failure.ts": {"lines":{"total":144,"covered":141,"skipped":0,"pct":97.91},"functions":{"total":7,"covered":7,"skipped":0,"pct":100},"statements":{"total":144,"covered":141,"skipped":0,"pct":97.91},"branches":{"total":114,"covered":102,"skipped":0,"pct":89.47}}
}
