{"/Users/mac/.codex/worktrees/pool053-054/仟流智算/apps/web/src/components/usage/UsageOverviewPanel.tsx": {"path":"/Users/mac/.codex/worktrees/pool053-054/仟流智算/apps/web/src/components/usage/UsageOverviewPanel.tsx","all":false,"statementMap":{"0":{"start":{"line":1,"column":0},"end":{"line":1,"column":42}},"1":{"start":{"line":2,"column":0},"end":{"line":2,"column":57}},"2":{"start":{"line":3,"column":0},"end":{"line":3,"column":54}},"3":{"start":{"line":4,"column":0},"end":{"line":4,"column":60}},"4":{"start":{"line":5,"column":0},"end":{"line":5,"column":50}},"5":{"start":{"line":6,"column":0},"end":{"line":6,"column":54}},"6":{"start":{"line":7,"column":0},"end":{"line":7,"column":53}},"7":{"start":{"line":8,"column":0},"end":{"line":8,"column":58}},"9":{"start":{"line":10,"column":0},"end":{"line":10,"column":38}},"10":{"start":{"line":11,"column":0},"end":{"line":11,"column":48}},"11":{"start":{"line":12,"column":0},"end":{"line":12,"column":88}},"12":{"start":{"line":13,"column":0},"end":{"line":13,"column":146}},"13":{"start":{"line":14,"column":0},"end":{"line":14,"column":51}},"14":{"start":{"line":15,"column":0},"end":{"line":15,"column":67}},"15":{"start":{"line":16,"column":0},"end":{"line":16,"column":55}},"16":{"start":{"line":17,"column":0},"end":{"line":17,"column":238}},"17":{"start":{"line":18,"column":0},"end":{"line":18,"column":46}},"18":{"start":{"line":19,"column":0},"end":{"line":19,"column":268}},"19":{"start":{"line":20,"column":0},"end":{"line":20,"column":61}},"20":{"start":{"line":21,"column":0},"end":{"line":21,"column":72}},"21":{"start":{"line":22,"column":0},"end":{"line":22,"column":89}},"22":{"start":{"line":23,"column":0},"end":{"line":23,"column":45}},"23":{"start":{"line":24,"column":0},"end":{"line":24,"column":96}},"24":{"start":{"line":25,"column":0},"end":{"line":25,"column":39}},"25":{"start":{"line":26,"column":0},"end":{"line":26,"column":4}},"26":{"start":{"line":27,"column":0},"end":{"line":27,"column":88}},"27":{"start":{"line":28,"column":0},"end":{"line":28,"column":73}},"28":{"start":{"line":29,"column":0},"end":{"line":29,"column":137}},"29":{"start":{"line":30,"column":0},"end":{"line":30,"column":26}},"30":{"start":{"line":31,"column":0},"end":{"line":31,"column":284}},"31":{"start":{"line":32,"column":0},"end":{"line":32,"column":80}},"32":{"start":{"line":33,"column":0},"end":{"line":33,"column":36}},"33":{"start":{"line":34,"column":0},"end":{"line":34,"column":86}},"34":{"start":{"line":35,"column":0},"end":{"line":35,"column":104}},"35":{"start":{"line":36,"column":0},"end":{"line":36,"column":226}},"36":{"start":{"line":37,"column":0},"end":{"line":37,"column":442}},"37":{"start":{"line":38,"column":0},"end":{"line":38,"column":326}},"38":{"start":{"line":39,"column":0},"end":{"line":39,"column":185}},"39":{"start":{"line":40,"column":0},"end":{"line":40,"column":12}},"40":{"start":{"line":41,"column":0},"end":{"line":41,"column":10}},"41":{"start":{"line":42,"column":0},"end":{"line":42,"column":394}},"42":{"start":{"line":43,"column":0},"end":{"line":43,"column":1069}},"43":{"start":{"line":44,"column":0},"end":{"line":44,"column":1727}},"44":{"start":{"line":45,"column":0},"end":{"line":45,"column":9}},"45":{"start":{"line":46,"column":0},"end":{"line":46,"column":1}}},"s":{"0":1,"1":1,"2":1,"3":1,"4":1,"5":1,"6":1,"7":1,"9":1,"10":31,"11":31,"12":31,"13":31,"14":31,"15":31,"16":31,"17":31,"18":31,"19":31,"20":8,"21":8,"22":5,"23":5,"24":5,"25":8,"26":31,"27":31,"28":31,"29":23,"30":23,"31":23,"32":23,"33":23,"34":23,"35":23,"36":23,"37":31,"38":31,"39":31,"40":31,"41":31,"42":31,"43":31,"44":31,"45":31},"branchMap":{"0":{"type":"branch","line":10,"loc":{"start":{"line":10,"column":7},"end":{"line":46,"column":1}},"locations":[{"start":{"line":10,"column":7},"end":{"line":46,"column":1}}]},"1":{"type":"branch","line":12,"loc":{"start":{"line":12,"column":53},"end":{"line":12,"column":77}},"locations":[{"start":{"line":12,"column":53},"end":{"line":12,"column":77}}]},"2":{"type":"branch","line":12,"loc":{"start":{"line":12,"column":65},"end":{"line":12,"column":88}},"locations":[{"start":{"line":12,"column":65},"end":{"line":12,"column":88}}]},"3":{"type":"branch","line":13,"loc":{"start":{"line":13,"column":73},"end":{"line":13,"column":80}},"locations":[{"start":{"line":13,"column":73},"end":{"line":13,"column":80}}]},"4":{"type":"branch","line":13,"loc":{"start":{"line":13,"column":103},"end":{"line":13,"column":146}},"locations":[{"start":{"line":13,"column":103},"end":{"line":13,"column":146}}]},"5":{"type":"branch","line":14,"loc":{"start":{"line":14,"column":43},"end":{"line":14,"column":51}},"locations":[{"start":{"line":14,"column":43},"end":{"line":14,"column":51}}]},"6":{"type":"branch","line":16,"loc":{"start":{"line":16,"column":36},"end":{"line":16,"column":55}},"locations":[{"start":{"line":16,"column":36},"end":{"line":16,"column":55}}]},"7":{"type":"branch","line":28,"loc":{"start":{"line":28,"column":23},"end":{"line":28,"column":73}},"locations":[{"start":{"line":28,"column":23},"end":{"line":28,"column":73}}]},"8":{"type":"branch","line":28,"loc":{"start":{"line":28,"column":70},"end":{"line":29,"column":34}},"locations":[{"start":{"line":28,"column":70},"end":{"line":29,"column":34}}]},"9":{"type":"branch","line":28,"loc":{"start":{"line":28,"column":70},"end":{"line":29,"column":21}},"locations":[{"start":{"line":28,"column":70},"end":{"line":29,"column":21}}]},"10":{"type":"branch","line":29,"loc":{"start":{"line":29,"column":12},"end":{"line":29,"column":34}},"locations":[{"start":{"line":29,"column":12},"end":{"line":29,"column":34}}]},"11":{"type":"branch","line":29,"loc":{"start":{"line":29,"column":34},"end":{"line":29,"column":137}},"locations":[{"start":{"line":29,"column":34},"end":{"line":29,"column":137}}]},"12":{"type":"branch","line":29,"loc":{"start":{"line":29,"column":75},"end":{"line":29,"column":98}},"locations":[{"start":{"line":29,"column":75},"end":{"line":29,"column":98}}]},"13":{"type":"branch","line":29,"loc":{"start":{"line":29,"column":134},"end":{"line":38,"column":316}},"locations":[{"start":{"line":29,"column":134},"end":{"line":38,"column":316}}]},"14":{"type":"branch","line":38,"loc":{"start":{"line":38,"column":312},"end":{"line":38,"column":324}},"locations":[{"start":{"line":38,"column":312},"end":{"line":38,"column":324}}]},"15":{"type":"branch","line":44,"loc":{"start":{"line":44,"column":518},"end":{"line":44,"column":582}},"locations":[{"start":{"line":44,"column":518},"end":{"line":44,"column":582}}]},"16":{"type":"branch","line":44,"loc":{"start":{"line":44,"column":577},"end":{"line":44,"column":584}},"locations":[{"start":{"line":44,"column":577},"end":{"line":44,"column":584}}]},"17":{"type":"branch","line":44,"loc":{"start":{"line":44,"column":604},"end":{"line":44,"column":662}},"locations":[{"start":{"line":44,"column":604},"end":{"line":44,"column":662}}]},"18":{"type":"branch","line":44,"loc":{"start":{"line":44,"column":657},"end":{"line":44,"column":664}},"locations":[{"start":{"line":44,"column":657},"end":{"line":44,"column":664}}]},"19":{"type":"branch","line":44,"loc":{"start":{"line":44,"column":1622},"end":{"line":44,"column":1706}},"locations":[{"start":{"line":44,"column":1622},"end":{"line":44,"column":1706}}]},"20":{"type":"branch","line":44,"loc":{"start":{"line":44,"column":1699},"end":{"line":44,"column":1711}},"locations":[{"start":{"line":44,"column":1699},"end":{"line":44,"column":1711}}]},"21":{"type":"branch","line":15,"loc":{"start":{"line":15,"column":35},"end":{"line":15,"column":65}},"locations":[{"start":{"line":15,"column":35},"end":{"line":15,"column":65}}]},"22":{"type":"branch","line":17,"loc":{"start":{"line":17,"column":27},"end":{"line":17,"column":196}},"locations":[{"start":{"line":17,"column":27},"end":{"line":17,"column":196}}]},"23":{"type":"branch","line":17,"loc":{"start":{"line":17,"column":132},"end":{"line":17,"column":168}},"locations":[{"start":{"line":17,"column":132},"end":{"line":17,"column":168}}]},"24":{"type":"branch","line":19,"loc":{"start":{"line":19,"column":14},"end":{"line":19,"column":268}},"locations":[{"start":{"line":19,"column":14},"end":{"line":19,"column":268}}]},"25":{"type":"branch","line":19,"loc":{"start":{"line":19,"column":130},"end":{"line":19,"column":157}},"locations":[{"start":{"line":19,"column":130},"end":{"line":19,"column":157}}]},"26":{"type":"branch","line":19,"loc":{"start":{"line":19,"column":149},"end":{"line":19,"column":175}},"locations":[{"start":{"line":19,"column":149},"end":{"line":19,"column":175}}]},"27":{"type":"branch","line":19,"loc":{"start":{"line":19,"column":203},"end":{"line":19,"column":230}},"locations":[{"start":{"line":19,"column":203},"end":{"line":19,"column":230}}]},"28":{"type":"branch","line":20,"loc":{"start":{"line":20,"column":22},"end":{"line":26,"column":4}},"locations":[{"start":{"line":20,"column":22},"end":{"line":26,"column":4}}]},"29":{"type":"branch","line":22,"loc":{"start":{"line":22,"column":19},"end":{"line":22,"column":56}},"locations":[{"start":{"line":22,"column":19},"end":{"line":22,"column":56}}]},"30":{"type":"branch","line":22,"loc":{"start":{"line":22,"column":56},"end":{"line":22,"column":89}},"locations":[{"start":{"line":22,"column":56},"end":{"line":22,"column":89}}]},"31":{"type":"branch","line":22,"loc":{"start":{"line":22,"column":88},"end":{"line":25,"column":39}},"locations":[{"start":{"line":22,"column":88},"end":{"line":25,"column":39}}]},"32":{"type":"branch","line":27,"loc":{"start":{"line":27,"column":16},"end":{"line":27,"column":88}},"locations":[{"start":{"line":27,"column":16},"end":{"line":27,"column":88}}]},"33":{"type":"branch","line":32,"loc":{"start":{"line":32,"column":44},"end":{"line":32,"column":77}},"locations":[{"start":{"line":32,"column":44},"end":{"line":32,"column":77}}]},"34":{"type":"branch","line":36,"loc":{"start":{"line":36,"column":74},"end":{"line":36,"column":126}},"locations":[{"start":{"line":36,"column":74},"end":{"line":36,"column":126}}]},"35":{"type":"branch","line":37,"loc":{"start":{"line":37,"column":151},"end":{"line":37,"column":434}},"locations":[{"start":{"line":37,"column":151},"end":{"line":37,"column":434}}]},"36":{"type":"branch","line":37,"loc":{"start":{"line":37,"column":277},"end":{"line":37,"column":321}},"locations":[{"start":{"line":37,"column":277},"end":{"line":37,"column":321}}]},"37":{"type":"branch","line":37,"loc":{"start":{"line":37,"column":285},"end":{"line":37,"column":344}},"locations":[{"start":{"line":37,"column":285},"end":{"line":37,"column":344}}]},"38":{"type":"branch","line":37,"loc":{"start":{"line":37,"column":369},"end":{"line":37,"column":404}},"locations":[{"start":{"line":37,"column":369},"end":{"line":37,"column":404}}]},"39":{"type":"branch","line":38,"loc":{"start":{"line":38,"column":101},"end":{"line":38,"column":183}},"locations":[{"start":{"line":38,"column":101},"end":{"line":38,"column":183}}]},"40":{"type":"branch","line":39,"loc":{"start":{"line":39,"column":96},"end":{"line":39,"column":133}},"locations":[{"start":{"line":39,"column":96},"end":{"line":39,"column":133}}]},"41":{"type":"branch","line":42,"loc":{"start":{"line":42,"column":72},"end":{"line":42,"column":386}},"locations":[{"start":{"line":42,"column":72},"end":{"line":42,"column":386}}]},"42":{"type":"branch","line":43,"loc":{"start":{"line":43,"column":607},"end":{"line":43,"column":1051}},"locations":[{"start":{"line":43,"column":607},"end":{"line":43,"column":1051}}]},"43":{"type":"branch","line":43,"loc":{"start":{"line":43,"column":821},"end":{"line":43,"column":828}},"locations":[{"start":{"line":43,"column":821},"end":{"line":43,"column":828}}]},"44":{"type":"branch","line":44,"loc":{"start":{"line":44,"column":1073},"end":{"line":44,"column":1579}},"locations":[{"start":{"line":44,"column":1073},"end":{"line":44,"column":1579}}]},"45":{"type":"branch","line":44,"loc":{"start":{"line":44,"column":1345},"end":{"line":44,"column":1368}},"locations":[{"start":{"line":44,"column":1345},"end":{"line":44,"column":1368}}]},"46":{"type":"branch","line":44,"loc":{"start":{"line":44,"column":1248},"end":{"line":44,"column":1289}},"locations":[{"start":{"line":44,"column":1248},"end":{"line":44,"column":1289}}]}},"b":{"0":[31],"1":[17],"2":[14],"3":[0],"4":[0],"5":[14],"6":[8],"7":[7],"8":[25],"9":[24],"10":[23],"11":[1],"12":[0],"13":[23],"14":[0],"15":[0],"16":[23],"17":[16],"18":[7],"19":[8],"20":[15],"21":[15],"22":[24],"23":[13],"24":[5],"25":[4],"26":[1],"27":[1],"28":[8],"29":[4],"30":[3],"31":[5],"32":[7],"33":[15],"34":[1],"35":[69],"36":[23],"37":[46],"38":[7],"39":[1],"40":[3],"41":[115],"42":[15],"43":[0],"44":[15],"45":[0],"46":[1]},"fnMap":{"0":{"name":"UsageOverviewPanel","decl":{"start":{"line":10,"column":7},"end":{"line":46,"column":1}},"loc":{"start":{"line":10,"column":7},"end":{"line":46,"column":1}},"line":10},"1":{"name":"set","decl":{"start":{"line":19,"column":14},"end":{"line":19,"column":268}},"loc":{"start":{"line":19,"column":14},"end":{"line":19,"column":268}},"line":19},"2":{"name":"chooseRange","decl":{"start":{"line":20,"column":22},"end":{"line":26,"column":4}},"loc":{"start":{"line":20,"column":22},"end":{"line":26,"column":4}},"line":20},"3":{"name":"today","decl":{"start":{"line":27,"column":16},"end":{"line":27,"column":88}},"loc":{"start":{"line":27,"column":16},"end":{"line":27,"column":88}},"line":27},"4":{"name":"onRetry","decl":{"start":{"line":29,"column":107},"end":{"line":29,"column":134}},"loc":{"start":{"line":29,"column":107},"end":{"line":29,"column":134}},"line":29},"5":{"name":"onChange","decl":{"start":{"line":36,"column":74},"end":{"line":36,"column":126}},"loc":{"start":{"line":36,"column":74},"end":{"line":36,"column":126}},"line":36},"6":{"name":"onClick","decl":{"start":{"line":37,"column":369},"end":{"line":37,"column":404}},"loc":{"start":{"line":37,"column":369},"end":{"line":37,"column":404}},"line":37},"7":{"name":"onChange","decl":{"start":{"line":38,"column":101},"end":{"line":38,"column":183}},"loc":{"start":{"line":38,"column":101},"end":{"line":38,"column":183}},"line":38},"8":{"name":"onChange","decl":{"start":{"line":39,"column":96},"end":{"line":39,"column":133}},"loc":{"start":{"line":39,"column":96},"end":{"line":39,"column":133}},"line":39},"9":{"name":"onClick","decl":{"start":{"line":44,"column":1248},"end":{"line":44,"column":1289}},"loc":{"start":{"line":44,"column":1248},"end":{"line":44,"column":1289}},"line":44}},"f":{"0":31,"1":5,"2":8,"3":7,"4":0,"5":1,"6":7,"7":1,"8":3,"9":1}}
}
