{"/Users/mac/Projects/仟流智算/apps/web/src/components/dashboard/OverviewMetricCard.tsx": {"path":"/Users/mac/Projects/仟流智算/apps/web/src/components/dashboard/OverviewMetricCard.tsx","all":false,"statementMap":{"9":{"start":{"line":10,"column":0},"end":{"line":10,"column":44}},"11":{"start":{"line":12,"column":0},"end":{"line":12,"column":40}},"33":{"start":{"line":34,"column":0},"end":{"line":34,"column":48}},"34":{"start":{"line":35,"column":0},"end":{"line":35,"column":76}},"35":{"start":{"line":36,"column":0},"end":{"line":36,"column":77}},"36":{"start":{"line":37,"column":0},"end":{"line":37,"column":53}},"37":{"start":{"line":38,"column":0},"end":{"line":38,"column":1}},"39":{"start":{"line":40,"column":0},"end":{"line":40,"column":36}},"40":{"start":{"line":41,"column":0},"end":{"line":41,"column":92}},"41":{"start":{"line":42,"column":0},"end":{"line":42,"column":15}},"42":{"start":{"line":43,"column":0},"end":{"line":43,"column":29}},"43":{"start":{"line":44,"column":0},"end":{"line":44,"column":10}},"44":{"start":{"line":45,"column":0},"end":{"line":45,"column":9}},"45":{"start":{"line":46,"column":0},"end":{"line":46,"column":36}},"46":{"start":{"line":47,"column":0},"end":{"line":47,"column":18}},"47":{"start":{"line":48,"column":0},"end":{"line":48,"column":79}},"48":{"start":{"line":49,"column":0},"end":{"line":49,"column":98}},"49":{"start":{"line":50,"column":0},"end":{"line":50,"column":66}},"50":{"start":{"line":51,"column":0},"end":{"line":51,"column":18}},"51":{"start":{"line":52,"column":0},"end":{"line":52,"column":26}},"52":{"start":{"line":53,"column":0},"end":{"line":53,"column":13}},"54":{"start":{"line":55,"column":0},"end":{"line":55,"column":96}},"55":{"start":{"line":56,"column":0},"end":{"line":56,"column":28}},"56":{"start":{"line":57,"column":0},"end":{"line":57,"column":64}},"57":{"start":{"line":58,"column":0},"end":{"line":58,"column":13}},"58":{"start":{"line":59,"column":0},"end":{"line":59,"column":35}},"59":{"start":{"line":60,"column":0},"end":{"line":60,"column":54}},"60":{"start":{"line":61,"column":0},"end":{"line":61,"column":17}},"61":{"start":{"line":62,"column":0},"end":{"line":62,"column":24}},"62":{"start":{"line":63,"column":0},"end":{"line":63,"column":93}},"63":{"start":{"line":64,"column":0},"end":{"line":64,"column":36}},"64":{"start":{"line":65,"column":0},"end":{"line":65,"column":60}},"65":{"start":{"line":66,"column":0},"end":{"line":66,"column":24}},"67":{"start":{"line":68,"column":0},"end":{"line":68,"column":19}},"68":{"start":{"line":69,"column":0},"end":{"line":69,"column":19}},"69":{"start":{"line":70,"column":0},"end":{"line":70,"column":98}},"70":{"start":{"line":71,"column":0},"end":{"line":71,"column":15}},"71":{"start":{"line":72,"column":0},"end":{"line":72,"column":43}},"72":{"start":{"line":73,"column":0},"end":{"line":73,"column":15}},"73":{"start":{"line":74,"column":0},"end":{"line":74,"column":112}},"74":{"start":{"line":75,"column":0},"end":{"line":75,"column":69}},"75":{"start":{"line":76,"column":0},"end":{"line":76,"column":24}},"77":{"start":{"line":78,"column":0},"end":{"line":78,"column":20}},"78":{"start":{"line":79,"column":0},"end":{"line":79,"column":17}},"79":{"start":{"line":80,"column":0},"end":{"line":80,"column":11}},"80":{"start":{"line":81,"column":0},"end":{"line":81,"column":13}},"81":{"start":{"line":82,"column":0},"end":{"line":82,"column":106}},"82":{"start":{"line":83,"column":0},"end":{"line":83,"column":16}},"83":{"start":{"line":84,"column":0},"end":{"line":84,"column":94}},"84":{"start":{"line":85,"column":0},"end":{"line":85,"column":15}},"85":{"start":{"line":86,"column":0},"end":{"line":86,"column":19}},"86":{"start":{"line":87,"column":0},"end":{"line":87,"column":101}},"87":{"start":{"line":88,"column":0},"end":{"line":88,"column":15}},"88":{"start":{"line":89,"column":0},"end":{"line":89,"column":15}},"89":{"start":{"line":90,"column":0},"end":{"line":90,"column":97}},"90":{"start":{"line":91,"column":0},"end":{"line":91,"column":15}},"91":{"start":{"line":92,"column":0},"end":{"line":92,"column":11}},"93":{"start":{"line":94,"column":0},"end":{"line":94,"column":1}}},"s":{"9":1,"11":1,"33":76,"34":76,"35":76,"36":1,"37":1,"39":1,"40":76,"41":76,"42":76,"43":76,"44":76,"45":76,"46":76,"47":76,"48":76,"49":76,"50":76,"51":76,"52":76,"54":76,"55":76,"56":76,"57":76,"58":76,"59":76,"60":76,"61":76,"62":76,"63":76,"64":76,"65":76,"67":76,"68":76,"69":76,"70":76,"71":76,"72":1,"73":1,"74":1,"75":1,"77":1,"78":1,"79":76,"80":76,"81":76,"82":76,"83":76,"84":0,"85":76,"86":76,"87":0,"88":76,"89":76,"90":0,"91":76,"93":76},"branchMap":{"0":{"type":"branch","line":34,"loc":{"start":{"line":34,"column":0},"end":{"line":38,"column":1}},"locations":[{"start":{"line":34,"column":0},"end":{"line":38,"column":1}}]},"1":{"type":"branch","line":35,"loc":{"start":{"line":35,"column":25},"end":{"line":35,"column":76}},"locations":[{"start":{"line":35,"column":25},"end":{"line":35,"column":76}}]},"2":{"type":"branch","line":35,"loc":{"start":{"line":35,"column":32},"end":{"line":36,"column":33}},"locations":[{"start":{"line":35,"column":32},"end":{"line":36,"column":33}}]},"3":{"type":"branch","line":36,"loc":{"start":{"line":36,"column":26},"end":{"line":36,"column":77}},"locations":[{"start":{"line":36,"column":26},"end":{"line":36,"column":77}}]},"4":{"type":"branch","line":36,"loc":{"start":{"line":36,"column":33},"end":{"line":38,"column":1}},"locations":[{"start":{"line":36,"column":33},"end":{"line":38,"column":1}}]},"5":{"type":"branch","line":40,"loc":{"start":{"line":40,"column":7},"end":{"line":94,"column":1}},"locations":[{"start":{"line":40,"column":7},"end":{"line":94,"column":1}}]},"6":{"type":"branch","line":65,"loc":{"start":{"line":65,"column":14},"end":{"line":65,"column":47}},"locations":[{"start":{"line":65,"column":14},"end":{"line":65,"column":47}}]},"7":{"type":"branch","line":65,"loc":{"start":{"line":65,"column":23},"end":{"line":65,"column":60}},"locations":[{"start":{"line":65,"column":23},"end":{"line":65,"column":60}}]},"8":{"type":"branch","line":70,"loc":{"start":{"line":70,"column":11},"end":{"line":70,"column":93}},"locations":[{"start":{"line":70,"column":11},"end":{"line":70,"column":93}}]},"9":{"type":"branch","line":70,"loc":{"start":{"line":70,"column":83},"end":{"line":70,"column":98}},"locations":[{"start":{"line":70,"column":83},"end":{"line":70,"column":98}}]},"10":{"type":"branch","line":82,"loc":{"start":{"line":82,"column":7},"end":{"line":82,"column":101}},"locations":[{"start":{"line":82,"column":7},"end":{"line":82,"column":101}}]},"11":{"type":"branch","line":82,"loc":{"start":{"line":82,"column":91},"end":{"line":82,"column":106}},"locations":[{"start":{"line":82,"column":91},"end":{"line":82,"column":106}}]},"12":{"type":"branch","line":84,"loc":{"start":{"line":84,"column":87},"end":{"line":85,"column":15}},"locations":[{"start":{"line":84,"column":87},"end":{"line":85,"column":15}}]},"13":{"type":"branch","line":87,"loc":{"start":{"line":87,"column":94},"end":{"line":88,"column":15}},"locations":[{"start":{"line":87,"column":94},"end":{"line":88,"column":15}}]},"14":{"type":"branch","line":90,"loc":{"start":{"line":90,"column":90},"end":{"line":91,"column":15}},"locations":[{"start":{"line":90,"column":90},"end":{"line":91,"column":15}}]},"15":{"type":"branch","line":72,"loc":{"start":{"line":72,"column":30},"end":{"line":79,"column":17}},"locations":[{"start":{"line":72,"column":30},"end":{"line":79,"column":17}}]},"16":{"type":"branch","line":75,"loc":{"start":{"line":75,"column":28},"end":{"line":75,"column":49}},"locations":[{"start":{"line":75,"column":28},"end":{"line":75,"column":49}}]}},"b":{"0":[76],"1":[60],"2":[16],"3":[15],"4":[1],"5":[76],"6":[19],"7":[57],"8":[57],"9":[19],"10":[2],"11":[74],"12":[0],"13":[0],"14":[0],"15":[1],"16":[0]},"fnMap":{"0":{"name":"valueSizeClass","decl":{"start":{"line":34,"column":0},"end":{"line":38,"column":1}},"loc":{"start":{"line":34,"column":0},"end":{"line":38,"column":1}},"line":34},"1":{"name":"OverviewMetricCard","decl":{"start":{"line":40,"column":7},"end":{"line":94,"column":1}},"loc":{"start":{"line":40,"column":7},"end":{"line":94,"column":1}},"line":40}},"f":{"0":76,"1":76}}
,"/Users/mac/Projects/仟流智算/apps/web/src/components/dashboard/ProviderResourcesPanel.tsx": {"path":"/Users/mac/Projects/仟流智算/apps/web/src/components/dashboard/ProviderResourcesPanel.tsx","all":false,"statementMap":{"7":{"start":{"line":8,"column":0},"end":{"line":8,"column":37}},"8":{"start":{"line":9,"column":0},"end":{"line":9,"column":40}},"11":{"start":{"line":12,"column":0},"end":{"line":12,"column":50}},"12":{"start":{"line":13,"column":0},"end":{"line":13,"column":55}},"17":{"start":{"line":18,"column":0},"end":{"line":18,"column":101}},"18":{"start":{"line":19,"column":0},"end":{"line":19,"column":20}},"19":{"start":{"line":20,"column":0},"end":{"line":20,"column":30}},"20":{"start":{"line":21,"column":0},"end":{"line":21,"column":21}},"21":{"start":{"line":22,"column":0},"end":{"line":22,"column":29}},"22":{"start":{"line":23,"column":0},"end":{"line":23,"column":2}},"24":{"start":{"line":25,"column":0},"end":{"line":25,"column":64}},"25":{"start":{"line":26,"column":0},"end":{"line":26,"column":15}},"26":{"start":{"line":27,"column":0},"end":{"line":27,"column":27}},"27":{"start":{"line":28,"column":0},"end":{"line":28,"column":17}},"28":{"start":{"line":29,"column":0},"end":{"line":29,"column":25}},"29":{"start":{"line":30,"column":0},"end":{"line":30,"column":2}},"32":{"start":{"line":33,"column":0},"end":{"line":33,"column":22}},"33":{"start":{"line":34,"column":0},"end":{"line":34,"column":31}},"34":{"start":{"line":35,"column":0},"end":{"line":35,"column":31}},"35":{"start":{"line":36,"column":0},"end":{"line":36,"column":29}},"36":{"start":{"line":37,"column":0},"end":{"line":37,"column":31}},"37":{"start":{"line":38,"column":0},"end":{"line":38,"column":11}},"39":{"start":{"line":40,"column":0},"end":{"line":40,"column":90}},"40":{"start":{"line":41,"column":0},"end":{"line":41,"column":10}},"41":{"start":{"line":42,"column":0},"end":{"line":42,"column":9}},"42":{"start":{"line":43,"column":0},"end":{"line":43,"column":154}},"44":{"start":{"line":45,"column":0},"end":{"line":45,"column":73}},"45":{"start":{"line":46,"column":0},"end":{"line":46,"column":13}},"46":{"start":{"line":47,"column":0},"end":{"line":47,"column":11}},"48":{"start":{"line":49,"column":0},"end":{"line":49,"column":1}},"50":{"start":{"line":51,"column":0},"end":{"line":51,"column":74}},"51":{"start":{"line":52,"column":0},"end":{"line":52,"column":13}},"52":{"start":{"line":53,"column":0},"end":{"line":53,"column":29}},"53":{"start":{"line":54,"column":0},"end":{"line":54,"column":2}},"55":{"start":{"line":56,"column":0},"end":{"line":56,"column":67}},"56":{"start":{"line":57,"column":0},"end":{"line":57,"column":87}},"57":{"start":{"line":58,"column":0},"end":{"line":58,"column":1}},"59":{"start":{"line":60,"column":0},"end":{"line":60,"column":81}},"60":{"start":{"line":61,"column":0},"end":{"line":61,"column":41}},"61":{"start":{"line":62,"column":0},"end":{"line":62,"column":12}},"62":{"start":{"line":63,"column":0},"end":{"line":63,"column":17}},"63":{"start":{"line":64,"column":0},"end":{"line":64,"column":75}},"64":{"start":{"line":65,"column":0},"end":{"line":65,"column":20}},"65":{"start":{"line":66,"column":0},"end":{"line":66,"column":24}},"66":{"start":{"line":67,"column":0},"end":{"line":67,"column":8}},"68":{"start":{"line":69,"column":0},"end":{"line":69,"column":3}},"69":{"start":{"line":70,"column":0},"end":{"line":70,"column":10}},"70":{"start":{"line":71,"column":0},"end":{"line":71,"column":47}},"71":{"start":{"line":72,"column":0},"end":{"line":72,"column":94}},"72":{"start":{"line":73,"column":0},"end":{"line":73,"column":47}},"73":{"start":{"line":74,"column":0},"end":{"line":74,"column":71}},"74":{"start":{"line":75,"column":0},"end":{"line":75,"column":15}},"75":{"start":{"line":76,"column":0},"end":{"line":76,"column":49}},"76":{"start":{"line":77,"column":0},"end":{"line":77,"column":15}},"77":{"start":{"line":78,"column":0},"end":{"line":78,"column":146}},"78":{"start":{"line":79,"column":0},"end":{"line":79,"column":55}},"80":{"start":{"line":81,"column":0},"end":{"line":81,"column":51}},"81":{"start":{"line":82,"column":0},"end":{"line":82,"column":17}},"82":{"start":{"line":83,"column":0},"end":{"line":83,"column":17}},"83":{"start":{"line":84,"column":0},"end":{"line":84,"column":12}},"84":{"start":{"line":85,"column":0},"end":{"line":85,"column":39}},"85":{"start":{"line":86,"column":0},"end":{"line":86,"column":72}},"86":{"start":{"line":87,"column":0},"end":{"line":87,"column":17}},"87":{"start":{"line":88,"column":0},"end":{"line":88,"column":98}},"88":{"start":{"line":89,"column":0},"end":{"line":89,"column":80}},"89":{"start":{"line":90,"column":0},"end":{"line":90,"column":77}},"90":{"start":{"line":91,"column":0},"end":{"line":91,"column":66}},"91":{"start":{"line":92,"column":0},"end":{"line":92,"column":64}},"92":{"start":{"line":93,"column":0},"end":{"line":93,"column":17}},"93":{"start":{"line":94,"column":0},"end":{"line":94,"column":18}},"94":{"start":{"line":95,"column":0},"end":{"line":95,"column":17}},"95":{"start":{"line":96,"column":0},"end":{"line":96,"column":52}},"96":{"start":{"line":97,"column":0},"end":{"line":97,"column":17}},"97":{"start":{"line":98,"column":0},"end":{"line":98,"column":119}},"98":{"start":{"line":99,"column":0},"end":{"line":99,"column":47}},"99":{"start":{"line":100,"column":0},"end":{"line":100,"column":73}},"101":{"start":{"line":102,"column":0},"end":{"line":102,"column":44}},"102":{"start":{"line":103,"column":0},"end":{"line":103,"column":59}},"103":{"start":{"line":104,"column":0},"end":{"line":104,"column":25}},"104":{"start":{"line":105,"column":0},"end":{"line":105,"column":33}},"105":{"start":{"line":106,"column":0},"end":{"line":106,"column":176}},"107":{"start":{"line":108,"column":0},"end":{"line":108,"column":71}},"108":{"start":{"line":109,"column":0},"end":{"line":109,"column":27}},"109":{"start":{"line":110,"column":0},"end":{"line":110,"column":45}},"110":{"start":{"line":111,"column":0},"end":{"line":111,"column":103}},"111":{"start":{"line":112,"column":0},"end":{"line":112,"column":78}},"112":{"start":{"line":113,"column":0},"end":{"line":113,"column":61}},"113":{"start":{"line":114,"column":0},"end":{"line":114,"column":28}},"114":{"start":{"line":115,"column":0},"end":{"line":115,"column":26}},"115":{"start":{"line":116,"column":0},"end":{"line":116,"column":24}},"116":{"start":{"line":117,"column":0},"end":{"line":117,"column":21}},"117":{"start":{"line":118,"column":0},"end":{"line":118,"column":44}},"118":{"start":{"line":119,"column":0},"end":{"line":119,"column":29}},"119":{"start":{"line":120,"column":0},"end":{"line":120,"column":67}},"120":{"start":{"line":121,"column":0},"end":{"line":121,"column":65}},"121":{"start":{"line":122,"column":0},"end":{"line":122,"column":20}},"122":{"start":{"line":123,"column":0},"end":{"line":123,"column":59}},"123":{"start":{"line":124,"column":0},"end":{"line":124,"column":81}},"124":{"start":{"line":125,"column":0},"end":{"line":125,"column":44}},"125":{"start":{"line":126,"column":0},"end":{"line":126,"column":27}},"126":{"start":{"line":127,"column":0},"end":{"line":127,"column":27}},"127":{"start":{"line":128,"column":0},"end":{"line":128,"column":21}},"128":{"start":{"line":129,"column":0},"end":{"line":129,"column":44}},"129":{"start":{"line":130,"column":0},"end":{"line":130,"column":41}},"130":{"start":{"line":131,"column":0},"end":{"line":131,"column":97}},"131":{"start":{"line":132,"column":0},"end":{"line":132,"column":42}},"132":{"start":{"line":133,"column":0},"end":{"line":133,"column":27}},"134":{"start":{"line":135,"column":0},"end":{"line":135,"column":66}},"136":{"start":{"line":137,"column":0},"end":{"line":137,"column":21}},"137":{"start":{"line":138,"column":0},"end":{"line":138,"column":44}},"138":{"start":{"line":139,"column":0},"end":{"line":139,"column":23}},"139":{"start":{"line":140,"column":0},"end":{"line":140,"column":70}},"140":{"start":{"line":141,"column":0},"end":{"line":141,"column":174}},"141":{"start":{"line":142,"column":0},"end":{"line":142,"column":53}},"142":{"start":{"line":143,"column":0},"end":{"line":143,"column":19}},"144":{"start":{"line":145,"column":0},"end":{"line":145,"column":25}},"145":{"start":{"line":146,"column":0},"end":{"line":146,"column":21}},"146":{"start":{"line":147,"column":0},"end":{"line":147,"column":19}},"147":{"start":{"line":148,"column":0},"end":{"line":148,"column":15}},"148":{"start":{"line":149,"column":0},"end":{"line":149,"column":18}},"149":{"start":{"line":150,"column":0},"end":{"line":150,"column":16}},"150":{"start":{"line":151,"column":0},"end":{"line":151,"column":12}},"151":{"start":{"line":152,"column":0},"end":{"line":152,"column":94}},"152":{"start":{"line":153,"column":0},"end":{"line":153,"column":28}},"153":{"start":{"line":154,"column":0},"end":{"line":154,"column":65}},"154":{"start":{"line":155,"column":0},"end":{"line":155,"column":23}},"155":{"start":{"line":156,"column":0},"end":{"line":156,"column":33}},"156":{"start":{"line":157,"column":0},"end":{"line":157,"column":10}},"157":{"start":{"line":158,"column":0},"end":{"line":158,"column":10}},"159":{"start":{"line":160,"column":0},"end":{"line":160,"column":1}}},"s":{"7":1,"8":1,"11":1,"12":1,"17":1,"18":1,"19":1,"20":1,"21":1,"22":1,"24":1,"25":1,"26":1,"27":1,"28":1,"29":1,"32":1,"33":1,"34":1,"35":1,"36":1,"37":1,"39":34,"40":34,"41":34,"42":34,"44":34,"45":34,"46":34,"48":34,"50":1,"51":1,"52":1,"53":1,"55":34,"56":34,"57":34,"59":1,"60":19,"61":2,"62":2,"63":2,"64":2,"65":2,"66":2,"68":2,"69":17,"70":17,"71":17,"72":17,"73":17,"74":17,"75":17,"76":17,"77":17,"78":17,"80":17,"81":17,"82":0,"83":19,"84":19,"85":19,"86":19,"87":19,"88":19,"89":19,"90":19,"91":19,"92":19,"93":19,"94":19,"95":19,"96":34,"97":34,"98":34,"99":34,"101":34,"102":34,"103":34,"104":34,"105":34,"107":34,"108":34,"109":34,"110":34,"111":34,"112":34,"113":34,"114":34,"115":34,"116":34,"117":34,"118":34,"119":34,"120":34,"121":34,"122":34,"123":17,"124":17,"125":17,"126":17,"127":34,"128":34,"129":34,"130":17,"131":17,"132":17,"134":17,"136":34,"137":34,"138":34,"139":34,"140":34,"141":34,"142":34,"144":34,"145":34,"146":34,"147":19,"148":19,"149":19,"150":19,"151":19,"152":19,"153":17,"154":0,"155":19,"156":19,"157":19,"159":19},"branchMap":{"0":{"type":"branch","line":40,"loc":{"start":{"line":40,"column":0},"end":{"line":49,"column":1}},"locations":[{"start":{"line":40,"column":0},"end":{"line":49,"column":1}}]},"1":{"type":"branch","line":56,"loc":{"start":{"line":56,"column":0},"end":{"line":58,"column":1}},"locations":[{"start":{"line":56,"column":0},"end":{"line":58,"column":1}}]},"2":{"type":"branch","line":57,"loc":{"start":{"line":57,"column":19},"end":{"line":57,"column":75}},"locations":[{"start":{"line":57,"column":19},"end":{"line":57,"column":75}}]},"3":{"type":"branch","line":60,"loc":{"start":{"line":60,"column":7},"end":{"line":160,"column":1}},"locations":[{"start":{"line":60,"column":7},"end":{"line":160,"column":1}}]},"4":{"type":"branch","line":61,"loc":{"start":{"line":61,"column":40},"end":{"line":69,"column":3}},"locations":[{"start":{"line":61,"column":40},"end":{"line":69,"column":3}}]},"5":{"type":"branch","line":69,"loc":{"start":{"line":69,"column":2},"end":{"line":82,"column":17}},"locations":[{"start":{"line":69,"column":2},"end":{"line":82,"column":17}}]},"6":{"type":"branch","line":82,"loc":{"start":{"line":82,"column":10},"end":{"line":83,"column":17}},"locations":[{"start":{"line":82,"column":10},"end":{"line":83,"column":17}}]},"7":{"type":"branch","line":153,"loc":{"start":{"line":153,"column":19},"end":{"line":154,"column":65}},"locations":[{"start":{"line":153,"column":19},"end":{"line":154,"column":65}}]},"8":{"type":"branch","line":154,"loc":{"start":{"line":154,"column":63},"end":{"line":155,"column":23}},"locations":[{"start":{"line":154,"column":63},"end":{"line":155,"column":23}}]},"9":{"type":"branch","line":96,"loc":{"start":{"line":96,"column":37},"end":{"line":147,"column":19}},"locations":[{"start":{"line":96,"column":37},"end":{"line":147,"column":19}}]},"10":{"type":"branch","line":123,"loc":{"start":{"line":123,"column":47},"end":{"line":126,"column":27}},"locations":[{"start":{"line":123,"column":47},"end":{"line":126,"column":27}}]},"11":{"type":"branch","line":126,"loc":{"start":{"line":126,"column":20},"end":{"line":127,"column":27}},"locations":[{"start":{"line":126,"column":20},"end":{"line":127,"column":27}}]},"12":{"type":"branch","line":130,"loc":{"start":{"line":130,"column":28},"end":{"line":133,"column":27}},"locations":[{"start":{"line":130,"column":28},"end":{"line":133,"column":27}}]},"13":{"type":"branch","line":133,"loc":{"start":{"line":133,"column":20},"end":{"line":135,"column":66}},"locations":[{"start":{"line":133,"column":20},"end":{"line":135,"column":66}}]}},"b":{"0":[34],"1":[34],"2":[34],"3":[19],"4":[2],"5":[17],"6":[0],"7":[17],"8":[0],"9":[34],"10":[17],"11":[17],"12":[17],"13":[17]},"fnMap":{"0":{"name":"StatusPill","decl":{"start":{"line":40,"column":0},"end":{"line":49,"column":1}},"loc":{"start":{"line":40,"column":0},"end":{"line":49,"column":1}},"line":40},"1":{"name":"providerModesDetail","decl":{"start":{"line":56,"column":0},"end":{"line":58,"column":1}},"loc":{"start":{"line":56,"column":0},"end":{"line":58,"column":1}},"line":56},"2":{"name":"ProviderResourcesPanel","decl":{"start":{"line":60,"column":7},"end":{"line":160,"column":1}},"loc":{"start":{"line":60,"column":7},"end":{"line":160,"column":1}},"line":60}},"f":{"0":34,"1":34,"2":19}}
,"/Users/mac/Projects/仟流智算/apps/web/src/components/dashboard/standard-home-model.ts": {"path":"/Users/mac/Projects/仟流智算/apps/web/src/components/dashboard/standard-home-model.ts","all":false,"statementMap":{"8":{"start":{"line":9,"column":0},"end":{"line":9,"column":66}},"10":{"start":{"line":11,"column":0},"end":{"line":11,"column":41}},"13":{"start":{"line":14,"column":0},"end":{"line":14,"column":86}},"14":{"start":{"line":15,"column":0},"end":{"line":15,"column":31}},"15":{"start":{"line":16,"column":0},"end":{"line":16,"column":31}},"16":{"start":{"line":17,"column":0},"end":{"line":17,"column":71}},"17":{"start":{"line":18,"column":0},"end":{"line":18,"column":3}},"18":{"start":{"line":19,"column":0},"end":{"line":19,"column":26}},"19":{"start":{"line":20,"column":0},"end":{"line":20,"column":66}},"20":{"start":{"line":21,"column":0},"end":{"line":21,"column":3}},"21":{"start":{"line":22,"column":0},"end":{"line":22,"column":66}},"22":{"start":{"line":23,"column":0},"end":{"line":23,"column":1}},"24":{"start":{"line":25,"column":0},"end":{"line":25,"column":59}},"25":{"start":{"line":26,"column":0},"end":{"line":26,"column":40}},"26":{"start":{"line":27,"column":0},"end":{"line":27,"column":29}},"27":{"start":{"line":28,"column":0},"end":{"line":28,"column":32}},"28":{"start":{"line":29,"column":0},"end":{"line":29,"column":84}},"29":{"start":{"line":30,"column":0},"end":{"line":30,"column":1}},"35":{"start":{"line":36,"column":0},"end":{"line":36,"column":87}},"36":{"start":{"line":37,"column":0},"end":{"line":37,"column":40}},"37":{"start":{"line":38,"column":0},"end":{"line":38,"column":42}},"38":{"start":{"line":39,"column":0},"end":{"line":39,"column":99}},"39":{"start":{"line":40,"column":0},"end":{"line":40,"column":16}},"40":{"start":{"line":41,"column":0},"end":{"line":41,"column":3}},"41":{"start":{"line":42,"column":0},"end":{"line":42,"column":61}},"42":{"start":{"line":43,"column":0},"end":{"line":43,"column":57}},"43":{"start":{"line":44,"column":0},"end":{"line":44,"column":41}},"44":{"start":{"line":45,"column":0},"end":{"line":45,"column":1}},"47":{"start":{"line":48,"column":0},"end":{"line":48,"column":38}},"48":{"start":{"line":49,"column":0},"end":{"line":49,"column":58}},"49":{"start":{"line":50,"column":0},"end":{"line":50,"column":59}},"50":{"start":{"line":51,"column":0},"end":{"line":51,"column":12}},"51":{"start":{"line":52,"column":0},"end":{"line":52,"column":78}},"52":{"start":{"line":53,"column":0},"end":{"line":53,"column":67}},"53":{"start":{"line":54,"column":0},"end":{"line":54,"column":49}},"54":{"start":{"line":55,"column":0},"end":{"line":55,"column":1}},"57":{"start":{"line":58,"column":0},"end":{"line":58,"column":41}},"58":{"start":{"line":59,"column":0},"end":{"line":59,"column":59}},"59":{"start":{"line":60,"column":0},"end":{"line":60,"column":18}},"60":{"start":{"line":61,"column":0},"end":{"line":61,"column":91}},"61":{"start":{"line":62,"column":0},"end":{"line":62,"column":64}},"62":{"start":{"line":63,"column":0},"end":{"line":63,"column":14}},"63":{"start":{"line":64,"column":0},"end":{"line":64,"column":1}},"66":{"start":{"line":67,"column":0},"end":{"line":67,"column":50}},"67":{"start":{"line":68,"column":0},"end":{"line":68,"column":44}},"68":{"start":{"line":69,"column":0},"end":{"line":69,"column":43}},"69":{"start":{"line":70,"column":0},"end":{"line":70,"column":49}},"70":{"start":{"line":71,"column":0},"end":{"line":71,"column":43}},"71":{"start":{"line":72,"column":0},"end":{"line":72,"column":49}},"72":{"start":{"line":73,"column":0},"end":{"line":73,"column":47}},"73":{"start":{"line":74,"column":0},"end":{"line":74,"column":2}},"75":{"start":{"line":76,"column":0},"end":{"line":76,"column":54}},"76":{"start":{"line":77,"column":0},"end":{"line":77,"column":32}},"77":{"start":{"line":78,"column":0},"end":{"line":78,"column":46}},"78":{"start":{"line":79,"column":0},"end":{"line":79,"column":31}},"79":{"start":{"line":80,"column":0},"end":{"line":80,"column":55}},"80":{"start":{"line":81,"column":0},"end":{"line":81,"column":1}},"83":{"start":{"line":84,"column":0},"end":{"line":84,"column":85}},"84":{"start":{"line":85,"column":0},"end":{"line":85,"column":74}},"85":{"start":{"line":86,"column":0},"end":{"line":86,"column":74}},"86":{"start":{"line":87,"column":0},"end":{"line":87,"column":20}},"87":{"start":{"line":88,"column":0},"end":{"line":88,"column":1}},"90":{"start":{"line":91,"column":0},"end":{"line":91,"column":61}},"91":{"start":{"line":92,"column":0},"end":{"line":92,"column":29}},"92":{"start":{"line":93,"column":0},"end":{"line":93,"column":47}},"93":{"start":{"line":94,"column":0},"end":{"line":94,"column":64}},"94":{"start":{"line":95,"column":0},"end":{"line":95,"column":64}},"95":{"start":{"line":96,"column":0},"end":{"line":96,"column":136}},"96":{"start":{"line":97,"column":0},"end":{"line":97,"column":1}},"99":{"start":{"line":100,"column":0},"end":{"line":100,"column":73}},"100":{"start":{"line":101,"column":0},"end":{"line":101,"column":73}},"101":{"start":{"line":102,"column":0},"end":{"line":102,"column":25}},"102":{"start":{"line":103,"column":0},"end":{"line":103,"column":61}},"103":{"start":{"line":104,"column":0},"end":{"line":104,"column":3}},"104":{"start":{"line":105,"column":0},"end":{"line":105,"column":63}},"105":{"start":{"line":106,"column":0},"end":{"line":106,"column":49}},"106":{"start":{"line":107,"column":0},"end":{"line":107,"column":1}},"109":{"start":{"line":110,"column":0},"end":{"line":110,"column":69}},"110":{"start":{"line":111,"column":0},"end":{"line":111,"column":75}},"111":{"start":{"line":112,"column":0},"end":{"line":112,"column":74}},"112":{"start":{"line":113,"column":0},"end":{"line":113,"column":8}},"113":{"start":{"line":114,"column":0},"end":{"line":114,"column":53}},"114":{"start":{"line":115,"column":0},"end":{"line":115,"column":66}},"115":{"start":{"line":116,"column":0},"end":{"line":116,"column":1}},"118":{"start":{"line":119,"column":0},"end":{"line":119,"column":35}},"119":{"start":{"line":120,"column":0},"end":{"line":120,"column":55}},"120":{"start":{"line":121,"column":0},"end":{"line":121,"column":56}},"121":{"start":{"line":122,"column":0},"end":{"line":122,"column":18}},"122":{"start":{"line":123,"column":0},"end":{"line":123,"column":65}},"123":{"start":{"line":124,"column":0},"end":{"line":124,"column":66}},"124":{"start":{"line":125,"column":0},"end":{"line":125,"column":70}},"125":{"start":{"line":126,"column":0},"end":{"line":126,"column":1}},"128":{"start":{"line":129,"column":0},"end":{"line":129,"column":34}},"129":{"start":{"line":130,"column":0},"end":{"line":130,"column":72}},"130":{"start":{"line":131,"column":0},"end":{"line":131,"column":23}},"131":{"start":{"line":132,"column":0},"end":{"line":132,"column":11}},"132":{"start":{"line":133,"column":0},"end":{"line":133,"column":71}},"133":{"start":{"line":134,"column":0},"end":{"line":134,"column":46}},"134":{"start":{"line":135,"column":0},"end":{"line":135,"column":16}},"135":{"start":{"line":136,"column":0},"end":{"line":136,"column":1}},"155":{"start":{"line":156,"column":0},"end":{"line":156,"column":35}},"156":{"start":{"line":157,"column":0},"end":{"line":157,"column":28}},"157":{"start":{"line":158,"column":0},"end":{"line":158,"column":57}},"158":{"start":{"line":159,"column":0},"end":{"line":159,"column":32}},"159":{"start":{"line":160,"column":0},"end":{"line":160,"column":71}},"160":{"start":{"line":161,"column":0},"end":{"line":161,"column":73}},"161":{"start":{"line":162,"column":0},"end":{"line":162,"column":79}},"162":{"start":{"line":163,"column":0},"end":{"line":163,"column":38}},"163":{"start":{"line":164,"column":0},"end":{"line":164,"column":80}},"164":{"start":{"line":165,"column":0},"end":{"line":165,"column":11}},"165":{"start":{"line":166,"column":0},"end":{"line":166,"column":33}},"166":{"start":{"line":167,"column":0},"end":{"line":167,"column":29}},"167":{"start":{"line":168,"column":0},"end":{"line":168,"column":64}},"168":{"start":{"line":169,"column":0},"end":{"line":169,"column":27}},"169":{"start":{"line":170,"column":0},"end":{"line":170,"column":31}},"170":{"start":{"line":171,"column":0},"end":{"line":171,"column":69}},"172":{"start":{"line":173,"column":0},"end":{"line":173,"column":32}},"173":{"start":{"line":174,"column":0},"end":{"line":174,"column":61}},"174":{"start":{"line":175,"column":0},"end":{"line":175,"column":67}},"175":{"start":{"line":176,"column":0},"end":{"line":176,"column":60}},"176":{"start":{"line":177,"column":0},"end":{"line":177,"column":47}},"177":{"start":{"line":178,"column":0},"end":{"line":178,"column":34}},"178":{"start":{"line":179,"column":0},"end":{"line":179,"column":84}},"179":{"start":{"line":180,"column":0},"end":{"line":180,"column":11}},"180":{"start":{"line":181,"column":0},"end":{"line":181,"column":31}},"181":{"start":{"line":182,"column":0},"end":{"line":182,"column":28}},"182":{"start":{"line":183,"column":0},"end":{"line":183,"column":19}},"183":{"start":{"line":184,"column":0},"end":{"line":184,"column":23}},"184":{"start":{"line":185,"column":0},"end":{"line":185,"column":22}},"185":{"start":{"line":186,"column":0},"end":{"line":186,"column":29}},"186":{"start":{"line":187,"column":0},"end":{"line":187,"column":48}},"187":{"start":{"line":188,"column":0},"end":{"line":188,"column":62}},"188":{"start":{"line":189,"column":0},"end":{"line":189,"column":28}},"189":{"start":{"line":190,"column":0},"end":{"line":190,"column":28}},"190":{"start":{"line":191,"column":0},"end":{"line":191,"column":40}},"191":{"start":{"line":192,"column":0},"end":{"line":192,"column":42}},"192":{"start":{"line":193,"column":0},"end":{"line":193,"column":54}},"193":{"start":{"line":194,"column":0},"end":{"line":194,"column":108}},"194":{"start":{"line":195,"column":0},"end":{"line":195,"column":15}},"195":{"start":{"line":196,"column":0},"end":{"line":196,"column":33}},"196":{"start":{"line":197,"column":0},"end":{"line":197,"column":38}},"197":{"start":{"line":198,"column":0},"end":{"line":198,"column":83}},"198":{"start":{"line":199,"column":0},"end":{"line":199,"column":3}},"199":{"start":{"line":200,"column":0},"end":{"line":200,"column":62}},"200":{"start":{"line":201,"column":0},"end":{"line":201,"column":19}},"201":{"start":{"line":202,"column":0},"end":{"line":202,"column":47}},"202":{"start":{"line":203,"column":0},"end":{"line":203,"column":21}},"203":{"start":{"line":204,"column":0},"end":{"line":204,"column":30}},"205":{"start":{"line":206,"column":0},"end":{"line":206,"column":10}},"206":{"start":{"line":207,"column":0},"end":{"line":207,"column":12}},"207":{"start":{"line":208,"column":0},"end":{"line":208,"column":32}},"208":{"start":{"line":209,"column":0},"end":{"line":209,"column":30}},"209":{"start":{"line":210,"column":0},"end":{"line":210,"column":24}},"210":{"start":{"line":211,"column":0},"end":{"line":211,"column":120}},"211":{"start":{"line":212,"column":0},"end":{"line":212,"column":111}},"212":{"start":{"line":213,"column":0},"end":{"line":213,"column":6}},"213":{"start":{"line":214,"column":0},"end":{"line":214,"column":11}},"214":{"start":{"line":215,"column":0},"end":{"line":215,"column":38}},"215":{"start":{"line":216,"column":0},"end":{"line":216,"column":39}},"216":{"start":{"line":217,"column":0},"end":{"line":217,"column":41}},"217":{"start":{"line":218,"column":0},"end":{"line":218,"column":52}},"218":{"start":{"line":219,"column":0},"end":{"line":219,"column":15}},"219":{"start":{"line":220,"column":0},"end":{"line":220,"column":23}},"220":{"start":{"line":221,"column":0},"end":{"line":221,"column":43}},"221":{"start":{"line":222,"column":0},"end":{"line":222,"column":23}},"222":{"start":{"line":223,"column":0},"end":{"line":223,"column":6}},"223":{"start":{"line":224,"column":0},"end":{"line":224,"column":4}},"224":{"start":{"line":225,"column":0},"end":{"line":225,"column":1}}},"s":{"8":1,"10":1,"13":1,"14":38,"15":38,"16":34,"17":34,"18":38,"19":0,"20":0,"21":4,"22":4,"24":34,"25":34,"26":34,"27":34,"28":34,"29":34,"35":1,"36":30,"37":30,"38":30,"39":2,"40":2,"41":28,"42":30,"43":30,"44":30,"47":1,"48":19,"49":19,"50":19,"51":19,"52":37,"53":19,"54":19,"57":1,"58":19,"59":19,"60":19,"61":19,"62":18,"63":18,"66":1,"67":1,"68":1,"69":1,"70":1,"71":1,"72":1,"73":1,"75":1,"76":3,"77":3,"78":3,"79":3,"80":3,"83":1,"84":38,"85":38,"86":4,"87":4,"90":1,"91":37,"92":37,"93":37,"94":37,"95":37,"96":37,"99":1,"100":19,"101":19,"102":1,"103":1,"104":18,"105":18,"106":18,"109":1,"110":19,"111":19,"112":19,"113":0,"114":19,"115":19,"118":1,"119":15,"120":15,"121":15,"122":15,"123":15,"124":13,"125":13,"128":1,"129":19,"130":19,"131":19,"132":19,"133":19,"134":18,"135":18,"155":1,"156":19,"157":19,"158":19,"159":19,"160":19,"161":19,"162":19,"163":17,"164":2,"165":19,"166":15,"167":4,"168":2,"169":2,"170":19,"172":19,"173":19,"174":16,"175":19,"176":19,"177":19,"178":15,"179":4,"180":19,"181":13,"182":6,"183":4,"184":2,"185":2,"186":0,"187":0,"188":0,"189":0,"190":19,"191":15,"192":15,"193":0,"194":4,"195":19,"196":19,"197":3,"198":3,"199":19,"200":0,"201":19,"202":15,"203":19,"205":19,"206":19,"207":19,"208":19,"209":19,"210":19,"211":19,"212":19,"213":19,"214":19,"215":19,"216":19,"217":2,"218":17,"219":19,"220":19,"221":19,"222":19,"223":19,"224":19},"branchMap":{"0":{"type":"branch","line":14,"loc":{"start":{"line":14,"column":7},"end":{"line":23,"column":1}},"locations":[{"start":{"line":14,"column":7},"end":{"line":23,"column":1}}]},"1":{"type":"branch","line":16,"loc":{"start":{"line":16,"column":30},"end":{"line":18,"column":3}},"locations":[{"start":{"line":16,"column":30},"end":{"line":18,"column":3}}]},"2":{"type":"branch","line":18,"loc":{"start":{"line":18,"column":2},"end":{"line":19,"column":25}},"locations":[{"start":{"line":18,"column":2},"end":{"line":19,"column":25}}]},"3":{"type":"branch","line":19,"loc":{"start":{"line":19,"column":25},"end":{"line":21,"column":3}},"locations":[{"start":{"line":19,"column":25},"end":{"line":21,"column":3}}]},"4":{"type":"branch","line":21,"loc":{"start":{"line":21,"column":2},"end":{"line":23,"column":1}},"locations":[{"start":{"line":21,"column":2},"end":{"line":23,"column":1}}]},"5":{"type":"branch","line":25,"loc":{"start":{"line":25,"column":0},"end":{"line":30,"column":1}},"locations":[{"start":{"line":25,"column":0},"end":{"line":30,"column":1}}]},"6":{"type":"branch","line":36,"loc":{"start":{"line":36,"column":7},"end":{"line":45,"column":1}},"locations":[{"start":{"line":36,"column":7},"end":{"line":45,"column":1}}]},"7":{"type":"branch","line":39,"loc":{"start":{"line":39,"column":98},"end":{"line":41,"column":3}},"locations":[{"start":{"line":39,"column":98},"end":{"line":41,"column":3}}]},"8":{"type":"branch","line":41,"loc":{"start":{"line":41,"column":2},"end":{"line":43,"column":35}},"locations":[{"start":{"line":41,"column":2},"end":{"line":43,"column":35}}]},"9":{"type":"branch","line":43,"loc":{"start":{"line":43,"column":29},"end":{"line":43,"column":57}},"locations":[{"start":{"line":43,"column":29},"end":{"line":43,"column":57}}]},"10":{"type":"branch","line":48,"loc":{"start":{"line":48,"column":7},"end":{"line":55,"column":1}},"locations":[{"start":{"line":48,"column":7},"end":{"line":55,"column":1}}]},"11":{"type":"branch","line":54,"loc":{"start":{"line":54,"column":25},"end":{"line":54,"column":49}},"locations":[{"start":{"line":54,"column":25},"end":{"line":54,"column":49}}]},"12":{"type":"branch","line":52,"loc":{"start":{"line":52,"column":19},"end":{"line":53,"column":67}},"locations":[{"start":{"line":52,"column":19},"end":{"line":53,"column":67}}]},"13":{"type":"branch","line":53,"loc":{"start":{"line":53,"column":28},"end":{"line":53,"column":67}},"locations":[{"start":{"line":53,"column":28},"end":{"line":53,"column":67}}]},"14":{"type":"branch","line":58,"loc":{"start":{"line":58,"column":7},"end":{"line":64,"column":1}},"locations":[{"start":{"line":58,"column":7},"end":{"line":64,"column":1}}]},"15":{"type":"branch","line":61,"loc":{"start":{"line":61,"column":32},"end":{"line":61,"column":72}},"locations":[{"start":{"line":61,"column":32},"end":{"line":61,"column":72}}]},"16":{"type":"branch","line":61,"loc":{"start":{"line":61,"column":72},"end":{"line":61,"column":91}},"locations":[{"start":{"line":61,"column":72},"end":{"line":61,"column":91}}]},"17":{"type":"branch","line":61,"loc":{"start":{"line":61,"column":79},"end":{"line":62,"column":52}},"locations":[{"start":{"line":61,"column":79},"end":{"line":62,"column":52}}]},"18":{"type":"branch","line":62,"loc":{"start":{"line":62,"column":45},"end":{"line":62,"column":64}},"locations":[{"start":{"line":62,"column":45},"end":{"line":62,"column":64}}]},"19":{"type":"branch","line":62,"loc":{"start":{"line":62,"column":52},"end":{"line":64,"column":1}},"locations":[{"start":{"line":62,"column":52},"end":{"line":64,"column":1}}]},"20":{"type":"branch","line":76,"loc":{"start":{"line":76,"column":7},"end":{"line":81,"column":1}},"locations":[{"start":{"line":76,"column":7},"end":{"line":81,"column":1}}]},"21":{"type":"branch","line":80,"loc":{"start":{"line":80,"column":25},"end":{"line":80,"column":48}},"locations":[{"start":{"line":80,"column":25},"end":{"line":80,"column":48}}]},"22":{"type":"branch","line":80,"loc":{"start":{"line":80,"column":44},"end":{"line":80,"column":55}},"locations":[{"start":{"line":80,"column":44},"end":{"line":80,"column":55}}]},"23":{"type":"branch","line":78,"loc":{"start":{"line":78,"column":12},"end":{"line":78,"column":45}},"locations":[{"start":{"line":78,"column":12},"end":{"line":78,"column":45}}]},"24":{"type":"branch","line":79,"loc":{"start":{"line":79,"column":9},"end":{"line":79,"column":29}},"locations":[{"start":{"line":79,"column":9},"end":{"line":79,"column":29}}]},"25":{"type":"branch","line":84,"loc":{"start":{"line":84,"column":7},"end":{"line":88,"column":1}},"locations":[{"start":{"line":84,"column":7},"end":{"line":88,"column":1}}]},"26":{"type":"branch","line":85,"loc":{"start":{"line":85,"column":26},"end":{"line":85,"column":74}},"locations":[{"start":{"line":85,"column":26},"end":{"line":85,"column":74}}]},"27":{"type":"branch","line":85,"loc":{"start":{"line":85,"column":71},"end":{"line":86,"column":33}},"locations":[{"start":{"line":85,"column":71},"end":{"line":86,"column":33}}]},"28":{"type":"branch","line":86,"loc":{"start":{"line":86,"column":26},"end":{"line":86,"column":74}},"locations":[{"start":{"line":86,"column":26},"end":{"line":86,"column":74}}]},"29":{"type":"branch","line":86,"loc":{"start":{"line":86,"column":71},"end":{"line":88,"column":1}},"locations":[{"start":{"line":86,"column":71},"end":{"line":88,"column":1}}]},"30":{"type":"branch","line":91,"loc":{"start":{"line":91,"column":7},"end":{"line":97,"column":1}},"locations":[{"start":{"line":91,"column":7},"end":{"line":97,"column":1}}]},"31":{"type":"branch","line":93,"loc":{"start":{"line":93,"column":36},"end":{"line":93,"column":47}},"locations":[{"start":{"line":93,"column":36},"end":{"line":93,"column":47}}]},"32":{"type":"branch","line":95,"loc":{"start":{"line":95,"column":14},"end":{"line":95,"column":64}},"locations":[{"start":{"line":95,"column":14},"end":{"line":95,"column":64}}]},"33":{"type":"branch","line":100,"loc":{"start":{"line":100,"column":7},"end":{"line":107,"column":1}},"locations":[{"start":{"line":100,"column":7},"end":{"line":107,"column":1}}]},"34":{"type":"branch","line":102,"loc":{"start":{"line":102,"column":24},"end":{"line":104,"column":3}},"locations":[{"start":{"line":102,"column":24},"end":{"line":104,"column":3}}]},"35":{"type":"branch","line":104,"loc":{"start":{"line":104,"column":2},"end":{"line":107,"column":1}},"locations":[{"start":{"line":104,"column":2},"end":{"line":107,"column":1}}]},"36":{"type":"branch","line":110,"loc":{"start":{"line":110,"column":7},"end":{"line":116,"column":1}},"locations":[{"start":{"line":110,"column":7},"end":{"line":116,"column":1}}]},"37":{"type":"branch","line":113,"loc":{"start":{"line":113,"column":6},"end":{"line":114,"column":53}},"locations":[{"start":{"line":113,"column":6},"end":{"line":114,"column":53}}]},"38":{"type":"branch","line":119,"loc":{"start":{"line":119,"column":7},"end":{"line":126,"column":1}},"locations":[{"start":{"line":119,"column":7},"end":{"line":126,"column":1}}]},"39":{"type":"branch","line":123,"loc":{"start":{"line":123,"column":25},"end":{"line":123,"column":53}},"locations":[{"start":{"line":123,"column":25},"end":{"line":123,"column":53}}]},"40":{"type":"branch","line":123,"loc":{"start":{"line":123,"column":53},"end":{"line":123,"column":65}},"locations":[{"start":{"line":123,"column":53},"end":{"line":123,"column":65}}]},"41":{"type":"branch","line":123,"loc":{"start":{"line":123,"column":60},"end":{"line":124,"column":61}},"locations":[{"start":{"line":123,"column":60},"end":{"line":124,"column":61}}]},"42":{"type":"branch","line":124,"loc":{"start":{"line":124,"column":54},"end":{"line":124,"column":66}},"locations":[{"start":{"line":124,"column":54},"end":{"line":124,"column":66}}]},"43":{"type":"branch","line":124,"loc":{"start":{"line":124,"column":61},"end":{"line":126,"column":1}},"locations":[{"start":{"line":124,"column":61},"end":{"line":126,"column":1}}]},"44":{"type":"branch","line":129,"loc":{"start":{"line":129,"column":7},"end":{"line":136,"column":1}},"locations":[{"start":{"line":129,"column":7},"end":{"line":136,"column":1}}]},"45":{"type":"branch","line":133,"loc":{"start":{"line":133,"column":49},"end":{"line":133,"column":71}},"locations":[{"start":{"line":133,"column":49},"end":{"line":133,"column":71}}]},"46":{"type":"branch","line":133,"loc":{"start":{"line":133,"column":56},"end":{"line":134,"column":38}},"locations":[{"start":{"line":133,"column":56},"end":{"line":134,"column":38}}]},"47":{"type":"branch","line":134,"loc":{"start":{"line":134,"column":31},"end":{"line":134,"column":46}},"locations":[{"start":{"line":134,"column":31},"end":{"line":134,"column":46}}]},"48":{"type":"branch","line":134,"loc":{"start":{"line":134,"column":38},"end":{"line":136,"column":1}},"locations":[{"start":{"line":134,"column":38},"end":{"line":136,"column":1}}]},"49":{"type":"branch","line":156,"loc":{"start":{"line":156,"column":7},"end":{"line":225,"column":1}},"locations":[{"start":{"line":156,"column":7},"end":{"line":225,"column":1}}]},"50":{"type":"branch","line":163,"loc":{"start":{"line":163,"column":23},"end":{"line":164,"column":80}},"locations":[{"start":{"line":163,"column":23},"end":{"line":164,"column":80}}]},"51":{"type":"branch","line":164,"loc":{"start":{"line":164,"column":79},"end":{"line":165,"column":11}},"locations":[{"start":{"line":164,"column":79},"end":{"line":165,"column":11}}]},"52":{"type":"branch","line":166,"loc":{"start":{"line":166,"column":21},"end":{"line":167,"column":29}},"locations":[{"start":{"line":166,"column":21},"end":{"line":167,"column":29}}]},"53":{"type":"branch","line":167,"loc":{"start":{"line":167,"column":27},"end":{"line":170,"column":31}},"locations":[{"start":{"line":167,"column":27},"end":{"line":170,"column":31}}]},"54":{"type":"branch","line":168,"loc":{"start":{"line":168,"column":7},"end":{"line":168,"column":64}},"locations":[{"start":{"line":168,"column":7},"end":{"line":168,"column":64}}]},"55":{"type":"branch","line":168,"loc":{"start":{"line":168,"column":63},"end":{"line":169,"column":27}},"locations":[{"start":{"line":168,"column":63},"end":{"line":169,"column":27}}]},"56":{"type":"branch","line":169,"loc":{"start":{"line":169,"column":8},"end":{"line":170,"column":31}},"locations":[{"start":{"line":169,"column":8},"end":{"line":170,"column":31}}]},"57":{"type":"branch","line":174,"loc":{"start":{"line":174,"column":57},"end":{"line":175,"column":67}},"locations":[{"start":{"line":174,"column":57},"end":{"line":175,"column":67}}]},"58":{"type":"branch","line":175,"loc":{"start":{"line":175,"column":14},"end":{"line":175,"column":67}},"locations":[{"start":{"line":175,"column":14},"end":{"line":175,"column":67}}]},"59":{"type":"branch","line":178,"loc":{"start":{"line":178,"column":22},"end":{"line":179,"column":84}},"locations":[{"start":{"line":178,"column":22},"end":{"line":179,"column":84}}]},"60":{"type":"branch","line":179,"loc":{"start":{"line":179,"column":56},"end":{"line":179,"column":81}},"locations":[{"start":{"line":179,"column":56},"end":{"line":179,"column":81}}]},"61":{"type":"branch","line":179,"loc":{"start":{"line":179,"column":66},"end":{"line":179,"column":83}},"locations":[{"start":{"line":179,"column":66},"end":{"line":179,"column":83}}]},"62":{"type":"branch","line":179,"loc":{"start":{"line":179,"column":83},"end":{"line":180,"column":11}},"locations":[{"start":{"line":179,"column":83},"end":{"line":180,"column":11}}]},"63":{"type":"branch","line":181,"loc":{"start":{"line":181,"column":20},"end":{"line":182,"column":28}},"locations":[{"start":{"line":181,"column":20},"end":{"line":182,"column":28}}]},"64":{"type":"branch","line":182,"loc":{"start":{"line":182,"column":26},"end":{"line":190,"column":28}},"locations":[{"start":{"line":182,"column":26},"end":{"line":190,"column":28}}]},"65":{"type":"branch","line":183,"loc":{"start":{"line":183,"column":7},"end":{"line":184,"column":23}},"locations":[{"start":{"line":183,"column":7},"end":{"line":184,"column":23}}]},"66":{"type":"branch","line":184,"loc":{"start":{"line":184,"column":8},"end":{"line":190,"column":28}},"locations":[{"start":{"line":184,"column":8},"end":{"line":190,"column":28}}]},"67":{"type":"branch","line":186,"loc":{"start":{"line":186,"column":10},"end":{"line":190,"column":28}},"locations":[{"start":{"line":186,"column":10},"end":{"line":190,"column":28}}]},"68":{"type":"branch","line":191,"loc":{"start":{"line":191,"column":32},"end":{"line":194,"column":108}},"locations":[{"start":{"line":191,"column":32},"end":{"line":194,"column":108}}]},"69":{"type":"branch","line":193,"loc":{"start":{"line":193,"column":53},"end":{"line":194,"column":108}},"locations":[{"start":{"line":193,"column":53},"end":{"line":194,"column":108}}]},"70":{"type":"branch","line":194,"loc":{"start":{"line":194,"column":106},"end":{"line":195,"column":15}},"locations":[{"start":{"line":194,"column":106},"end":{"line":195,"column":15}}]},"71":{"type":"branch","line":197,"loc":{"start":{"line":197,"column":37},"end":{"line":199,"column":3}},"locations":[{"start":{"line":197,"column":37},"end":{"line":199,"column":3}}]},"72":{"type":"branch","line":200,"loc":{"start":{"line":200,"column":22},"end":{"line":200,"column":42}},"locations":[{"start":{"line":200,"column":22},"end":{"line":200,"column":42}}]},"73":{"type":"branch","line":200,"loc":{"start":{"line":200,"column":42},"end":{"line":201,"column":19}},"locations":[{"start":{"line":200,"column":42},"end":{"line":201,"column":19}}]},"74":{"type":"branch","line":202,"loc":{"start":{"line":202,"column":11},"end":{"line":202,"column":31}},"locations":[{"start":{"line":202,"column":11},"end":{"line":202,"column":31}}]},"75":{"type":"branch","line":202,"loc":{"start":{"line":202,"column":31},"end":{"line":203,"column":21}},"locations":[{"start":{"line":202,"column":31},"end":{"line":203,"column":21}}]},"76":{"type":"branch","line":203,"loc":{"start":{"line":203,"column":8},"end":{"line":204,"column":28}},"locations":[{"start":{"line":203,"column":8},"end":{"line":204,"column":28}}]},"77":{"type":"branch","line":211,"loc":{"start":{"line":211,"column":68},"end":{"line":211,"column":115}},"locations":[{"start":{"line":211,"column":68},"end":{"line":211,"column":115}}]},"78":{"type":"branch","line":211,"loc":{"start":{"line":211,"column":109},"end":{"line":211,"column":117}},"locations":[{"start":{"line":211,"column":109},"end":{"line":211,"column":117}}]},"79":{"type":"branch","line":215,"loc":{"start":{"line":215,"column":28},"end":{"line":215,"column":38}},"locations":[{"start":{"line":215,"column":28},"end":{"line":215,"column":38}}]},"80":{"type":"branch","line":217,"loc":{"start":{"line":217,"column":40},"end":{"line":218,"column":52}},"locations":[{"start":{"line":217,"column":40},"end":{"line":218,"column":52}}]},"81":{"type":"branch","line":218,"loc":{"start":{"line":218,"column":23},"end":{"line":218,"column":52}},"locations":[{"start":{"line":218,"column":23},"end":{"line":218,"column":52}}]},"82":{"type":"branch","line":218,"loc":{"start":{"line":218,"column":43},"end":{"line":219,"column":15}},"locations":[{"start":{"line":218,"column":43},"end":{"line":219,"column":15}}]},"83":{"type":"branch","line":176,"loc":{"start":{"line":176,"column":51},"end":{"line":177,"column":45}},"locations":[{"start":{"line":176,"column":51},"end":{"line":177,"column":45}}]}},"b":{"0":[38],"1":[34],"2":[4],"3":[0],"4":[4],"5":[34],"6":[30],"7":[2],"8":[28],"9":[0],"10":[19],"11":[18],"12":[37],"13":[36],"14":[19],"15":[18],"16":[1],"17":[18],"18":[0],"19":[18],"20":[3],"21":[1],"22":[2],"23":[18],"24":[1],"25":[38],"26":[34],"27":[4],"28":[0],"29":[4],"30":[37],"31":[0],"32":[148],"33":[19],"34":[1],"35":[18],"36":[19],"37":[0],"38":[15],"39":[14],"40":[2],"41":[13],"42":[0],"43":[13],"44":[19],"45":[1],"46":[18],"47":[0],"48":[18],"49":[19],"50":[17],"51":[2],"52":[15],"53":[4],"54":[2],"55":[2],"56":[2],"57":[16],"58":[14],"59":[15],"60":[13],"61":[2],"62":[4],"63":[13],"64":[6],"65":[4],"66":[2],"67":[0],"68":[15],"69":[0],"70":[4],"71":[3],"72":[15],"73":[0],"74":[15],"75":[15],"76":[4],"77":[1],"78":[18],"79":[2],"80":[2],"81":[0],"82":[17],"83":[18]},"fnMap":{"0":{"name":"formatTokenMagnitude","decl":{"start":{"line":14,"column":7},"end":{"line":23,"column":1}},"loc":{"start":{"line":14,"column":7},"end":{"line":23,"column":1}},"line":14},"1":{"name":"magnitude","decl":{"start":{"line":25,"column":0},"end":{"line":30,"column":1}},"loc":{"start":{"line":25,"column":0},"end":{"line":30,"column":1}},"line":25},"2":{"name":"periodChangePercent","decl":{"start":{"line":36,"column":7},"end":{"line":45,"column":1}},"loc":{"start":{"line":36,"column":7},"end":{"line":45,"column":1}},"line":36},"3":{"name":"tokenPeriodComparable","decl":{"start":{"line":48,"column":7},"end":{"line":55,"column":1}},"loc":{"start":{"line":48,"column":7},"end":{"line":55,"column":1}},"line":48},"4":{"name":"complete","decl":{"start":{"line":52,"column":19},"end":{"line":53,"column":67}},"loc":{"start":{"line":52,"column":19},"end":{"line":53,"column":67}},"line":52},"5":{"name":"previousTokenQualityNote","decl":{"start":{"line":58,"column":7},"end":{"line":64,"column":1}},"loc":{"start":{"line":58,"column":7},"end":{"line":64,"column":1}},"line":58},"6":{"name":"costGapLabel","decl":{"start":{"line":76,"column":7},"end":{"line":81,"column":1}},"loc":{"start":{"line":76,"column":7},"end":{"line":81,"column":1}},"line":76},"7":{"name":"countDelta","decl":{"start":{"line":84,"column":7},"end":{"line":88,"column":1}},"loc":{"start":{"line":84,"column":7},"end":{"line":88,"column":1}},"line":84},"8":{"name":"formatShanghaiDateTime","decl":{"start":{"line":91,"column":7},"end":{"line":97,"column":1}},"loc":{"start":{"line":91,"column":7},"end":{"line":97,"column":1}},"line":91},"9":{"name":"pad","decl":{"start":{"line":95,"column":14},"end":{"line":95,"column":64}},"loc":{"start":{"line":95,"column":14},"end":{"line":95,"column":64}},"line":95},"10":{"name":"previousWindowLabel","decl":{"start":{"line":100,"column":7},"end":{"line":107,"column":1}},"loc":{"start":{"line":100,"column":7},"end":{"line":107,"column":1}},"line":100},"11":{"name":"overviewFootnote","decl":{"start":{"line":110,"column":7},"end":{"line":116,"column":1}},"loc":{"start":{"line":110,"column":7},"end":{"line":116,"column":1}},"line":110},"12":{"name":"moneyChangePercent","decl":{"start":{"line":119,"column":7},"end":{"line":126,"column":1}},"loc":{"start":{"line":119,"column":7},"end":{"line":126,"column":1}},"line":119},"13":{"name":"tokenQualityLabel","decl":{"start":{"line":129,"column":7},"end":{"line":136,"column":1}},"loc":{"start":{"line":129,"column":7},"end":{"line":136,"column":1}},"line":129},"14":{"name":"buildOverviewCards","decl":{"start":{"line":156,"column":7},"end":{"line":225,"column":1}},"loc":{"start":{"line":156,"column":7},"end":{"line":225,"column":1}},"line":156}},"f":{"0":38,"1":34,"2":30,"3":19,"4":37,"5":19,"6":3,"7":38,"8":37,"9":148,"10":19,"11":19,"12":15,"13":19,"14":19}}
,"/Users/mac/Projects/仟流智算/apps/web/src/pages/Dashboard.tsx": {"path":"/Users/mac/Projects/仟流智算/apps/web/src/pages/Dashboard.tsx","all":false,"statementMap":{"9":{"start":{"line":10,"column":0},"end":{"line":10,"column":41}},"11":{"start":{"line":12,"column":0},"end":{"line":12,"column":40}},"13":{"start":{"line":14,"column":0},"end":{"line":14,"column":47}},"14":{"start":{"line":15,"column":0},"end":{"line":15,"column":80}},"15":{"start":{"line":16,"column":0},"end":{"line":16,"column":88}},"16":{"start":{"line":17,"column":0},"end":{"line":17,"column":52}},"17":{"start":{"line":18,"column":0},"end":{"line":18,"column":77}},"18":{"start":{"line":19,"column":0},"end":{"line":19,"column":61}},"19":{"start":{"line":20,"column":0},"end":{"line":20,"column":65}},"20":{"start":{"line":21,"column":0},"end":{"line":21,"column":84}},"21":{"start":{"line":22,"column":0},"end":{"line":22,"column":51}},"22":{"start":{"line":23,"column":0},"end":{"line":23,"column":52}},"23":{"start":{"line":24,"column":0},"end":{"line":24,"column":8}},"29":{"start":{"line":30,"column":0},"end":{"line":30,"column":33}},"30":{"start":{"line":31,"column":0},"end":{"line":31,"column":34}},"31":{"start":{"line":32,"column":0},"end":{"line":32,"column":41}},"32":{"start":{"line":33,"column":0},"end":{"line":33,"column":41}},"34":{"start":{"line":35,"column":0},"end":{"line":35,"column":24}},"35":{"start":{"line":36,"column":0},"end":{"line":36,"column":12}},"36":{"start":{"line":37,"column":0},"end":{"line":37,"column":43}},"37":{"start":{"line":38,"column":0},"end":{"line":38,"column":27}},"38":{"start":{"line":39,"column":0},"end":{"line":39,"column":53}},"39":{"start":{"line":40,"column":0},"end":{"line":40,"column":12}},"41":{"start":{"line":42,"column":0},"end":{"line":42,"column":3}},"43":{"start":{"line":44,"column":0},"end":{"line":44,"column":35}},"44":{"start":{"line":45,"column":0},"end":{"line":45,"column":12}},"45":{"start":{"line":46,"column":0},"end":{"line":46,"column":43}},"46":{"start":{"line":47,"column":0},"end":{"line":47,"column":27}},"47":{"start":{"line":48,"column":0},"end":{"line":48,"column":19}},"48":{"start":{"line":49,"column":0},"end":{"line":49,"column":54}},"49":{"start":{"line":50,"column":0},"end":{"line":50,"column":46}},"50":{"start":{"line":51,"column":0},"end":{"line":51,"column":10}},"51":{"start":{"line":52,"column":0},"end":{"line":52,"column":12}},"53":{"start":{"line":54,"column":0},"end":{"line":54,"column":3}},"55":{"start":{"line":56,"column":0},"end":{"line":56,"column":26}},"56":{"start":{"line":57,"column":0},"end":{"line":57,"column":67}},"57":{"start":{"line":58,"column":0},"end":{"line":58,"column":63}},"59":{"start":{"line":60,"column":0},"end":{"line":60,"column":61}},"60":{"start":{"line":61,"column":0},"end":{"line":61,"column":62}},"61":{"start":{"line":62,"column":0},"end":{"line":62,"column":15}},"63":{"start":{"line":64,"column":0},"end":{"line":64,"column":41}},"65":{"start":{"line":66,"column":0},"end":{"line":66,"column":10}},"66":{"start":{"line":67,"column":0},"end":{"line":67,"column":41}},"67":{"start":{"line":68,"column":0},"end":{"line":68,"column":22}},"68":{"start":{"line":69,"column":0},"end":{"line":69,"column":17}},"69":{"start":{"line":70,"column":0},"end":{"line":70,"column":17}},"70":{"start":{"line":71,"column":0},"end":{"line":71,"column":290}},"71":{"start":{"line":72,"column":0},"end":{"line":72,"column":39}},"72":{"start":{"line":73,"column":0},"end":{"line":73,"column":48}},"73":{"start":{"line":74,"column":0},"end":{"line":74,"column":25}},"75":{"start":{"line":76,"column":0},"end":{"line":76,"column":100}},"77":{"start":{"line":78,"column":0},"end":{"line":78,"column":19}},"79":{"start":{"line":80,"column":0},"end":{"line":80,"column":24}},"80":{"start":{"line":81,"column":0},"end":{"line":81,"column":26}},"81":{"start":{"line":82,"column":0},"end":{"line":82,"column":8}},"83":{"start":{"line":84,"column":0},"end":{"line":84,"column":11}},"84":{"start":{"line":85,"column":0},"end":{"line":85,"column":65}},"85":{"start":{"line":86,"column":0},"end":{"line":86,"column":56}},"86":{"start":{"line":87,"column":0},"end":{"line":87,"column":20}},"88":{"start":{"line":89,"column":0},"end":{"line":89,"column":78}},"89":{"start":{"line":90,"column":0},"end":{"line":90,"column":29}},"90":{"start":{"line":91,"column":0},"end":{"line":91,"column":18}},"91":{"start":{"line":92,"column":0},"end":{"line":92,"column":37}},"92":{"start":{"line":93,"column":0},"end":{"line":93,"column":43}},"93":{"start":{"line":94,"column":0},"end":{"line":94,"column":35}},"94":{"start":{"line":95,"column":0},"end":{"line":95,"column":31}},"95":{"start":{"line":96,"column":0},"end":{"line":96,"column":36}},"96":{"start":{"line":97,"column":0},"end":{"line":97,"column":46}},"97":{"start":{"line":98,"column":0},"end":{"line":98,"column":35}},"98":{"start":{"line":99,"column":0},"end":{"line":99,"column":37}},"99":{"start":{"line":100,"column":0},"end":{"line":100,"column":12}},"100":{"start":{"line":101,"column":0},"end":{"line":101,"column":29}},"101":{"start":{"line":102,"column":0},"end":{"line":102,"column":52}},"102":{"start":{"line":103,"column":0},"end":{"line":103,"column":36}},"103":{"start":{"line":104,"column":0},"end":{"line":104,"column":57}},"104":{"start":{"line":105,"column":0},"end":{"line":105,"column":42}},"105":{"start":{"line":106,"column":0},"end":{"line":106,"column":50}},"106":{"start":{"line":107,"column":0},"end":{"line":107,"column":62}},"107":{"start":{"line":108,"column":0},"end":{"line":108,"column":15}},"108":{"start":{"line":109,"column":0},"end":{"line":109,"column":24}},"109":{"start":{"line":110,"column":0},"end":{"line":110,"column":35}},"110":{"start":{"line":111,"column":0},"end":{"line":111,"column":32}},"111":{"start":{"line":112,"column":0},"end":{"line":112,"column":44}},"112":{"start":{"line":113,"column":0},"end":{"line":113,"column":12}},"113":{"start":{"line":114,"column":0},"end":{"line":114,"column":29}},"114":{"start":{"line":115,"column":0},"end":{"line":115,"column":102}},"115":{"start":{"line":116,"column":0},"end":{"line":116,"column":70}},"116":{"start":{"line":117,"column":0},"end":{"line":117,"column":42}},"117":{"start":{"line":118,"column":0},"end":{"line":118,"column":26}},"118":{"start":{"line":119,"column":0},"end":{"line":119,"column":39}},"119":{"start":{"line":120,"column":0},"end":{"line":120,"column":29}},"120":{"start":{"line":121,"column":0},"end":{"line":121,"column":20}},"121":{"start":{"line":122,"column":0},"end":{"line":122,"column":56}},"122":{"start":{"line":123,"column":0},"end":{"line":123,"column":12}},"123":{"start":{"line":124,"column":0},"end":{"line":124,"column":29}},"124":{"start":{"line":125,"column":0},"end":{"line":125,"column":100}},"125":{"start":{"line":126,"column":0},"end":{"line":126,"column":69}},"126":{"start":{"line":127,"column":0},"end":{"line":127,"column":46}},"127":{"start":{"line":128,"column":0},"end":{"line":128,"column":26}},"128":{"start":{"line":129,"column":0},"end":{"line":129,"column":38}},"129":{"start":{"line":130,"column":0},"end":{"line":130,"column":28}},"130":{"start":{"line":131,"column":0},"end":{"line":131,"column":20}},"131":{"start":{"line":132,"column":0},"end":{"line":132,"column":55}},"132":{"start":{"line":133,"column":0},"end":{"line":133,"column":12}},"133":{"start":{"line":134,"column":0},"end":{"line":134,"column":14}},"134":{"start":{"line":135,"column":0},"end":{"line":135,"column":75}},"135":{"start":{"line":136,"column":0},"end":{"line":136,"column":34}},"136":{"start":{"line":137,"column":0},"end":{"line":137,"column":12}},"137":{"start":{"line":138,"column":0},"end":{"line":138,"column":13}},"139":{"start":{"line":140,"column":0},"end":{"line":140,"column":11}},"140":{"start":{"line":141,"column":0},"end":{"line":141,"column":76}},"141":{"start":{"line":142,"column":0},"end":{"line":142,"column":51}},"142":{"start":{"line":143,"column":0},"end":{"line":143,"column":20}},"144":{"start":{"line":145,"column":0},"end":{"line":145,"column":61}},"145":{"start":{"line":146,"column":0},"end":{"line":146,"column":13}},"146":{"start":{"line":147,"column":0},"end":{"line":147,"column":10}},"148":{"start":{"line":149,"column":0},"end":{"line":149,"column":1}},"150":{"start":{"line":151,"column":0},"end":{"line":151,"column":65}},"151":{"start":{"line":152,"column":0},"end":{"line":152,"column":10}},"152":{"start":{"line":153,"column":0},"end":{"line":153,"column":9}},"153":{"start":{"line":154,"column":0},"end":{"line":154,"column":168}},"154":{"start":{"line":155,"column":0},"end":{"line":155,"column":13}},"156":{"start":{"line":157,"column":0},"end":{"line":157,"column":13}},"157":{"start":{"line":158,"column":0},"end":{"line":158,"column":11}},"159":{"start":{"line":160,"column":0},"end":{"line":160,"column":1}},"161":{"start":{"line":162,"column":0},"end":{"line":162,"column":88}},"162":{"start":{"line":163,"column":0},"end":{"line":163,"column":31}},"163":{"start":{"line":164,"column":0},"end":{"line":164,"column":81}},"164":{"start":{"line":165,"column":0},"end":{"line":165,"column":11}},"165":{"start":{"line":166,"column":0},"end":{"line":166,"column":10}},"166":{"start":{"line":167,"column":0},"end":{"line":167,"column":61}},"167":{"start":{"line":168,"column":0},"end":{"line":168,"column":11}},"168":{"start":{"line":169,"column":0},"end":{"line":169,"column":76}},"169":{"start":{"line":170,"column":0},"end":{"line":170,"column":70}},"170":{"start":{"line":171,"column":0},"end":{"line":171,"column":34}},"171":{"start":{"line":172,"column":0},"end":{"line":172,"column":72}},"172":{"start":{"line":173,"column":0},"end":{"line":173,"column":26}},"173":{"start":{"line":174,"column":0},"end":{"line":174,"column":12}},"174":{"start":{"line":175,"column":0},"end":{"line":175,"column":12}},"175":{"start":{"line":176,"column":0},"end":{"line":176,"column":20}},"176":{"start":{"line":177,"column":0},"end":{"line":177,"column":13}},"178":{"start":{"line":179,"column":0},"end":{"line":179,"column":1}}},"s":{"9":1,"11":1,"13":1,"14":1,"15":1,"16":1,"17":1,"18":1,"19":1,"20":1,"21":1,"22":1,"23":1,"29":1,"30":21,"31":21,"32":21,"34":21,"35":1,"36":1,"37":1,"38":1,"39":1,"41":1,"43":21,"44":1,"45":1,"46":1,"47":1,"48":1,"49":1,"50":1,"51":1,"53":1,"55":19,"56":19,"57":19,"59":19,"60":18,"61":1,"63":21,"65":21,"66":21,"67":21,"68":21,"69":21,"70":21,"71":21,"72":21,"73":21,"75":21,"77":21,"79":21,"80":21,"81":21,"83":21,"84":21,"85":21,"86":21,"88":21,"89":21,"90":21,"91":21,"92":21,"93":21,"94":21,"95":21,"96":21,"97":21,"98":21,"99":21,"100":21,"101":21,"102":21,"103":21,"104":21,"105":21,"106":22,"107":21,"108":21,"109":21,"110":21,"111":21,"112":21,"113":21,"114":21,"115":21,"116":21,"117":21,"118":21,"119":21,"120":21,"121":21,"122":21,"123":21,"124":21,"125":21,"126":21,"127":21,"128":21,"129":21,"130":21,"131":21,"132":21,"133":21,"134":21,"135":21,"136":21,"137":21,"139":21,"140":21,"141":21,"142":21,"144":21,"145":21,"146":21,"148":21,"150":38,"151":38,"152":38,"153":38,"154":38,"156":38,"157":38,"159":38,"161":21,"162":21,"163":19,"164":2,"165":21,"166":21,"167":21,"168":21,"169":21,"170":21,"171":19,"172":2,"173":21,"174":21,"175":21,"176":21,"178":21},"branchMap":{"0":{"type":"branch","line":30,"loc":{"start":{"line":30,"column":7},"end":{"line":149,"column":1}},"locations":[{"start":{"line":30,"column":7},"end":{"line":149,"column":1}}]},"1":{"type":"branch","line":35,"loc":{"start":{"line":35,"column":23},"end":{"line":42,"column":3}},"locations":[{"start":{"line":35,"column":23},"end":{"line":42,"column":3}}]},"2":{"type":"branch","line":42,"loc":{"start":{"line":42,"column":2},"end":{"line":44,"column":21}},"locations":[{"start":{"line":42,"column":2},"end":{"line":44,"column":21}}]},"3":{"type":"branch","line":44,"loc":{"start":{"line":44,"column":12},"end":{"line":44,"column":34}},"locations":[{"start":{"line":44,"column":12},"end":{"line":44,"column":34}}]},"4":{"type":"branch","line":44,"loc":{"start":{"line":44,"column":34},"end":{"line":54,"column":3}},"locations":[{"start":{"line":44,"column":34},"end":{"line":54,"column":3}}]},"5":{"type":"branch","line":49,"loc":{"start":{"line":49,"column":32},"end":{"line":49,"column":54}},"locations":[{"start":{"line":49,"column":32},"end":{"line":49,"column":54}}]},"6":{"type":"branch","line":54,"loc":{"start":{"line":54,"column":2},"end":{"line":60,"column":61}},"locations":[{"start":{"line":54,"column":2},"end":{"line":60,"column":61}}]},"7":{"type":"branch","line":60,"loc":{"start":{"line":60,"column":36},"end":{"line":61,"column":62}},"locations":[{"start":{"line":60,"column":36},"end":{"line":61,"column":62}}]},"8":{"type":"branch","line":61,"loc":{"start":{"line":61,"column":6},"end":{"line":62,"column":15}},"locations":[{"start":{"line":61,"column":6},"end":{"line":62,"column":15}}]},"9":{"type":"branch","line":76,"loc":{"start":{"line":76,"column":62},"end":{"line":76,"column":92}},"locations":[{"start":{"line":76,"column":62},"end":{"line":76,"column":92}}]},"10":{"type":"branch","line":76,"loc":{"start":{"line":76,"column":75},"end":{"line":76,"column":94}},"locations":[{"start":{"line":76,"column":75},"end":{"line":76,"column":94}}]},"11":{"type":"branch","line":104,"loc":{"start":{"line":104,"column":34},"end":{"line":104,"column":57}},"locations":[{"start":{"line":104,"column":34},"end":{"line":104,"column":57}}]},"12":{"type":"branch","line":112,"loc":{"start":{"line":112,"column":30},"end":{"line":112,"column":44}},"locations":[{"start":{"line":112,"column":30},"end":{"line":112,"column":44}}]},"13":{"type":"branch","line":50,"loc":{"start":{"line":50,"column":19},"end":{"line":50,"column":46}},"locations":[{"start":{"line":50,"column":19},"end":{"line":50,"column":46}}]},"14":{"type":"branch","line":73,"loc":{"start":{"line":73,"column":21},"end":{"line":73,"column":48}},"locations":[{"start":{"line":73,"column":21},"end":{"line":73,"column":48}}]},"15":{"type":"branch","line":106,"loc":{"start":{"line":106,"column":39},"end":{"line":107,"column":62}},"locations":[{"start":{"line":106,"column":39},"end":{"line":107,"column":62}}]},"16":{"type":"branch","line":151,"loc":{"start":{"line":151,"column":0},"end":{"line":160,"column":1}},"locations":[{"start":{"line":151,"column":0},"end":{"line":160,"column":1}}]},"17":{"type":"branch","line":162,"loc":{"start":{"line":162,"column":0},"end":{"line":179,"column":1}},"locations":[{"start":{"line":162,"column":0},"end":{"line":179,"column":1}}]},"18":{"type":"branch","line":163,"loc":{"start":{"line":163,"column":26},"end":{"line":164,"column":81}},"locations":[{"start":{"line":163,"column":26},"end":{"line":164,"column":81}}]},"19":{"type":"branch","line":164,"loc":{"start":{"line":164,"column":77},"end":{"line":165,"column":11}},"locations":[{"start":{"line":164,"column":77},"end":{"line":165,"column":11}}]},"20":{"type":"branch","line":171,"loc":{"start":{"line":171,"column":11},"end":{"line":171,"column":34}},"locations":[{"start":{"line":171,"column":11},"end":{"line":171,"column":34}}]},"21":{"type":"branch","line":171,"loc":{"start":{"line":171,"column":30},"end":{"line":172,"column":72}},"locations":[{"start":{"line":171,"column":30},"end":{"line":172,"column":72}}]},"22":{"type":"branch","line":172,"loc":{"start":{"line":172,"column":70},"end":{"line":173,"column":26}},"locations":[{"start":{"line":172,"column":70},"end":{"line":173,"column":26}}]}},"b":{"0":[21],"1":[1],"2":[20],"3":[19],"4":[1],"5":[0],"6":[19],"7":[18],"8":[1],"9":[0],"10":[19],"11":[17],"12":[2],"13":[1],"14":[1],"15":[22],"16":[38],"17":[21],"18":[19],"19":[2],"20":[19],"21":[19],"22":[2]},"fnMap":{"0":{"name":"DashboardPage","decl":{"start":{"line":30,"column":7},"end":{"line":149,"column":1}},"loc":{"start":{"line":30,"column":7},"end":{"line":149,"column":1}},"line":30},"1":{"name":"onRetry","decl":{"start":{"line":50,"column":19},"end":{"line":50,"column":46}},"loc":{"start":{"line":50,"column":19},"end":{"line":50,"column":46}},"line":50},"2":{"name":"onClick","decl":{"start":{"line":73,"column":21},"end":{"line":73,"column":48}},"loc":{"start":{"line":73,"column":21},"end":{"line":73,"column":48}},"line":73},"3":{"name":"ZoneLink","decl":{"start":{"line":151,"column":0},"end":{"line":160,"column":1}},"loc":{"start":{"line":151,"column":0},"end":{"line":160,"column":1}},"line":151},"4":{"name":"DashboardHeader","decl":{"start":{"line":162,"column":0},"end":{"line":179,"column":1}},"loc":{"start":{"line":162,"column":0},"end":{"line":179,"column":1}},"line":162}},"f":{"0":21,"1":1,"2":1,"3":38,"4":21}}
}
