{"/Users/mac/Projects/仟流智算/packages/database/src/repositories/dashboard-home-costs.ts": {"path":"/Users/mac/Projects/仟流智算/packages/database/src/repositories/dashboard-home-costs.ts","all":false,"statementMap":{"9":{"start":{"line":10,"column":0},"end":{"line":10,"column":29}},"11":{"start":{"line":12,"column":0},"end":{"line":12,"column":8}},"15":{"start":{"line":16,"column":0},"end":{"line":16,"column":80}},"16":{"start":{"line":17,"column":0},"end":{"line":17,"column":62}},"19":{"start":{"line":20,"column":0},"end":{"line":20,"column":75}},"20":{"start":{"line":21,"column":0},"end":{"line":21,"column":43}},"21":{"start":{"line":22,"column":0},"end":{"line":22,"column":31}},"22":{"start":{"line":23,"column":0},"end":{"line":23,"column":89}},"23":{"start":{"line":24,"column":0},"end":{"line":24,"column":3}},"24":{"start":{"line":25,"column":0},"end":{"line":25,"column":83}},"25":{"start":{"line":26,"column":0},"end":{"line":26,"column":76}},"26":{"start":{"line":27,"column":0},"end":{"line":27,"column":1}},"29":{"start":{"line":30,"column":0},"end":{"line":30,"column":49}},"30":{"start":{"line":31,"column":0},"end":{"line":31,"column":23}},"31":{"start":{"line":32,"column":0},"end":{"line":32,"column":23}},"32":{"start":{"line":33,"column":0},"end":{"line":33,"column":14}},"33":{"start":{"line":34,"column":0},"end":{"line":34,"column":12}},"34":{"start":{"line":35,"column":0},"end":{"line":35,"column":80}},"35":{"start":{"line":36,"column":0},"end":{"line":36,"column":59}},"36":{"start":{"line":37,"column":0},"end":{"line":37,"column":46}},"40":{"start":{"line":41,"column":0},"end":{"line":41,"column":72}},"42":{"start":{"line":43,"column":0},"end":{"line":43,"column":61}},"46":{"start":{"line":47,"column":0},"end":{"line":47,"column":92}},"47":{"start":{"line":48,"column":0},"end":{"line":48,"column":63}},"49":{"start":{"line":50,"column":0},"end":{"line":50,"column":18}},"50":{"start":{"line":51,"column":0},"end":{"line":51,"column":30}},"56":{"start":{"line":57,"column":0},"end":{"line":57,"column":50}},"58":{"start":{"line":59,"column":0},"end":{"line":59,"column":73}},"59":{"start":{"line":60,"column":0},"end":{"line":60,"column":18}},"60":{"start":{"line":61,"column":0},"end":{"line":61,"column":51}},"61":{"start":{"line":62,"column":0},"end":{"line":62,"column":5}},"62":{"start":{"line":63,"column":0},"end":{"line":63,"column":56}},"63":{"start":{"line":64,"column":0},"end":{"line":64,"column":39}},"64":{"start":{"line":65,"column":0},"end":{"line":65,"column":84}},"65":{"start":{"line":66,"column":0},"end":{"line":66,"column":85}},"66":{"start":{"line":67,"column":0},"end":{"line":67,"column":5}},"67":{"start":{"line":68,"column":0},"end":{"line":68,"column":22}},"68":{"start":{"line":69,"column":0},"end":{"line":69,"column":43}},"69":{"start":{"line":70,"column":0},"end":{"line":70,"column":54}},"70":{"start":{"line":71,"column":0},"end":{"line":71,"column":10}},"71":{"start":{"line":72,"column":0},"end":{"line":72,"column":24}},"72":{"start":{"line":73,"column":0},"end":{"line":73,"column":62}},"73":{"start":{"line":74,"column":0},"end":{"line":74,"column":4}},"74":{"start":{"line":75,"column":0},"end":{"line":75,"column":1}},"77":{"start":{"line":78,"column":0},"end":{"line":78,"column":44}},"78":{"start":{"line":79,"column":0},"end":{"line":79,"column":23}},"79":{"start":{"line":80,"column":0},"end":{"line":80,"column":23}},"80":{"start":{"line":81,"column":0},"end":{"line":81,"column":14}},"81":{"start":{"line":82,"column":0},"end":{"line":82,"column":12}},"82":{"start":{"line":83,"column":0},"end":{"line":83,"column":41}},"83":{"start":{"line":84,"column":0},"end":{"line":84,"column":78}},"84":{"start":{"line":85,"column":0},"end":{"line":85,"column":57}},"85":{"start":{"line":86,"column":0},"end":{"line":86,"column":1}},"87":{"start":{"line":88,"column":0},"end":{"line":88,"column":93}},"88":{"start":{"line":89,"column":0},"end":{"line":89,"column":41}},"89":{"start":{"line":90,"column":0},"end":{"line":90,"column":51}},"90":{"start":{"line":91,"column":0},"end":{"line":91,"column":3}},"91":{"start":{"line":92,"column":0},"end":{"line":92,"column":95}},"92":{"start":{"line":93,"column":0},"end":{"line":93,"column":54}},"93":{"start":{"line":94,"column":0},"end":{"line":94,"column":11}},"94":{"start":{"line":95,"column":0},"end":{"line":95,"column":1}}},"s":{"9":1,"11":1,"15":1,"16":1,"19":1,"20":1,"21":1,"22":1,"23":1,"24":1,"25":1,"26":1,"29":1,"30":1,"31":1,"32":1,"33":1,"34":1,"35":1,"36":1,"40":1,"42":1,"46":1,"47":1,"49":1,"50":1,"56":1,"58":1,"59":1,"60":1,"61":1,"62":1,"63":1,"64":1,"65":1,"66":1,"67":1,"68":1,"69":1,"70":1,"71":1,"72":1,"73":1,"74":1,"77":4,"78":4,"79":4,"80":4,"81":4,"82":4,"83":4,"84":4,"85":4,"87":1,"88":4,"89":4,"90":4,"91":0,"92":0,"93":0,"94":4},"branchMap":{"0":{"type":"branch","line":20,"loc":{"start":{"line":20,"column":0},"end":{"line":27,"column":1}},"locations":[{"start":{"line":20,"column":0},"end":{"line":27,"column":1}}]},"1":{"type":"branch","line":26,"loc":{"start":{"line":26,"column":9},"end":{"line":26,"column":74}},"locations":[{"start":{"line":26,"column":9},"end":{"line":26,"column":74}}]},"2":{"type":"branch","line":30,"loc":{"start":{"line":30,"column":0},"end":{"line":75,"column":1}},"locations":[{"start":{"line":30,"column":0},"end":{"line":75,"column":1}}]},"3":{"type":"branch","line":63,"loc":{"start":{"line":63,"column":40},"end":{"line":63,"column":56}},"locations":[{"start":{"line":63,"column":40},"end":{"line":63,"column":56}}]},"4":{"type":"branch","line":66,"loc":{"start":{"line":66,"column":32},"end":{"line":66,"column":81}},"locations":[{"start":{"line":66,"column":32},"end":{"line":66,"column":81}}]},"5":{"type":"branch","line":73,"loc":{"start":{"line":73,"column":53},"end":{"line":73,"column":62}},"locations":[{"start":{"line":73,"column":53},"end":{"line":73,"column":62}}]},"6":{"type":"branch","line":65,"loc":{"start":{"line":65,"column":25},"end":{"line":65,"column":82}},"locations":[{"start":{"line":65,"column":25},"end":{"line":65,"column":82}}]},"7":{"type":"branch","line":69,"loc":{"start":{"line":69,"column":12},"end":{"line":69,"column":42}},"locations":[{"start":{"line":69,"column":12},"end":{"line":69,"column":42}}]},"8":{"type":"branch","line":70,"loc":{"start":{"line":70,"column":9},"end":{"line":70,"column":52}},"locations":[{"start":{"line":70,"column":9},"end":{"line":70,"column":52}}]},"9":{"type":"branch","line":78,"loc":{"start":{"line":78,"column":0},"end":{"line":86,"column":1}},"locations":[{"start":{"line":78,"column":0},"end":{"line":86,"column":1}}]},"10":{"type":"branch","line":88,"loc":{"start":{"line":88,"column":7},"end":{"line":95,"column":1}},"locations":[{"start":{"line":88,"column":7},"end":{"line":95,"column":1}}]},"11":{"type":"branch","line":90,"loc":{"start":{"line":90,"column":19},"end":{"line":90,"column":51}},"locations":[{"start":{"line":90,"column":19},"end":{"line":90,"column":51}}]},"12":{"type":"branch","line":91,"loc":{"start":{"line":91,"column":2},"end":{"line":92,"column":95}},"locations":[{"start":{"line":91,"column":2},"end":{"line":92,"column":95}}]},"13":{"type":"branch","line":92,"loc":{"start":{"line":92,"column":79},"end":{"line":93,"column":54}},"locations":[{"start":{"line":92,"column":79},"end":{"line":93,"column":54}}]},"14":{"type":"branch","line":93,"loc":{"start":{"line":93,"column":40},"end":{"line":94,"column":11}},"locations":[{"start":{"line":93,"column":40},"end":{"line":94,"column":11}}]}},"b":{"0":[1],"1":[1],"2":[1],"3":[0],"4":[0],"5":[0],"6":[1],"7":[6],"8":[4],"9":[4],"10":[4],"11":[1],"12":[0],"13":[0],"14":[0]},"fnMap":{"0":{"name":"groupCurrencyAmounts","decl":{"start":{"line":20,"column":0},"end":{"line":27,"column":1}},"loc":{"start":{"line":20,"column":0},"end":{"line":27,"column":1}},"line":20},"1":{"name":"loadWindowOperatingFinance","decl":{"start":{"line":30,"column":0},"end":{"line":75,"column":1}},"loc":{"start":{"line":30,"column":0},"end":{"line":75,"column":1}},"line":30},"2":{"name":"loadWindowBridgeCosts","decl":{"start":{"line":78,"column":0},"end":{"line":86,"column":1}},"loc":{"start":{"line":78,"column":0},"end":{"line":86,"column":1}},"line":78},"3":{"name":"bridgeIncompleteReason","decl":{"start":{"line":88,"column":7},"end":{"line":95,"column":1}},"loc":{"start":{"line":88,"column":7},"end":{"line":95,"column":1}},"line":88}},"f":{"0":1,"1":1,"2":4,"3":4}}
,"/Users/mac/Projects/仟流智算/packages/database/src/repositories/dashboard-home-metrics.ts": {"path":"/Users/mac/Projects/仟流智算/packages/database/src/repositories/dashboard-home-metrics.ts","all":false,"statementMap":{"9":{"start":{"line":10,"column":0},"end":{"line":10,"column":29}},"11":{"start":{"line":12,"column":0},"end":{"line":12,"column":86}},"12":{"start":{"line":13,"column":0},"end":{"line":13,"column":8}},"20":{"start":{"line":21,"column":0},"end":{"line":21,"column":41}},"23":{"start":{"line":24,"column":0},"end":{"line":24,"column":44}},"24":{"start":{"line":25,"column":0},"end":{"line":25,"column":12}},"25":{"start":{"line":26,"column":0},"end":{"line":26,"column":51}},"26":{"start":{"line":27,"column":0},"end":{"line":27,"column":61}},"27":{"start":{"line":28,"column":0},"end":{"line":28,"column":38}},"28":{"start":{"line":29,"column":0},"end":{"line":29,"column":36}},"29":{"start":{"line":30,"column":0},"end":{"line":30,"column":49}},"30":{"start":{"line":31,"column":0},"end":{"line":31,"column":49}},"31":{"start":{"line":32,"column":0},"end":{"line":32,"column":70}},"32":{"start":{"line":33,"column":0},"end":{"line":33,"column":53}},"33":{"start":{"line":34,"column":0},"end":{"line":34,"column":30}},"34":{"start":{"line":35,"column":0},"end":{"line":35,"column":30}},"35":{"start":{"line":36,"column":0},"end":{"line":36,"column":76}},"36":{"start":{"line":37,"column":0},"end":{"line":37,"column":80}},"37":{"start":{"line":38,"column":0},"end":{"line":38,"column":10}},"38":{"start":{"line":39,"column":0},"end":{"line":39,"column":75}},"39":{"start":{"line":40,"column":0},"end":{"line":40,"column":51}},"40":{"start":{"line":41,"column":0},"end":{"line":41,"column":14}},"41":{"start":{"line":42,"column":0},"end":{"line":42,"column":4}},"42":{"start":{"line":43,"column":0},"end":{"line":43,"column":1}},"44":{"start":{"line":45,"column":0},"end":{"line":45,"column":82}},"45":{"start":{"line":46,"column":0},"end":{"line":46,"column":61}},"46":{"start":{"line":47,"column":0},"end":{"line":47,"column":10}},"47":{"start":{"line":48,"column":0},"end":{"line":48,"column":99}},"48":{"start":{"line":49,"column":0},"end":{"line":49,"column":18}},"49":{"start":{"line":50,"column":0},"end":{"line":50,"column":88}},"50":{"start":{"line":51,"column":0},"end":{"line":51,"column":6}},"51":{"start":{"line":52,"column":0},"end":{"line":52,"column":4}},"52":{"start":{"line":53,"column":0},"end":{"line":53,"column":1}},"66":{"start":{"line":67,"column":0},"end":{"line":67,"column":42}},"67":{"start":{"line":68,"column":0},"end":{"line":68,"column":23}},"68":{"start":{"line":69,"column":0},"end":{"line":69,"column":23}},"69":{"start":{"line":70,"column":0},"end":{"line":70,"column":14}},"70":{"start":{"line":71,"column":0},"end":{"line":71,"column":12}},"71":{"start":{"line":72,"column":0},"end":{"line":72,"column":31}},"72":{"start":{"line":73,"column":0},"end":{"line":73,"column":66}},"73":{"start":{"line":74,"column":0},"end":{"line":74,"column":73}},"74":{"start":{"line":75,"column":0},"end":{"line":75,"column":27}},"75":{"start":{"line":76,"column":0},"end":{"line":76,"column":51}},"76":{"start":{"line":77,"column":0},"end":{"line":77,"column":55}},"77":{"start":{"line":78,"column":0},"end":{"line":78,"column":21}},"78":{"start":{"line":79,"column":0},"end":{"line":79,"column":26}},"79":{"start":{"line":80,"column":0},"end":{"line":80,"column":3}},"80":{"start":{"line":81,"column":0},"end":{"line":81,"column":23}},"81":{"start":{"line":82,"column":0},"end":{"line":82,"column":23}},"82":{"start":{"line":83,"column":0},"end":{"line":83,"column":24}},"83":{"start":{"line":84,"column":0},"end":{"line":84,"column":23}},"84":{"start":{"line":85,"column":0},"end":{"line":85,"column":38}},"85":{"start":{"line":86,"column":0},"end":{"line":86,"column":39}},"86":{"start":{"line":87,"column":0},"end":{"line":87,"column":63}},"87":{"start":{"line":88,"column":0},"end":{"line":88,"column":46}},"88":{"start":{"line":89,"column":0},"end":{"line":89,"column":48}},"89":{"start":{"line":90,"column":0},"end":{"line":90,"column":37}},"90":{"start":{"line":91,"column":0},"end":{"line":91,"column":63}},"91":{"start":{"line":92,"column":0},"end":{"line":92,"column":3}},"92":{"start":{"line":93,"column":0},"end":{"line":93,"column":10}},"93":{"start":{"line":94,"column":0},"end":{"line":94,"column":40}},"94":{"start":{"line":95,"column":0},"end":{"line":95,"column":40}},"95":{"start":{"line":96,"column":0},"end":{"line":96,"column":42}},"96":{"start":{"line":97,"column":0},"end":{"line":97,"column":42}},"97":{"start":{"line":98,"column":0},"end":{"line":98,"column":17}},"98":{"start":{"line":99,"column":0},"end":{"line":99,"column":4}},"99":{"start":{"line":100,"column":0},"end":{"line":100,"column":1}},"110":{"start":{"line":111,"column":0},"end":{"line":111,"column":45}},"111":{"start":{"line":112,"column":0},"end":{"line":112,"column":23}},"112":{"start":{"line":113,"column":0},"end":{"line":113,"column":23}},"113":{"start":{"line":114,"column":0},"end":{"line":114,"column":13}},"114":{"start":{"line":115,"column":0},"end":{"line":115,"column":36}},"115":{"start":{"line":116,"column":0},"end":{"line":116,"column":100}},"117":{"start":{"line":118,"column":0},"end":{"line":118,"column":64}},"119":{"start":{"line":120,"column":0},"end":{"line":120,"column":87}},"140":{"start":{"line":141,"column":0},"end":{"line":141,"column":82}},"142":{"start":{"line":143,"column":0},"end":{"line":143,"column":89}},"144":{"start":{"line":145,"column":0},"end":{"line":145,"column":53}},"149":{"start":{"line":150,"column":0},"end":{"line":150,"column":16}},"150":{"start":{"line":151,"column":0},"end":{"line":151,"column":29}},"151":{"start":{"line":152,"column":0},"end":{"line":152,"column":61}},"152":{"start":{"line":153,"column":0},"end":{"line":153,"column":10}},"153":{"start":{"line":154,"column":0},"end":{"line":154,"column":85}},"154":{"start":{"line":155,"column":0},"end":{"line":155,"column":27}},"155":{"start":{"line":156,"column":0},"end":{"line":156,"column":4}},"156":{"start":{"line":157,"column":0},"end":{"line":157,"column":1}},"159":{"start":{"line":160,"column":0},"end":{"line":160,"column":47}},"160":{"start":{"line":161,"column":0},"end":{"line":161,"column":23}},"161":{"start":{"line":162,"column":0},"end":{"line":162,"column":23}},"162":{"start":{"line":163,"column":0},"end":{"line":163,"column":14}},"163":{"start":{"line":164,"column":0},"end":{"line":164,"column":12}},"164":{"start":{"line":165,"column":0},"end":{"line":165,"column":20}},"165":{"start":{"line":166,"column":0},"end":{"line":166,"column":44}},"169":{"start":{"line":170,"column":0},"end":{"line":170,"column":81}},"171":{"start":{"line":172,"column":0},"end":{"line":172,"column":102}},"172":{"start":{"line":173,"column":0},"end":{"line":173,"column":83}},"174":{"start":{"line":175,"column":0},"end":{"line":175,"column":83}},"176":{"start":{"line":177,"column":0},"end":{"line":177,"column":90}},"178":{"start":{"line":179,"column":0},"end":{"line":179,"column":45}},"179":{"start":{"line":180,"column":0},"end":{"line":180,"column":63}},"181":{"start":{"line":182,"column":0},"end":{"line":182,"column":16}},"182":{"start":{"line":183,"column":0},"end":{"line":183,"column":44}},"183":{"start":{"line":184,"column":0},"end":{"line":184,"column":1}}},"s":{"9":1,"11":1,"12":1,"20":1,"23":1,"24":11,"25":11,"26":11,"27":11,"28":11,"29":11,"30":11,"31":11,"32":11,"33":11,"34":3,"35":8,"36":8,"37":11,"38":11,"39":11,"40":11,"41":11,"42":11,"44":1,"45":4,"46":4,"47":4,"48":4,"49":4,"50":4,"51":4,"52":4,"66":8,"67":8,"68":8,"69":8,"70":8,"71":8,"72":8,"73":8,"74":8,"75":7,"76":7,"77":7,"78":7,"79":7,"80":8,"81":8,"82":8,"83":8,"84":8,"85":8,"86":7,"87":7,"88":7,"89":7,"90":7,"91":7,"92":8,"93":8,"94":8,"95":8,"96":8,"97":8,"98":8,"99":8,"110":4,"111":4,"112":4,"113":4,"114":4,"115":4,"117":4,"119":4,"140":4,"142":4,"144":4,"149":4,"150":4,"151":4,"152":4,"153":4,"154":4,"155":4,"156":4,"159":8,"160":8,"161":8,"162":8,"163":8,"164":8,"165":8,"169":8,"171":8,"172":8,"174":8,"176":8,"178":8,"179":8,"181":8,"182":8,"183":8},"branchMap":{"0":{"type":"branch","line":24,"loc":{"start":{"line":24,"column":7},"end":{"line":43,"column":1}},"locations":[{"start":{"line":24,"column":7},"end":{"line":43,"column":1}}]},"1":{"type":"branch","line":30,"loc":{"start":{"line":30,"column":29},"end":{"line":30,"column":44}},"locations":[{"start":{"line":30,"column":29},"end":{"line":30,"column":44}}]},"2":{"type":"branch","line":30,"loc":{"start":{"line":30,"column":40},"end":{"line":30,"column":49}},"locations":[{"start":{"line":30,"column":40},"end":{"line":30,"column":49}}]},"3":{"type":"branch","line":31,"loc":{"start":{"line":31,"column":30},"end":{"line":31,"column":39}},"locations":[{"start":{"line":31,"column":30},"end":{"line":31,"column":39}}]},"4":{"type":"branch","line":31,"loc":{"start":{"line":31,"column":34},"end":{"line":31,"column":49}},"locations":[{"start":{"line":31,"column":34},"end":{"line":31,"column":49}}]},"5":{"type":"branch","line":34,"loc":{"start":{"line":34,"column":21},"end":{"line":35,"column":30}},"locations":[{"start":{"line":34,"column":21},"end":{"line":35,"column":30}}]},"6":{"type":"branch","line":35,"loc":{"start":{"line":35,"column":29},"end":{"line":37,"column":80}},"locations":[{"start":{"line":35,"column":29},"end":{"line":37,"column":80}}]},"7":{"type":"branch","line":45,"loc":{"start":{"line":45,"column":7},"end":{"line":53,"column":1}},"locations":[{"start":{"line":45,"column":7},"end":{"line":53,"column":1}}]},"8":{"type":"branch","line":67,"loc":{"start":{"line":67,"column":0},"end":{"line":100,"column":1}},"locations":[{"start":{"line":67,"column":0},"end":{"line":100,"column":1}}]},"9":{"type":"branch","line":75,"loc":{"start":{"line":75,"column":26},"end":{"line":80,"column":3}},"locations":[{"start":{"line":75,"column":26},"end":{"line":80,"column":3}}]},"10":{"type":"branch","line":86,"loc":{"start":{"line":86,"column":38},"end":{"line":92,"column":3}},"locations":[{"start":{"line":86,"column":38},"end":{"line":92,"column":3}}]},"11":{"type":"branch","line":91,"loc":{"start":{"line":91,"column":26},"end":{"line":91,"column":61}},"locations":[{"start":{"line":91,"column":26},"end":{"line":91,"column":61}}]},"12":{"type":"branch","line":111,"loc":{"start":{"line":111,"column":0},"end":{"line":157,"column":1}},"locations":[{"start":{"line":111,"column":0},"end":{"line":157,"column":1}}]},"13":{"type":"branch","line":152,"loc":{"start":{"line":152,"column":12},"end":{"line":152,"column":61}},"locations":[{"start":{"line":152,"column":12},"end":{"line":152,"column":61}}]},"14":{"type":"branch","line":160,"loc":{"start":{"line":160,"column":0},"end":{"line":184,"column":1}},"locations":[{"start":{"line":160,"column":0},"end":{"line":184,"column":1}}]},"15":{"type":"branch","line":183,"loc":{"start":{"line":183,"column":32},"end":{"line":183,"column":42}},"locations":[{"start":{"line":183,"column":32},"end":{"line":183,"column":42}}]}},"b":{"0":[11],"1":[2],"2":[9],"3":[2],"4":[9],"5":[3],"6":[8],"7":[4],"8":[8],"9":[7],"10":[7],"11":[8],"12":[4],"13":[0],"14":[8],"15":[0]},"fnMap":{"0":{"name":"previousShanghaiMonthWindow","decl":{"start":{"line":24,"column":7},"end":{"line":43,"column":1}},"loc":{"start":{"line":24,"column":7},"end":{"line":43,"column":1}},"line":24},"1":{"name":"shanghaiNaturalMonthRange","decl":{"start":{"line":45,"column":7},"end":{"line":53,"column":1}},"loc":{"start":{"line":45,"column":7},"end":{"line":53,"column":1}},"line":45},"2":{"name":"tokenTotalsForRange","decl":{"start":{"line":67,"column":0},"end":{"line":100,"column":1}},"loc":{"start":{"line":67,"column":0},"end":{"line":100,"column":1}},"line":67},"3":{"name":"previousEmployeeWindow","decl":{"start":{"line":111,"column":0},"end":{"line":157,"column":1}},"loc":{"start":{"line":111,"column":0},"end":{"line":157,"column":1}},"line":111},"4":{"name":"countActiveProjectsRange","decl":{"start":{"line":160,"column":0},"end":{"line":184,"column":1}},"loc":{"start":{"line":160,"column":0},"end":{"line":184,"column":1}},"line":160}},"f":{"0":11,"1":4,"2":8,"3":4,"4":8}}
,"/Users/mac/Projects/仟流智算/packages/database/src/repositories/dashboard-home-providers.ts": {"path":"/Users/mac/Projects/仟流智算/packages/database/src/repositories/dashboard-home-providers.ts","all":false,"statementMap":{"7":{"start":{"line":8,"column":0},"end":{"line":8,"column":75}},"9":{"start":{"line":10,"column":0},"end":{"line":10,"column":29}},"11":{"start":{"line":12,"column":0},"end":{"line":12,"column":62}},"20":{"start":{"line":21,"column":0},"end":{"line":21,"column":37}},"23":{"start":{"line":24,"column":0},"end":{"line":24,"column":55}},"24":{"start":{"line":25,"column":0},"end":{"line":25,"column":15}},"25":{"start":{"line":26,"column":0},"end":{"line":26,"column":23}},"26":{"start":{"line":27,"column":0},"end":{"line":27,"column":20}},"27":{"start":{"line":28,"column":0},"end":{"line":28,"column":18}},"28":{"start":{"line":29,"column":0},"end":{"line":29,"column":29}},"29":{"start":{"line":30,"column":0},"end":{"line":30,"column":23}},"30":{"start":{"line":31,"column":0},"end":{"line":31,"column":21}},"31":{"start":{"line":32,"column":0},"end":{"line":32,"column":2}},"33":{"start":{"line":34,"column":0},"end":{"line":34,"column":91}},"34":{"start":{"line":35,"column":0},"end":{"line":35,"column":87}},"35":{"start":{"line":36,"column":0},"end":{"line":36,"column":89}},"36":{"start":{"line":37,"column":0},"end":{"line":37,"column":72}},"37":{"start":{"line":38,"column":0},"end":{"line":38,"column":49}},"38":{"start":{"line":39,"column":0},"end":{"line":39,"column":1}},"72":{"start":{"line":73,"column":0},"end":{"line":73,"column":85}},"73":{"start":{"line":74,"column":0},"end":{"line":74,"column":48}},"75":{"start":{"line":76,"column":0},"end":{"line":76,"column":51}},"76":{"start":{"line":77,"column":0},"end":{"line":77,"column":56}},"77":{"start":{"line":78,"column":0},"end":{"line":78,"column":35}},"78":{"start":{"line":79,"column":0},"end":{"line":79,"column":1}},"80":{"start":{"line":81,"column":0},"end":{"line":81,"column":21}},"81":{"start":{"line":82,"column":0},"end":{"line":82,"column":47}},"82":{"start":{"line":83,"column":0},"end":{"line":83,"column":12}},"83":{"start":{"line":84,"column":0},"end":{"line":84,"column":42}},"84":{"start":{"line":85,"column":0},"end":{"line":85,"column":30}},"85":{"start":{"line":86,"column":0},"end":{"line":86,"column":89}},"86":{"start":{"line":87,"column":0},"end":{"line":87,"column":48}},"87":{"start":{"line":88,"column":0},"end":{"line":88,"column":92}},"88":{"start":{"line":89,"column":0},"end":{"line":89,"column":14}},"89":{"start":{"line":90,"column":0},"end":{"line":90,"column":1}},"92":{"start":{"line":93,"column":0},"end":{"line":93,"column":23}},"93":{"start":{"line":94,"column":0},"end":{"line":94,"column":35}},"94":{"start":{"line":95,"column":0},"end":{"line":95,"column":26}},"95":{"start":{"line":96,"column":0},"end":{"line":96,"column":18}},"96":{"start":{"line":97,"column":0},"end":{"line":97,"column":29}},"97":{"start":{"line":98,"column":0},"end":{"line":98,"column":28}},"98":{"start":{"line":99,"column":0},"end":{"line":99,"column":46}},"99":{"start":{"line":100,"column":0},"end":{"line":100,"column":34}},"100":{"start":{"line":101,"column":0},"end":{"line":101,"column":66}},"101":{"start":{"line":102,"column":0},"end":{"line":102,"column":5}},"102":{"start":{"line":103,"column":0},"end":{"line":103,"column":50}},"103":{"start":{"line":104,"column":0},"end":{"line":104,"column":85}},"104":{"start":{"line":105,"column":0},"end":{"line":105,"column":98}},"105":{"start":{"line":106,"column":0},"end":{"line":106,"column":66}},"106":{"start":{"line":107,"column":0},"end":{"line":107,"column":60}},"107":{"start":{"line":108,"column":0},"end":{"line":108,"column":84}},"108":{"start":{"line":109,"column":0},"end":{"line":109,"column":17}},"109":{"start":{"line":110,"column":0},"end":{"line":110,"column":36}},"110":{"start":{"line":111,"column":0},"end":{"line":111,"column":64}},"111":{"start":{"line":112,"column":0},"end":{"line":112,"column":75}},"112":{"start":{"line":113,"column":0},"end":{"line":113,"column":26}},"113":{"start":{"line":114,"column":0},"end":{"line":114,"column":15}},"114":{"start":{"line":115,"column":0},"end":{"line":115,"column":45}},"115":{"start":{"line":116,"column":0},"end":{"line":116,"column":3}},"116":{"start":{"line":117,"column":0},"end":{"line":117,"column":29}},"117":{"start":{"line":118,"column":0},"end":{"line":118,"column":97}},"118":{"start":{"line":119,"column":0},"end":{"line":119,"column":61}},"119":{"start":{"line":120,"column":0},"end":{"line":120,"column":3}},"120":{"start":{"line":121,"column":0},"end":{"line":121,"column":29}},"121":{"start":{"line":122,"column":0},"end":{"line":122,"column":55}},"122":{"start":{"line":123,"column":0},"end":{"line":123,"column":3}},"123":{"start":{"line":124,"column":0},"end":{"line":124,"column":28}},"124":{"start":{"line":125,"column":0},"end":{"line":125,"column":61}},"125":{"start":{"line":126,"column":0},"end":{"line":126,"column":3}},"126":{"start":{"line":127,"column":0},"end":{"line":127,"column":38}},"127":{"start":{"line":128,"column":0},"end":{"line":128,"column":74}},"128":{"start":{"line":129,"column":0},"end":{"line":129,"column":27}},"129":{"start":{"line":130,"column":0},"end":{"line":130,"column":39}},"130":{"start":{"line":131,"column":0},"end":{"line":131,"column":1}},"132":{"start":{"line":133,"column":0},"end":{"line":133,"column":21}},"133":{"start":{"line":134,"column":0},"end":{"line":134,"column":36}},"134":{"start":{"line":135,"column":0},"end":{"line":135,"column":54}},"135":{"start":{"line":136,"column":0},"end":{"line":136,"column":58}},"136":{"start":{"line":137,"column":0},"end":{"line":137,"column":12}},"137":{"start":{"line":138,"column":0},"end":{"line":138,"column":28}},"138":{"start":{"line":139,"column":0},"end":{"line":139,"column":88}},"139":{"start":{"line":140,"column":0},"end":{"line":140,"column":23}},"140":{"start":{"line":141,"column":0},"end":{"line":141,"column":45}},"141":{"start":{"line":142,"column":0},"end":{"line":142,"column":19}},"142":{"start":{"line":143,"column":0},"end":{"line":143,"column":58}},"143":{"start":{"line":144,"column":0},"end":{"line":144,"column":14}},"144":{"start":{"line":145,"column":0},"end":{"line":145,"column":40}},"145":{"start":{"line":146,"column":0},"end":{"line":146,"column":27}},"146":{"start":{"line":147,"column":0},"end":{"line":147,"column":23}},"147":{"start":{"line":148,"column":0},"end":{"line":148,"column":35}},"148":{"start":{"line":149,"column":0},"end":{"line":149,"column":84}},"149":{"start":{"line":150,"column":0},"end":{"line":150,"column":8}},"150":{"start":{"line":151,"column":0},"end":{"line":151,"column":7}},"151":{"start":{"line":152,"column":0},"end":{"line":152,"column":47}},"152":{"start":{"line":153,"column":0},"end":{"line":153,"column":83}},"153":{"start":{"line":154,"column":0},"end":{"line":154,"column":64}},"154":{"start":{"line":155,"column":0},"end":{"line":155,"column":85}},"156":{"start":{"line":157,"column":0},"end":{"line":157,"column":41}},"157":{"start":{"line":158,"column":0},"end":{"line":158,"column":53}},"158":{"start":{"line":159,"column":0},"end":{"line":159,"column":51}},"159":{"start":{"line":160,"column":0},"end":{"line":160,"column":5}},"160":{"start":{"line":161,"column":0},"end":{"line":161,"column":40}},"161":{"start":{"line":162,"column":0},"end":{"line":162,"column":35}},"162":{"start":{"line":163,"column":0},"end":{"line":163,"column":96}},"163":{"start":{"line":164,"column":0},"end":{"line":164,"column":3}},"164":{"start":{"line":165,"column":0},"end":{"line":165,"column":40}},"165":{"start":{"line":166,"column":0},"end":{"line":166,"column":78}},"166":{"start":{"line":167,"column":0},"end":{"line":167,"column":39}},"167":{"start":{"line":168,"column":0},"end":{"line":168,"column":76}},"168":{"start":{"line":169,"column":0},"end":{"line":169,"column":79}},"169":{"start":{"line":170,"column":0},"end":{"line":170,"column":31}},"170":{"start":{"line":171,"column":0},"end":{"line":171,"column":4}},"171":{"start":{"line":172,"column":0},"end":{"line":172,"column":64}},"172":{"start":{"line":173,"column":0},"end":{"line":173,"column":72}},"173":{"start":{"line":174,"column":0},"end":{"line":174,"column":77}},"174":{"start":{"line":175,"column":0},"end":{"line":175,"column":11}},"175":{"start":{"line":176,"column":0},"end":{"line":176,"column":88}},"176":{"start":{"line":177,"column":0},"end":{"line":177,"column":45}},"177":{"start":{"line":178,"column":0},"end":{"line":178,"column":92}},"178":{"start":{"line":179,"column":0},"end":{"line":179,"column":78}},"179":{"start":{"line":180,"column":0},"end":{"line":180,"column":40}},"180":{"start":{"line":181,"column":0},"end":{"line":181,"column":86}},"181":{"start":{"line":182,"column":0},"end":{"line":182,"column":47}},"182":{"start":{"line":183,"column":0},"end":{"line":183,"column":27}},"183":{"start":{"line":184,"column":0},"end":{"line":184,"column":66}},"184":{"start":{"line":185,"column":0},"end":{"line":185,"column":3}},"185":{"start":{"line":186,"column":0},"end":{"line":186,"column":10}},"186":{"start":{"line":187,"column":0},"end":{"line":187,"column":17}},"187":{"start":{"line":188,"column":0},"end":{"line":188,"column":17}},"188":{"start":{"line":189,"column":0},"end":{"line":189,"column":31}},"189":{"start":{"line":190,"column":0},"end":{"line":190,"column":36}},"190":{"start":{"line":191,"column":0},"end":{"line":191,"column":59}},"191":{"start":{"line":192,"column":0},"end":{"line":192,"column":80}},"192":{"start":{"line":193,"column":0},"end":{"line":193,"column":23}},"193":{"start":{"line":194,"column":0},"end":{"line":194,"column":35}},"194":{"start":{"line":195,"column":0},"end":{"line":195,"column":12}},"195":{"start":{"line":196,"column":0},"end":{"line":196,"column":63}},"196":{"start":{"line":197,"column":0},"end":{"line":197,"column":19}},"197":{"start":{"line":198,"column":0},"end":{"line":198,"column":43}},"198":{"start":{"line":199,"column":0},"end":{"line":199,"column":50}},"199":{"start":{"line":200,"column":0},"end":{"line":200,"column":42}},"200":{"start":{"line":201,"column":0},"end":{"line":201,"column":69}},"201":{"start":{"line":202,"column":0},"end":{"line":202,"column":50}},"202":{"start":{"line":203,"column":0},"end":{"line":203,"column":4}},"203":{"start":{"line":204,"column":0},"end":{"line":204,"column":1}},"206":{"start":{"line":207,"column":0},"end":{"line":207,"column":48}},"207":{"start":{"line":208,"column":0},"end":{"line":208,"column":23}},"208":{"start":{"line":209,"column":0},"end":{"line":209,"column":23}},"209":{"start":{"line":210,"column":0},"end":{"line":210,"column":12}},"210":{"start":{"line":211,"column":0},"end":{"line":211,"column":35}},"211":{"start":{"line":212,"column":0},"end":{"line":212,"column":56}},"212":{"start":{"line":213,"column":0},"end":{"line":213,"column":35}},"217":{"start":{"line":218,"column":0},"end":{"line":218,"column":86}},"218":{"start":{"line":219,"column":0},"end":{"line":219,"column":74}},"220":{"start":{"line":221,"column":0},"end":{"line":221,"column":18}},"221":{"start":{"line":222,"column":0},"end":{"line":222,"column":75}},"222":{"start":{"line":223,"column":0},"end":{"line":223,"column":5}},"223":{"start":{"line":224,"column":0},"end":{"line":224,"column":39}},"224":{"start":{"line":225,"column":0},"end":{"line":225,"column":45}},"225":{"start":{"line":226,"column":0},"end":{"line":226,"column":35}},"226":{"start":{"line":227,"column":0},"end":{"line":227,"column":85}},"229":{"start":{"line":230,"column":0},"end":{"line":230,"column":44}},"230":{"start":{"line":231,"column":0},"end":{"line":231,"column":96}},"232":{"start":{"line":233,"column":0},"end":{"line":233,"column":24}},"233":{"start":{"line":234,"column":0},"end":{"line":234,"column":92}},"234":{"start":{"line":235,"column":0},"end":{"line":235,"column":97}},"236":{"start":{"line":237,"column":0},"end":{"line":237,"column":68}},"237":{"start":{"line":238,"column":0},"end":{"line":238,"column":40}},"238":{"start":{"line":239,"column":0},"end":{"line":239,"column":65}},"239":{"start":{"line":240,"column":0},"end":{"line":240,"column":63}},"240":{"start":{"line":241,"column":0},"end":{"line":241,"column":3}},"241":{"start":{"line":242,"column":0},"end":{"line":242,"column":44}},"242":{"start":{"line":243,"column":0},"end":{"line":243,"column":76}},"243":{"start":{"line":244,"column":0},"end":{"line":244,"column":94}},"245":{"start":{"line":246,"column":0},"end":{"line":246,"column":29}},"246":{"start":{"line":247,"column":0},"end":{"line":247,"column":54}},"247":{"start":{"line":248,"column":0},"end":{"line":248,"column":53}},"248":{"start":{"line":249,"column":0},"end":{"line":249,"column":93}},"249":{"start":{"line":250,"column":0},"end":{"line":250,"column":10}},"250":{"start":{"line":251,"column":0},"end":{"line":251,"column":36}},"251":{"start":{"line":252,"column":0},"end":{"line":252,"column":44}},"252":{"start":{"line":253,"column":0},"end":{"line":253,"column":95}},"253":{"start":{"line":254,"column":0},"end":{"line":254,"column":56}},"254":{"start":{"line":255,"column":0},"end":{"line":255,"column":14}},"255":{"start":{"line":256,"column":0},"end":{"line":256,"column":4}},"256":{"start":{"line":257,"column":0},"end":{"line":257,"column":1}}},"s":{"7":1,"9":1,"11":1,"20":1,"23":1,"24":1,"25":1,"26":1,"27":1,"28":1,"29":1,"30":1,"31":1,"33":8,"34":8,"35":8,"36":8,"37":8,"38":8,"72":1,"73":1,"75":28,"76":28,"77":28,"78":28,"80":26,"81":26,"82":26,"83":26,"84":26,"85":26,"86":14,"87":26,"88":12,"89":12,"92":12,"93":12,"94":12,"95":12,"96":12,"97":12,"98":4,"99":4,"100":4,"101":4,"102":4,"103":4,"104":4,"105":4,"106":4,"107":4,"108":4,"109":0,"110":0,"111":0,"112":0,"113":0,"114":4,"115":4,"116":12,"117":6,"118":6,"119":6,"120":12,"121":6,"122":6,"123":12,"124":2,"125":2,"126":12,"127":8,"128":12,"129":12,"130":12,"132":12,"133":12,"134":12,"135":12,"136":12,"137":12,"138":12,"139":12,"140":12,"141":12,"142":4,"143":4,"144":4,"145":4,"146":4,"147":4,"148":4,"149":4,"150":12,"151":12,"152":12,"153":12,"154":12,"156":12,"157":26,"158":26,"159":12,"160":12,"161":12,"162":26,"163":26,"164":12,"165":12,"166":12,"167":12,"168":12,"169":12,"170":12,"171":12,"172":26,"173":26,"174":12,"175":12,"176":12,"177":0,"178":12,"179":4,"180":4,"181":12,"182":12,"183":26,"184":26,"185":12,"186":12,"187":12,"188":12,"189":12,"190":12,"191":12,"192":12,"193":12,"194":8,"195":4,"196":12,"197":12,"198":12,"199":12,"200":12,"201":12,"202":12,"203":12,"206":5,"207":5,"208":5,"209":5,"210":5,"211":5,"212":5,"217":5,"218":5,"220":5,"221":5,"222":5,"223":5,"224":5,"225":5,"226":5,"229":4,"230":4,"232":4,"233":5,"234":5,"236":5,"237":5,"238":26,"239":26,"240":26,"241":5,"242":5,"243":5,"245":5,"246":5,"247":5,"248":5,"249":5,"250":5,"251":5,"252":5,"253":5,"254":5,"255":5,"256":5},"branchMap":{"0":{"type":"branch","line":34,"loc":{"start":{"line":34,"column":0},"end":{"line":39,"column":1}},"locations":[{"start":{"line":34,"column":0},"end":{"line":39,"column":1}}]},"1":{"type":"branch","line":35,"loc":{"start":{"line":35,"column":17},"end":{"line":35,"column":66}},"locations":[{"start":{"line":35,"column":17},"end":{"line":35,"column":66}}]},"2":{"type":"branch","line":35,"loc":{"start":{"line":35,"column":66},"end":{"line":35,"column":87}},"locations":[{"start":{"line":35,"column":66},"end":{"line":35,"column":87}}]},"3":{"type":"branch","line":36,"loc":{"start":{"line":36,"column":17},"end":{"line":36,"column":68}},"locations":[{"start":{"line":36,"column":17},"end":{"line":36,"column":68}}]},"4":{"type":"branch","line":36,"loc":{"start":{"line":36,"column":68},"end":{"line":36,"column":89}},"locations":[{"start":{"line":36,"column":68},"end":{"line":36,"column":89}}]},"5":{"type":"branch","line":37,"loc":{"start":{"line":37,"column":30},"end":{"line":37,"column":72}},"locations":[{"start":{"line":37,"column":30},"end":{"line":37,"column":72}}]},"6":{"type":"branch","line":38,"loc":{"start":{"line":38,"column":37},"end":{"line":38,"column":49}},"locations":[{"start":{"line":38,"column":37},"end":{"line":38,"column":49}}]},"7":{"type":"branch","line":76,"loc":{"start":{"line":76,"column":0},"end":{"line":79,"column":1}},"locations":[{"start":{"line":76,"column":0},"end":{"line":79,"column":1}}]},"8":{"type":"branch","line":78,"loc":{"start":{"line":78,"column":19},"end":{"line":78,"column":29}},"locations":[{"start":{"line":78,"column":19},"end":{"line":78,"column":29}}]},"9":{"type":"branch","line":81,"loc":{"start":{"line":81,"column":0},"end":{"line":90,"column":1}},"locations":[{"start":{"line":81,"column":0},"end":{"line":90,"column":1}}]},"10":{"type":"branch","line":85,"loc":{"start":{"line":85,"column":13},"end":{"line":85,"column":30}},"locations":[{"start":{"line":85,"column":13},"end":{"line":85,"column":30}}]},"11":{"type":"branch","line":85,"loc":{"start":{"line":85,"column":20},"end":{"line":86,"column":42}},"locations":[{"start":{"line":85,"column":20},"end":{"line":86,"column":42}}]},"12":{"type":"branch","line":86,"loc":{"start":{"line":86,"column":30},"end":{"line":86,"column":73}},"locations":[{"start":{"line":86,"column":30},"end":{"line":86,"column":73}}]},"13":{"type":"branch","line":86,"loc":{"start":{"line":86,"column":73},"end":{"line":86,"column":89}},"locations":[{"start":{"line":86,"column":73},"end":{"line":86,"column":89}}]},"14":{"type":"branch","line":86,"loc":{"start":{"line":86,"column":80},"end":{"line":88,"column":77}},"locations":[{"start":{"line":86,"column":80},"end":{"line":88,"column":77}}]},"15":{"type":"branch","line":88,"loc":{"start":{"line":88,"column":77},"end":{"line":88,"column":92}},"locations":[{"start":{"line":88,"column":77},"end":{"line":88,"column":92}}]},"16":{"type":"branch","line":88,"loc":{"start":{"line":88,"column":84},"end":{"line":90,"column":1}},"locations":[{"start":{"line":88,"column":84},"end":{"line":90,"column":1}}]},"17":{"type":"branch","line":93,"loc":{"start":{"line":93,"column":0},"end":{"line":131,"column":1}},"locations":[{"start":{"line":93,"column":0},"end":{"line":131,"column":1}}]},"18":{"type":"branch","line":98,"loc":{"start":{"line":98,"column":27},"end":{"line":116,"column":3}},"locations":[{"start":{"line":98,"column":27},"end":{"line":116,"column":3}}]},"19":{"type":"branch","line":105,"loc":{"start":{"line":105,"column":55},"end":{"line":105,"column":98}},"locations":[{"start":{"line":105,"column":55},"end":{"line":105,"column":98}}]},"20":{"type":"branch","line":108,"loc":{"start":{"line":108,"column":34},"end":{"line":108,"column":84}},"locations":[{"start":{"line":108,"column":34},"end":{"line":108,"column":84}}]},"21":{"type":"branch","line":109,"loc":{"start":{"line":109,"column":8},"end":{"line":114,"column":15}},"locations":[{"start":{"line":109,"column":8},"end":{"line":114,"column":15}}]},"22":{"type":"branch","line":117,"loc":{"start":{"line":117,"column":28},"end":{"line":120,"column":3}},"locations":[{"start":{"line":117,"column":28},"end":{"line":120,"column":3}}]},"23":{"type":"branch","line":118,"loc":{"start":{"line":118,"column":88},"end":{"line":118,"column":97}},"locations":[{"start":{"line":118,"column":88},"end":{"line":118,"column":97}}]},"24":{"type":"branch","line":121,"loc":{"start":{"line":121,"column":28},"end":{"line":123,"column":3}},"locations":[{"start":{"line":121,"column":28},"end":{"line":123,"column":3}}]},"25":{"type":"branch","line":124,"loc":{"start":{"line":124,"column":27},"end":{"line":126,"column":3}},"locations":[{"start":{"line":124,"column":27},"end":{"line":126,"column":3}}]},"26":{"type":"branch","line":127,"loc":{"start":{"line":127,"column":26},"end":{"line":127,"column":38}},"locations":[{"start":{"line":127,"column":26},"end":{"line":127,"column":38}}]},"27":{"type":"branch","line":127,"loc":{"start":{"line":127,"column":33},"end":{"line":129,"column":24}},"locations":[{"start":{"line":127,"column":33},"end":{"line":129,"column":24}}]},"28":{"type":"branch","line":129,"loc":{"start":{"line":129,"column":6},"end":{"line":129,"column":27}},"locations":[{"start":{"line":129,"column":6},"end":{"line":129,"column":27}}]},"29":{"type":"branch","line":106,"loc":{"start":{"line":106,"column":47},"end":{"line":107,"column":48}},"locations":[{"start":{"line":106,"column":47},"end":{"line":107,"column":48}}]},"30":{"type":"branch","line":107,"loc":{"start":{"line":107,"column":20},"end":{"line":107,"column":48}},"locations":[{"start":{"line":107,"column":20},"end":{"line":107,"column":48}}]},"31":{"type":"branch","line":133,"loc":{"start":{"line":133,"column":0},"end":{"line":204,"column":1}},"locations":[{"start":{"line":133,"column":0},"end":{"line":204,"column":1}}]},"32":{"type":"branch","line":162,"loc":{"start":{"line":162,"column":34},"end":{"line":164,"column":3}},"locations":[{"start":{"line":162,"column":34},"end":{"line":164,"column":3}}]},"33":{"type":"branch","line":163,"loc":{"start":{"line":163,"column":23},"end":{"line":163,"column":58}},"locations":[{"start":{"line":163,"column":23},"end":{"line":163,"column":58}}]},"34":{"type":"branch","line":163,"loc":{"start":{"line":163,"column":58},"end":{"line":163,"column":96}},"locations":[{"start":{"line":163,"column":58},"end":{"line":163,"column":96}}]},"35":{"type":"branch","line":176,"loc":{"start":{"line":176,"column":22},"end":{"line":176,"column":63}},"locations":[{"start":{"line":176,"column":22},"end":{"line":176,"column":63}}]},"36":{"type":"branch","line":176,"loc":{"start":{"line":176,"column":47},"end":{"line":176,"column":83}},"locations":[{"start":{"line":176,"column":47},"end":{"line":176,"column":83}}]},"37":{"type":"branch","line":176,"loc":{"start":{"line":176,"column":74},"end":{"line":176,"column":88}},"locations":[{"start":{"line":176,"column":74},"end":{"line":176,"column":88}}]},"38":{"type":"branch","line":177,"loc":{"start":{"line":177,"column":35},"end":{"line":178,"column":92}},"locations":[{"start":{"line":177,"column":35},"end":{"line":178,"column":92}}]},"39":{"type":"branch","line":179,"loc":{"start":{"line":179,"column":59},"end":{"line":179,"column":78}},"locations":[{"start":{"line":179,"column":59},"end":{"line":179,"column":78}}]},"40":{"type":"branch","line":179,"loc":{"start":{"line":179,"column":70},"end":{"line":181,"column":86}},"locations":[{"start":{"line":179,"column":70},"end":{"line":181,"column":86}}]},"41":{"type":"branch","line":180,"loc":{"start":{"line":180,"column":6},"end":{"line":180,"column":40}},"locations":[{"start":{"line":180,"column":6},"end":{"line":180,"column":40}}]},"42":{"type":"branch","line":181,"loc":{"start":{"line":181,"column":54},"end":{"line":181,"column":86}},"locations":[{"start":{"line":181,"column":54},"end":{"line":181,"column":86}}]},"43":{"type":"branch","line":183,"loc":{"start":{"line":183,"column":26},"end":{"line":185,"column":3}},"locations":[{"start":{"line":183,"column":26},"end":{"line":185,"column":3}}]},"44":{"type":"branch","line":184,"loc":{"start":{"line":184,"column":53},"end":{"line":184,"column":63}},"locations":[{"start":{"line":184,"column":53},"end":{"line":184,"column":63}}]},"45":{"type":"branch","line":194,"loc":{"start":{"line":194,"column":27},"end":{"line":195,"column":12}},"locations":[{"start":{"line":194,"column":27},"end":{"line":195,"column":12}}]},"46":{"type":"branch","line":195,"loc":{"start":{"line":195,"column":8},"end":{"line":196,"column":63}},"locations":[{"start":{"line":195,"column":8},"end":{"line":196,"column":63}}]},"47":{"type":"branch","line":201,"loc":{"start":{"line":201,"column":38},"end":{"line":201,"column":69}},"locations":[{"start":{"line":201,"column":38},"end":{"line":201,"column":69}}]},"48":{"type":"branch","line":202,"loc":{"start":{"line":202,"column":40},"end":{"line":202,"column":50}},"locations":[{"start":{"line":202,"column":40},"end":{"line":202,"column":50}}]},"49":{"type":"branch","line":141,"loc":{"start":{"line":141,"column":12},"end":{"line":141,"column":44}},"locations":[{"start":{"line":141,"column":12},"end":{"line":141,"column":44}}]},"50":{"type":"branch","line":142,"loc":{"start":{"line":142,"column":9},"end":{"line":151,"column":5}},"locations":[{"start":{"line":142,"column":9},"end":{"line":151,"column":5}}]},"51":{"type":"branch","line":149,"loc":{"start":{"line":149,"column":69},"end":{"line":149,"column":82}},"locations":[{"start":{"line":149,"column":69},"end":{"line":149,"column":82}}]},"52":{"type":"branch","line":152,"loc":{"start":{"line":152,"column":31},"end":{"line":153,"column":81}},"locations":[{"start":{"line":152,"column":31},"end":{"line":153,"column":81}}]},"53":{"type":"branch","line":153,"loc":{"start":{"line":153,"column":65},"end":{"line":153,"column":77}},"locations":[{"start":{"line":153,"column":65},"end":{"line":153,"column":77}}]},"54":{"type":"branch","line":153,"loc":{"start":{"line":153,"column":69},"end":{"line":153,"column":81}},"locations":[{"start":{"line":153,"column":69},"end":{"line":153,"column":81}}]},"55":{"type":"branch","line":155,"loc":{"start":{"line":155,"column":45},"end":{"line":155,"column":82}},"locations":[{"start":{"line":155,"column":45},"end":{"line":155,"column":82}}]},"56":{"type":"branch","line":157,"loc":{"start":{"line":157,"column":31},"end":{"line":160,"column":3}},"locations":[{"start":{"line":157,"column":31},"end":{"line":160,"column":3}}]},"57":{"type":"branch","line":166,"loc":{"start":{"line":166,"column":36},"end":{"line":166,"column":69}},"locations":[{"start":{"line":166,"column":36},"end":{"line":166,"column":69}}]},"58":{"type":"branch","line":168,"loc":{"start":{"line":168,"column":35},"end":{"line":168,"column":67}},"locations":[{"start":{"line":168,"column":35},"end":{"line":168,"column":67}}]},"59":{"type":"branch","line":169,"loc":{"start":{"line":169,"column":36},"end":{"line":169,"column":70}},"locations":[{"start":{"line":169,"column":36},"end":{"line":169,"column":70}}]},"60":{"type":"branch","line":172,"loc":{"start":{"line":172,"column":46},"end":{"line":175,"column":5}},"locations":[{"start":{"line":172,"column":46},"end":{"line":175,"column":5}}]},"61":{"type":"branch","line":173,"loc":{"start":{"line":173,"column":56},"end":{"line":173,"column":72}},"locations":[{"start":{"line":173,"column":56},"end":{"line":173,"column":72}}]},"62":{"type":"branch","line":174,"loc":{"start":{"line":174,"column":11},"end":{"line":174,"column":58}},"locations":[{"start":{"line":174,"column":11},"end":{"line":174,"column":58}}]},"63":{"type":"branch","line":174,"loc":{"start":{"line":174,"column":26},"end":{"line":174,"column":58}},"locations":[{"start":{"line":174,"column":26},"end":{"line":174,"column":58}}]},"64":{"type":"branch","line":174,"loc":{"start":{"line":174,"column":48},"end":{"line":174,"column":70}},"locations":[{"start":{"line":174,"column":48},"end":{"line":174,"column":70}}]},"65":{"type":"branch","line":174,"loc":{"start":{"line":174,"column":58},"end":{"line":174,"column":77}},"locations":[{"start":{"line":174,"column":58},"end":{"line":174,"column":77}}]},"66":{"type":"branch","line":181,"loc":{"start":{"line":181,"column":18},"end":{"line":181,"column":50}},"locations":[{"start":{"line":181,"column":18},"end":{"line":181,"column":50}}]},"67":{"type":"branch","line":192,"loc":{"start":{"line":192,"column":11},"end":{"line":192,"column":78}},"locations":[{"start":{"line":192,"column":11},"end":{"line":192,"column":78}}]},"68":{"type":"branch","line":207,"loc":{"start":{"line":207,"column":0},"end":{"line":257,"column":1}},"locations":[{"start":{"line":207,"column":0},"end":{"line":257,"column":1}}]},"69":{"type":"branch","line":227,"loc":{"start":{"line":227,"column":43},"end":{"line":227,"column":53}},"locations":[{"start":{"line":227,"column":43},"end":{"line":227,"column":53}}]},"70":{"type":"branch","line":227,"loc":{"start":{"line":227,"column":48},"end":{"line":233,"column":24}},"locations":[{"start":{"line":227,"column":48},"end":{"line":233,"column":24}}]},"71":{"type":"branch","line":238,"loc":{"start":{"line":238,"column":39},"end":{"line":241,"column":3}},"locations":[{"start":{"line":238,"column":39},"end":{"line":241,"column":3}}]},"72":{"type":"branch","line":240,"loc":{"start":{"line":240,"column":47},"end":{"line":240,"column":57}},"locations":[{"start":{"line":240,"column":47},"end":{"line":240,"column":57}}]},"73":{"type":"branch","line":254,"loc":{"start":{"line":254,"column":15},"end":{"line":254,"column":46}},"locations":[{"start":{"line":254,"column":15},"end":{"line":254,"column":46}}]},"74":{"type":"branch","line":254,"loc":{"start":{"line":254,"column":46},"end":{"line":254,"column":56}},"locations":[{"start":{"line":254,"column":46},"end":{"line":254,"column":56}}]},"75":{"type":"branch","line":225,"loc":{"start":{"line":225,"column":12},"end":{"line":225,"column":44}},"locations":[{"start":{"line":225,"column":12},"end":{"line":225,"column":44}}]},"76":{"type":"branch","line":226,"loc":{"start":{"line":226,"column":9},"end":{"line":226,"column":33}},"locations":[{"start":{"line":226,"column":9},"end":{"line":226,"column":33}}]},"77":{"type":"branch","line":231,"loc":{"start":{"line":231,"column":65},"end":{"line":231,"column":83}},"locations":[{"start":{"line":231,"column":65},"end":{"line":231,"column":83}}]},"78":{"type":"branch","line":234,"loc":{"start":{"line":234,"column":49},"end":{"line":234,"column":89}},"locations":[{"start":{"line":234,"column":49},"end":{"line":234,"column":89}}]},"79":{"type":"branch","line":235,"loc":{"start":{"line":235,"column":48},"end":{"line":235,"column":94}},"locations":[{"start":{"line":235,"column":48},"end":{"line":235,"column":94}}]},"80":{"type":"branch","line":243,"loc":{"start":{"line":243,"column":9},"end":{"line":243,"column":75}},"locations":[{"start":{"line":243,"column":9},"end":{"line":243,"column":75}}]},"81":{"type":"branch","line":244,"loc":{"start":{"line":244,"column":10},"end":{"line":244,"column":92}},"locations":[{"start":{"line":244,"column":10},"end":{"line":244,"column":92}}]},"82":{"type":"branch","line":247,"loc":{"start":{"line":247,"column":29},"end":{"line":247,"column":52}},"locations":[{"start":{"line":247,"column":29},"end":{"line":247,"column":52}}]},"83":{"type":"branch","line":248,"loc":{"start":{"line":248,"column":22},"end":{"line":248,"column":51}},"locations":[{"start":{"line":248,"column":22},"end":{"line":248,"column":51}}]},"84":{"type":"branch","line":249,"loc":{"start":{"line":249,"column":24},"end":{"line":249,"column":87}},"locations":[{"start":{"line":249,"column":24},"end":{"line":249,"column":87}}]},"85":{"type":"branch","line":249,"loc":{"start":{"line":249,"column":44},"end":{"line":249,"column":71}},"locations":[{"start":{"line":249,"column":44},"end":{"line":249,"column":71}}]},"86":{"type":"branch","line":249,"loc":{"start":{"line":249,"column":62},"end":{"line":249,"column":79}},"locations":[{"start":{"line":249,"column":62},"end":{"line":249,"column":79}}]},"87":{"type":"branch","line":249,"loc":{"start":{"line":249,"column":71},"end":{"line":249,"column":87}},"locations":[{"start":{"line":249,"column":71},"end":{"line":249,"column":87}}]},"88":{"type":"branch","line":253,"loc":{"start":{"line":253,"column":45},"end":{"line":253,"column":86}},"locations":[{"start":{"line":253,"column":45},"end":{"line":253,"column":86}}]}},"b":{"0":[8],"1":[0],"2":[0],"3":[0],"4":[0],"5":[0],"6":[0],"7":[28],"8":[0],"9":[26],"10":[6],"11":[20],"12":[14],"13":[6],"14":[14],"15":[2],"16":[12],"17":[12],"18":[4],"19":[0],"20":[0],"21":[0],"22":[6],"23":[0],"24":[6],"25":[2],"26":[4],"27":[8],"28":[0],"29":[4],"30":[0],"31":[12],"32":[26],"33":[6],"34":[6],"35":[4],"36":[4],"37":[8],"38":[0],"39":[8],"40":[4],"41":[0],"42":[0],"43":[26],"44":[12],"45":[8],"46":[4],"47":[10],"48":[0],"49":[26],"50":[4],"51":[0],"52":[14],"53":[4],"54":[10],"55":[26],"56":[26],"57":[26],"58":[26],"59":[26],"60":[26],"61":[20],"62":[20],"63":[8],"64":[12],"65":[14],"66":[4],"67":[12],"68":[5],"69":[1],"70":[4],"71":[26],"72":[12],"73":[4],"74":[1],"75":[26],"76":[4],"77":[4],"78":[4],"79":[20],"80":[12],"81":[14],"82":[26],"83":[20],"84":[46],"85":[42],"86":[4],"87":[42],"88":[12]},"fnMap":{"0":{"name":"resourceStatusLabel","decl":{"start":{"line":34,"column":0},"end":{"line":39,"column":1}},"loc":{"start":{"line":34,"column":0},"end":{"line":39,"column":1}},"line":34},"1":{"name":"resourceSeverity","decl":{"start":{"line":76,"column":0},"end":{"line":79,"column":1}},"loc":{"start":{"line":76,"column":0},"end":{"line":79,"column":1}},"line":76},"2":{"name":"syncStateOf","decl":{"start":{"line":81,"column":0},"end":{"line":90,"column":1}},"loc":{"start":{"line":81,"column":0},"end":{"line":90,"column":1}},"line":81},"3":{"name":"attentionText","decl":{"start":{"line":93,"column":0},"end":{"line":131,"column":1}},"loc":{"start":{"line":93,"column":0},"end":{"line":131,"column":1}},"line":93},"4":{"name":"providerRow","decl":{"start":{"line":133,"column":0},"end":{"line":204,"column":1}},"loc":{"start":{"line":133,"column":0},"end":{"line":204,"column":1}},"line":133},"5":{"name":"loadStandardHomeResources","decl":{"start":{"line":207,"column":0},"end":{"line":257,"column":1}},"loc":{"start":{"line":207,"column":0},"end":{"line":257,"column":1}},"line":207}},"f":{"0":8,"1":28,"2":26,"3":12,"4":12,"5":5}}
,"/Users/mac/Projects/仟流智算/packages/database/src/repositories/dashboard-home-types.ts": {"path":"/Users/mac/Projects/仟流智算/packages/database/src/repositories/dashboard-home-types.ts","all":false,"statementMap":{},"s":{},"branchMap":{},"b":{},"fnMap":{},"f":{}}
,"/Users/mac/Projects/仟流智算/packages/database/src/repositories/dashboard-home.ts": {"path":"/Users/mac/Projects/仟流智算/packages/database/src/repositories/dashboard-home.ts","all":false,"statementMap":{"12":{"start":{"line":13,"column":0},"end":{"line":13,"column":73}},"14":{"start":{"line":15,"column":0},"end":{"line":15,"column":8}},"21":{"start":{"line":22,"column":0},"end":{"line":22,"column":74}},"22":{"start":{"line":23,"column":0},"end":{"line":23,"column":8}},"33":{"start":{"line":34,"column":0},"end":{"line":34,"column":75}},"34":{"start":{"line":35,"column":0},"end":{"line":35,"column":31}},"35":{"start":{"line":36,"column":0},"end":{"line":36,"column":76}},"36":{"start":{"line":37,"column":0},"end":{"line":37,"column":31}},"37":{"start":{"line":38,"column":0},"end":{"line":38,"column":67}},"38":{"start":{"line":39,"column":0},"end":{"line":39,"column":1}},"40":{"start":{"line":41,"column":0},"end":{"line":41,"column":98}},"41":{"start":{"line":42,"column":0},"end":{"line":42,"column":10}},"42":{"start":{"line":43,"column":0},"end":{"line":43,"column":43}},"43":{"start":{"line":44,"column":0},"end":{"line":44,"column":48}},"44":{"start":{"line":45,"column":0},"end":{"line":45,"column":32}},"45":{"start":{"line":46,"column":0},"end":{"line":46,"column":4}},"46":{"start":{"line":47,"column":0},"end":{"line":47,"column":1}},"48":{"start":{"line":49,"column":0},"end":{"line":49,"column":45}},"49":{"start":{"line":50,"column":0},"end":{"line":50,"column":23}},"50":{"start":{"line":51,"column":0},"end":{"line":51,"column":31}},"51":{"start":{"line":52,"column":0},"end":{"line":52,"column":33}},"52":{"start":{"line":53,"column":0},"end":{"line":53,"column":60}},"53":{"start":{"line":54,"column":0},"end":{"line":54,"column":56}},"54":{"start":{"line":55,"column":0},"end":{"line":55,"column":57}},"56":{"start":{"line":57,"column":0},"end":{"line":57,"column":9}},"57":{"start":{"line":58,"column":0},"end":{"line":58,"column":21}},"58":{"start":{"line":59,"column":0},"end":{"line":59,"column":17}},"59":{"start":{"line":60,"column":0},"end":{"line":60,"column":18}},"60":{"start":{"line":61,"column":0},"end":{"line":61,"column":20}},"61":{"start":{"line":62,"column":0},"end":{"line":62,"column":21}},"62":{"start":{"line":63,"column":0},"end":{"line":63,"column":21}},"63":{"start":{"line":64,"column":0},"end":{"line":64,"column":18}},"64":{"start":{"line":65,"column":0},"end":{"line":65,"column":18}},"65":{"start":{"line":66,"column":0},"end":{"line":66,"column":14}},"66":{"start":{"line":67,"column":0},"end":{"line":67,"column":25}},"67":{"start":{"line":68,"column":0},"end":{"line":68,"column":49}},"68":{"start":{"line":69,"column":0},"end":{"line":69,"column":19}},"69":{"start":{"line":70,"column":0},"end":{"line":70,"column":30}},"70":{"start":{"line":71,"column":0},"end":{"line":71,"column":22}},"71":{"start":{"line":72,"column":0},"end":{"line":72,"column":19}},"72":{"start":{"line":73,"column":0},"end":{"line":73,"column":7}},"73":{"start":{"line":74,"column":0},"end":{"line":74,"column":82}},"74":{"start":{"line":75,"column":0},"end":{"line":75,"column":80}},"75":{"start":{"line":76,"column":0},"end":{"line":76,"column":87}},"76":{"start":{"line":77,"column":0},"end":{"line":77,"column":85}},"77":{"start":{"line":78,"column":0},"end":{"line":78,"column":51}},"78":{"start":{"line":79,"column":0},"end":{"line":79,"column":16}},"79":{"start":{"line":80,"column":0},"end":{"line":80,"column":85}},"80":{"start":{"line":81,"column":0},"end":{"line":81,"column":13}},"81":{"start":{"line":82,"column":0},"end":{"line":82,"column":15}},"82":{"start":{"line":83,"column":0},"end":{"line":83,"column":90}},"83":{"start":{"line":84,"column":0},"end":{"line":84,"column":13}},"84":{"start":{"line":85,"column":0},"end":{"line":85,"column":54}},"85":{"start":{"line":86,"column":0},"end":{"line":86,"column":5}},"87":{"start":{"line":88,"column":0},"end":{"line":88,"column":36}},"88":{"start":{"line":89,"column":0},"end":{"line":89,"column":7}},"89":{"start":{"line":90,"column":0},"end":{"line":90,"column":45}},"90":{"start":{"line":91,"column":0},"end":{"line":91,"column":55}},"91":{"start":{"line":92,"column":0},"end":{"line":92,"column":43}},"92":{"start":{"line":93,"column":0},"end":{"line":93,"column":40}},"93":{"start":{"line":94,"column":0},"end":{"line":94,"column":5}},"94":{"start":{"line":95,"column":0},"end":{"line":95,"column":19}},"95":{"start":{"line":96,"column":0},"end":{"line":96,"column":9}},"96":{"start":{"line":97,"column":0},"end":{"line":97,"column":47}},"97":{"start":{"line":98,"column":0},"end":{"line":98,"column":64}},"98":{"start":{"line":99,"column":0},"end":{"line":99,"column":41}},"99":{"start":{"line":100,"column":0},"end":{"line":100,"column":42}},"100":{"start":{"line":101,"column":0},"end":{"line":101,"column":7}},"101":{"start":{"line":102,"column":0},"end":{"line":102,"column":13}},"103":{"start":{"line":104,"column":0},"end":{"line":104,"column":10}},"104":{"start":{"line":105,"column":0},"end":{"line":105,"column":29}},"105":{"start":{"line":106,"column":0},"end":{"line":106,"column":22}},"106":{"start":{"line":107,"column":0},"end":{"line":107,"column":17}},"107":{"start":{"line":108,"column":0},"end":{"line":108,"column":52}},"108":{"start":{"line":109,"column":0},"end":{"line":109,"column":57}},"109":{"start":{"line":110,"column":0},"end":{"line":110,"column":16}},"110":{"start":{"line":111,"column":0},"end":{"line":111,"column":46}},"111":{"start":{"line":112,"column":0},"end":{"line":112,"column":46}},"112":{"start":{"line":113,"column":0},"end":{"line":113,"column":48}},"113":{"start":{"line":114,"column":0},"end":{"line":114,"column":48}},"114":{"start":{"line":115,"column":0},"end":{"line":115,"column":48}},"115":{"start":{"line":116,"column":0},"end":{"line":116,"column":8}},"116":{"start":{"line":117,"column":0},"end":{"line":117,"column":17}},"117":{"start":{"line":118,"column":0},"end":{"line":118,"column":47}},"118":{"start":{"line":119,"column":0},"end":{"line":119,"column":49}},"119":{"start":{"line":120,"column":0},"end":{"line":120,"column":49}},"120":{"start":{"line":121,"column":0},"end":{"line":121,"column":42}},"121":{"start":{"line":122,"column":0},"end":{"line":122,"column":8}},"122":{"start":{"line":123,"column":0},"end":{"line":123,"column":6}},"123":{"start":{"line":124,"column":0},"end":{"line":124,"column":18}},"124":{"start":{"line":125,"column":0},"end":{"line":125,"column":24}},"125":{"start":{"line":126,"column":0},"end":{"line":126,"column":30}},"126":{"start":{"line":127,"column":0},"end":{"line":127,"column":16}},"127":{"start":{"line":128,"column":0},"end":{"line":128,"column":46}},"128":{"start":{"line":129,"column":0},"end":{"line":129,"column":42}},"129":{"start":{"line":130,"column":0},"end":{"line":130,"column":48}},"130":{"start":{"line":131,"column":0},"end":{"line":131,"column":53}},"131":{"start":{"line":132,"column":0},"end":{"line":132,"column":8}},"132":{"start":{"line":133,"column":0},"end":{"line":133,"column":29}},"133":{"start":{"line":134,"column":0},"end":{"line":134,"column":6}},"134":{"start":{"line":135,"column":0},"end":{"line":135,"column":22}},"135":{"start":{"line":136,"column":0},"end":{"line":136,"column":42}},"136":{"start":{"line":137,"column":0},"end":{"line":137,"column":46}},"137":{"start":{"line":138,"column":0},"end":{"line":138,"column":51}},"138":{"start":{"line":139,"column":0},"end":{"line":139,"column":55}},"139":{"start":{"line":140,"column":0},"end":{"line":140,"column":17}},"140":{"start":{"line":141,"column":0},"end":{"line":141,"column":38}},"141":{"start":{"line":142,"column":0},"end":{"line":142,"column":53}},"142":{"start":{"line":143,"column":0},"end":{"line":143,"column":8}},"143":{"start":{"line":144,"column":0},"end":{"line":144,"column":6}},"144":{"start":{"line":145,"column":0},"end":{"line":145,"column":21}},"145":{"start":{"line":146,"column":0},"end":{"line":146,"column":52}},"146":{"start":{"line":147,"column":0},"end":{"line":147,"column":57}},"147":{"start":{"line":148,"column":0},"end":{"line":148,"column":31}},"148":{"start":{"line":149,"column":0},"end":{"line":149,"column":79}},"149":{"start":{"line":150,"column":0},"end":{"line":150,"column":6}},"150":{"start":{"line":151,"column":0},"end":{"line":151,"column":14}},"151":{"start":{"line":152,"column":0},"end":{"line":152,"column":4}},"152":{"start":{"line":153,"column":0},"end":{"line":153,"column":1}}},"s":{"12":1,"14":1,"21":1,"22":1,"33":4,"34":4,"35":4,"36":4,"37":1,"38":4,"40":16,"41":16,"42":16,"43":16,"44":16,"45":16,"46":16,"48":4,"49":4,"50":4,"51":4,"52":4,"53":4,"54":4,"56":4,"57":4,"58":4,"59":4,"60":4,"61":4,"62":4,"63":4,"64":4,"65":4,"66":4,"67":4,"68":4,"69":4,"70":4,"71":4,"72":4,"73":4,"74":4,"75":4,"76":4,"77":4,"78":4,"79":4,"80":0,"81":4,"82":0,"83":4,"84":4,"85":4,"87":4,"88":0,"89":0,"90":0,"91":0,"92":0,"93":0,"94":4,"95":4,"96":4,"97":4,"98":4,"99":4,"100":4,"101":0,"103":4,"104":4,"105":4,"106":4,"107":4,"108":4,"109":4,"110":4,"111":4,"112":4,"113":4,"114":4,"115":4,"116":4,"117":4,"118":4,"119":4,"120":4,"121":4,"122":4,"123":4,"124":4,"125":4,"126":4,"127":4,"128":4,"129":4,"130":4,"131":4,"132":4,"133":4,"134":4,"135":4,"136":4,"137":4,"138":4,"139":4,"140":4,"141":4,"142":4,"143":4,"144":4,"145":4,"146":4,"147":4,"148":4,"149":4,"150":4,"151":4,"152":4},"branchMap":{"0":{"type":"branch","line":34,"loc":{"start":{"line":34,"column":0},"end":{"line":39,"column":1}},"locations":[{"start":{"line":34,"column":0},"end":{"line":39,"column":1}}]},"1":{"type":"branch","line":36,"loc":{"start":{"line":36,"column":38},"end":{"line":36,"column":76}},"locations":[{"start":{"line":36,"column":38},"end":{"line":36,"column":76}}]},"2":{"type":"branch","line":37,"loc":{"start":{"line":37,"column":17},"end":{"line":38,"column":67}},"locations":[{"start":{"line":37,"column":17},"end":{"line":38,"column":67}}]},"3":{"type":"branch","line":38,"loc":{"start":{"line":38,"column":39},"end":{"line":38,"column":67}},"locations":[{"start":{"line":38,"column":39},"end":{"line":38,"column":67}}]},"4":{"type":"branch","line":41,"loc":{"start":{"line":41,"column":0},"end":{"line":47,"column":1}},"locations":[{"start":{"line":41,"column":0},"end":{"line":47,"column":1}}]},"5":{"type":"branch","line":49,"loc":{"start":{"line":49,"column":0},"end":{"line":153,"column":1}},"locations":[{"start":{"line":49,"column":0},"end":{"line":153,"column":1}}]},"6":{"type":"branch","line":80,"loc":{"start":{"line":80,"column":84},"end":{"line":81,"column":13}},"locations":[{"start":{"line":80,"column":84},"end":{"line":81,"column":13}}]},"7":{"type":"branch","line":82,"loc":{"start":{"line":82,"column":4},"end":{"line":83,"column":90}},"locations":[{"start":{"line":82,"column":4},"end":{"line":83,"column":90}}]},"8":{"type":"branch","line":88,"loc":{"start":{"line":88,"column":23},"end":{"line":94,"column":5}},"locations":[{"start":{"line":88,"column":23},"end":{"line":94,"column":5}}]},"9":{"type":"branch","line":101,"loc":{"start":{"line":101,"column":6},"end":{"line":102,"column":13}},"locations":[{"start":{"line":101,"column":6},"end":{"line":102,"column":13}}]}},"b":{"0":[4],"1":[0],"2":[1],"3":[0],"4":[16],"5":[4],"6":[0],"7":[0],"8":[0],"9":[0]},"fnMap":{"0":{"name":"billIncompleteReason","decl":{"start":{"line":34,"column":0},"end":{"line":39,"column":1}},"loc":{"start":{"line":34,"column":0},"end":{"line":39,"column":1}},"line":34},"1":{"name":"windowToIso","decl":{"start":{"line":41,"column":0},"end":{"line":47,"column":1}},"loc":{"start":{"line":41,"column":0},"end":{"line":47,"column":1}},"line":41},"2":{"name":"getStandardHomeSummary","decl":{"start":{"line":49,"column":0},"end":{"line":153,"column":1}},"loc":{"start":{"line":49,"column":0},"end":{"line":153,"column":1}},"line":49}},"f":{"0":4,"1":16,"2":4}}
,"/Users/mac/Projects/仟流智算/packages/database/src/repositories/provider-finance-gaps.ts": {"path":"/Users/mac/Projects/仟流智算/packages/database/src/repositories/provider-finance-gaps.ts","all":false,"statementMap":{"7":{"start":{"line":8,"column":0},"end":{"line":8,"column":29}},"10":{"start":{"line":11,"column":0},"end":{"line":11,"column":39}},"11":{"start":{"line":12,"column":0},"end":{"line":12,"column":23}},"12":{"start":{"line":13,"column":0},"end":{"line":13,"column":23}},"13":{"start":{"line":14,"column":0},"end":{"line":14,"column":14}},"14":{"start":{"line":15,"column":0},"end":{"line":15,"column":12}},"15":{"start":{"line":16,"column":0},"end":{"line":16,"column":52}},"16":{"start":{"line":17,"column":0},"end":{"line":17,"column":63}},"22":{"start":{"line":23,"column":0},"end":{"line":23,"column":80}},"24":{"start":{"line":25,"column":0},"end":{"line":25,"column":63}},"25":{"start":{"line":26,"column":0},"end":{"line":26,"column":60}},"29":{"start":{"line":30,"column":0},"end":{"line":30,"column":88}},"31":{"start":{"line":32,"column":0},"end":{"line":32,"column":53}},"32":{"start":{"line":33,"column":0},"end":{"line":33,"column":50}},"35":{"start":{"line":36,"column":0},"end":{"line":36,"column":88}},"39":{"start":{"line":40,"column":0},"end":{"line":40,"column":53}},"40":{"start":{"line":41,"column":0},"end":{"line":41,"column":50}},"45":{"start":{"line":46,"column":0},"end":{"line":46,"column":82}},"47":{"start":{"line":48,"column":0},"end":{"line":48,"column":65}},"58":{"start":{"line":59,"column":0},"end":{"line":59,"column":64}},"60":{"start":{"line":61,"column":0},"end":{"line":61,"column":53}},"61":{"start":{"line":62,"column":0},"end":{"line":62,"column":50}},"64":{"start":{"line":65,"column":0},"end":{"line":65,"column":75}},"66":{"start":{"line":67,"column":0},"end":{"line":67,"column":81}},"67":{"start":{"line":68,"column":0},"end":{"line":68,"column":16}},"68":{"start":{"line":69,"column":0},"end":{"line":69,"column":24}},"69":{"start":{"line":70,"column":0},"end":{"line":70,"column":1}}},"s":{"7":1,"10":1,"11":1,"12":1,"13":1,"14":1,"15":1,"16":1,"22":1,"24":1,"25":1,"29":1,"31":1,"32":1,"35":1,"39":1,"40":1,"45":1,"47":1,"58":1,"60":1,"61":1,"64":1,"66":1,"67":1,"68":1,"69":1},"branchMap":{"0":{"type":"branch","line":11,"loc":{"start":{"line":11,"column":0},"end":{"line":70,"column":1}},"locations":[{"start":{"line":11,"column":0},"end":{"line":70,"column":1}}]}},"b":{"0":[1]},"fnMap":{"0":{"name":"countFinanceGaps","decl":{"start":{"line":11,"column":0},"end":{"line":70,"column":1}},"loc":{"start":{"line":11,"column":0},"end":{"line":70,"column":1}},"line":11}},"f":{"0":1}}
}
