{"total": {"lines":{"total":3109,"covered":2245,"skipped":0,"pct":72.2},"statements":{"total":3109,"covered":2245,"skipped":0,"pct":72.2},"functions":{"total":83,"covered":69,"skipped":0,"pct":83.13},"branches":{"total":654,"covered":513,"skipped":0,"pct":78.44},"branchesTrue":{"total":0,"covered":0,"skipped":0,"pct":100}}
,"/Users/mac/.codex/worktrees/operating-bill-0906/仟流智算/apps/control-api/src/department-costs/routes.ts": {"lines":{"total":214,"covered":172,"skipped":0,"pct":80.37},"functions":{"total":5,"covered":4,"skipped":0,"pct":80},"statements":{"total":214,"covered":172,"skipped":0,"pct":80.37},"branches":{"total":44,"covered":27,"skipped":0,"pct":61.36}}
,"/Users/mac/.codex/worktrees/operating-bill-0906/仟流智算/apps/control-api/src/operating-bills/analysis-route.ts": {"lines":{"total":20,"covered":20,"skipped":0,"pct":100},"functions":{"total":1,"covered":1,"skipped":0,"pct":100},"statements":{"total":20,"covered":20,"skipped":0,"pct":100},"branches":{"total":4,"covered":4,"skipped":0,"pct":100}}
,"/Users/mac/.codex/worktrees/operating-bill-0906/仟流智算/apps/control-api/src/operating-bills/routes.ts": {"lines":{"total":340,"covered":112,"skipped":0,"pct":32.94},"functions":{"total":3,"covered":2,"skipped":0,"pct":66.66},"statements":{"total":340,"covered":112,"skipped":0,"pct":32.94},"branches":{"total":12,"covered":3,"skipped":0,"pct":25}}
,"/Users/mac/.codex/worktrees/operating-bill-0906/仟流智算/apps/control-api/src/principals/accounting-route.ts": {"lines":{"total":69,"covered":36,"skipped":0,"pct":52.17},"functions":{"total":1,"covered":1,"skipped":0,"pct":100},"statements":{"total":69,"covered":36,"skipped":0,"pct":52.17},"branches":{"total":5,"covered":3,"skipped":0,"pct":60}}
,"/Users/mac/.codex/worktrees/operating-bill-0906/仟流智算/apps/control-api/src/principals/routes.ts": {"lines":{"total":362,"covered":213,"skipped":0,"pct":58.83},"functions":{"total":1,"covered":1,"skipped":0,"pct":100},"statements":{"total":362,"covered":213,"skipped":0,"pct":58.83},"branches":{"total":38,"covered":29,"skipped":0,"pct":76.31}}
,"/Users/mac/.codex/worktrees/operating-bill-0906/仟流智算/packages/database/src/repositories/operating-analysis-repository.ts": {"lines":{"total":359,"covered":355,"skipped":0,"pct":98.88},"functions":{"total":4,"covered":4,"skipped":0,"pct":100},"statements":{"total":359,"covered":355,"skipped":0,"pct":98.88},"branches":{"total":139,"covered":133,"skipped":0,"pct":95.68}}
,"/Users/mac/.codex/worktrees/operating-bill-0906/仟流智算/packages/database/src/repositories/operating-analysis-usage.ts": {"lines":{"total":86,"covered":86,"skipped":0,"pct":100},"functions":{"total":5,"covered":5,"skipped":0,"pct":100},"statements":{"total":86,"covered":86,"skipped":0,"pct":100},"branches":{"total":33,"covered":33,"skipped":0,"pct":100}}
,"/Users/mac/.codex/worktrees/operating-bill-0906/仟流智算/packages/database/src/repositories/operating-bill-account-frozen.ts": {"lines":{"total":159,"covered":157,"skipped":0,"pct":98.74},"functions":{"total":8,"covered":8,"skipped":0,"pct":100},"statements":{"total":159,"covered":157,"skipped":0,"pct":98.74},"branches":{"total":58,"covered":45,"skipped":0,"pct":77.58}}
,"/Users/mac/.codex/worktrees/operating-bill-0906/仟流智算/packages/database/src/repositories/operating-bill-account-live.ts": {"lines":{"total":143,"covered":143,"skipped":0,"pct":100},"functions":{"total":8,"covered":8,"skipped":0,"pct":100},"statements":{"total":143,"covered":143,"skipped":0,"pct":100},"branches":{"total":48,"covered":38,"skipped":0,"pct":79.16}}
,"/Users/mac/.codex/worktrees/operating-bill-0906/仟流智算/packages/database/src/repositories/operating-bill-account-month-lines.ts": {"lines":{"total":34,"covered":34,"skipped":0,"pct":100},"functions":{"total":2,"covered":2,"skipped":0,"pct":100},"statements":{"total":34,"covered":34,"skipped":0,"pct":100},"branches":{"total":2,"covered":2,"skipped":0,"pct":100}}
,"/Users/mac/.codex/worktrees/operating-bill-0906/仟流智算/packages/database/src/repositories/operating-bill-finance-projection.ts": {"lines":{"total":220,"covered":165,"skipped":0,"pct":75},"functions":{"total":7,"covered":6,"skipped":0,"pct":85.71},"statements":{"total":220,"covered":165,"skipped":0,"pct":75},"branches":{"total":97,"covered":56,"skipped":0,"pct":57.73}}
,"/Users/mac/.codex/worktrees/operating-bill-0906/仟流智算/packages/database/src/repositories/operating-bill-project-metadata.ts": {"lines":{"total":46,"covered":45,"skipped":0,"pct":97.82},"functions":{"total":4,"covered":4,"skipped":0,"pct":100},"statements":{"total":46,"covered":45,"skipped":0,"pct":97.82},"branches":{"total":9,"covered":9,"skipped":0,"pct":100}}
,"/Users/mac/.codex/worktrees/operating-bill-0906/仟流智算/packages/database/src/repositories/operating-department-accounts.ts": {"lines":{"total":137,"covered":76,"skipped":0,"pct":55.47},"functions":{"total":3,"covered":2,"skipped":0,"pct":66.66},"statements":{"total":137,"covered":76,"skipped":0,"pct":55.47},"branches":{"total":22,"covered":11,"skipped":0,"pct":50}}
,"/Users/mac/.codex/worktrees/operating-bill-0906/仟流智算/packages/database/src/repositories/principal-accounting.ts": {"lines":{"total":262,"covered":236,"skipped":0,"pct":90.07},"functions":{"total":5,"covered":5,"skipped":0,"pct":100},"statements":{"total":262,"covered":236,"skipped":0,"pct":90.07},"branches":{"total":58,"covered":49,"skipped":0,"pct":84.48}}
,"/Users/mac/.codex/worktrees/operating-bill-0906/仟流智算/packages/database/src/repositories/principal-cleanup-preview.ts": {"lines":{"total":48,"covered":48,"skipped":0,"pct":100},"functions":{"total":1,"covered":1,"skipped":0,"pct":100},"statements":{"total":48,"covered":48,"skipped":0,"pct":100},"branches":{"total":3,"covered":1,"skipped":0,"pct":33.33}}
,"/Users/mac/.codex/worktrees/operating-bill-0906/仟流智算/packages/database/src/repositories/principal-department-query.ts": {"lines":{"total":14,"covered":14,"skipped":0,"pct":100},"functions":{"total":1,"covered":1,"skipped":0,"pct":100},"statements":{"total":14,"covered":14,"skipped":0,"pct":100},"branches":{"total":1,"covered":1,"skipped":0,"pct":100}}
,"/Users/mac/.codex/worktrees/operating-bill-0906/仟流智算/packages/database/src/repositories/principal-repository.ts": {"lines":{"total":288,"covered":48,"skipped":0,"pct":16.66},"functions":{"total":14,"covered":5,"skipped":0,"pct":35.71},"statements":{"total":288,"covered":48,"skipped":0,"pct":16.66},"branches":{"total":7,"covered":6,"skipped":0,"pct":85.71}}
,"/Users/mac/.codex/worktrees/operating-bill-0906/仟流智算/packages/database/src/repositories/provider-finance-month-opening.ts": {"lines":{"total":25,"covered":25,"skipped":0,"pct":100},"functions":{"total":1,"covered":1,"skipped":0,"pct":100},"statements":{"total":25,"covered":25,"skipped":0,"pct":100},"branches":{"total":7,"covered":5,"skipped":0,"pct":71.42}}
,"/Users/mac/.codex/worktrees/operating-bill-0906/仟流智算/packages/database/src/repositories/provider-finance-repository.ts": {"lines":{"total":263,"covered":240,"skipped":0,"pct":91.25},"functions":{"total":8,"covered":7,"skipped":0,"pct":87.5},"statements":{"total":263,"covered":240,"skipped":0,"pct":91.25},"branches":{"total":66,"covered":57,"skipped":0,"pct":86.36}}
,"/Users/mac/.codex/worktrees/operating-bill-0906/仟流智算/packages/database/src/repositories/request-attribution-writer.ts": {"lines":{"total":20,"covered":20,"skipped":0,"pct":100},"functions":{"total":1,"covered":1,"skipped":0,"pct":100},"statements":{"total":20,"covered":20,"skipped":0,"pct":100},"branches":{"total":1,"covered":1,"skipped":0,"pct":100}}
}
