{"total": {"lines":{"total":37,"covered":37,"skipped":0,"pct":100},"statements":{"total":37,"covered":37,"skipped":0,"pct":100},"functions":{"total":8,"covered":5,"skipped":0,"pct":62.5},"branches":{"total":35,"covered":28,"skipped":0,"pct":80},"branchesTrue":{"total":0,"covered":0,"skipped":0,"pct":"Unknown"}}
,"/Users/mac/Projects/仟流智算/apps/web/src/components/usage/UsageOverviewPanel.tsx": {"lines":{"total":37,"covered":37,"skipped":0,"pct":100},"functions":{"total":8,"covered":5,"skipped":0,"pct":62.5},"statements":{"total":37,"covered":37,"skipped":0,"pct":100},"branches":{"total":35,"covered":28,"skipped":0,"pct":80}}
}
