{"/Users/mac/Projects/仟流智算/apps/web/src/components/usage/UsageOverviewPanel.tsx": {"path":"/Users/mac/Projects/仟流智算/apps/web/src/components/usage/UsageOverviewPanel.tsx","all":false,"statementMap":{"0":{"start":{"line":1,"column":0},"end":{"line":1,"column":42}},"1":{"start":{"line":2,"column":0},"end":{"line":2,"column":57}},"2":{"start":{"line":3,"column":0},"end":{"line":3,"column":54}},"3":{"start":{"line":4,"column":0},"end":{"line":4,"column":60}},"4":{"start":{"line":5,"column":0},"end":{"line":5,"column":50}},"5":{"start":{"line":6,"column":0},"end":{"line":6,"column":54}},"6":{"start":{"line":7,"column":0},"end":{"line":7,"column":53}},"7":{"start":{"line":8,"column":0},"end":{"line":8,"column":58}},"9":{"start":{"line":10,"column":0},"end":{"line":10,"column":38}},"10":{"start":{"line":11,"column":0},"end":{"line":11,"column":48}},"11":{"start":{"line":12,"column":0},"end":{"line":12,"column":88}},"12":{"start":{"line":13,"column":0},"end":{"line":13,"column":146}},"13":{"start":{"line":14,"column":0},"end":{"line":14,"column":51}},"14":{"start":{"line":15,"column":0},"end":{"line":15,"column":67}},"15":{"start":{"line":16,"column":0},"end":{"line":16,"column":55}},"16":{"start":{"line":17,"column":0},"end":{"line":17,"column":238}},"17":{"start":{"line":18,"column":0},"end":{"line":18,"column":43}},"18":{"start":{"line":19,"column":0},"end":{"line":19,"column":268}},"19":{"start":{"line":20,"column":0},"end":{"line":20,"column":73}},"20":{"start":{"line":21,"column":0},"end":{"line":21,"column":137}},"21":{"start":{"line":22,"column":0},"end":{"line":22,"column":26}},"22":{"start":{"line":23,"column":0},"end":{"line":23,"column":284}},"23":{"start":{"line":24,"column":0},"end":{"line":24,"column":80}},"24":{"start":{"line":25,"column":0},"end":{"line":25,"column":36}},"25":{"start":{"line":26,"column":0},"end":{"line":26,"column":86}},"26":{"start":{"line":27,"column":0},"end":{"line":27,"column":103}},"27":{"start":{"line":28,"column":0},"end":{"line":28,"column":226}},"28":{"start":{"line":29,"column":0},"end":{"line":29,"column":240}},"29":{"start":{"line":30,"column":0},"end":{"line":30,"column":261}},"30":{"start":{"line":31,"column":0},"end":{"line":31,"column":185}},"31":{"start":{"line":32,"column":0},"end":{"line":32,"column":12}},"32":{"start":{"line":33,"column":0},"end":{"line":33,"column":10}},"33":{"start":{"line":34,"column":0},"end":{"line":34,"column":394}},"34":{"start":{"line":35,"column":0},"end":{"line":35,"column":1069}},"35":{"start":{"line":36,"column":0},"end":{"line":36,"column":1727}},"36":{"start":{"line":37,"column":0},"end":{"line":37,"column":9}},"37":{"start":{"line":38,"column":0},"end":{"line":38,"column":1}}},"s":{"0":1,"1":1,"2":1,"3":1,"4":1,"5":1,"6":1,"7":1,"9":1,"10":18,"11":18,"12":18,"13":18,"14":18,"15":18,"16":18,"17":18,"18":18,"19":18,"20":18,"21":16,"22":16,"23":16,"24":16,"25":16,"26":16,"27":16,"28":16,"29":16,"30":16,"31":16,"32":16,"33":16,"34":16,"35":18,"36":18,"37":18},"branchMap":{"0":{"type":"branch","line":10,"loc":{"start":{"line":10,"column":7},"end":{"line":38,"column":1}},"locations":[{"start":{"line":10,"column":7},"end":{"line":38,"column":1}}]},"1":{"type":"branch","line":12,"loc":{"start":{"line":12,"column":53},"end":{"line":12,"column":77}},"locations":[{"start":{"line":12,"column":53},"end":{"line":12,"column":77}}]},"2":{"type":"branch","line":12,"loc":{"start":{"line":12,"column":65},"end":{"line":12,"column":88}},"locations":[{"start":{"line":12,"column":65},"end":{"line":12,"column":88}}]},"3":{"type":"branch","line":13,"loc":{"start":{"line":13,"column":73},"end":{"line":13,"column":80}},"locations":[{"start":{"line":13,"column":73},"end":{"line":13,"column":80}}]},"4":{"type":"branch","line":13,"loc":{"start":{"line":13,"column":103},"end":{"line":13,"column":146}},"locations":[{"start":{"line":13,"column":103},"end":{"line":13,"column":146}}]},"5":{"type":"branch","line":14,"loc":{"start":{"line":14,"column":43},"end":{"line":14,"column":51}},"locations":[{"start":{"line":14,"column":43},"end":{"line":14,"column":51}}]},"6":{"type":"branch","line":16,"loc":{"start":{"line":16,"column":36},"end":{"line":16,"column":55}},"locations":[{"start":{"line":16,"column":36},"end":{"line":16,"column":55}}]},"7":{"type":"branch","line":20,"loc":{"start":{"line":20,"column":23},"end":{"line":20,"column":73}},"locations":[{"start":{"line":20,"column":23},"end":{"line":20,"column":73}}]},"8":{"type":"branch","line":20,"loc":{"start":{"line":20,"column":70},"end":{"line":21,"column":21}},"locations":[{"start":{"line":20,"column":70},"end":{"line":21,"column":21}}]},"9":{"type":"branch","line":21,"loc":{"start":{"line":21,"column":12},"end":{"line":21,"column":34}},"locations":[{"start":{"line":21,"column":12},"end":{"line":21,"column":34}}]},"10":{"type":"branch","line":21,"loc":{"start":{"line":21,"column":34},"end":{"line":21,"column":137}},"locations":[{"start":{"line":21,"column":34},"end":{"line":21,"column":137}}]},"11":{"type":"branch","line":21,"loc":{"start":{"line":21,"column":75},"end":{"line":21,"column":98}},"locations":[{"start":{"line":21,"column":75},"end":{"line":21,"column":98}}]},"12":{"type":"branch","line":21,"loc":{"start":{"line":21,"column":134},"end":{"line":36,"column":532}},"locations":[{"start":{"line":21,"column":134},"end":{"line":36,"column":532}}]},"13":{"type":"branch","line":36,"loc":{"start":{"line":36,"column":518},"end":{"line":36,"column":582}},"locations":[{"start":{"line":36,"column":518},"end":{"line":36,"column":582}}]},"14":{"type":"branch","line":36,"loc":{"start":{"line":36,"column":577},"end":{"line":36,"column":584}},"locations":[{"start":{"line":36,"column":577},"end":{"line":36,"column":584}}]},"15":{"type":"branch","line":36,"loc":{"start":{"line":36,"column":604},"end":{"line":36,"column":662}},"locations":[{"start":{"line":36,"column":604},"end":{"line":36,"column":662}}]},"16":{"type":"branch","line":36,"loc":{"start":{"line":36,"column":657},"end":{"line":36,"column":664}},"locations":[{"start":{"line":36,"column":657},"end":{"line":36,"column":664}}]},"17":{"type":"branch","line":36,"loc":{"start":{"line":36,"column":1622},"end":{"line":36,"column":1706}},"locations":[{"start":{"line":36,"column":1622},"end":{"line":36,"column":1706}}]},"18":{"type":"branch","line":36,"loc":{"start":{"line":36,"column":1699},"end":{"line":36,"column":1711}},"locations":[{"start":{"line":36,"column":1699},"end":{"line":36,"column":1711}}]},"19":{"type":"branch","line":15,"loc":{"start":{"line":15,"column":35},"end":{"line":15,"column":65}},"locations":[{"start":{"line":15,"column":35},"end":{"line":15,"column":65}}]},"20":{"type":"branch","line":17,"loc":{"start":{"line":17,"column":27},"end":{"line":17,"column":196}},"locations":[{"start":{"line":17,"column":27},"end":{"line":17,"column":196}}]},"21":{"type":"branch","line":17,"loc":{"start":{"line":17,"column":132},"end":{"line":17,"column":168}},"locations":[{"start":{"line":17,"column":132},"end":{"line":17,"column":168}}]},"22":{"type":"branch","line":19,"loc":{"start":{"line":19,"column":14},"end":{"line":19,"column":268}},"locations":[{"start":{"line":19,"column":14},"end":{"line":19,"column":268}}]},"23":{"type":"branch","line":19,"loc":{"start":{"line":19,"column":130},"end":{"line":19,"column":157}},"locations":[{"start":{"line":19,"column":130},"end":{"line":19,"column":157}}]},"24":{"type":"branch","line":19,"loc":{"start":{"line":19,"column":149},"end":{"line":19,"column":175}},"locations":[{"start":{"line":19,"column":149},"end":{"line":19,"column":175}}]},"25":{"type":"branch","line":19,"loc":{"start":{"line":19,"column":203},"end":{"line":19,"column":230}},"locations":[{"start":{"line":19,"column":203},"end":{"line":19,"column":230}}]},"26":{"type":"branch","line":24,"loc":{"start":{"line":24,"column":44},"end":{"line":24,"column":77}},"locations":[{"start":{"line":24,"column":44},"end":{"line":24,"column":77}}]},"27":{"type":"branch","line":28,"loc":{"start":{"line":28,"column":74},"end":{"line":28,"column":126}},"locations":[{"start":{"line":28,"column":74},"end":{"line":28,"column":126}}]},"28":{"type":"branch","line":31,"loc":{"start":{"line":31,"column":96},"end":{"line":31,"column":133}},"locations":[{"start":{"line":31,"column":96},"end":{"line":31,"column":133}}]},"29":{"type":"branch","line":34,"loc":{"start":{"line":34,"column":72},"end":{"line":34,"column":386}},"locations":[{"start":{"line":34,"column":72},"end":{"line":34,"column":386}}]},"30":{"type":"branch","line":35,"loc":{"start":{"line":35,"column":607},"end":{"line":35,"column":1051}},"locations":[{"start":{"line":35,"column":607},"end":{"line":35,"column":1051}}]},"31":{"type":"branch","line":35,"loc":{"start":{"line":35,"column":821},"end":{"line":35,"column":828}},"locations":[{"start":{"line":35,"column":821},"end":{"line":35,"column":828}}]},"32":{"type":"branch","line":36,"loc":{"start":{"line":36,"column":1073},"end":{"line":36,"column":1579}},"locations":[{"start":{"line":36,"column":1073},"end":{"line":36,"column":1579}}]},"33":{"type":"branch","line":36,"loc":{"start":{"line":36,"column":1345},"end":{"line":36,"column":1368}},"locations":[{"start":{"line":36,"column":1345},"end":{"line":36,"column":1368}}]},"34":{"type":"branch","line":36,"loc":{"start":{"line":36,"column":1248},"end":{"line":36,"column":1289}},"locations":[{"start":{"line":36,"column":1248},"end":{"line":36,"column":1289}}]}},"b":{"0":[18],"1":[17],"2":[1],"3":[0],"4":[0],"5":[7],"6":[8],"7":[1],"8":[17],"9":[16],"10":[1],"11":[0],"12":[16],"13":[0],"14":[16],"15":[16],"16":[0],"17":[1],"18":[15],"19":[13],"20":[17],"21":[10],"22":[5],"23":[4],"24":[1],"25":[1],"26":[15],"27":[1],"28":[3],"29":[80],"30":[15],"31":[0],"32":[15],"33":[0],"34":[1]},"fnMap":{"0":{"name":"UsageOverviewPanel","decl":{"start":{"line":10,"column":7},"end":{"line":38,"column":1}},"loc":{"start":{"line":10,"column":7},"end":{"line":38,"column":1}},"line":10},"1":{"name":"set","decl":{"start":{"line":19,"column":14},"end":{"line":19,"column":268}},"loc":{"start":{"line":19,"column":14},"end":{"line":19,"column":268}},"line":19},"2":{"name":"onRetry","decl":{"start":{"line":21,"column":107},"end":{"line":21,"column":134}},"loc":{"start":{"line":21,"column":107},"end":{"line":21,"column":134}},"line":21},"3":{"name":"onChange","decl":{"start":{"line":28,"column":74},"end":{"line":28,"column":126}},"loc":{"start":{"line":28,"column":74},"end":{"line":28,"column":126}},"line":28},"4":{"name":"onChange","decl":{"start":{"line":29,"column":72},"end":{"line":29,"column":118}},"loc":{"start":{"line":29,"column":72},"end":{"line":29,"column":118}},"line":29},"5":{"name":"onChange","decl":{"start":{"line":30,"column":101},"end":{"line":30,"column":220}},"loc":{"start":{"line":30,"column":101},"end":{"line":30,"column":220}},"line":30},"6":{"name":"onChange","decl":{"start":{"line":31,"column":96},"end":{"line":31,"column":133}},"loc":{"start":{"line":31,"column":96},"end":{"line":31,"column":133}},"line":31},"7":{"name":"onClick","decl":{"start":{"line":36,"column":1248},"end":{"line":36,"column":1289}},"loc":{"start":{"line":36,"column":1248},"end":{"line":36,"column":1289}},"line":36}},"f":{"0":18,"1":5,"2":0,"3":1,"4":0,"5":0,"6":3,"7":1}}
}
