{"total": {"lines":{"total":631,"covered":624,"skipped":0,"pct":98.89},"statements":{"total":631,"covered":624,"skipped":0,"pct":98.89},"functions":{"total":30,"covered":30,"skipped":0,"pct":100},"branches":{"total":392,"covered":370,"skipped":0,"pct":94.38},"branchesTrue":{"total":0,"covered":0,"skipped":0,"pct":"Unknown"}}
,"/Users/mac/.codex/worktrees/pool053-054/仟流智算/packages/provider-adapters/src/model-image-capability.ts": {"lines":{"total":66,"covered":66,"skipped":0,"pct":100},"functions":{"total":6,"covered":6,"skipped":0,"pct":100},"statements":{"total":66,"covered":66,"skipped":0,"pct":100},"branches":{"total":67,"covered":66,"skipped":0,"pct":98.5}}
,"/Users/mac/.codex/worktrees/pool053-054/仟流智算/packages/provider-adapters/src/openai-compatible-caller.ts": {"lines":{"total":137,"covered":133,"skipped":0,"pct":97.08},"functions":{"total":2,"covered":2,"skipped":0,"pct":100},"statements":{"total":137,"covered":133,"skipped":0,"pct":97.08},"branches":{"total":49,"covered":44,"skipped":0,"pct":89.79}}
,"/Users/mac/.codex/worktrees/pool053-054/仟流智算/packages/provider-adapters/src/upstream-error-evidence.ts": {"lines":{"total":284,"covered":284,"skipped":0,"pct":100},"functions":{"total":15,"covered":15,"skipped":0,"pct":100},"statements":{"total":284,"covered":284,"skipped":0,"pct":100},"branches":{"total":162,"covered":158,"skipped":0,"pct":97.53}}
,"/Users/mac/.codex/worktrees/pool053-054/仟流智算/packages/provider-adapters/src/upstream-failure.ts": {"lines":{"total":144,"covered":141,"skipped":0,"pct":97.91},"functions":{"total":7,"covered":7,"skipped":0,"pct":100},"statements":{"total":144,"covered":141,"skipped":0,"pct":97.91},"branches":{"total":114,"covered":102,"skipped":0,"pct":89.47}}
}
