{"/Users/mac/.codex/worktrees/pool053-054/仟流智算/packages/provider-adapters/src/model-image-capability.ts": {"path":"/Users/mac/.codex/worktrees/pool053-054/仟流智算/packages/provider-adapters/src/model-image-capability.ts","all":false,"statementMap":{"5":{"start":{"line":6,"column":0},"end":{"line":6,"column":89}},"7":{"start":{"line":8,"column":0},"end":{"line":8,"column":96}},"8":{"start":{"line":9,"column":0},"end":{"line":9,"column":89}},"9":{"start":{"line":10,"column":0},"end":{"line":10,"column":1}},"11":{"start":{"line":12,"column":0},"end":{"line":12,"column":65}},"12":{"start":{"line":13,"column":0},"end":{"line":13,"column":65}},"15":{"start":{"line":16,"column":0},"end":{"line":16,"column":104}},"16":{"start":{"line":17,"column":0},"end":{"line":17,"column":57}},"17":{"start":{"line":18,"column":0},"end":{"line":18,"column":76}},"18":{"start":{"line":19,"column":0},"end":{"line":19,"column":35}},"19":{"start":{"line":20,"column":0},"end":{"line":20,"column":44}},"20":{"start":{"line":21,"column":0},"end":{"line":21,"column":57}},"21":{"start":{"line":22,"column":0},"end":{"line":22,"column":3}},"22":{"start":{"line":23,"column":0},"end":{"line":23,"column":37}},"23":{"start":{"line":24,"column":0},"end":{"line":24,"column":73}},"24":{"start":{"line":25,"column":0},"end":{"line":25,"column":75}},"25":{"start":{"line":26,"column":0},"end":{"line":26,"column":3}},"26":{"start":{"line":27,"column":0},"end":{"line":27,"column":31}},"27":{"start":{"line":28,"column":0},"end":{"line":28,"column":40}},"28":{"start":{"line":29,"column":0},"end":{"line":29,"column":111}},"29":{"start":{"line":30,"column":0},"end":{"line":30,"column":61}},"30":{"start":{"line":31,"column":0},"end":{"line":31,"column":85}},"31":{"start":{"line":32,"column":0},"end":{"line":32,"column":103}},"32":{"start":{"line":33,"column":0},"end":{"line":33,"column":3}},"33":{"start":{"line":34,"column":0},"end":{"line":34,"column":110}},"34":{"start":{"line":35,"column":0},"end":{"line":35,"column":19}},"35":{"start":{"line":36,"column":0},"end":{"line":36,"column":1}},"41":{"start":{"line":42,"column":0},"end":{"line":42,"column":82}},"43":{"start":{"line":44,"column":0},"end":{"line":44,"column":40}},"44":{"start":{"line":45,"column":0},"end":{"line":45,"column":90}},"45":{"start":{"line":46,"column":0},"end":{"line":46,"column":24}},"46":{"start":{"line":47,"column":0},"end":{"line":47,"column":30}},"47":{"start":{"line":48,"column":0},"end":{"line":48,"column":36}},"48":{"start":{"line":49,"column":0},"end":{"line":49,"column":115}},"49":{"start":{"line":50,"column":0},"end":{"line":50,"column":15}},"50":{"start":{"line":51,"column":0},"end":{"line":51,"column":5}},"51":{"start":{"line":52,"column":0},"end":{"line":52,"column":72}},"52":{"start":{"line":53,"column":0},"end":{"line":53,"column":56}},"53":{"start":{"line":54,"column":0},"end":{"line":54,"column":34}},"54":{"start":{"line":55,"column":0},"end":{"line":55,"column":98}},"55":{"start":{"line":56,"column":0},"end":{"line":56,"column":109}},"56":{"start":{"line":57,"column":0},"end":{"line":57,"column":15}},"57":{"start":{"line":58,"column":0},"end":{"line":58,"column":5}},"58":{"start":{"line":59,"column":0},"end":{"line":59,"column":34}},"59":{"start":{"line":60,"column":0},"end":{"line":60,"column":58}},"60":{"start":{"line":61,"column":0},"end":{"line":61,"column":100}},"62":{"start":{"line":63,"column":0},"end":{"line":63,"column":12}},"63":{"start":{"line":64,"column":0},"end":{"line":64,"column":80}},"64":{"start":{"line":65,"column":0},"end":{"line":65,"column":96}},"65":{"start":{"line":66,"column":0},"end":{"line":66,"column":5}},"66":{"start":{"line":67,"column":0},"end":{"line":67,"column":49}},"67":{"start":{"line":68,"column":0},"end":{"line":68,"column":42}},"68":{"start":{"line":69,"column":0},"end":{"line":69,"column":3}},"69":{"start":{"line":70,"column":0},"end":{"line":70,"column":14}},"70":{"start":{"line":71,"column":0},"end":{"line":71,"column":1}},"72":{"start":{"line":73,"column":0},"end":{"line":73,"column":98}},"75":{"start":{"line":76,"column":0},"end":{"line":76,"column":86}},"76":{"start":{"line":77,"column":0},"end":{"line":77,"column":53}},"77":{"start":{"line":78,"column":0},"end":{"line":78,"column":104}},"78":{"start":{"line":79,"column":0},"end":{"line":79,"column":48}},"79":{"start":{"line":80,"column":0},"end":{"line":80,"column":42}},"80":{"start":{"line":81,"column":0},"end":{"line":81,"column":50}},"81":{"start":{"line":82,"column":0},"end":{"line":82,"column":34}},"82":{"start":{"line":83,"column":0},"end":{"line":83,"column":3}},"83":{"start":{"line":84,"column":0},"end":{"line":84,"column":14}},"84":{"start":{"line":85,"column":0},"end":{"line":85,"column":1}}},"s":{"5":1,"7":1,"8":29,"9":29,"11":1,"12":1,"15":824,"16":824,"17":76,"18":824,"19":37,"20":37,"21":37,"22":824,"23":17,"24":13,"25":17,"26":824,"27":39,"28":39,"29":3,"30":36,"31":31,"32":39,"33":824,"34":729,"35":729,"41":266,"43":266,"44":266,"45":266,"46":3291,"47":3291,"48":488,"49":488,"50":488,"51":3291,"52":1082,"53":3291,"54":257,"55":257,"56":257,"57":257,"58":3291,"59":579,"60":579,"62":3291,"63":246,"64":246,"65":245,"66":824,"67":3291,"68":3291,"69":266,"70":266,"72":1,"75":1,"76":85,"77":85,"78":85,"79":31,"80":31,"81":10,"82":10,"83":64,"84":64},"branchMap":{"0":{"type":"branch","line":8,"loc":{"start":{"line":8,"column":7},"end":{"line":10,"column":1}},"locations":[{"start":{"line":8,"column":7},"end":{"line":10,"column":1}}]},"1":{"type":"branch","line":9,"loc":{"start":{"line":9,"column":26},"end":{"line":9,"column":76}},"locations":[{"start":{"line":9,"column":26},"end":{"line":9,"column":76}}]},"2":{"type":"branch","line":9,"loc":{"start":{"line":9,"column":72},"end":{"line":9,"column":84}},"locations":[{"start":{"line":9,"column":72},"end":{"line":9,"column":84}}]},"3":{"type":"branch","line":9,"loc":{"start":{"line":9,"column":76},"end":{"line":9,"column":89}},"locations":[{"start":{"line":9,"column":76},"end":{"line":9,"column":89}}]},"4":{"type":"branch","line":16,"loc":{"start":{"line":16,"column":0},"end":{"line":36,"column":1}},"locations":[{"start":{"line":16,"column":0},"end":{"line":36,"column":1}}]},"5":{"type":"branch","line":19,"loc":{"start":{"line":19,"column":34},"end":{"line":22,"column":3}},"locations":[{"start":{"line":19,"column":34},"end":{"line":22,"column":3}}]},"6":{"type":"branch","line":21,"loc":{"start":{"line":21,"column":26},"end":{"line":21,"column":52}},"locations":[{"start":{"line":21,"column":26},"end":{"line":21,"column":52}}]},"7":{"type":"branch","line":21,"loc":{"start":{"line":21,"column":47},"end":{"line":21,"column":57}},"locations":[{"start":{"line":21,"column":47},"end":{"line":21,"column":57}}]},"8":{"type":"branch","line":22,"loc":{"start":{"line":22,"column":2},"end":{"line":23,"column":36}},"locations":[{"start":{"line":22,"column":2},"end":{"line":23,"column":36}}]},"9":{"type":"branch","line":23,"loc":{"start":{"line":23,"column":36},"end":{"line":26,"column":3}},"locations":[{"start":{"line":23,"column":36},"end":{"line":26,"column":3}}]},"10":{"type":"branch","line":24,"loc":{"start":{"line":24,"column":38},"end":{"line":24,"column":73}},"locations":[{"start":{"line":24,"column":38},"end":{"line":24,"column":73}}]},"11":{"type":"branch","line":24,"loc":{"start":{"line":24,"column":71},"end":{"line":25,"column":75}},"locations":[{"start":{"line":24,"column":71},"end":{"line":25,"column":75}}]},"12":{"type":"branch","line":25,"loc":{"start":{"line":25,"column":33},"end":{"line":25,"column":70}},"locations":[{"start":{"line":25,"column":33},"end":{"line":25,"column":70}}]},"13":{"type":"branch","line":25,"loc":{"start":{"line":25,"column":65},"end":{"line":25,"column":75}},"locations":[{"start":{"line":25,"column":65},"end":{"line":25,"column":75}}]},"14":{"type":"branch","line":26,"loc":{"start":{"line":26,"column":2},"end":{"line":27,"column":30}},"locations":[{"start":{"line":26,"column":2},"end":{"line":27,"column":30}}]},"15":{"type":"branch","line":27,"loc":{"start":{"line":27,"column":30},"end":{"line":33,"column":3}},"locations":[{"start":{"line":27,"column":30},"end":{"line":33,"column":3}}]},"16":{"type":"branch","line":29,"loc":{"start":{"line":29,"column":27},"end":{"line":29,"column":80}},"locations":[{"start":{"line":29,"column":27},"end":{"line":29,"column":80}}]},"17":{"type":"branch","line":29,"loc":{"start":{"line":29,"column":68},"end":{"line":29,"column":111}},"locations":[{"start":{"line":29,"column":68},"end":{"line":29,"column":111}}]},"18":{"type":"branch","line":29,"loc":{"start":{"line":29,"column":103},"end":{"line":30,"column":61}},"locations":[{"start":{"line":29,"column":103},"end":{"line":30,"column":61}}]},"19":{"type":"branch","line":30,"loc":{"start":{"line":30,"column":59},"end":{"line":32,"column":103}},"locations":[{"start":{"line":30,"column":59},"end":{"line":32,"column":103}}]},"20":{"type":"branch","line":31,"loc":{"start":{"line":31,"column":24},"end":{"line":31,"column":66}},"locations":[{"start":{"line":31,"column":24},"end":{"line":31,"column":66}}]},"21":{"type":"branch","line":31,"loc":{"start":{"line":31,"column":55},"end":{"line":31,"column":85}},"locations":[{"start":{"line":31,"column":55},"end":{"line":31,"column":85}}]},"22":{"type":"branch","line":31,"loc":{"start":{"line":31,"column":83},"end":{"line":32,"column":103}},"locations":[{"start":{"line":31,"column":83},"end":{"line":32,"column":103}}]},"23":{"type":"branch","line":32,"loc":{"start":{"line":32,"column":24},"end":{"line":32,"column":71}},"locations":[{"start":{"line":32,"column":24},"end":{"line":32,"column":71}}]},"24":{"type":"branch","line":32,"loc":{"start":{"line":32,"column":60},"end":{"line":32,"column":98}},"locations":[{"start":{"line":32,"column":60},"end":{"line":32,"column":98}}]},"25":{"type":"branch","line":32,"loc":{"start":{"line":32,"column":93},"end":{"line":32,"column":103}},"locations":[{"start":{"line":32,"column":93},"end":{"line":32,"column":103}}]},"26":{"type":"branch","line":33,"loc":{"start":{"line":33,"column":2},"end":{"line":34,"column":19}},"locations":[{"start":{"line":33,"column":2},"end":{"line":34,"column":19}}]},"27":{"type":"branch","line":34,"loc":{"start":{"line":34,"column":6},"end":{"line":34,"column":44}},"locations":[{"start":{"line":34,"column":6},"end":{"line":34,"column":44}}]},"28":{"type":"branch","line":34,"loc":{"start":{"line":34,"column":34},"end":{"line":34,"column":79}},"locations":[{"start":{"line":34,"column":34},"end":{"line":34,"column":79}}]},"29":{"type":"branch","line":34,"loc":{"start":{"line":34,"column":79},"end":{"line":34,"column":110}},"locations":[{"start":{"line":34,"column":79},"end":{"line":34,"column":110}}]},"30":{"type":"branch","line":34,"loc":{"start":{"line":34,"column":107},"end":{"line":36,"column":1}},"locations":[{"start":{"line":34,"column":107},"end":{"line":36,"column":1}}]},"31":{"type":"branch","line":17,"loc":{"start":{"line":17,"column":17},"end":{"line":18,"column":76}},"locations":[{"start":{"line":17,"column":17},"end":{"line":18,"column":76}}]},"32":{"type":"branch","line":18,"loc":{"start":{"line":18,"column":17},"end":{"line":18,"column":42}},"locations":[{"start":{"line":18,"column":17},"end":{"line":18,"column":42}}]},"33":{"type":"branch","line":18,"loc":{"start":{"line":18,"column":35},"end":{"line":18,"column":73}},"locations":[{"start":{"line":18,"column":35},"end":{"line":18,"column":73}}]},"34":{"type":"branch","line":18,"loc":{"start":{"line":18,"column":42},"end":{"line":18,"column":76}},"locations":[{"start":{"line":18,"column":42},"end":{"line":18,"column":76}}]},"35":{"type":"branch","line":42,"loc":{"start":{"line":42,"column":0},"end":{"line":71,"column":1}},"locations":[{"start":{"line":42,"column":0},"end":{"line":71,"column":1}}]},"36":{"type":"branch","line":46,"loc":{"start":{"line":46,"column":23},"end":{"line":69,"column":3}},"locations":[{"start":{"line":46,"column":23},"end":{"line":69,"column":3}}]},"37":{"type":"branch","line":48,"loc":{"start":{"line":48,"column":35},"end":{"line":51,"column":5}},"locations":[{"start":{"line":48,"column":35},"end":{"line":51,"column":5}}]},"38":{"type":"branch","line":49,"loc":{"start":{"line":49,"column":38},"end":{"line":49,"column":115}},"locations":[{"start":{"line":49,"column":38},"end":{"line":49,"column":115}}]},"39":{"type":"branch","line":49,"loc":{"start":{"line":49,"column":78},"end":{"line":49,"column":102}},"locations":[{"start":{"line":49,"column":78},"end":{"line":49,"column":102}}]},"40":{"type":"branch","line":51,"loc":{"start":{"line":51,"column":4},"end":{"line":52,"column":42}},"locations":[{"start":{"line":51,"column":4},"end":{"line":52,"column":42}}]},"41":{"type":"branch","line":52,"loc":{"start":{"line":52,"column":30},"end":{"line":52,"column":63}},"locations":[{"start":{"line":52,"column":30},"end":{"line":52,"column":63}}]},"42":{"type":"branch","line":52,"loc":{"start":{"line":52,"column":63},"end":{"line":52,"column":72}},"locations":[{"start":{"line":52,"column":63},"end":{"line":52,"column":72}}]},"43":{"type":"branch","line":52,"loc":{"start":{"line":52,"column":63},"end":{"line":54,"column":33}},"locations":[{"start":{"line":52,"column":63},"end":{"line":54,"column":33}}]},"44":{"type":"branch","line":54,"loc":{"start":{"line":54,"column":33},"end":{"line":58,"column":5}},"locations":[{"start":{"line":54,"column":33},"end":{"line":58,"column":5}}]},"45":{"type":"branch","line":55,"loc":{"start":{"line":55,"column":47},"end":{"line":55,"column":98}},"locations":[{"start":{"line":55,"column":47},"end":{"line":55,"column":98}}]},"46":{"type":"branch","line":58,"loc":{"start":{"line":58,"column":4},"end":{"line":59,"column":33}},"locations":[{"start":{"line":58,"column":4},"end":{"line":59,"column":33}}]},"47":{"type":"branch","line":59,"loc":{"start":{"line":59,"column":33},"end":{"line":63,"column":11}},"locations":[{"start":{"line":59,"column":33},"end":{"line":63,"column":11}}]},"48":{"type":"branch","line":61,"loc":{"start":{"line":61,"column":49},"end":{"line":61,"column":100}},"locations":[{"start":{"line":61,"column":49},"end":{"line":61,"column":100}}]},"49":{"type":"branch","line":63,"loc":{"start":{"line":63,"column":4},"end":{"line":66,"column":5}},"locations":[{"start":{"line":63,"column":4},"end":{"line":66,"column":5}}]},"50":{"type":"branch","line":64,"loc":{"start":{"line":64,"column":25},"end":{"line":64,"column":71}},"locations":[{"start":{"line":64,"column":25},"end":{"line":64,"column":71}}]},"51":{"type":"branch","line":64,"loc":{"start":{"line":64,"column":71},"end":{"line":64,"column":80}},"locations":[{"start":{"line":64,"column":71},"end":{"line":64,"column":80}}]},"52":{"type":"branch","line":64,"loc":{"start":{"line":64,"column":71},"end":{"line":65,"column":53}},"locations":[{"start":{"line":64,"column":71},"end":{"line":65,"column":53}}]},"53":{"type":"branch","line":65,"loc":{"start":{"line":65,"column":47},"end":{"line":65,"column":96}},"locations":[{"start":{"line":65,"column":47},"end":{"line":65,"column":96}}]},"54":{"type":"branch","line":65,"loc":{"start":{"line":65,"column":94},"end":{"line":66,"column":5}},"locations":[{"start":{"line":65,"column":94},"end":{"line":66,"column":5}}]},"55":{"type":"branch","line":66,"loc":{"start":{"line":66,"column":4},"end":{"line":68,"column":32}},"locations":[{"start":{"line":66,"column":4},"end":{"line":68,"column":32}}]},"56":{"type":"branch","line":68,"loc":{"start":{"line":68,"column":27},"end":{"line":68,"column":42}},"locations":[{"start":{"line":68,"column":27},"end":{"line":68,"column":42}}]},"57":{"type":"branch","line":73,"loc":{"start":{"line":73,"column":7},"end":{"line":73,"column":98}},"locations":[{"start":{"line":73,"column":7},"end":{"line":73,"column":98}}]},"58":{"type":"branch","line":76,"loc":{"start":{"line":76,"column":7},"end":{"line":85,"column":1}},"locations":[{"start":{"line":76,"column":7},"end":{"line":85,"column":1}}]},"59":{"type":"branch","line":78,"loc":{"start":{"line":78,"column":54},"end":{"line":78,"column":104}},"locations":[{"start":{"line":78,"column":54},"end":{"line":78,"column":104}}]},"60":{"type":"branch","line":78,"loc":{"start":{"line":78,"column":91},"end":{"line":78,"column":101}},"locations":[{"start":{"line":78,"column":91},"end":{"line":78,"column":101}}]},"61":{"type":"branch","line":79,"loc":{"start":{"line":79,"column":47},"end":{"line":83,"column":3}},"locations":[{"start":{"line":79,"column":47},"end":{"line":83,"column":3}}]},"62":{"type":"branch","line":80,"loc":{"start":{"line":80,"column":35},"end":{"line":80,"column":42}},"locations":[{"start":{"line":80,"column":35},"end":{"line":80,"column":42}}]},"63":{"type":"branch","line":81,"loc":{"start":{"line":81,"column":16},"end":{"line":81,"column":37}},"locations":[{"start":{"line":81,"column":16},"end":{"line":81,"column":37}}]},"64":{"type":"branch","line":81,"loc":{"start":{"line":81,"column":37},"end":{"line":81,"column":50}},"locations":[{"start":{"line":81,"column":37},"end":{"line":81,"column":50}}]},"65":{"type":"branch","line":81,"loc":{"start":{"line":81,"column":44},"end":{"line":83,"column":3}},"locations":[{"start":{"line":81,"column":44},"end":{"line":83,"column":3}}]},"66":{"type":"branch","line":83,"loc":{"start":{"line":83,"column":2},"end":{"line":85,"column":1}},"locations":[{"start":{"line":83,"column":2},"end":{"line":85,"column":1}}]}},"b":{"0":[29],"1":[23],"2":[12],"3":[17],"4":[824],"5":[37],"6":[25],"7":[12],"8":[787],"9":[17],"10":[4],"11":[13],"12":[4],"13":[9],"14":[770],"15":[39],"16":[9],"17":[6],"18":[3],"19":[36],"20":[8],"21":[5],"22":[31],"23":[4],"24":[1],"25":[30],"26":[731],"27":[272],"28":[2],"29":[2],"30":[729],"31":[76],"32":[64],"33":[58],"34":[18],"35":[266],"36":[3291],"37":[488],"38":[833],"39":[0],"40":[2803],"41":[1135],"42":[1721],"43":[1082],"44":[257],"45":[514],"46":[825],"47":[579],"48":[95],"49":[246],"50":[245],"51":[1],"52":[245],"53":[490],"54":[245],"55":[824],"56":[95],"57":[96],"58":[85],"59":[28],"60":[27],"61":[31],"62":[3],"63":[14],"64":[21],"65":[10],"66":[64]},"fnMap":{"0":{"name":"modelSupportsImages","decl":{"start":{"line":8,"column":7},"end":{"line":10,"column":1}},"loc":{"start":{"line":8,"column":7},"end":{"line":10,"column":1}},"line":8},"1":{"name":"imageReference","decl":{"start":{"line":16,"column":0},"end":{"line":36,"column":1}},"loc":{"start":{"line":16,"column":0},"end":{"line":36,"column":1}},"line":16},"2":{"name":"object","decl":{"start":{"line":17,"column":17},"end":{"line":18,"column":76}},"loc":{"start":{"line":17,"column":17},"end":{"line":18,"column":76}},"line":17},"3":{"name":"imageReferences","decl":{"start":{"line":42,"column":0},"end":{"line":71,"column":1}},"loc":{"start":{"line":42,"column":0},"end":{"line":71,"column":1}},"line":42},"4":{"name":"hasImageInput","decl":{"start":{"line":73,"column":7},"end":{"line":73,"column":98}},"loc":{"start":{"line":73,"column":7},"end":{"line":73,"column":98}},"line":73},"5":{"name":"preservesImageInputs","decl":{"start":{"line":76,"column":7},"end":{"line":85,"column":1}},"loc":{"start":{"line":76,"column":7},"end":{"line":85,"column":1}},"line":76}},"f":{"0":29,"1":824,"2":76,"3":266,"4":96,"5":85}}
,"/Users/mac/.codex/worktrees/pool053-054/仟流智算/packages/provider-adapters/src/openai-compatible-caller.ts": {"path":"/Users/mac/.codex/worktrees/pool053-054/仟流智算/packages/provider-adapters/src/openai-compatible-caller.ts","all":false,"statementMap":{"0":{"start":{"line":1,"column":0},"end":{"line":1,"column":153}},"9":{"start":{"line":10,"column":0},"end":{"line":10,"column":74}},"10":{"start":{"line":11,"column":0},"end":{"line":11,"column":48}},"11":{"start":{"line":12,"column":0},"end":{"line":12,"column":8}},"16":{"start":{"line":17,"column":0},"end":{"line":17,"column":101}},"17":{"start":{"line":18,"column":0},"end":{"line":18,"column":72}},"18":{"start":{"line":19,"column":0},"end":{"line":19,"column":56}},"19":{"start":{"line":20,"column":0},"end":{"line":20,"column":74}},"20":{"start":{"line":21,"column":0},"end":{"line":21,"column":107}},"21":{"start":{"line":22,"column":0},"end":{"line":22,"column":104}},"23":{"start":{"line":24,"column":0},"end":{"line":24,"column":74}},"24":{"start":{"line":25,"column":0},"end":{"line":25,"column":83}},"25":{"start":{"line":26,"column":0},"end":{"line":26,"column":76}},"31":{"start":{"line":32,"column":0},"end":{"line":32,"column":52}},"32":{"start":{"line":33,"column":0},"end":{"line":33,"column":32}},"33":{"start":{"line":34,"column":0},"end":{"line":34,"column":33}},"34":{"start":{"line":35,"column":0},"end":{"line":35,"column":31}},"35":{"start":{"line":36,"column":0},"end":{"line":36,"column":2}},"37":{"start":{"line":38,"column":0},"end":{"line":38,"column":50}},"38":{"start":{"line":39,"column":0},"end":{"line":39,"column":31}},"39":{"start":{"line":40,"column":0},"end":{"line":40,"column":30}},"40":{"start":{"line":41,"column":0},"end":{"line":41,"column":28}},"41":{"start":{"line":42,"column":0},"end":{"line":42,"column":2}},"43":{"start":{"line":44,"column":0},"end":{"line":44,"column":56}},"44":{"start":{"line":45,"column":0},"end":{"line":45,"column":39}},"45":{"start":{"line":46,"column":0},"end":{"line":46,"column":55}},"46":{"start":{"line":47,"column":0},"end":{"line":47,"column":41}},"47":{"start":{"line":48,"column":0},"end":{"line":48,"column":2}},"52":{"start":{"line":53,"column":0},"end":{"line":53,"column":45}},"53":{"start":{"line":54,"column":0},"end":{"line":54,"column":46}},"54":{"start":{"line":55,"column":0},"end":{"line":55,"column":19}},"55":{"start":{"line":56,"column":0},"end":{"line":56,"column":73}},"56":{"start":{"line":57,"column":0},"end":{"line":57,"column":67}},"57":{"start":{"line":58,"column":0},"end":{"line":58,"column":66}},"58":{"start":{"line":59,"column":0},"end":{"line":59,"column":68}},"60":{"start":{"line":61,"column":0},"end":{"line":61,"column":39}},"61":{"start":{"line":62,"column":0},"end":{"line":62,"column":42}},"62":{"start":{"line":63,"column":0},"end":{"line":63,"column":63}},"63":{"start":{"line":64,"column":0},"end":{"line":64,"column":5}},"65":{"start":{"line":66,"column":0},"end":{"line":66,"column":60}},"66":{"start":{"line":67,"column":0},"end":{"line":67,"column":49}},"67":{"start":{"line":68,"column":0},"end":{"line":68,"column":19}},"68":{"start":{"line":69,"column":0},"end":{"line":69,"column":61}},"69":{"start":{"line":70,"column":0},"end":{"line":70,"column":5}},"71":{"start":{"line":72,"column":0},"end":{"line":72,"column":118}},"72":{"start":{"line":73,"column":0},"end":{"line":73,"column":57}},"73":{"start":{"line":74,"column":0},"end":{"line":74,"column":5}},"74":{"start":{"line":75,"column":0},"end":{"line":75,"column":65}},"75":{"start":{"line":76,"column":0},"end":{"line":76,"column":106}},"76":{"start":{"line":77,"column":0},"end":{"line":77,"column":42}},"77":{"start":{"line":78,"column":0},"end":{"line":78,"column":34}},"78":{"start":{"line":79,"column":0},"end":{"line":79,"column":23}},"79":{"start":{"line":80,"column":0},"end":{"line":80,"column":121}},"80":{"start":{"line":81,"column":0},"end":{"line":81,"column":125}},"81":{"start":{"line":82,"column":0},"end":{"line":82,"column":7}},"83":{"start":{"line":84,"column":0},"end":{"line":84,"column":35}},"84":{"start":{"line":85,"column":0},"end":{"line":85,"column":9}},"85":{"start":{"line":86,"column":0},"end":{"line":86,"column":63}},"86":{"start":{"line":87,"column":0},"end":{"line":87,"column":23}},"87":{"start":{"line":88,"column":0},"end":{"line":88,"column":18}},"88":{"start":{"line":89,"column":0},"end":{"line":89,"column":62}},"89":{"start":{"line":90,"column":0},"end":{"line":90,"column":45}},"90":{"start":{"line":91,"column":0},"end":{"line":91,"column":76}},"91":{"start":{"line":92,"column":0},"end":{"line":92,"column":44}},"92":{"start":{"line":93,"column":0},"end":{"line":93,"column":10}},"93":{"start":{"line":94,"column":0},"end":{"line":94,"column":39}},"94":{"start":{"line":95,"column":0},"end":{"line":95,"column":31}},"95":{"start":{"line":96,"column":0},"end":{"line":96,"column":9}},"96":{"start":{"line":97,"column":0},"end":{"line":97,"column":13}},"97":{"start":{"line":98,"column":0},"end":{"line":98,"column":56}},"98":{"start":{"line":99,"column":0},"end":{"line":99,"column":49}},"99":{"start":{"line":100,"column":0},"end":{"line":100,"column":24}},"100":{"start":{"line":101,"column":0},"end":{"line":101,"column":14}},"101":{"start":{"line":102,"column":0},"end":{"line":102,"column":55}},"102":{"start":{"line":103,"column":0},"end":{"line":103,"column":36}},"103":{"start":{"line":104,"column":0},"end":{"line":104,"column":18}},"104":{"start":{"line":105,"column":0},"end":{"line":105,"column":8}},"105":{"start":{"line":106,"column":0},"end":{"line":106,"column":5}},"107":{"start":{"line":108,"column":0},"end":{"line":108,"column":23}},"108":{"start":{"line":109,"column":0},"end":{"line":109,"column":30}},"109":{"start":{"line":110,"column":0},"end":{"line":110,"column":57}},"110":{"start":{"line":111,"column":0},"end":{"line":111,"column":44}},"111":{"start":{"line":112,"column":0},"end":{"line":112,"column":15}},"112":{"start":{"line":113,"column":0},"end":{"line":113,"column":44}},"113":{"start":{"line":114,"column":0},"end":{"line":114,"column":17}},"114":{"start":{"line":115,"column":0},"end":{"line":115,"column":30}},"115":{"start":{"line":116,"column":0},"end":{"line":116,"column":28}},"116":{"start":{"line":117,"column":0},"end":{"line":117,"column":8}},"117":{"start":{"line":118,"column":0},"end":{"line":118,"column":24}},"118":{"start":{"line":119,"column":0},"end":{"line":119,"column":14}},"119":{"start":{"line":120,"column":0},"end":{"line":120,"column":56}},"120":{"start":{"line":121,"column":0},"end":{"line":121,"column":40}},"121":{"start":{"line":122,"column":0},"end":{"line":122,"column":35}},"122":{"start":{"line":123,"column":0},"end":{"line":123,"column":55}},"123":{"start":{"line":124,"column":0},"end":{"line":124,"column":50}},"124":{"start":{"line":125,"column":0},"end":{"line":125,"column":30}},"125":{"start":{"line":126,"column":0},"end":{"line":126,"column":16}},"126":{"start":{"line":127,"column":0},"end":{"line":127,"column":50}},"127":{"start":{"line":128,"column":0},"end":{"line":128,"column":41}},"128":{"start":{"line":129,"column":0},"end":{"line":129,"column":38}},"129":{"start":{"line":130,"column":0},"end":{"line":130,"column":85}},"130":{"start":{"line":131,"column":0},"end":{"line":131,"column":46}},"131":{"start":{"line":132,"column":0},"end":{"line":132,"column":14}},"132":{"start":{"line":133,"column":0},"end":{"line":133,"column":52}},"133":{"start":{"line":134,"column":0},"end":{"line":134,"column":8}},"134":{"start":{"line":135,"column":0},"end":{"line":135,"column":5}},"136":{"start":{"line":137,"column":0},"end":{"line":137,"column":25}},"137":{"start":{"line":138,"column":0},"end":{"line":138,"column":64}},"138":{"start":{"line":139,"column":0},"end":{"line":139,"column":5}},"139":{"start":{"line":140,"column":0},"end":{"line":140,"column":28}},"140":{"start":{"line":141,"column":0},"end":{"line":141,"column":72}},"141":{"start":{"line":142,"column":0},"end":{"line":142,"column":22}},"142":{"start":{"line":143,"column":0},"end":{"line":143,"column":19}},"143":{"start":{"line":144,"column":0},"end":{"line":144,"column":4}},"144":{"start":{"line":145,"column":0},"end":{"line":145,"column":1}},"150":{"start":{"line":151,"column":0},"end":{"line":151,"column":46}},"155":{"start":{"line":156,"column":0},"end":{"line":156,"column":17}},"156":{"start":{"line":157,"column":0},"end":{"line":157,"column":35}},"157":{"start":{"line":158,"column":0},"end":{"line":158,"column":9}},"159":{"start":{"line":160,"column":0},"end":{"line":160,"column":67}},"160":{"start":{"line":161,"column":0},"end":{"line":161,"column":80}},"161":{"start":{"line":162,"column":0},"end":{"line":162,"column":37}},"162":{"start":{"line":163,"column":0},"end":{"line":163,"column":10}},"163":{"start":{"line":164,"column":0},"end":{"line":164,"column":45}},"164":{"start":{"line":165,"column":0},"end":{"line":165,"column":43}},"165":{"start":{"line":166,"column":0},"end":{"line":166,"column":41}},"166":{"start":{"line":167,"column":0},"end":{"line":167,"column":9}},"167":{"start":{"line":168,"column":0},"end":{"line":168,"column":35}},"168":{"start":{"line":169,"column":0},"end":{"line":169,"column":7}},"169":{"start":{"line":170,"column":0},"end":{"line":170,"column":100}},"170":{"start":{"line":171,"column":0},"end":{"line":171,"column":13}},"171":{"start":{"line":172,"column":0},"end":{"line":172,"column":33}},"172":{"start":{"line":173,"column":0},"end":{"line":173,"column":5}},"173":{"start":{"line":174,"column":0},"end":{"line":174,"column":3}},"175":{"start":{"line":176,"column":0},"end":{"line":176,"column":39}},"176":{"start":{"line":177,"column":0},"end":{"line":177,"column":68}},"177":{"start":{"line":178,"column":0},"end":{"line":178,"column":1}}},"s":{"0":1,"9":1,"10":1,"11":1,"16":1,"17":1,"18":1,"19":1,"20":1,"21":1,"23":1,"24":1,"25":1,"31":1,"32":1,"33":1,"34":1,"35":1,"37":1,"38":1,"39":1,"40":1,"41":1,"43":1,"44":1,"45":1,"46":1,"47":1,"52":1,"53":63,"54":63,"55":63,"56":63,"57":63,"58":63,"60":63,"61":64,"62":1,"63":1,"65":63,"66":21,"67":64,"68":0,"69":0,"71":64,"72":7,"73":7,"74":56,"75":62,"76":55,"77":55,"78":55,"79":55,"80":55,"81":55,"83":55,"84":55,"85":55,"86":55,"87":55,"88":55,"89":55,"90":64,"91":64,"92":64,"93":64,"94":64,"95":64,"96":62,"97":2,"98":2,"99":2,"100":2,"101":2,"102":2,"103":2,"104":2,"105":2,"107":56,"108":24,"109":24,"110":8,"111":16,"112":24,"113":24,"114":24,"115":24,"116":24,"117":24,"118":24,"119":24,"120":24,"121":24,"122":24,"123":8,"124":8,"125":24,"126":24,"127":24,"128":24,"129":24,"130":24,"131":19,"132":5,"133":24,"134":24,"136":51,"137":17,"138":17,"139":12,"140":12,"141":12,"142":12,"143":64,"144":63,"150":1,"155":4,"156":4,"157":3,"159":3,"160":2,"161":1,"162":3,"163":3,"164":3,"165":2,"166":3,"167":1,"168":1,"169":2,"170":3,"171":0,"172":0,"173":3,"175":4,"176":4,"177":4},"branchMap":{"0":{"type":"branch","line":53,"loc":{"start":{"line":53,"column":7},"end":{"line":145,"column":1}},"locations":[{"start":{"line":53,"column":7},"end":{"line":145,"column":1}}]},"1":{"type":"branch","line":57,"loc":{"start":{"line":57,"column":35},"end":{"line":57,"column":67}},"locations":[{"start":{"line":57,"column":35},"end":{"line":57,"column":67}}]},"2":{"type":"branch","line":58,"loc":{"start":{"line":58,"column":37},"end":{"line":58,"column":66}},"locations":[{"start":{"line":58,"column":37},"end":{"line":58,"column":66}}]},"3":{"type":"branch","line":59,"loc":{"start":{"line":59,"column":38},"end":{"line":59,"column":68}},"locations":[{"start":{"line":59,"column":38},"end":{"line":59,"column":68}}]},"4":{"type":"branch","line":61,"loc":{"start":{"line":61,"column":9},"end":{"line":144,"column":4}},"locations":[{"start":{"line":61,"column":9},"end":{"line":144,"column":4}}]},"5":{"type":"branch","line":62,"loc":{"start":{"line":62,"column":41},"end":{"line":64,"column":5}},"locations":[{"start":{"line":62,"column":41},"end":{"line":64,"column":5}}]},"6":{"type":"branch","line":64,"loc":{"start":{"line":64,"column":4},"end":{"line":66,"column":60}},"locations":[{"start":{"line":64,"column":4},"end":{"line":66,"column":60}}]},"7":{"type":"branch","line":66,"loc":{"start":{"line":66,"column":59},"end":{"line":67,"column":49}},"locations":[{"start":{"line":66,"column":59},"end":{"line":67,"column":49}}]},"8":{"type":"branch","line":68,"loc":{"start":{"line":68,"column":18},"end":{"line":70,"column":5}},"locations":[{"start":{"line":68,"column":18},"end":{"line":70,"column":5}}]},"9":{"type":"branch","line":70,"loc":{"start":{"line":70,"column":4},"end":{"line":72,"column":39}},"locations":[{"start":{"line":70,"column":4},"end":{"line":72,"column":39}}]},"10":{"type":"branch","line":72,"loc":{"start":{"line":72,"column":34},"end":{"line":72,"column":117}},"locations":[{"start":{"line":72,"column":34},"end":{"line":72,"column":117}}]},"11":{"type":"branch","line":72,"loc":{"start":{"line":72,"column":117},"end":{"line":74,"column":5}},"locations":[{"start":{"line":72,"column":117},"end":{"line":74,"column":5}}]},"12":{"type":"branch","line":74,"loc":{"start":{"line":74,"column":4},"end":{"line":91,"column":57}},"locations":[{"start":{"line":74,"column":4},"end":{"line":91,"column":57}}]},"13":{"type":"branch","line":74,"loc":{"start":{"line":74,"column":4},"end":{"line":76,"column":62}},"locations":[{"start":{"line":74,"column":4},"end":{"line":76,"column":62}}]},"14":{"type":"branch","line":76,"loc":{"start":{"line":76,"column":55},"end":{"line":76,"column":106}},"locations":[{"start":{"line":76,"column":55},"end":{"line":76,"column":106}}]},"15":{"type":"branch","line":76,"loc":{"start":{"line":76,"column":104},"end":{"line":91,"column":35}},"locations":[{"start":{"line":76,"column":104},"end":{"line":91,"column":35}}]},"16":{"type":"branch","line":91,"loc":{"start":{"line":91,"column":26},"end":{"line":91,"column":57}},"locations":[{"start":{"line":91,"column":26},"end":{"line":91,"column":57}}]},"17":{"type":"branch","line":91,"loc":{"start":{"line":91,"column":35},"end":{"line":91,"column":76}},"locations":[{"start":{"line":91,"column":35},"end":{"line":91,"column":76}}]},"18":{"type":"branch","line":96,"loc":{"start":{"line":96,"column":7},"end":{"line":143,"column":19}},"locations":[{"start":{"line":96,"column":7},"end":{"line":143,"column":19}}]},"19":{"type":"branch","line":96,"loc":{"start":{"line":96,"column":7},"end":{"line":97,"column":12}},"locations":[{"start":{"line":96,"column":7},"end":{"line":97,"column":12}}]},"20":{"type":"branch","line":97,"loc":{"start":{"line":97,"column":4},"end":{"line":106,"column":5}},"locations":[{"start":{"line":97,"column":4},"end":{"line":106,"column":5}}]},"21":{"type":"branch","line":98,"loc":{"start":{"line":98,"column":32},"end":{"line":98,"column":51}},"locations":[{"start":{"line":98,"column":32},"end":{"line":98,"column":51}}]},"22":{"type":"branch","line":106,"loc":{"start":{"line":106,"column":4},"end":{"line":135,"column":5}},"locations":[{"start":{"line":106,"column":4},"end":{"line":135,"column":5}}]},"23":{"type":"branch","line":106,"loc":{"start":{"line":106,"column":4},"end":{"line":108,"column":22}},"locations":[{"start":{"line":106,"column":4},"end":{"line":108,"column":22}}]},"24":{"type":"branch","line":108,"loc":{"start":{"line":108,"column":22},"end":{"line":135,"column":5}},"locations":[{"start":{"line":108,"column":22},"end":{"line":135,"column":5}}]},"25":{"type":"branch","line":110,"loc":{"start":{"line":110,"column":54},"end":{"line":111,"column":44}},"locations":[{"start":{"line":110,"column":54},"end":{"line":111,"column":44}}]},"26":{"type":"branch","line":111,"loc":{"start":{"line":111,"column":43},"end":{"line":112,"column":15}},"locations":[{"start":{"line":111,"column":43},"end":{"line":112,"column":15}}]},"27":{"type":"branch","line":123,"loc":{"start":{"line":123,"column":20},"end":{"line":123,"column":54}},"locations":[{"start":{"line":123,"column":20},"end":{"line":123,"column":54}}]},"28":{"type":"branch","line":123,"loc":{"start":{"line":123,"column":32},"end":{"line":126,"column":12}},"locations":[{"start":{"line":123,"column":32},"end":{"line":126,"column":12}}]},"29":{"type":"branch","line":126,"loc":{"start":{"line":126,"column":8},"end":{"line":126,"column":16}},"locations":[{"start":{"line":126,"column":8},"end":{"line":126,"column":16}}]},"30":{"type":"branch","line":130,"loc":{"start":{"line":130,"column":34},"end":{"line":130,"column":51}},"locations":[{"start":{"line":130,"column":34},"end":{"line":130,"column":51}}]},"31":{"type":"branch","line":130,"loc":{"start":{"line":130,"column":47},"end":{"line":130,"column":85}},"locations":[{"start":{"line":130,"column":47},"end":{"line":130,"column":85}}]},"32":{"type":"branch","line":131,"loc":{"start":{"line":131,"column":37},"end":{"line":132,"column":14}},"locations":[{"start":{"line":131,"column":37},"end":{"line":132,"column":14}}]},"33":{"type":"branch","line":132,"loc":{"start":{"line":132,"column":13},"end":{"line":133,"column":52}},"locations":[{"start":{"line":132,"column":13},"end":{"line":133,"column":52}}]},"34":{"type":"branch","line":135,"loc":{"start":{"line":135,"column":4},"end":{"line":143,"column":19}},"locations":[{"start":{"line":135,"column":4},"end":{"line":143,"column":19}}]},"35":{"type":"branch","line":135,"loc":{"start":{"line":135,"column":4},"end":{"line":137,"column":24}},"locations":[{"start":{"line":135,"column":4},"end":{"line":137,"column":24}}]},"36":{"type":"branch","line":137,"loc":{"start":{"line":137,"column":24},"end":{"line":139,"column":5}},"locations":[{"start":{"line":137,"column":24},"end":{"line":139,"column":5}}]},"37":{"type":"branch","line":139,"loc":{"start":{"line":139,"column":4},"end":{"line":143,"column":19}},"locations":[{"start":{"line":139,"column":4},"end":{"line":143,"column":19}}]},"38":{"type":"branch","line":151,"loc":{"start":{"line":151,"column":7},"end":{"line":178,"column":1}},"locations":[{"start":{"line":151,"column":7},"end":{"line":178,"column":1}}]},"39":{"type":"branch","line":157,"loc":{"start":{"line":157,"column":34},"end":{"line":174,"column":3}},"locations":[{"start":{"line":157,"column":34},"end":{"line":174,"column":3}}]},"40":{"type":"branch","line":160,"loc":{"start":{"line":160,"column":59},"end":{"line":161,"column":80}},"locations":[{"start":{"line":160,"column":59},"end":{"line":161,"column":80}}]},"41":{"type":"branch","line":161,"loc":{"start":{"line":161,"column":47},"end":{"line":162,"column":37}},"locations":[{"start":{"line":161,"column":47},"end":{"line":162,"column":37}}]},"42":{"type":"branch","line":165,"loc":{"start":{"line":165,"column":35},"end":{"line":166,"column":41}},"locations":[{"start":{"line":165,"column":35},"end":{"line":166,"column":41}}]},"43":{"type":"branch","line":167,"loc":{"start":{"line":167,"column":8},"end":{"line":169,"column":7}},"locations":[{"start":{"line":167,"column":8},"end":{"line":169,"column":7}}]},"44":{"type":"branch","line":169,"loc":{"start":{"line":169,"column":6},"end":{"line":171,"column":12}},"locations":[{"start":{"line":169,"column":6},"end":{"line":171,"column":12}}]},"45":{"type":"branch","line":171,"loc":{"start":{"line":171,"column":4},"end":{"line":173,"column":5}},"locations":[{"start":{"line":171,"column":4},"end":{"line":173,"column":5}}]},"46":{"type":"branch","line":174,"loc":{"start":{"line":174,"column":2},"end":{"line":176,"column":27}},"locations":[{"start":{"line":174,"column":2},"end":{"line":176,"column":27}}]},"47":{"type":"branch","line":176,"loc":{"start":{"line":176,"column":20},"end":{"line":176,"column":39}},"locations":[{"start":{"line":176,"column":20},"end":{"line":176,"column":39}}]},"48":{"type":"branch","line":177,"loc":{"start":{"line":177,"column":59},"end":{"line":177,"column":66}},"locations":[{"start":{"line":177,"column":59},"end":{"line":177,"column":66}}]}},"b":{"0":[63],"1":[52],"2":[53],"3":[61],"4":[64],"5":[1],"6":[63],"7":[21],"8":[0],"9":[63],"10":[14],"11":[7],"12":[62],"13":[56],"14":[1],"15":[55],"16":[21],"17":[34],"18":[62],"19":[53],"20":[2],"21":[0],"22":[56],"23":[53],"24":[24],"25":[8],"26":[16],"27":[8],"28":[8],"29":[16],"30":[11],"31":[13],"32":[19],"33":[5],"34":[51],"35":[29],"36":[17],"37":[12],"38":[4],"39":[3],"40":[2],"41":[1],"42":[2],"43":[1],"44":[2],"45":[0],"46":[1],"47":[0],"48":[0]},"fnMap":{"0":{"name":"createOpenAiCompatibleCaller","decl":{"start":{"line":53,"column":7},"end":{"line":145,"column":1}},"loc":{"start":{"line":53,"column":7},"end":{"line":145,"column":1}},"line":53},"1":{"name":"resolveProviderSecret","decl":{"start":{"line":151,"column":7},"end":{"line":178,"column":1}},"loc":{"start":{"line":151,"column":7},"end":{"line":178,"column":1}},"line":151}},"f":{"0":63,"1":4}}
,"/Users/mac/.codex/worktrees/pool053-054/仟流智算/packages/provider-adapters/src/upstream-error-evidence.ts": {"path":"/Users/mac/.codex/worktrees/pool053-054/仟流智算/packages/provider-adapters/src/upstream-error-evidence.ts","all":false,"statementMap":{"0":{"start":{"line":1,"column":0},"end":{"line":1,"column":41}},"7":{"start":{"line":8,"column":0},"end":{"line":8,"column":8}},"15":{"start":{"line":16,"column":0},"end":{"line":16,"column":26}},"16":{"start":{"line":17,"column":0},"end":{"line":17,"column":89}},"17":{"start":{"line":18,"column":0},"end":{"line":18,"column":70}},"18":{"start":{"line":19,"column":0},"end":{"line":19,"column":11}},"19":{"start":{"line":20,"column":0},"end":{"line":20,"column":37}},"20":{"start":{"line":21,"column":0},"end":{"line":21,"column":89}},"21":{"start":{"line":22,"column":0},"end":{"line":22,"column":3}},"22":{"start":{"line":23,"column":0},"end":{"line":23,"column":36}},"23":{"start":{"line":24,"column":0},"end":{"line":24,"column":33}},"24":{"start":{"line":25,"column":0},"end":{"line":25,"column":80}},"25":{"start":{"line":26,"column":0},"end":{"line":26,"column":78}},"26":{"start":{"line":27,"column":0},"end":{"line":27,"column":68}},"27":{"start":{"line":28,"column":0},"end":{"line":28,"column":3}},"29":{"start":{"line":30,"column":0},"end":{"line":30,"column":69}},"30":{"start":{"line":31,"column":0},"end":{"line":31,"column":78}},"31":{"start":{"line":32,"column":0},"end":{"line":32,"column":1}},"33":{"start":{"line":34,"column":0},"end":{"line":34,"column":46}},"34":{"start":{"line":35,"column":0},"end":{"line":35,"column":48}},"35":{"start":{"line":36,"column":0},"end":{"line":36,"column":1}},"37":{"start":{"line":38,"column":0},"end":{"line":38,"column":48}},"38":{"start":{"line":39,"column":0},"end":{"line":39,"column":77}},"39":{"start":{"line":40,"column":0},"end":{"line":40,"column":24}},"40":{"start":{"line":41,"column":0},"end":{"line":41,"column":122}},"41":{"start":{"line":42,"column":0},"end":{"line":42,"column":3}},"42":{"start":{"line":43,"column":0},"end":{"line":43,"column":62}},"43":{"start":{"line":44,"column":0},"end":{"line":44,"column":1}},"45":{"start":{"line":46,"column":0},"end":{"line":46,"column":116}},"46":{"start":{"line":47,"column":0},"end":{"line":47,"column":43}},"47":{"start":{"line":48,"column":0},"end":{"line":48,"column":70}},"48":{"start":{"line":49,"column":0},"end":{"line":49,"column":102}},"50":{"start":{"line":51,"column":0},"end":{"line":51,"column":65}},"51":{"start":{"line":52,"column":0},"end":{"line":52,"column":214}},"52":{"start":{"line":53,"column":0},"end":{"line":53,"column":120}},"53":{"start":{"line":54,"column":0},"end":{"line":54,"column":37}},"54":{"start":{"line":55,"column":0},"end":{"line":55,"column":3}},"55":{"start":{"line":56,"column":0},"end":{"line":56,"column":33}},"56":{"start":{"line":57,"column":0},"end":{"line":57,"column":97}},"57":{"start":{"line":58,"column":0},"end":{"line":58,"column":97}},"58":{"start":{"line":59,"column":0},"end":{"line":59,"column":103}},"60":{"start":{"line":61,"column":0},"end":{"line":61,"column":109}},"61":{"start":{"line":62,"column":0},"end":{"line":62,"column":92}},"62":{"start":{"line":63,"column":0},"end":{"line":63,"column":3}},"63":{"start":{"line":64,"column":0},"end":{"line":64,"column":83}},"64":{"start":{"line":65,"column":0},"end":{"line":65,"column":37}},"65":{"start":{"line":66,"column":0},"end":{"line":66,"column":3}},"66":{"start":{"line":67,"column":0},"end":{"line":67,"column":101}},"67":{"start":{"line":68,"column":0},"end":{"line":68,"column":33}},"68":{"start":{"line":69,"column":0},"end":{"line":69,"column":3}},"69":{"start":{"line":70,"column":0},"end":{"line":70,"column":103}},"70":{"start":{"line":71,"column":0},"end":{"line":71,"column":37}},"71":{"start":{"line":72,"column":0},"end":{"line":72,"column":3}},"72":{"start":{"line":73,"column":0},"end":{"line":73,"column":84}},"73":{"start":{"line":74,"column":0},"end":{"line":74,"column":35}},"74":{"start":{"line":75,"column":0},"end":{"line":75,"column":3}},"75":{"start":{"line":76,"column":0},"end":{"line":76,"column":80}},"76":{"start":{"line":77,"column":0},"end":{"line":77,"column":31}},"77":{"start":{"line":78,"column":0},"end":{"line":78,"column":3}},"78":{"start":{"line":79,"column":0},"end":{"line":79,"column":87}},"79":{"start":{"line":80,"column":0},"end":{"line":80,"column":31}},"80":{"start":{"line":81,"column":0},"end":{"line":81,"column":3}},"81":{"start":{"line":82,"column":0},"end":{"line":82,"column":24}},"82":{"start":{"line":83,"column":0},"end":{"line":83,"column":1}},"88":{"start":{"line":89,"column":0},"end":{"line":89,"column":43}},"89":{"start":{"line":90,"column":0},"end":{"line":90,"column":19}},"90":{"start":{"line":91,"column":0},"end":{"line":91,"column":21}},"91":{"start":{"line":92,"column":0},"end":{"line":92,"column":23}},"92":{"start":{"line":93,"column":0},"end":{"line":93,"column":43}},"93":{"start":{"line":94,"column":0},"end":{"line":94,"column":26}},"94":{"start":{"line":95,"column":0},"end":{"line":95,"column":48}},"95":{"start":{"line":96,"column":0},"end":{"line":96,"column":55}},"96":{"start":{"line":97,"column":0},"end":{"line":97,"column":79}},"97":{"start":{"line":98,"column":0},"end":{"line":98,"column":21}},"98":{"start":{"line":99,"column":0},"end":{"line":99,"column":15}},"99":{"start":{"line":100,"column":0},"end":{"line":100,"column":48}},"100":{"start":{"line":101,"column":0},"end":{"line":101,"column":48}},"101":{"start":{"line":102,"column":0},"end":{"line":102,"column":65}},"102":{"start":{"line":103,"column":0},"end":{"line":103,"column":99}},"103":{"start":{"line":104,"column":0},"end":{"line":104,"column":4}},"104":{"start":{"line":105,"column":0},"end":{"line":105,"column":10}},"105":{"start":{"line":106,"column":0},"end":{"line":106,"column":17}},"106":{"start":{"line":107,"column":0},"end":{"line":107,"column":63}},"107":{"start":{"line":108,"column":0},"end":{"line":108,"column":76}},"108":{"start":{"line":109,"column":0},"end":{"line":109,"column":22}},"109":{"start":{"line":110,"column":0},"end":{"line":110,"column":20}},"110":{"start":{"line":111,"column":0},"end":{"line":111,"column":19}},"111":{"start":{"line":112,"column":0},"end":{"line":112,"column":26}},"112":{"start":{"line":113,"column":0},"end":{"line":113,"column":22}},"113":{"start":{"line":114,"column":0},"end":{"line":114,"column":4}},"114":{"start":{"line":115,"column":0},"end":{"line":115,"column":1}},"116":{"start":{"line":117,"column":0},"end":{"line":117,"column":46}},"117":{"start":{"line":118,"column":0},"end":{"line":118,"column":36}},"118":{"start":{"line":119,"column":0},"end":{"line":119,"column":43}},"119":{"start":{"line":120,"column":0},"end":{"line":120,"column":49}},"120":{"start":{"line":121,"column":0},"end":{"line":121,"column":39}},"121":{"start":{"line":122,"column":0},"end":{"line":122,"column":51}},"122":{"start":{"line":123,"column":0},"end":{"line":123,"column":49}},"123":{"start":{"line":124,"column":0},"end":{"line":124,"column":17}},"124":{"start":{"line":125,"column":0},"end":{"line":125,"column":1}},"126":{"start":{"line":127,"column":0},"end":{"line":127,"column":28}},"127":{"start":{"line":128,"column":0},"end":{"line":128,"column":17}},"128":{"start":{"line":129,"column":0},"end":{"line":129,"column":24}},"129":{"start":{"line":130,"column":0},"end":{"line":130,"column":16}},"130":{"start":{"line":131,"column":0},"end":{"line":131,"column":68}},"131":{"start":{"line":132,"column":0},"end":{"line":132,"column":33}},"132":{"start":{"line":133,"column":0},"end":{"line":133,"column":9}},"133":{"start":{"line":134,"column":0},"end":{"line":134,"column":60}},"134":{"start":{"line":135,"column":0},"end":{"line":135,"column":28}},"135":{"start":{"line":136,"column":0},"end":{"line":136,"column":11}},"136":{"start":{"line":137,"column":0},"end":{"line":137,"column":3}},"137":{"start":{"line":138,"column":0},"end":{"line":138,"column":21}},"138":{"start":{"line":139,"column":0},"end":{"line":139,"column":51}},"139":{"start":{"line":140,"column":0},"end":{"line":140,"column":29}},"140":{"start":{"line":141,"column":0},"end":{"line":141,"column":91}},"141":{"start":{"line":142,"column":0},"end":{"line":142,"column":11}},"142":{"start":{"line":143,"column":0},"end":{"line":143,"column":3}},"143":{"start":{"line":144,"column":0},"end":{"line":144,"column":31}},"144":{"start":{"line":145,"column":0},"end":{"line":145,"column":53}},"145":{"start":{"line":146,"column":0},"end":{"line":146,"column":52}},"146":{"start":{"line":147,"column":0},"end":{"line":147,"column":50}},"147":{"start":{"line":148,"column":0},"end":{"line":148,"column":65}},"148":{"start":{"line":149,"column":0},"end":{"line":149,"column":63}},"149":{"start":{"line":150,"column":0},"end":{"line":150,"column":63}},"150":{"start":{"line":151,"column":0},"end":{"line":151,"column":5}},"151":{"start":{"line":152,"column":0},"end":{"line":152,"column":66}},"152":{"start":{"line":153,"column":0},"end":{"line":153,"column":3}},"153":{"start":{"line":154,"column":0},"end":{"line":154,"column":1}},"178":{"start":{"line":179,"column":0},"end":{"line":179,"column":40}},"179":{"start":{"line":180,"column":0},"end":{"line":180,"column":47}},"180":{"start":{"line":181,"column":0},"end":{"line":181,"column":1}},"182":{"start":{"line":183,"column":0},"end":{"line":183,"column":33}},"183":{"start":{"line":184,"column":0},"end":{"line":184,"column":23}},"184":{"start":{"line":185,"column":0},"end":{"line":185,"column":28}},"185":{"start":{"line":186,"column":0},"end":{"line":186,"column":33}},"186":{"start":{"line":187,"column":0},"end":{"line":187,"column":9}},"187":{"start":{"line":188,"column":0},"end":{"line":188,"column":49}},"188":{"start":{"line":189,"column":0},"end":{"line":189,"column":46}},"189":{"start":{"line":190,"column":0},"end":{"line":190,"column":40}},"190":{"start":{"line":191,"column":0},"end":{"line":191,"column":105}},"191":{"start":{"line":192,"column":0},"end":{"line":192,"column":18}},"192":{"start":{"line":193,"column":0},"end":{"line":193,"column":16}},"193":{"start":{"line":194,"column":0},"end":{"line":194,"column":32}},"194":{"start":{"line":195,"column":0},"end":{"line":195,"column":3}},"195":{"start":{"line":196,"column":0},"end":{"line":196,"column":1}},"197":{"start":{"line":198,"column":0},"end":{"line":198,"column":67}},"198":{"start":{"line":199,"column":0},"end":{"line":199,"column":50}},"199":{"start":{"line":200,"column":0},"end":{"line":200,"column":41}},"200":{"start":{"line":201,"column":0},"end":{"line":201,"column":46}},"201":{"start":{"line":202,"column":0},"end":{"line":202,"column":41}},"202":{"start":{"line":203,"column":0},"end":{"line":203,"column":38}},"203":{"start":{"line":204,"column":0},"end":{"line":204,"column":33}},"204":{"start":{"line":205,"column":0},"end":{"line":205,"column":26}},"205":{"start":{"line":206,"column":0},"end":{"line":206,"column":63}},"206":{"start":{"line":207,"column":0},"end":{"line":207,"column":35}},"207":{"start":{"line":208,"column":0},"end":{"line":208,"column":109}},"208":{"start":{"line":209,"column":0},"end":{"line":209,"column":52}},"209":{"start":{"line":210,"column":0},"end":{"line":210,"column":57}},"210":{"start":{"line":211,"column":0},"end":{"line":211,"column":43}},"211":{"start":{"line":212,"column":0},"end":{"line":212,"column":70}},"212":{"start":{"line":213,"column":0},"end":{"line":213,"column":78}},"213":{"start":{"line":214,"column":0},"end":{"line":214,"column":43}},"214":{"start":{"line":215,"column":0},"end":{"line":215,"column":70}},"215":{"start":{"line":216,"column":0},"end":{"line":216,"column":89}},"216":{"start":{"line":217,"column":0},"end":{"line":217,"column":42}},"217":{"start":{"line":218,"column":0},"end":{"line":218,"column":25}},"218":{"start":{"line":219,"column":0},"end":{"line":219,"column":63}},"219":{"start":{"line":220,"column":0},"end":{"line":220,"column":86}},"220":{"start":{"line":221,"column":0},"end":{"line":221,"column":3}},"221":{"start":{"line":222,"column":0},"end":{"line":222,"column":89}},"222":{"start":{"line":223,"column":0},"end":{"line":223,"column":87}},"223":{"start":{"line":224,"column":0},"end":{"line":224,"column":107}},"224":{"start":{"line":225,"column":0},"end":{"line":225,"column":10}},"225":{"start":{"line":226,"column":0},"end":{"line":226,"column":59}},"226":{"start":{"line":227,"column":0},"end":{"line":227,"column":53}},"227":{"start":{"line":228,"column":0},"end":{"line":228,"column":43}},"228":{"start":{"line":229,"column":0},"end":{"line":229,"column":20}},"229":{"start":{"line":230,"column":0},"end":{"line":230,"column":17}},"230":{"start":{"line":231,"column":0},"end":{"line":231,"column":45}},"231":{"start":{"line":232,"column":0},"end":{"line":232,"column":64}},"232":{"start":{"line":233,"column":0},"end":{"line":233,"column":55}},"233":{"start":{"line":234,"column":0},"end":{"line":234,"column":4}},"234":{"start":{"line":235,"column":0},"end":{"line":235,"column":1}},"236":{"start":{"line":237,"column":0},"end":{"line":237,"column":80}},"237":{"start":{"line":238,"column":0},"end":{"line":238,"column":43}},"238":{"start":{"line":239,"column":0},"end":{"line":239,"column":39}},"239":{"start":{"line":240,"column":0},"end":{"line":240,"column":81}},"240":{"start":{"line":241,"column":0},"end":{"line":241,"column":69}},"241":{"start":{"line":242,"column":0},"end":{"line":242,"column":43}},"242":{"start":{"line":243,"column":0},"end":{"line":243,"column":97}},"243":{"start":{"line":244,"column":0},"end":{"line":244,"column":70}},"244":{"start":{"line":245,"column":0},"end":{"line":245,"column":61}},"245":{"start":{"line":246,"column":0},"end":{"line":246,"column":1}},"247":{"start":{"line":248,"column":0},"end":{"line":248,"column":38}},"252":{"start":{"line":253,"column":0},"end":{"line":253,"column":3}},"253":{"start":{"line":254,"column":0},"end":{"line":254,"column":24}},"254":{"start":{"line":255,"column":0},"end":{"line":255,"column":91}},"255":{"start":{"line":256,"column":0},"end":{"line":256,"column":3}},"256":{"start":{"line":257,"column":0},"end":{"line":257,"column":48}},"257":{"start":{"line":258,"column":0},"end":{"line":258,"column":60}},"258":{"start":{"line":259,"column":0},"end":{"line":259,"column":30}},"259":{"start":{"line":260,"column":0},"end":{"line":260,"column":54}},"260":{"start":{"line":261,"column":0},"end":{"line":261,"column":48}},"261":{"start":{"line":262,"column":0},"end":{"line":262,"column":86}},"262":{"start":{"line":263,"column":0},"end":{"line":263,"column":41}},"263":{"start":{"line":264,"column":0},"end":{"line":264,"column":3}},"264":{"start":{"line":265,"column":0},"end":{"line":265,"column":75}},"265":{"start":{"line":266,"column":0},"end":{"line":266,"column":85}},"266":{"start":{"line":267,"column":0},"end":{"line":267,"column":45}},"267":{"start":{"line":268,"column":0},"end":{"line":268,"column":3}},"268":{"start":{"line":269,"column":0},"end":{"line":269,"column":81}},"269":{"start":{"line":270,"column":0},"end":{"line":270,"column":1}},"271":{"start":{"line":272,"column":0},"end":{"line":272,"column":54}},"272":{"start":{"line":273,"column":0},"end":{"line":273,"column":38}},"273":{"start":{"line":274,"column":0},"end":{"line":274,"column":43}},"274":{"start":{"line":275,"column":0},"end":{"line":275,"column":69}},"275":{"start":{"line":276,"column":0},"end":{"line":276,"column":41}},"276":{"start":{"line":277,"column":0},"end":{"line":277,"column":49}},"277":{"start":{"line":278,"column":0},"end":{"line":278,"column":28}},"278":{"start":{"line":279,"column":0},"end":{"line":279,"column":27}},"279":{"start":{"line":280,"column":0},"end":{"line":280,"column":60}},"280":{"start":{"line":281,"column":0},"end":{"line":281,"column":29}},"281":{"start":{"line":282,"column":0},"end":{"line":282,"column":40}},"282":{"start":{"line":283,"column":0},"end":{"line":283,"column":34}},"283":{"start":{"line":284,"column":0},"end":{"line":284,"column":56}},"284":{"start":{"line":285,"column":0},"end":{"line":285,"column":60}},"285":{"start":{"line":286,"column":0},"end":{"line":286,"column":64}},"286":{"start":{"line":287,"column":0},"end":{"line":287,"column":49}},"287":{"start":{"line":288,"column":0},"end":{"line":288,"column":43}},"288":{"start":{"line":289,"column":0},"end":{"line":289,"column":49}},"289":{"start":{"line":290,"column":0},"end":{"line":290,"column":54}},"290":{"start":{"line":291,"column":0},"end":{"line":291,"column":40}},"291":{"start":{"line":292,"column":0},"end":{"line":292,"column":5}},"292":{"start":{"line":293,"column":0},"end":{"line":293,"column":23}},"293":{"start":{"line":294,"column":0},"end":{"line":294,"column":96}},"294":{"start":{"line":295,"column":0},"end":{"line":295,"column":5}},"295":{"start":{"line":296,"column":0},"end":{"line":296,"column":3}},"296":{"start":{"line":297,"column":0},"end":{"line":297,"column":10}},"297":{"start":{"line":298,"column":0},"end":{"line":298,"column":63}},"298":{"start":{"line":299,"column":0},"end":{"line":299,"column":49}},"299":{"start":{"line":300,"column":0},"end":{"line":300,"column":47}},"300":{"start":{"line":301,"column":0},"end":{"line":301,"column":47}},"301":{"start":{"line":302,"column":0},"end":{"line":302,"column":41}},"302":{"start":{"line":303,"column":0},"end":{"line":303,"column":41}},"303":{"start":{"line":304,"column":0},"end":{"line":304,"column":49}},"304":{"start":{"line":305,"column":0},"end":{"line":305,"column":39}},"305":{"start":{"line":306,"column":0},"end":{"line":306,"column":37}},"306":{"start":{"line":307,"column":0},"end":{"line":307,"column":4}},"307":{"start":{"line":308,"column":0},"end":{"line":308,"column":1}},"309":{"start":{"line":310,"column":0},"end":{"line":310,"column":61}},"310":{"start":{"line":311,"column":0},"end":{"line":311,"column":34}},"311":{"start":{"line":312,"column":0},"end":{"line":312,"column":78}},"312":{"start":{"line":313,"column":0},"end":{"line":313,"column":3}},"313":{"start":{"line":314,"column":0},"end":{"line":314,"column":80}},"314":{"start":{"line":315,"column":0},"end":{"line":315,"column":46}},"315":{"start":{"line":316,"column":0},"end":{"line":316,"column":1}},"318":{"start":{"line":319,"column":0},"end":{"line":319,"column":89}},"319":{"start":{"line":320,"column":0},"end":{"line":320,"column":52}},"320":{"start":{"line":321,"column":0},"end":{"line":321,"column":49}},"321":{"start":{"line":322,"column":0},"end":{"line":322,"column":10}},"322":{"start":{"line":323,"column":0},"end":{"line":323,"column":102}},"323":{"start":{"line":324,"column":0},"end":{"line":324,"column":47}},"324":{"start":{"line":325,"column":0},"end":{"line":325,"column":40}},"325":{"start":{"line":326,"column":0},"end":{"line":326,"column":40}},"326":{"start":{"line":327,"column":0},"end":{"line":327,"column":50}},"327":{"start":{"line":328,"column":0},"end":{"line":328,"column":60}},"328":{"start":{"line":329,"column":0},"end":{"line":329,"column":46}},"329":{"start":{"line":330,"column":0},"end":{"line":330,"column":78}},"330":{"start":{"line":331,"column":0},"end":{"line":331,"column":64}},"331":{"start":{"line":332,"column":0},"end":{"line":332,"column":47}},"332":{"start":{"line":333,"column":0},"end":{"line":333,"column":47}},"333":{"start":{"line":334,"column":0},"end":{"line":334,"column":45}},"334":{"start":{"line":335,"column":0},"end":{"line":335,"column":55}},"335":{"start":{"line":336,"column":0},"end":{"line":336,"column":31}},"336":{"start":{"line":337,"column":0},"end":{"line":337,"column":41}},"337":{"start":{"line":338,"column":0},"end":{"line":338,"column":41}},"338":{"start":{"line":339,"column":0},"end":{"line":339,"column":43}},"339":{"start":{"line":340,"column":0},"end":{"line":340,"column":51}},"340":{"start":{"line":341,"column":0},"end":{"line":341,"column":58}},"341":{"start":{"line":342,"column":0},"end":{"line":342,"column":24}},"342":{"start":{"line":343,"column":0},"end":{"line":343,"column":61}},"343":{"start":{"line":344,"column":0},"end":{"line":344,"column":71}},"344":{"start":{"line":345,"column":0},"end":{"line":345,"column":4}},"345":{"start":{"line":346,"column":0},"end":{"line":346,"column":1}}},"s":{"0":1,"7":1,"15":1,"16":1,"17":1,"18":1,"19":1,"20":1,"21":1,"22":1,"23":1,"24":1,"25":1,"26":1,"27":1,"29":2396,"30":2396,"31":2396,"33":138,"34":138,"35":138,"37":2399,"38":2399,"39":2399,"40":276,"41":276,"42":2399,"43":2399,"45":69,"46":69,"47":69,"48":69,"50":67,"51":67,"52":69,"53":17,"54":17,"55":56,"56":25,"57":25,"58":25,"60":25,"61":16,"62":25,"63":69,"64":1,"65":1,"66":69,"67":5,"68":5,"69":69,"70":1,"71":1,"72":69,"73":1,"74":1,"75":69,"76":10,"77":10,"78":69,"79":1,"80":1,"81":12,"82":12,"88":1,"89":69,"90":69,"91":69,"92":69,"93":69,"94":69,"95":69,"96":69,"97":69,"98":69,"99":69,"100":69,"101":69,"102":69,"103":69,"104":69,"105":69,"106":69,"107":69,"108":67,"109":2,"110":69,"111":69,"112":69,"113":69,"114":69,"116":10039,"117":10039,"118":10039,"119":10032,"120":10027,"121":10027,"122":10027,"123":1,"124":1,"126":91,"127":91,"128":91,"129":91,"130":91,"131":91,"132":91,"133":91,"134":1,"135":1,"136":1,"137":90,"138":90,"139":91,"140":7,"141":7,"142":7,"143":83,"144":91,"145":70,"146":70,"147":7,"148":7,"149":7,"150":7,"151":70,"152":70,"153":55,"178":10309,"179":10309,"180":10309,"182":10039,"183":10039,"184":10039,"185":10039,"186":10039,"187":10039,"188":10039,"189":7,"190":7,"191":5,"192":2,"193":7,"194":7,"195":7,"197":32,"198":32,"199":32,"200":32,"201":32,"202":32,"203":32,"204":32,"205":32,"206":32,"207":10039,"208":10039,"209":10039,"210":10039,"211":10039,"212":10039,"213":10039,"214":10039,"215":10039,"216":10039,"217":2,"218":2,"219":2,"220":10039,"221":32,"222":32,"223":32,"224":32,"225":32,"226":32,"227":32,"228":32,"229":32,"230":32,"231":32,"232":32,"233":32,"234":32,"236":13,"237":13,"238":13,"239":13,"240":13,"241":13,"242":13,"243":4,"244":4,"245":13,"247":17,"252":17,"253":17,"254":1,"255":1,"256":16,"257":17,"258":17,"259":17,"260":15,"261":17,"262":3,"263":3,"264":17,"265":15,"266":7,"267":7,"268":17,"269":17,"271":32,"272":32,"273":32,"274":32,"275":32,"276":32,"277":32,"278":32,"279":32,"280":32,"281":17,"282":17,"283":17,"284":17,"285":17,"286":17,"287":17,"288":14,"289":14,"290":14,"291":14,"292":17,"293":14,"294":14,"295":17,"296":32,"297":32,"298":32,"299":32,"300":32,"301":32,"302":32,"303":32,"304":32,"305":32,"306":32,"307":32,"309":32,"310":32,"311":2,"312":2,"313":32,"314":32,"315":32,"318":1,"319":32,"320":32,"321":32,"322":32,"323":32,"324":32,"325":32,"326":32,"327":32,"328":32,"329":32,"330":32,"331":32,"332":32,"333":32,"334":32,"335":32,"336":32,"337":32,"338":32,"339":32,"340":32,"341":32,"342":32,"343":32,"344":32,"345":32},"branchMap":{"0":{"type":"branch","line":30,"loc":{"start":{"line":30,"column":0},"end":{"line":32,"column":1}},"locations":[{"start":{"line":30,"column":0},"end":{"line":32,"column":1}}]},"1":{"type":"branch","line":31,"loc":{"start":{"line":31,"column":26},"end":{"line":31,"column":56}},"locations":[{"start":{"line":31,"column":26},"end":{"line":31,"column":56}}]},"2":{"type":"branch","line":31,"loc":{"start":{"line":31,"column":48},"end":{"line":31,"column":78}},"locations":[{"start":{"line":31,"column":48},"end":{"line":31,"column":78}}]},"3":{"type":"branch","line":34,"loc":{"start":{"line":34,"column":0},"end":{"line":36,"column":1}},"locations":[{"start":{"line":34,"column":0},"end":{"line":36,"column":1}}]},"4":{"type":"branch","line":35,"loc":{"start":{"line":35,"column":26},"end":{"line":35,"column":45}},"locations":[{"start":{"line":35,"column":26},"end":{"line":35,"column":45}}]},"5":{"type":"branch","line":35,"loc":{"start":{"line":35,"column":37},"end":{"line":35,"column":48}},"locations":[{"start":{"line":35,"column":37},"end":{"line":35,"column":48}}]},"6":{"type":"branch","line":38,"loc":{"start":{"line":38,"column":0},"end":{"line":44,"column":1}},"locations":[{"start":{"line":38,"column":0},"end":{"line":44,"column":1}}]},"7":{"type":"branch","line":39,"loc":{"start":{"line":39,"column":28},"end":{"line":39,"column":77}},"locations":[{"start":{"line":39,"column":28},"end":{"line":39,"column":77}}]},"8":{"type":"branch","line":39,"loc":{"start":{"line":39,"column":73},"end":{"line":40,"column":23}},"locations":[{"start":{"line":39,"column":73},"end":{"line":40,"column":23}}]},"9":{"type":"branch","line":40,"loc":{"start":{"line":40,"column":23},"end":{"line":42,"column":3}},"locations":[{"start":{"line":40,"column":23},"end":{"line":42,"column":3}}]},"10":{"type":"branch","line":42,"loc":{"start":{"line":42,"column":2},"end":{"line":43,"column":31}},"locations":[{"start":{"line":42,"column":2},"end":{"line":43,"column":31}}]},"11":{"type":"branch","line":43,"loc":{"start":{"line":43,"column":19},"end":{"line":43,"column":40}},"locations":[{"start":{"line":43,"column":19},"end":{"line":43,"column":40}}]},"12":{"type":"branch","line":43,"loc":{"start":{"line":43,"column":31},"end":{"line":43,"column":62}},"locations":[{"start":{"line":43,"column":31},"end":{"line":43,"column":62}}]},"13":{"type":"branch","line":41,"loc":{"start":{"line":41,"column":45},"end":{"line":41,"column":107}},"locations":[{"start":{"line":41,"column":45},"end":{"line":41,"column":107}}]},"14":{"type":"branch","line":46,"loc":{"start":{"line":46,"column":0},"end":{"line":83,"column":1}},"locations":[{"start":{"line":46,"column":0},"end":{"line":83,"column":1}}]},"15":{"type":"branch","line":48,"loc":{"start":{"line":48,"column":69},"end":{"line":49,"column":69}},"locations":[{"start":{"line":48,"column":69},"end":{"line":49,"column":69}}]},"16":{"type":"branch","line":49,"loc":{"start":{"line":49,"column":69},"end":{"line":49,"column":102}},"locations":[{"start":{"line":49,"column":69},"end":{"line":49,"column":102}}]},"17":{"type":"branch","line":49,"loc":{"start":{"line":49,"column":76},"end":{"line":53,"column":119}},"locations":[{"start":{"line":49,"column":76},"end":{"line":53,"column":119}}]},"18":{"type":"branch","line":49,"loc":{"start":{"line":49,"column":76},"end":{"line":52,"column":214}},"locations":[{"start":{"line":49,"column":76},"end":{"line":52,"column":214}}]},"19":{"type":"branch","line":52,"loc":{"start":{"line":52,"column":213},"end":{"line":53,"column":119}},"locations":[{"start":{"line":52,"column":213},"end":{"line":53,"column":119}}]},"20":{"type":"branch","line":53,"loc":{"start":{"line":53,"column":119},"end":{"line":55,"column":3}},"locations":[{"start":{"line":53,"column":119},"end":{"line":55,"column":3}}]},"21":{"type":"branch","line":55,"loc":{"start":{"line":55,"column":2},"end":{"line":63,"column":3}},"locations":[{"start":{"line":55,"column":2},"end":{"line":63,"column":3}}]},"22":{"type":"branch","line":55,"loc":{"start":{"line":55,"column":2},"end":{"line":56,"column":32}},"locations":[{"start":{"line":55,"column":2},"end":{"line":56,"column":32}}]},"23":{"type":"branch","line":56,"loc":{"start":{"line":56,"column":32},"end":{"line":63,"column":3}},"locations":[{"start":{"line":56,"column":32},"end":{"line":63,"column":3}}]},"24":{"type":"branch","line":57,"loc":{"start":{"line":57,"column":48},"end":{"line":57,"column":70}},"locations":[{"start":{"line":57,"column":48},"end":{"line":57,"column":70}}]},"25":{"type":"branch","line":57,"loc":{"start":{"line":57,"column":70},"end":{"line":57,"column":97}},"locations":[{"start":{"line":57,"column":70},"end":{"line":57,"column":97}}]},"26":{"type":"branch","line":57,"loc":{"start":{"line":57,"column":77},"end":{"line":58,"column":71}},"locations":[{"start":{"line":57,"column":77},"end":{"line":58,"column":71}}]},"27":{"type":"branch","line":58,"loc":{"start":{"line":58,"column":64},"end":{"line":58,"column":97}},"locations":[{"start":{"line":58,"column":64},"end":{"line":58,"column":97}}]},"28":{"type":"branch","line":58,"loc":{"start":{"line":58,"column":71},"end":{"line":59,"column":77}},"locations":[{"start":{"line":58,"column":71},"end":{"line":59,"column":77}}]},"29":{"type":"branch","line":59,"loc":{"start":{"line":59,"column":70},"end":{"line":59,"column":103}},"locations":[{"start":{"line":59,"column":70},"end":{"line":59,"column":103}}]},"30":{"type":"branch","line":59,"loc":{"start":{"line":59,"column":77},"end":{"line":61,"column":25}},"locations":[{"start":{"line":59,"column":77},"end":{"line":61,"column":25}}]},"31":{"type":"branch","line":61,"loc":{"start":{"line":61,"column":17},"end":{"line":61,"column":82}},"locations":[{"start":{"line":61,"column":17},"end":{"line":61,"column":82}}]},"32":{"type":"branch","line":61,"loc":{"start":{"line":61,"column":82},"end":{"line":61,"column":109}},"locations":[{"start":{"line":61,"column":82},"end":{"line":61,"column":109}}]},"33":{"type":"branch","line":61,"loc":{"start":{"line":61,"column":89},"end":{"line":62,"column":92}},"locations":[{"start":{"line":61,"column":89},"end":{"line":62,"column":92}}]},"34":{"type":"branch","line":61,"loc":{"start":{"line":61,"column":89},"end":{"line":62,"column":72}},"locations":[{"start":{"line":61,"column":89},"end":{"line":62,"column":72}}]},"35":{"type":"branch","line":62,"loc":{"start":{"line":62,"column":65},"end":{"line":62,"column":92}},"locations":[{"start":{"line":62,"column":65},"end":{"line":62,"column":92}}]},"36":{"type":"branch","line":63,"loc":{"start":{"line":63,"column":2},"end":{"line":64,"column":82}},"locations":[{"start":{"line":63,"column":2},"end":{"line":64,"column":82}}]},"37":{"type":"branch","line":64,"loc":{"start":{"line":64,"column":82},"end":{"line":66,"column":3}},"locations":[{"start":{"line":64,"column":82},"end":{"line":66,"column":3}}]},"38":{"type":"branch","line":66,"loc":{"start":{"line":66,"column":2},"end":{"line":67,"column":100}},"locations":[{"start":{"line":66,"column":2},"end":{"line":67,"column":100}}]},"39":{"type":"branch","line":67,"loc":{"start":{"line":67,"column":100},"end":{"line":69,"column":3}},"locations":[{"start":{"line":67,"column":100},"end":{"line":69,"column":3}}]},"40":{"type":"branch","line":69,"loc":{"start":{"line":69,"column":2},"end":{"line":70,"column":102}},"locations":[{"start":{"line":69,"column":2},"end":{"line":70,"column":102}}]},"41":{"type":"branch","line":70,"loc":{"start":{"line":70,"column":102},"end":{"line":72,"column":3}},"locations":[{"start":{"line":70,"column":102},"end":{"line":72,"column":3}}]},"42":{"type":"branch","line":72,"loc":{"start":{"line":72,"column":2},"end":{"line":73,"column":83}},"locations":[{"start":{"line":72,"column":2},"end":{"line":73,"column":83}}]},"43":{"type":"branch","line":73,"loc":{"start":{"line":73,"column":83},"end":{"line":75,"column":3}},"locations":[{"start":{"line":73,"column":83},"end":{"line":75,"column":3}}]},"44":{"type":"branch","line":75,"loc":{"start":{"line":75,"column":2},"end":{"line":76,"column":79}},"locations":[{"start":{"line":75,"column":2},"end":{"line":76,"column":79}}]},"45":{"type":"branch","line":76,"loc":{"start":{"line":76,"column":79},"end":{"line":78,"column":3}},"locations":[{"start":{"line":76,"column":79},"end":{"line":78,"column":3}}]},"46":{"type":"branch","line":78,"loc":{"start":{"line":78,"column":2},"end":{"line":79,"column":86}},"locations":[{"start":{"line":78,"column":2},"end":{"line":79,"column":86}}]},"47":{"type":"branch","line":79,"loc":{"start":{"line":79,"column":86},"end":{"line":81,"column":3}},"locations":[{"start":{"line":79,"column":86},"end":{"line":81,"column":3}}]},"48":{"type":"branch","line":81,"loc":{"start":{"line":81,"column":2},"end":{"line":83,"column":1}},"locations":[{"start":{"line":81,"column":2},"end":{"line":83,"column":1}}]},"49":{"type":"branch","line":89,"loc":{"start":{"line":89,"column":7},"end":{"line":115,"column":1}},"locations":[{"start":{"line":89,"column":7},"end":{"line":115,"column":1}}]},"50":{"type":"branch","line":95,"loc":{"start":{"line":95,"column":31},"end":{"line":95,"column":45}},"locations":[{"start":{"line":95,"column":31},"end":{"line":95,"column":45}}]},"51":{"type":"branch","line":95,"loc":{"start":{"line":95,"column":35},"end":{"line":95,"column":48}},"locations":[{"start":{"line":95,"column":35},"end":{"line":95,"column":48}}]},"52":{"type":"branch","line":96,"loc":{"start":{"line":96,"column":35},"end":{"line":96,"column":52}},"locations":[{"start":{"line":96,"column":35},"end":{"line":96,"column":52}}]},"53":{"type":"branch","line":96,"loc":{"start":{"line":96,"column":44},"end":{"line":96,"column":55}},"locations":[{"start":{"line":96,"column":44},"end":{"line":96,"column":55}}]},"54":{"type":"branch","line":102,"loc":{"start":{"line":102,"column":44},"end":{"line":102,"column":63}},"locations":[{"start":{"line":102,"column":44},"end":{"line":102,"column":63}}]},"55":{"type":"branch","line":108,"loc":{"start":{"line":108,"column":75},"end":{"line":109,"column":22}},"locations":[{"start":{"line":108,"column":75},"end":{"line":109,"column":22}}]},"56":{"type":"branch","line":109,"loc":{"start":{"line":109,"column":10},"end":{"line":110,"column":20}},"locations":[{"start":{"line":109,"column":10},"end":{"line":110,"column":20}}]},"57":{"type":"branch","line":117,"loc":{"start":{"line":117,"column":0},"end":{"line":125,"column":1}},"locations":[{"start":{"line":117,"column":0},"end":{"line":125,"column":1}}]},"58":{"type":"branch","line":118,"loc":{"start":{"line":118,"column":22},"end":{"line":118,"column":36}},"locations":[{"start":{"line":118,"column":22},"end":{"line":118,"column":36}}]},"59":{"type":"branch","line":118,"loc":{"start":{"line":118,"column":29},"end":{"line":119,"column":35}},"locations":[{"start":{"line":118,"column":29},"end":{"line":119,"column":35}}]},"60":{"type":"branch","line":119,"loc":{"start":{"line":119,"column":28},"end":{"line":119,"column":43}},"locations":[{"start":{"line":119,"column":28},"end":{"line":119,"column":43}}]},"61":{"type":"branch","line":119,"loc":{"start":{"line":119,"column":35},"end":{"line":125,"column":1}},"locations":[{"start":{"line":119,"column":35},"end":{"line":125,"column":1}}]},"62":{"type":"branch","line":119,"loc":{"start":{"line":119,"column":35},"end":{"line":120,"column":49}},"locations":[{"start":{"line":119,"column":35},"end":{"line":120,"column":49}}]},"63":{"type":"branch","line":119,"loc":{"start":{"line":119,"column":35},"end":{"line":120,"column":40}},"locations":[{"start":{"line":119,"column":35},"end":{"line":120,"column":40}}]},"64":{"type":"branch","line":120,"loc":{"start":{"line":120,"column":33},"end":{"line":120,"column":49}},"locations":[{"start":{"line":120,"column":33},"end":{"line":120,"column":49}}]},"65":{"type":"branch","line":120,"loc":{"start":{"line":120,"column":40},"end":{"line":125,"column":1}},"locations":[{"start":{"line":120,"column":40},"end":{"line":125,"column":1}}]},"66":{"type":"branch","line":120,"loc":{"start":{"line":120,"column":40},"end":{"line":121,"column":30}},"locations":[{"start":{"line":120,"column":40},"end":{"line":121,"column":30}}]},"67":{"type":"branch","line":121,"loc":{"start":{"line":121,"column":23},"end":{"line":121,"column":39}},"locations":[{"start":{"line":121,"column":23},"end":{"line":121,"column":39}}]},"68":{"type":"branch","line":121,"loc":{"start":{"line":121,"column":30},"end":{"line":122,"column":41}},"locations":[{"start":{"line":121,"column":30},"end":{"line":122,"column":41}}]},"69":{"type":"branch","line":122,"loc":{"start":{"line":122,"column":34},"end":{"line":122,"column":51}},"locations":[{"start":{"line":122,"column":34},"end":{"line":122,"column":51}}]},"70":{"type":"branch","line":122,"loc":{"start":{"line":122,"column":41},"end":{"line":123,"column":40}},"locations":[{"start":{"line":122,"column":41},"end":{"line":123,"column":40}}]},"71":{"type":"branch","line":123,"loc":{"start":{"line":123,"column":33},"end":{"line":125,"column":1}},"locations":[{"start":{"line":123,"column":33},"end":{"line":125,"column":1}}]},"72":{"type":"branch","line":127,"loc":{"start":{"line":127,"column":0},"end":{"line":154,"column":1}},"locations":[{"start":{"line":127,"column":0},"end":{"line":154,"column":1}}]},"73":{"type":"branch","line":134,"loc":{"start":{"line":134,"column":59},"end":{"line":137,"column":3}},"locations":[{"start":{"line":134,"column":59},"end":{"line":137,"column":3}}]},"74":{"type":"branch","line":137,"loc":{"start":{"line":137,"column":2},"end":{"line":140,"column":28}},"locations":[{"start":{"line":137,"column":2},"end":{"line":140,"column":28}}]},"75":{"type":"branch","line":140,"loc":{"start":{"line":140,"column":28},"end":{"line":143,"column":3}},"locations":[{"start":{"line":140,"column":28},"end":{"line":143,"column":3}}]},"76":{"type":"branch","line":143,"loc":{"start":{"line":143,"column":2},"end":{"line":144,"column":31}},"locations":[{"start":{"line":143,"column":2},"end":{"line":144,"column":31}}]},"77":{"type":"branch","line":144,"loc":{"start":{"line":144,"column":24},"end":{"line":145,"column":52}},"locations":[{"start":{"line":144,"column":24},"end":{"line":145,"column":52}}]},"78":{"type":"branch","line":144,"loc":{"start":{"line":144,"column":24},"end":{"line":144,"column":31}},"locations":[{"start":{"line":144,"column":24},"end":{"line":144,"column":31}}]},"79":{"type":"branch","line":144,"loc":{"start":{"line":144,"column":24},"end":{"line":145,"column":52}},"locations":[{"start":{"line":144,"column":24},"end":{"line":145,"column":52}}]},"80":{"type":"branch","line":145,"loc":{"start":{"line":145,"column":52},"end":{"line":153,"column":3}},"locations":[{"start":{"line":145,"column":52},"end":{"line":153,"column":3}}]},"81":{"type":"branch","line":146,"loc":{"start":{"line":146,"column":34},"end":{"line":146,"column":52}},"locations":[{"start":{"line":146,"column":34},"end":{"line":146,"column":52}}]},"82":{"type":"branch","line":147,"loc":{"start":{"line":147,"column":16},"end":{"line":147,"column":49}},"locations":[{"start":{"line":147,"column":16},"end":{"line":147,"column":49}}]},"83":{"type":"branch","line":147,"loc":{"start":{"line":147,"column":49},"end":{"line":151,"column":5}},"locations":[{"start":{"line":147,"column":49},"end":{"line":151,"column":5}}]},"84":{"type":"branch","line":149,"loc":{"start":{"line":149,"column":39},"end":{"line":149,"column":63}},"locations":[{"start":{"line":149,"column":39},"end":{"line":149,"column":63}}]},"85":{"type":"branch","line":153,"loc":{"start":{"line":153,"column":2},"end":{"line":154,"column":1}},"locations":[{"start":{"line":153,"column":2},"end":{"line":154,"column":1}}]},"86":{"type":"branch","line":179,"loc":{"start":{"line":179,"column":0},"end":{"line":181,"column":1}},"locations":[{"start":{"line":179,"column":0},"end":{"line":181,"column":1}}]},"87":{"type":"branch","line":183,"loc":{"start":{"line":183,"column":0},"end":{"line":196,"column":1}},"locations":[{"start":{"line":183,"column":0},"end":{"line":196,"column":1}}]},"88":{"type":"branch","line":189,"loc":{"start":{"line":189,"column":39},"end":{"line":189,"column":46}},"locations":[{"start":{"line":189,"column":39},"end":{"line":189,"column":46}}]},"89":{"type":"branch","line":189,"loc":{"start":{"line":189,"column":39},"end":{"line":196,"column":1}},"locations":[{"start":{"line":189,"column":39},"end":{"line":196,"column":1}}]},"90":{"type":"branch","line":191,"loc":{"start":{"line":191,"column":104},"end":{"line":192,"column":18}},"locations":[{"start":{"line":191,"column":104},"end":{"line":192,"column":18}}]},"91":{"type":"branch","line":192,"loc":{"start":{"line":192,"column":14},"end":{"line":193,"column":16}},"locations":[{"start":{"line":192,"column":14},"end":{"line":193,"column":16}}]},"92":{"type":"branch","line":198,"loc":{"start":{"line":198,"column":0},"end":{"line":235,"column":1}},"locations":[{"start":{"line":198,"column":0},"end":{"line":235,"column":1}}]},"93":{"type":"branch","line":207,"loc":{"start":{"line":207,"column":34},"end":{"line":221,"column":3}},"locations":[{"start":{"line":207,"column":34},"end":{"line":221,"column":3}}]},"94":{"type":"branch","line":208,"loc":{"start":{"line":208,"column":82},"end":{"line":208,"column":101}},"locations":[{"start":{"line":208,"column":82},"end":{"line":208,"column":101}}]},"95":{"type":"branch","line":208,"loc":{"start":{"line":208,"column":94},"end":{"line":208,"column":109}},"locations":[{"start":{"line":208,"column"
[...]
nd":{"line":58,"column":56}},"locations":[{"start":{"line":58,"column":23},"end":{"line":58,"column":56}}]},"19":{"type":"branch","line":58,"loc":{"start":{"line":58,"column":42},"end":{"line":58,"column":77}},"locations":[{"start":{"line":58,"column":42},"end":{"line":58,"column":77}}]},"20":{"type":"branch","line":58,"loc":{"start":{"line":58,"column":62},"end":{"line":59,"column":27}},"locations":[{"start":{"line":58,"column":62},"end":{"line":59,"column":27}}]},"21":{"type":"branch","line":59,"loc":{"start":{"line":59,"column":14},"end":{"line":59,"column":46}},"locations":[{"start":{"line":59,"column":14},"end":{"line":59,"column":46}}]},"22":{"type":"branch","line":59,"loc":{"start":{"line":59,"column":32},"end":{"line":59,"column":67}},"locations":[{"start":{"line":59,"column":32},"end":{"line":59,"column":67}}]},"23":{"type":"branch","line":60,"loc":{"start":{"line":60,"column":2},"end":{"line":62,"column":3}},"locations":[{"start":{"line":60,"column":2},"end":{"line":62,"column":3}}]},"24":{"type":"branch","line":65,"loc":{"start":{"line":65,"column":35},"end":{"line":65,"column":69}},"locations":[{"start":{"line":65,"column":35},"end":{"line":65,"column":69}}]},"25":{"type":"branch","line":65,"loc":{"start":{"line":65,"column":62},"end":{"line":65,"column":92}},"locations":[{"start":{"line":65,"column":62},"end":{"line":65,"column":92}}]},"26":{"type":"branch","line":65,"loc":{"start":{"line":65,"column":89},"end":{"line":66,"column":32}},"locations":[{"start":{"line":65,"column":89},"end":{"line":66,"column":32}}]},"27":{"type":"branch","line":66,"loc":{"start":{"line":66,"column":31},"end":{"line":67,"column":16}},"locations":[{"start":{"line":66,"column":31},"end":{"line":67,"column":16}}]},"28":{"type":"branch","line":68,"loc":{"start":{"line":68,"column":41},"end":{"line":68,"column":54}},"locations":[{"start":{"line":68,"column":41},"end":{"line":68,"column":54}}]},"29":{"type":"branch","line":68,"loc":{"start":{"line":68,"column":67},"end":{"line":68,"column":76}},"locations":[{"start":{"line":68,"column":67},"end":{"line":68,"column":76}}]},"30":{"type":"branch","line":69,"loc":{"start":{"line":69,"column":45},"end":{"line":70,"column":109}},"locations":[{"start":{"line":69,"column":45},"end":{"line":70,"column":109}}]},"31":{"type":"branch","line":70,"loc":{"start":{"line":70,"column":28},"end":{"line":70,"column":52}},"locations":[{"start":{"line":70,"column":28},"end":{"line":70,"column":52}}]},"32":{"type":"branch","line":70,"loc":{"start":{"line":70,"column":40},"end":{"line":70,"column":109}},"locations":[{"start":{"line":70,"column":40},"end":{"line":70,"column":109}}]},"33":{"type":"branch","line":81,"loc":{"start":{"line":81,"column":8},"end":{"line":81,"column":34}},"locations":[{"start":{"line":81,"column":8},"end":{"line":81,"column":34}}]},"34":{"type":"branch","line":81,"loc":{"start":{"line":81,"column":30},"end":{"line":81,"column":38}},"locations":[{"start":{"line":81,"column":30},"end":{"line":81,"column":38}}]},"35":{"type":"branch","line":83,"loc":{"start":{"line":83,"column":22},"end":{"line":83,"column":39}},"locations":[{"start":{"line":83,"column":22},"end":{"line":83,"column":39}}]},"36":{"type":"branch","line":83,"loc":{"start":{"line":83,"column":35},"end":{"line":83,"column":54}},"locations":[{"start":{"line":83,"column":35},"end":{"line":83,"column":54}}]},"37":{"type":"branch","line":87,"loc":{"start":{"line":87,"column":0},"end":{"line":115,"column":1}},"locations":[{"start":{"line":87,"column":0},"end":{"line":115,"column":1}}]},"38":{"type":"branch","line":94,"loc":{"start":{"line":94,"column":32},"end":{"line":100,"column":3}},"locations":[{"start":{"line":94,"column":32},"end":{"line":100,"column":3}}]},"39":{"type":"branch","line":95,"loc":{"start":{"line":95,"column":25},"end":{"line":95,"column":54}},"locations":[{"start":{"line":95,"column":25},"end":{"line":95,"column":54}}]},"40":{"type":"branch","line":95,"loc":{"start":{"line":95,"column":32},"end":{"line":96,"column":27}},"locations":[{"start":{"line":95,"column":32},"end":{"line":96,"column":27}}]},"41":{"type":"branch","line":96,"loc":{"start":{"line":96,"column":17},"end":{"line":96,"column":44}},"locations":[{"start":{"line":96,"column":17},"end":{"line":96,"column":44}}]},"42":{"type":"branch","line":96,"loc":{"start":{"line":96,"column":44},"end":{"line":96,"column":69}},"locations":[{"start":{"line":96,"column":44},"end":{"line":96,"column":69}}]},"43":{"type":"branch","line":96,"loc":{"start":{"line":96,"column":51},"end":{"line":97,"column":32}},"locations":[{"start":{"line":96,"column":51},"end":{"line":97,"column":32}}]},"44":{"type":"branch","line":97,"loc":{"start":{"line":97,"column":25},"end":{"line":97,"column":47}},"locations":[{"start":{"line":97,"column":25},"end":{"line":97,"column":47}}]},"45":{"type":"branch","line":97,"loc":{"start":{"line":97,"column":32},"end":{"line":98,"column":32}},"locations":[{"start":{"line":97,"column":32},"end":{"line":98,"column":32}}]},"46":{"type":"branch","line":98,"loc":{"start":{"line":98,"column":25},"end":{"line":99,"column":44}},"locations":[{"start":{"line":98,"column":25},"end":{"line":99,"column":44}}]},"47":{"type":"branch","line":98,"loc":{"start":{"line":98,"column":25},"end":{"line":98,"column":53}},"locations":[{"start":{"line":98,"column":25},"end":{"line":98,"column":53}}]},"48":{"type":"branch","line":99,"loc":{"start":{"line":99,"column":44},"end":{"line":99,"column":71}},"locations":[{"start":{"line":99,"column":44},"end":{"line":99,"column":71}}]},"49":{"type":"branch","line":100,"loc":{"start":{"line":100,"column":2},"end":{"line":101,"column":37}},"locations":[{"start":{"line":100,"column":2},"end":{"line":101,"column":37}}]},"50":{"type":"branch","line":101,"loc":{"start":{"line":101,"column":15},"end":{"line":101,"column":72}},"locations":[{"start":{"line":101,"column":15},"end":{"line":101,"column":72}}]},"51":{"type":"branch","line":101,"loc":{"start":{"line":101,"column":72},"end":{"line":103,"column":3}},"locations":[{"start":{"line":101,"column":72},"end":{"line":103,"column":3}}]},"52":{"type":"branch","line":103,"loc":{"start":{"line":103,"column":2},"end":{"line":104,"column":42}},"locations":[{"start":{"line":103,"column":2},"end":{"line":104,"column":42}}]},"53":{"type":"branch","line":104,"loc":{"start":{"line":104,"column":35},"end":{"line":104,"column":67}},"locations":[{"start":{"line":104,"column":35},"end":{"line":104,"column":67}}]},"54":{"type":"branch","line":104,"loc":{"start":{"line":104,"column":42},"end":{"line":105,"column":22}},"locations":[{"start":{"line":104,"column":42},"end":{"line":105,"column":22}}]},"55":{"type":"branch","line":105,"loc":{"start":{"line":105,"column":22},"end":{"line":111,"column":3}},"locations":[{"start":{"line":105,"column":22},"end":{"line":111,"column":3}}]},"56":{"type":"branch","line":106,"loc":{"start":{"line":106,"column":17},"end":{"line":106,"column":49}},"locations":[{"start":{"line":106,"column":17},"end":{"line":106,"column":49}}]},"57":{"type":"branch","line":106,"loc":{"start":{"line":106,"column":49},"end":{"line":108,"column":5}},"locations":[{"start":{"line":106,"column":49},"end":{"line":108,"column":5}}]},"58":{"type":"branch","line":108,"loc":{"start":{"line":108,"column":4},"end":{"line":109,"column":40}},"locations":[{"start":{"line":108,"column":4},"end":{"line":109,"column":40}}]},"59":{"type":"branch","line":109,"loc":{"start":{"line":109,"column":17},"end":{"line":109,"column":72}},"locations":[{"start":{"line":109,"column":17},"end":{"line":109,"column":72}}]},"60":{"type":"branch","line":109,"loc":{"start":{"line":109,"column":72},"end":{"line":109,"column":99}},"locations":[{"start":{"line":109,"column":72},"end":{"line":109,"column":99}}]},"61":{"type":"branch","line":109,"loc":{"start":{"line":109,"column":79},"end":{"line":110,"column":50}},"locations":[{"start":{"line":109,"column":79},"end":{"line":110,"column":50}}]},"62":{"type":"branch","line":110,"loc":{"start":{"line":110,"column":23},"end":{"line":110,"column":70}},"locations":[{"start":{"line":110,"column":23},"end":{"line":110,"column":70}}]},"63":{"type":"branch","line":111,"loc":{"start":{"line":111,"column":2},"end":{"line":112,"column":23}},"locations":[{"start":{"line":111,"column":2},"end":{"line":112,"column":23}}]},"64":{"type":"branch","line":112,"loc":{"start":{"line":112,"column":16},"end":{"line":112,"column":37}},"locations":[{"start":{"line":112,"column":16},"end":{"line":112,"column":37}}]},"65":{"type":"branch","line":112,"loc":{"start":{"line":112,"column":37},"end":{"line":112,"column":64}},"locations":[{"start":{"line":112,"column":37},"end":{"line":112,"column":64}}]},"66":{"type":"branch","line":112,"loc":{"start":{"line":112,"column":44},"end":{"line":113,"column":37}},"locations":[{"start":{"line":112,"column":44},"end":{"line":113,"column":37}}]},"67":{"type":"branch","line":113,"loc":{"start":{"line":113,"column":37},"end":{"line":113,"column":66}},"locations":[{"start":{"line":113,"column":37},"end":{"line":113,"column":66}}]},"68":{"type":"branch","line":113,"loc":{"start":{"line":113,"column":44},"end":{"line":115,"column":1}},"locations":[{"start":{"line":113,"column":44},"end":{"line":115,"column":1}}]},"69":{"type":"branch","line":117,"loc":{"start":{"line":117,"column":0},"end":{"line":128,"column":1}},"locations":[{"start":{"line":117,"column":0},"end":{"line":128,"column":1}}]},"70":{"type":"branch","line":118,"loc":{"start":{"line":118,"column":23},"end":{"line":118,"column":59}},"locations":[{"start":{"line":118,"column":23},"end":{"line":118,"column":59}}]},"71":{"type":"branch","line":118,"loc":{"start":{"line":118,"column":59},"end":{"line":122,"column":3}},"locations":[{"start":{"line":118,"column":59},"end":{"line":122,"column":3}}]},"72":{"type":"branch","line":119,"loc":{"start":{"line":119,"column":27},"end":{"line":119,"column":60}},"locations":[{"start":{"line":119,"column":27},"end":{"line":119,"column":60}}]},"73":{"type":"branch","line":121,"loc":{"start":{"line":121,"column":44},"end":{"line":121,"column":77}},"locations":[{"start":{"line":121,"column":44},"end":{"line":121,"column":77}}]},"74":{"type":"branch","line":122,"loc":{"start":{"line":122,"column":2},"end":{"line":123,"column":35}},"locations":[{"start":{"line":122,"column":2},"end":{"line":123,"column":35}}]},"75":{"type":"branch","line":123,"loc":{"start":{"line":123,"column":23},"end":{"line":123,"column":55}},"locations":[{"start":{"line":123,"column":23},"end":{"line":123,"column":55}}]},"76":{"type":"branch","line":123,"loc":{"start":{"line":123,"column":55},"end":{"line":123,"column":72}},"locations":[{"start":{"line":123,"column":55},"end":{"line":123,"column":72}}]},"77":{"type":"branch","line":123,"loc":{"start":{"line":123,"column":62},"end":{"line":125,"column":55}},"locations":[{"start":{"line":123,"column":62},"end":{"line":125,"column":55}}]},"78":{"type":"branch","line":123,"loc":{"start":{"line":123,"column":62},"end":{"line":125,"column":34}},"locations":[{"start":{"line":123,"column":62},"end":{"line":125,"column":34}}]},"79":{"type":"branch","line":125,"loc":{"start":{"line":125,"column":29},"end":{"line":125,"column":55}},"locations":[{"start":{"line":125,"column":29},"end":{"line":125,"column":55}}]},"80":{"type":"branch","line":125,"loc":{"start":{"line":125,"column":55},"end":{"line":127,"column":44}},"locations":[{"start":{"line":125,"column":55},"end":{"line":127,"column":44}}]},"81":{"type":"branch","line":125,"loc":{"start":{"line":125,"column":55},"end":{"line":125,"column":86}},"locations":[{"start":{"line":125,"column":55},"end":{"line":125,"column":86}}]},"82":{"type":"branch","line":125,"loc":{"start":{"line":125,"column":84},"end":{"line":127,"column":32}},"locations":[{"start":{"line":125,"column":84},"end":{"line":127,"column":32}}]},"83":{"type":"branch","line":127,"loc":{"start":{"line":127,"column":28},"end":{"line":127,"column":44}},"locations":[{"start":{"line":127,"column":28},"end":{"line":127,"column":44}}]},"84":{"type":"branch","line":127,"loc":{"start":{"line":127,"column":32},"end":{"line":127,"column":75}},"locations":[{"start":{"line":127,"column":32},"end":{"line":127,"column":75}}]},"85":{"type":"branch","line":130,"loc":{"start":{"line":130,"column":0},"end":{"line":155,"column":1}},"locations":[{"start":{"line":130,"column":0},"end":{"line":155,"column":1}}]},"86":{"type":"branch","line":133,"loc":{"start":{"line":133,"column":46},"end":{"line":134,"column":47}},"locations":[{"start":{"line":133,"column":46},"end":{"line":134,"column":47}}]},"87":{"type":"branch","line":134,"loc":{"start":{"line":134,"column":46},"end":{"line":135,"column":47}},"locations":[{"start":{"line":134,"column":46},"end":{"line":135,"column":47}}]},"88":{"type":"branch","line":136,"loc":{"start":{"line":136,"column":4},"end":{"line":136,"column":31}},"locations":[{"start":{"line":136,"column":4},"end":{"line":136,"column":31}}]},"89":{"type":"branch","line":136,"loc":{"start":{"line":136,"column":11},"end":{"line":138,"column":37}},"locations":[{"start":{"line":136,"column":11},"end":{"line":138,"column":37}}]},"90":{"type":"branch","line":138,"loc":{"start":{"line":138,"column":36},"end":{"line":139,"column":47}},"locations":[{"start":{"line":138,"column":36},"end":{"line":139,"column":47}}]},"91":{"type":"branch","line":139,"loc":{"start":{"line":139,"column":46},"end":{"line":140,"column":45}},"locations":[{"start":{"line":139,"column":46},"end":{"line":140,"column":45}}]},"92":{"type":"branch","line":141,"loc":{"start":{"line":141,"column":4},"end":{"line":141,"column":33}},"locations":[{"start":{"line":141,"column":4},"end":{"line":141,"column":33}}]},"93":{"type":"branch","line":141,"loc":{"start":{"line":141,"column":11},"end":{"line":143,"column":33}},"locations":[{"start":{"line":141,"column":11},"end":{"line":143,"column":33}}]},"94":{"type":"branch","line":143,"loc":{"start":{"line":143,"column":32},"end":{"line":144,"column":36}},"locations":[{"start":{"line":143,"column":32},"end":{"line":144,"column":36}}]},"95":{"type":"branch","line":144,"loc":{"start":{"line":144,"column":35},"end":{"line":145,"column":39}},"locations":[{"start":{"line":144,"column":35},"end":{"line":145,"column":39}}]},"96":{"type":"branch","line":145,"loc":{"start":{"line":145,"column":38},"end":{"line":146,"column":44}},"locations":[{"start":{"line":145,"column":38},"end":{"line":146,"column":44}}]},"97":{"type":"branch","line":147,"loc":{"start":{"line":147,"column":4},"end":{"line":147,"column":30}},"locations":[{"start":{"line":147,"column":4},"end":{"line":147,"column":30}}]},"98":{"type":"branch","line":147,"loc":{"start":{"line":147,"column":11},"end":{"line":149,"column":40}},"locations":[{"start":{"line":147,"column":11},"end":{"line":149,"column":40}}]},"99":{"type":"branch","line":149,"loc":{"start":{"line":149,"column":39},"end":{"line":150,"column":45}},"locations":[{"start":{"line":149,"column":39},"end":{"line":150,"column":45}}]},"100":{"type":"branch","line":150,"loc":{"start":{"line":150,"column":44},"end":{"line":151,"column":41}},"locations":[{"start":{"line":150,"column":44},"end":{"line":151,"column":41}}]},"101":{"type":"branch","line":151,"loc":{"start":{"line":151,"column":40},"end":{"line":152,"column":73}},"locations":[{"start":{"line":151,"column":40},"end":{"line":152,"column":73}}]},"102":{"type":"branch","line":152,"loc":{"start":{"line":152,"column":35},"end":{"line":152,"column":73}},"locations":[{"start":{"line":152,"column":35},"end":{"line":152,"column":73}}]},"103":{"type":"branch","line":153,"loc":{"start":{"line":153,"column":4},"end":{"line":153,"column":29}},"locations":[{"start":{"line":153,"column":4},"end":{"line":153,"column":29}}]},"104":{"type":"branch","line":153,"loc":{"start":{"line":153,"column":11},"end":{"line":155,"column":1}},"locations":[{"start":{"line":153,"column":11},"end":{"line":155,"column":1}}]},"105":{"type":"branch","line":157,"loc":{"start":{"line":157,"column":0},"end":{"line":166,"column":1}},"locations":[{"start":{"line":157,"column":0},"end":{"line":166,"column":1}}]},"106":{"type":"branch","line":158,"loc":{"start":{"line":158,"column":14},"end":{"line":158,"column":24}},"locations":[{"start":{"line":158,"column":14},"end":{"line":158,"column":24}}]},"107":{"type":"branch","line":158,"loc":{"start":{"line":158,"column":22},"end":{"line":160,"column":48}},"locations":[{"start":{"line":158,"column":22},"end":{"line":160,"column":48}}]},"108":{"type":"branch","line":158,"loc":{"start":{"line":158,"column":22},"end":{"line":160,"column":34}},"locations":[{"start":{"line":158,"column":22},"end":{"line":160,"column":34}}]},"109":{"type":"branch","line":160,"loc":{"start":{"line":160,"column":29},"end":{"line":160,"column":48}},"locations":[{"start":{"line":160,"column":29},"end":{"line":160,"column":48}}]},"110":{"type":"branch","line":160,"loc":{"start":{"line":160,"column":48},"end":{"line":166,"column":1}},"locations":[{"start":{"line":160,"column":48},"end":{"line":166,"column":1}}]},"111":{"type":"branch","line":160,"loc":{"start":{"line":160,"column":48},"end":{"line":162,"column":3}},"locations":[{"start":{"line":160,"column":48},"end":{"line":162,"column":3}}]},"112":{"type":"branch","line":162,"loc":{"start":{"line":162,"column":2},"end":{"line":164,"column":37}},"locations":[{"start":{"line":162,"column":2},"end":{"line":164,"column":37}}]},"113":{"type":"branch","line":164,"loc":{"start":{"line":164,"column":30},"end":{"line":166,"column":1}},"locations":[{"start":{"line":164,"column":30},"end":{"line":166,"column":1}}]}},"b":{"0":[46],"1":[96],"2":[49],"3":[47],"4":[24],"5":[8],"6":[16],"7":[23],"8":[7],"9":[23],"10":[0],"11":[23],"12":[0],"13":[2],"14":[2],"15":[0],"16":[2],"17":[0],"18":[15],"19":[15],"20":[14],"21":[14],"22":[14],"23":[1],"24":[11],"25":[11],"26":[15],"27":[9],"28":[19],"29":[18],"30":[16],"31":[11],"32":[5],"33":[8],"34":[16],"35":[11],"36":[13],"37":[24],"38":[11],"39":[1],"40":[10],"41":[9],"42":[2],"43":[8],"44":[1],"45":[7],"46":[6],"47":[1],"48":[1],"49":[18],"50":[3],"51":[1],"52":[17],"53":[2],"54":[15],"55":[6],"56":[2],"57":[2],"58":[4],"59":[3],"60":[4],"61":[0],"62":[0],"63":[9],"64":[8],"65":[1],"66":[8],"67":[8],"68":[0],"69":[24],"70":[1],"71":[1],"72":[0],"73":[0],"74":[23],"75":[8],"76":[15],"77":[19],"78":[8],"79":[0],"80":[19],"81":[0],"82":[8],"83":[0],"84":[8],"85":[15],"86":[14],"87":[14],"88":[1],"89":[14],"90":[13],"91":[11],"92":[3],"93":[11],"94":[9],"95":[9],"96":[9],"97":[2],"98":[9],"99":[7],"100":[7],"101":[7],"102":[1],"103":[3],"104":[6],"105":[24],"106":[18],"107":[19],"108":[6],"109":[4],"110":[19],"111":[4],"112":[2],"113":[1]},"fnMap":{"0":{"name":"isRecord","decl":{"start":{"line":9,"column":0},"end":{"line":11,"column":1}},"loc":{"start":{"line":9,"column":0},"end":{"line":11,"column":1}},"line":9},"1":{"name":"stringValue","decl":{"start":{"line":13,"column":0},"end":{"line":15,"column":1}},"loc":{"start":{"line":13,"column":0},"end":{"line":15,"column":1}},"line":13},"2":{"name":"upstreamFailure","decl":{"start":{"line":17,"column":0},"end":{"line":85,"column":1}},"loc":{"start":{"line":17,"column":0},"end":{"line":85,"column":1}},"line":17},"3":{"name":"classifyAvailabilitySignal","decl":{"start":{"line":87,"column":0},"end":{"line":115,"column":1}},"loc":{"start":{"line":87,"column":0},"end":{"line":115,"column":1}},"line":87},"4":{"name":"parseRecoverAt","decl":{"start":{"line":117,"column":0},"end":{"line":128,"column":1}},"loc":{"start":{"line":117,"column":0},"end":{"line":128,"column":1}},"line":117},"5":{"name":"classifyRateLimit","decl":{"start":{"line":130,"column":0},"end":{"line":155,"column":1}},"loc":{"start":{"line":130,"column":0},"end":{"line":155,"column":1}},"line":130},"6":{"name":"parseRetryAfter","decl":{"start":{"line":157,"column":0},"end":{"line":166,"column":1}},"loc":{"start":{"line":157,"column":0},"end":{"line":166,"column":1}},"line":157}},"f":{"0":46,"1":96,"2":24,"3":24,"4":24,"5":15,"6":24}}
}
